{
  "stage": "single_file_loop",
  "project_root": "C:\\Users\\lenovo\\Desktop\\Diagramscene_ultima-syz",
  "created_at": "20251229_171054",
  "meta": {
    "mode": "single_file_loop",
    "retries": 4
  },
  "findings": [
    {
      "category": "testgen",
      "severity": "warning",
      "title": "生成文件失败: tests/generated/test_diagramitem.cpp",
      "details": "Failed to obtain valid JSON after 3 attempts: JSON appears truncated (no closing bracket found). depth=2, partial content length=33281\nLast response preview: ```json\n{\n    \"schema\": \"qt_test_cpp\",\n    \"files\": [\n        {\n            \"name\": \"tests/generated/test_diagramitem.cpp\",\n            \"content\": \"#include <QtTest>\\n#include <QApplication>\\n#include <QMenu>\\n#include <QGraphicsScene>\\n#include <QGraphicsSceneMouseEvent>\\n#include <QGraphicsSceneHoverEvent>\\n#include <QGraphicsSceneContextMenuEvent>\\n#include <QPainter>\\n#include <QImage>\\n#include <QStyleOptionGraphicsItem>\\n#include <QTransform>\\n#include <QPolygonF>\\n#include <QColor>\\n#include <QSizeF>\\n#include <QPointF>\\n#include <QRectF>\\n#include <QList>\\n#include <QMap>\\n#include <QString>\\n#include <QGraphicsTextItem>\\n#include <QTextDocument>\\n#include <QBrush>\\n#include <QPen>\\n#include <QJsonObject>\\n#include <QPixmap>\\n#include <QGraphicsPixmapItem>\\n#include <QGraphicsLineItem>\\n#include <QGraphicsPathItem>\\n#include <QPainterPath>\\n#define private public\\n#define protected public\\n#include \\\"../diagramitem.h\\\"\\n#include \\\"../arrow.h\\\"\\n#include \\\"../diagramtextitem.h\\\"\\n#include \\\"../diagrampath.h\\\"\\n#undef private\\n#undef protected\\n\\nclass TestableDiagramItem : public DiagramItem {\\npublic:\\n    using DiagramItem::myPolygon;\\n    using DiagramItem::myContextMenu;\\n    using DiagramItem::arrows;\\n    using DiagramItem::m_border;\\n    using DiagramItem::m_grapSize;\\n    using DiagramItem::m_minSize;\\n    using DiagramItem::isHover;\\n    using DiagramItem::isChange;\\n    using DiagramItem::m_tfState;\\n    using DiagramItem::pathes;\\n    using DiagramItem::marks;\\n    using DiagramItem::showLink;\\n    using DiagramItem::DiagramItem;\\n    using DiagramItem::contextMenuEvent;\\n    using DiagramItem::itemChange;\\n    using DiagramItem::hoverMoveEvent;\\n    using DiagramItem::mouseMoveEvent;\\n    using DiagramItem::paint;\\n};\\n\\nclass TestDiagramItem : public QObject {\\n    Q_OBJECT\\n\\nprivate slots:\\n    void initTestCase();\\n    void cleanupTestCase();\\n    void testConstructor();\\n    void testBoundingRect();\\n    void testSetBrush();\\n    void testSet",
      "file": null,
      "line": null,
      "rule_id": null,
      "evidence": {}
    },
    {
      "category": "testgen",
      "severity": "info",
      "title": "已生成 QtTest：2 个文件，共约 27 个用例",
      "details": "生成文件明细：\ntests/generated/test_diagramitem.cpp (27 cases)\ntests/generated/tests.pro (0 cases)",
      "file": null,
      "line": null,
      "rule_id": null,
      "evidence": {}
    },
    {
      "category": "tests",
      "severity": "error",
      "title": "测试命令执行失败",
      "details": "D:\\Qt\\6.10.1\\mingw_64\\bin\\moc.exe -DUNICODE -D_UNICODE -DWIN32 -DMINGW_HAS_SECURE_API=1 -DQT_WIDGETS_LIB -DQT_SVG_LIB -DQT_GUI_LIB -DQT_TESTLIB_LIB -DQT_CORE_LIB -DQT_NEEDS_QMAIN -DQT_TESTCASE_BUILDDIR=\"\\\"C:/Users/lenovo/Desktop/Diagramscene_ultima-syz/tests/generated\\\"\" --include C:/Users/lenovo/Desktop/Diagramscene_ultima-syz/tests/generated/debug/moc_predefs.h -ID:/Qt/6.10.1/mingw_64/mkspecs/win32-g++ -IC:/Users/lenovo/Desktop/Diagramscene_ultima-syz/tests/generated -IC:/Users/lenovo/Desktop/Diagramscene_ultima-syz -ID:/Qt/6.10.1/mingw_64/include -ID:/Qt/6.10.1/mingw_64/include/QtWidgets -ID:/Qt/6.10.1/mingw_64/include/QtSvg -ID:/Qt/6.10.1/mingw_64/include/QtGui -ID:/Qt/6.10.1/mingw_64/include/QtTest -ID:/Qt/6.10.1/mingw_64/include/QtCore -ID:/Qt/Tools/mingw1310_64/lib/gcc/x86_64-w64-mingw32/13.1.0/include/c++ -ID:/Qt/Tools/mingw1310_64/lib/gcc/x86_64-w64-mingw32/13.1.0/include/c++/x86_64-w64-mingw32 -ID:/Qt/Tools/mingw1310_64/lib/gcc/x86_64-w64-mingw32/13.1.0/include/c++/backward -ID:/Qt/Tools/mingw1310_64/lib/gcc/x86_64-w64-mingw32/13.1.0/include -ID:/Qt/Tools/mingw1310_64/lib/gcc/x86_64-w64-mingw32/13.1.0/include-fixed -ID:/Qt/Tools/mingw1310_64/x86_64-w64-mingw32/include test_diagramitem.cpp -o debug\\test_diagramitem.moc\ng++ -c -fno-keep-inline-dllexport --coverage -g -Wall -Wextra -Wextra -fexceptions -mthreads -DUNICODE -D_UNICODE -DWIN32 -DMINGW_HAS_SECURE_API=1 -DQT_WIDGETS_LIB -DQT_SVG_LIB -DQT_GUI_LIB -DQT_TESTLIB_LIB -DQT_CORE_LIB -DQT_NEEDS_QMAIN -DQT_TESTCASE_BUILDDIR=\"\\\"C:/Users/lenovo/Desktop/Diagramscene_ultima-syz/tests/generated\\\"\" -I. -I../.. -ID:/Qt/6.10.1/mingw_64/include -ID:/Qt/6.10.1/mingw_64/include/QtWidgets -ID:/Qt/6.10.1/mingw_64/include/QtSvg -ID:/Qt/6.10.1/mingw_64/include/QtGui -ID:/Qt/6.10.1/mingw_64/include/QtTest -ID:/Qt/6.10.1/mingw_64/include/QtCore -Idebug -I/include -ID:/Qt/6.10.1/mingw_64/mkspecs/win32-g++  -o debug\\test_diagramitem.o test_diagramitem.cpp\ng++ --coverage -Wl,-subsystem,console -mthreads -o debug\\tests.exe @debug\\object_script.tests.Debug D:\\Qt\\6.10.1\\mingw_64\\lib\\libQt6Widgets.a D:\\Qt\\6.10.1\\mingw_64\\lib\\libQt6Svg.a D:\\Qt\\6.10.1\\mingw_64\\lib\\libQt6Gui.a D:\\Qt\\6.10.1\\mingw_64\\lib\\libQt6Test.a D:\\Qt\\6.10.1\\mingw_64\\lib\\libQt6Core.a -lmingw32 D:\\Qt\\6.10.1\\mingw_64\\lib\\libQt6EntryPoint.a -lshell32  \n********* Start testing of TestDiagramItem *********\nConfig: Using QtTest library 6.10.1, Qt 6.10.1 (x86_64-little_endian-llp64 shared (dynamic) release build; by GCC 13.1.0), windows 11\nPASS   : TestDiagramItem::initTestCase()\nPASS   : TestDiagramItem::testConstructor()\nPASS   : TestDiagramItem::testConstructorWithDifferentTypes()\nPASS   : TestDiagramItem::testBoundingRect()\nPASS   : TestDiagramItem::testBoundingRectAfterRotation()\nPASS   : TestDiagramItem::testBoundingRectAfterSizeChange()\nPASS   : TestDiagramItem::testSetBrush()\nPASS   : TestDiagramItem::testSetFixedSize()\nPASS   : TestDiagramItem::testSetFixedSizeTriggersUpdate()\nPASS   : TestDiagramItem::testRotationAngle()\nPASS   : TestDiagramItem::testRotationAngleAffectsBoundingRect()\nPASS   : TestDiagramItem::testMousePressEvent()\nPASS   : TestDiagramItem::testMouseReleaseEvent()\nPASS   : TestDiagramItem::testMouseMoveEvent()\nPASS   : TestDiagramItem::testHoverEnterEvent()\nPASS   : TestDiagramItem::testHoverLeaveEvent()\nPASS   : TestDiagramItem::testHoverMoveEvent()\n\ntest_diagramitem.cpp: In member function 'void TestDiagramItem::testBoundingRect()':\ntest_diagramitem.cpp:130:12: warning: variable 'expectedSize' set but not used [-Wunused-but-set-variable]\n  130 |     QSizeF expectedSize = item->m_grapSize + QSizeF(40, 40);\n      |            ^~~~~~~~~~~~\ntest_diagramitem.cpp: In member function 'void TestDiagramItem::testBoundingRectAfterSizeChange()':\ntest_diagramitem.cpp:159:12: warning: variable 'expectedSize' set but not used [-Wunused-but-set-variable]\n  159 |     QSizeF expectedSize = newSize + QSizeF(40, 40);\n      |            ^~~~~~~~~~~~\n",
      "file": null,
      "line": null,
      "rule_id": null,
      "evidence": {}
    },
    {
      "category": "testgen",
      "severity": "warning",
      "title": "生成文件失败: tests/generated/test_diagramitem.cpp",
      "details": "Failed to obtain valid JSON after 3 attempts: JSON appears truncated (no closing bracket found). depth=1, partial content length=24902\nLast response preview: ```json\n{\n    \"schema\": \"qt_test_cpp\",\n    \"files\": [\n        {\n            \"name\": \"test_diagramitem.cpp\",\n            \"content\": \"#include <QtTest>\\n#include <QGraphicsScene>\\n#include <QPainter>\\n#include <QGraphicsSceneMouseEvent>\\n#include <QGraphicsSceneHoverEvent>\\n#include <QGraphicsSceneContextMenuEvent>\\n#include <QImage>\\n#include <QStyleOptionGraphicsItem>\\n#include <QMenu>\\n#include <QGraphicsView>\\n#include <QGraphicsTextItem>\\n#include <QColor>\\n#include <QSizeF>\\n#include <QRectF>\\n#include <QTransform>\\n#include <QPolygonF>\\n#include <QPainterPath>\\n#include <QBrush>\\n#include <QList>\\n#include <QMap>\\n#include <QJsonObject>\\n#include <QGraphicsPixmapItem>\\n#include <QPixmap>\\n\\n#define private public\\n#define protected public\\n#include \\\"diagramitem.h\\\"\\n#undef private\\n#undef protected\\n\\nclass TestDiagramItem : public QObject\\n{\\n    Q_OBJECT\\n\\nprivate slots:\\n    void initTestCase();\\n    void cleanupTestCase();\\n    void init();\\n    void cleanup();\\n    \\n    void testConstructor();\\n    void testConstructorWithDifferentTypes();\\n    void testBoundingRect();\\n    void testBoundingRectAfterRotation();\\n    void testBoundingRectAfterSizeChange();\\n    void testSetBrush();\\n    void testSetFixedSize();\\n    void testSetFixedSizeTriggersUpdate();\\n    void testRotationAngle();\\n    void testRotationAngleAffectsBoundingRect();\\n    void testMousePressEvent();\\n    void testMouseReleaseEvent();\\n    void testMouseMoveEvent();\\n    void testHoverEnterEvent();\\n    void testHoverLeaveEvent();\\n    void testHoverMoveEvent();\\n    void testContextMenuEvent();\\n    void testPaintStartEndType();\\n    void testPaintConditionalType();\\n    void testPaintStepType();\\n    void testPaintCircularType();\\n    void testPaintDocumentType();\\n    void testPaintPredefinedProcessType();\\n    void testPaintStoredDataType();\\n    void testPaintWithDifferentColors();\\n    void testPaintWithDifferentSizes();\\n    void testTextItemInitialization();\\n    void testTextItem",
      "file": null,
      "line": null,
      "rule_id": null,
      "evidence": {}
    },
    {
      "category": "testgen",
      "severity": "info",
      "title": "已生成 QtTest：2 个文件，共约 26 个用例",
      "details": "生成文件明细：\ntests/generated/test_diagramitem.cpp (26 cases)\ntests/generated/tests.pro (0 cases)",
      "file": null,
      "line": null,
      "rule_id": null,
      "evidence": {}
    },
    {
      "category": "tests",
      "severity": "error",
      "title": "测试命令执行失败",
      "details": "D:\\Qt\\6.10.1\\mingw_64\\bin\\moc.exe -DUNICODE -D_UNICODE -DWIN32 -DMINGW_HAS_SECURE_API=1 -DQT_WIDGETS_LIB -DQT_SVG_LIB -DQT_GUI_LIB -DQT_TESTLIB_LIB -DQT_CORE_LIB -DQT_NEEDS_QMAIN -DQT_TESTCASE_BUILDDIR=\"\\\"C:/Users/lenovo/Desktop/Diagramscene_ultima-syz/tests/generated\\\"\" --include C:/Users/lenovo/Desktop/Diagramscene_ultima-syz/tests/generated/debug/moc_predefs.h -ID:/Qt/6.10.1/mingw_64/mkspecs/win32-g++ -IC:/Users/lenovo/Desktop/Diagramscene_ultima-syz/tests/generated -IC:/Users/lenovo/Desktop/Diagramscene_ultima-syz -ID:/Qt/6.10.1/mingw_64/include -ID:/Qt/6.10.1/mingw_64/include/QtWidgets -ID:/Qt/6.10.1/mingw_64/include/QtSvg -ID:/Qt/6.10.1/mingw_64/include/QtGui -ID:/Qt/6.10.1/mingw_64/include/QtTest -ID:/Qt/6.10.1/mingw_64/include/QtCore -ID:/Qt/Tools/mingw1310_64/lib/gcc/x86_64-w64-mingw32/13.1.0/include/c++ -ID:/Qt/Tools/mingw1310_64/lib/gcc/x86_64-w64-mingw32/13.1.0/include/c++/x86_64-w64-mingw32 -ID:/Qt/Tools/mingw1310_64/lib/gcc/x86_64-w64-mingw32/13.1.0/include/c++/backward -ID:/Qt/Tools/mingw1310_64/lib/gcc/x86_64-w64-mingw32/13.1.0/include -ID:/Qt/Tools/mingw1310_64/lib/gcc/x86_64-w64-mingw32/13.1.0/include-fixed -ID:/Qt/Tools/mingw1310_64/x86_64-w64-mingw32/include test_diagramitem.cpp -o debug\\test_diagramitem.moc\ng++ -c -fno-keep-inline-dllexport --coverage -g -Wall -Wextra -Wextra -fexceptions -mthreads -DUNICODE -D_UNICODE -DWIN32 -DMINGW_HAS_SECURE_API=1 -DQT_WIDGETS_LIB -DQT_SVG_LIB -DQT_GUI_LIB -DQT_TESTLIB_LIB -DQT_CORE_LIB -DQT_NEEDS_QMAIN -DQT_TESTCASE_BUILDDIR=\"\\\"C:/Users/lenovo/Desktop/Diagramscene_ultima-syz/tests/generated\\\"\" -I. -I../.. -ID:/Qt/6.10.1/mingw_64/include -ID:/Qt/6.10.1/mingw_64/include/QtWidgets -ID:/Qt/6.10.1/mingw_64/include/QtSvg -ID:/Qt/6.10.1/mingw_64/include/QtGui -ID:/Qt/6.10.1/mingw_64/include/QtTest -ID:/Qt/6.10.1/mingw_64/include/QtCore -Idebug -I/include -ID:/Qt/6.10.1/mingw_64/mkspecs/win32-g++  -o debug\\test_diagramitem.o test_diagramitem.cpp\ng++ --coverage -Wl,-subsystem,console -mthreads -o debug\\tests.exe @debug\\object_script.tests.Debug D:\\Qt\\6.10.1\\mingw_64\\lib\\libQt6Widgets.a D:\\Qt\\6.10.1\\mingw_64\\lib\\libQt6Svg.a D:\\Qt\\6.10.1\\mingw_64\\lib\\libQt6Gui.a D:\\Qt\\6.10.1\\mingw_64\\lib\\libQt6Test.a D:\\Qt\\6.10.1\\mingw_64\\lib\\libQt6Core.a -lmingw32 D:\\Qt\\6.10.1\\mingw_64\\lib\\libQt6EntryPoint.a -lshell32  \n********* Start testing of TestDiagramItem *********\nConfig: Using QtTest library 6.10.1, Qt 6.10.1 (x86_64-little_endian-llp64 shared (dynamic) release build; by GCC 13.1.0), windows 11\nPASS   : TestDiagramItem::initTestCase()\nPASS   : TestDiagramItem::testConstructor()\nPASS   : TestDiagramItem::testConstructorWithDifferentTypes()\nPASS   : TestDiagramItem::testBoundingRect()\nPASS   : TestDiagramItem::testBoundingRectAfterRotation()\nPASS   : TestDiagramItem::testBoundingRectAfterSizeChange()\nPASS   : TestDiagramItem::testSetBrush()\nPASS   : TestDiagramItem::testSetFixedSize()\nFAIL!  : TestDiagramItem::testSetFixedSizeWithMinimum() Compared values are not the same\n   Actual   (item->m_grapSize): QSizeF(30x30)\n   Expected (item->m_minSize) : QSizeF(40x40)\ntest_diagramitem.cpp(205) : failure location\nPASS   : TestDiagramItem::testMousePressEvent()\nPASS   : TestDiagramItem::testMouseReleaseEvent()\nFAIL!  : TestDiagramItem::testMouseMoveEvent() 'event.isAccepted()' returned FALSE. ()\ntest_diagramitem.cpp(240) : failure location\nPASS   : TestDiagramItem::testHoverEnterEvent()\nPASS   : TestDiagramItem::testHoverLeaveEvent()\nPASS   : TestDiagramItem::testHoverMoveEvent()\nPASS   : TestDiagramItem::testContextMenuEvent()\nFAIL!  : TestDiagramItem::testPaintStartEndType() 'hasContent' returned FALSE. ()\ntest_diagramitem.cpp(313) : failure location\nFAIL!  : TestDiagramItem::testPaintConditionalType() '!conditionalItem->myPolygon.isEmpty()' returned FALSE. ()\ntest_diagramitem.cpp(331) : failure location\nFAIL!  : TestDiagramItem::testPaintStepType() 'hasContent' returned FALSE. ()\ntest_diagramitem.cpp(359) : failure location\nPASS   : TestDiagramItem::testPaintIoType()\nPASS   : TestDiagramItem::testPaintWithRotation()\nPASS   : TestDiagramItem::testTextItemInitialization()\nPASS   : TestDiagramItem::testTextItemPosition()\nPASS   : TestDiagramItem::testFlags()\nPASS   : TestDiagramItem::testAcceptHoverEvents()\nPASS   : TestDiagramItem::testRotationAngle()\nPASS   : TestDiagramItem::testItemChange()\nPASS   : TestDiagramItem::cleanupTestCase()\nTotals: 23 passed, 5 failed, 0 skipped, 0 blacklisted, 106ms\n********* Finished testing of TestDiagramItem *********\n\ntest_diagramitem.cpp: In member function 'void TestDiagramItem::testBoundingRectAfterRotation()':\ntest_diagramitem.cpp:157:12: warning: variable 'originalRect' set but not used [-Wunused-but-set-variable]\n  157 |     QRectF originalRect = item->boundingRect();\n      |            ^~~~~~~~~~~~\n",
      "file": null,
      "line": null,
      "rule_id": null,
      "evidence": {}
    },
    {
      "category": "testgen",
      "severity": "warning",
      "title": "生成文件失败: tests/generated/test_diagramitem.cpp",
      "details": "Failed to obtain valid JSON after 3 attempts: JSON appears truncated (no closing bracket found). depth=2, partial content length=25989\nLast response preview: ```json\n{\n    \"schema\": \"qt_test\",\n    \"files\": [\n        {\n            \"name\": \"test_diagramitem.cpp\",\n            \"content\": \"#include <QtTest>\\n#include <QGraphicsScene>\\n#include <QGraphicsView>\\n#include <QPainter>\\n#include <QImage>\\n#include <QStyleOptionGraphicsItem>\\n#include <QGraphicsSceneMouseEvent>\\n#include <QGraphicsSceneHoverEvent>\\n#include <QGraphicsSceneContextMenuEvent>\\n#include <QMenu>\\n#include <QSignalSpy>\\n#include <QBrush>\\n#include <QPolygonF>\\n#include <QTransform>\\n#include <QGraphicsTextItem>\\n#include <QTextDocument>\\n#include <QTextCursor>\\n#include <QTextCharFormat>\\n#include <QTextBlockFormat>\\n#include <QTextBlock>\\n#include <QTextFrame>\\n#include <QTextTable>\\n#include <QTextList>\\n#include <QTextFragment>\\n#include <QTextLayout>\\n#include <QTextLine>\\n#include <QTextObject>\\n#include <QTextFormat>\\n#include <QTextDocumentFragment>\\n#include <QTextDocumentWriter>\\n#include <QTextDocumentReader>\\n#include <QTextCodec>\\n#include <QTextEncoder>\\n#include <QTextDecoder>\\n#include <QTextStream>\\n#include <QTextBoundaryFinder>\\n#include <QTextOption>\\n#include <QTextCursor>\\n#include <QTextCharFormat>\\n#include <QTextBlockFormat>\\n#include <QTextBlock>\\n#include <QTextFrame>\\n#include <QTextTable>\\n#include <QTextList>\\n#include <QTextFragment>\\n#include <QTextLayout>\\n#include <QTextLine>\\n#include <QTextObject>\\n#include <QTextFormat>\\n#include <QTextDocumentFragment>\\n#include <QTextDocumentWriter>\\n#include <QTextDocumentReader>\\n#include <QTextCodec>\\n#include <QTextEncoder>\\n#include <QTextDecoder>\\n#include <QTextStream>\\n#include <QTextBoundaryFinder>\\n#include <QTextOption>\\n\\n#define private public\\n#define protected public\\n#include \\\"diagramitem.h\\\"\\n#undef private\\n#undef protected\\n\\nclass TestDiagramItem : public QObject\\n{\\n    Q_OBJECT\\n\\nprivate slots:\\n    void initTestCase();\\n    void cleanupTestCase();\\n    void init();\\n    void cleanup();\\n    \\n    void testConstructor();\\n    void testConstructorWithDifferentTy",
      "file": null,
      "line": null,
      "rule_id": null,
      "evidence": {}
    },
    {
      "category": "testgen",
      "severity": "warning",
      "title": "生成文件失败: tests/generated/tests.pro",
      "details": "Failed to obtain valid JSON after 3 attempts: JSON appears truncated (no closing bracket found). depth=2, partial content length=25500\nLast response preview: ```json\n{\n    \"schema\": \"qt_test\",\n    \"files\": [\n        {\n            \"name\": \"tests.pro\",\n            \"content\": \"QT += testlib widgets svg\\nTEMPLATE = app\\nTARGET = tests\\nCONFIG += console testcase\\nINCLUDEPATH += ..\\nSOURCES += test_diagramitem.cpp \\\\\\n           ../diagramitem.cpp \\\\\\n           ../diagramtextitem.cpp \\\\\\n           ../arrow.cpp \\\\\\n           ../diagrampath.cpp\\nHEADERS += ../diagramitem.h \\\\\\n           ../diagramtextitem.h \\\\\\n           ../arrow.h \\\\\\n           ../diagrampath.h\\nDEFINES += SRCDIR=\\\\\\\"$$PWD/..\\\\\\\"\"\n        },\n        {\n            \"name\": \"test_diagramitem.cpp\",\n            \"content\": \"#include <QtTest>\\n#include <QGraphicsScene>\\n#include <QGraphicsView>\\n#include <QPainter>\\n#include <QImage>\\n#include <QStyleOptionGraphicsItem>\\n#include <QGraphicsSceneMouseEvent>\\n#include <QGraphicsSceneHoverEvent>\\n#include <QGraphicsSceneContextMenuEvent>\\n#include <QMenu>\\n#include <QSignalSpy>\\n#include <QBrush>\\n#include <QPolygonF>\\n#include <QTransform>\\n#include <QGraphicsTextItem>\\n#include <QGraphicsScene>\\n#include <QGraphicsView>\\n#include <QApplication>\\n#include <QGraphicsItem>\\n#include <QGraphicsPixmapItem>\\n#include <QList>\\n#include <QJsonObject>\\n\\n#define private public\\n#define protected public\\n#include \\\"diagramitem.h\\\"\\n#undef private\\n#undef protected\\n\\nclass TestDiagramItem : public QObject\\n{\\n    Q_OBJECT\\n\\nprivate slots:\\n    void initTestCase();\\n    void cleanupTestCase();\\n    void init();\\n    void cleanup();\\n    \\n    void testConstructor();\\n    void testConstructorWithDifferentTypes();\\n    void testBoundingRect();\\n    void testBoundingRectAfterRotation();\\n    void testBoundingRectAfterSizeChange();\\n    void testSetBrush();\\n    void testSetFixedSize();\\n    void testSetFixedSizeWithMinimum();\\n    void testMousePressEvent();\\n    void testMouseReleaseEvent();\\n    void testMouseMoveEvent();\\n    void testHoverEnterEvent();\\n    void testHoverLeaveEvent();\\n    void testHoverMoveEvent();\\n   ",
      "file": null,
      "line": null,
      "rule_id": null,
      "evidence": {}
    },
    {
      "category": "testgen",
      "severity": "info",
      "title": "已生成 QtTest：2 个文件，共约 27 个用例",
      "details": "生成文件明细：\ntests/generated/test_diagramitem.cpp (27 cases)\ntests/generated/tests.pro (0 cases)",
      "file": null,
      "line": null,
      "rule_id": null,
      "evidence": {}
    },
    {
      "category": "tests",
      "severity": "error",
      "title": "测试命令执行失败",
      "details": "D:\\Qt\\6.10.1\\mingw_64\\bin\\moc.exe -DUNICODE -D_UNICODE -DWIN32 -DMINGW_HAS_SECURE_API=1 -DQT_WIDGETS_LIB -DQT_SVG_LIB -DQT_GUI_LIB -DQT_TESTLIB_LIB -DQT_CORE_LIB -DQT_NEEDS_QMAIN -DQT_TESTCASE_BUILDDIR=\"\\\"C:/Users/lenovo/Desktop/Diagramscene_ultima-syz/tests/generated\\\"\" --include C:/Users/lenovo/Desktop/Diagramscene_ultima-syz/tests/generated/debug/moc_predefs.h -ID:/Qt/6.10.1/mingw_64/mkspecs/win32-g++ -IC:/Users/lenovo/Desktop/Diagramscene_ultima-syz/tests/generated -IC:/Users/lenovo/Desktop/Diagramscene_ultima-syz -ID:/Qt/6.10.1/mingw_64/include -ID:/Qt/6.10.1/mingw_64/include/QtWidgets -ID:/Qt/6.10.1/mingw_64/include/QtSvg -ID:/Qt/6.10.1/mingw_64/include/QtGui -ID:/Qt/6.10.1/mingw_64/include/QtTest -ID:/Qt/6.10.1/mingw_64/include/QtCore -ID:/Qt/Tools/mingw1310_64/lib/gcc/x86_64-w64-mingw32/13.1.0/include/c++ -ID:/Qt/Tools/mingw1310_64/lib/gcc/x86_64-w64-mingw32/13.1.0/include/c++/x86_64-w64-mingw32 -ID:/Qt/Tools/mingw1310_64/lib/gcc/x86_64-w64-mingw32/13.1.0/include/c++/backward -ID:/Qt/Tools/mingw1310_64/lib/gcc/x86_64-w64-mingw32/13.1.0/include -ID:/Qt/Tools/mingw1310_64/lib/gcc/x86_64-w64-mingw32/13.1.0/include-fixed -ID:/Qt/Tools/mingw1310_64/x86_64-w64-mingw32/include test_diagramitem.cpp -o debug\\test_diagramitem.moc\ng++ -c -fno-keep-inline-dllexport --coverage -g -Wall -Wextra -Wextra -fexceptions -mthreads -DUNICODE -D_UNICODE -DWIN32 -DMINGW_HAS_SECURE_API=1 -DQT_WIDGETS_LIB -DQT_SVG_LIB -DQT_GUI_LIB -DQT_TESTLIB_LIB -DQT_CORE_LIB -DQT_NEEDS_QMAIN -DQT_TESTCASE_BUILDDIR=\"\\\"C:/Users/lenovo/Desktop/Diagramscene_ultima-syz/tests/generated\\\"\" -I. -I../.. -ID:/Qt/6.10.1/mingw_64/include -ID:/Qt/6.10.1/mingw_64/include/QtWidgets -ID:/Qt/6.10.1/mingw_64/include/QtSvg -ID:/Qt/6.10.1/mingw_64/include/QtGui -ID:/Qt/6.10.1/mingw_64/include/QtTest -ID:/Qt/6.10.1/mingw_64/include/QtCore -Idebug -I/include -ID:/Qt/6.10.1/mingw_64/mkspecs/win32-g++  -o debug\\test_diagramitem.o test_diagramitem.cpp\ng++ --coverage -Wl,-subsystem,console -mthreads -o debug\\tests.exe @debug\\object_script.tests.Debug D:\\Qt\\6.10.1\\mingw_64\\lib\\libQt6Widgets.a D:\\Qt\\6.10.1\\mingw_64\\lib\\libQt6Svg.a D:\\Qt\\6.10.1\\mingw_64\\lib\\libQt6Gui.a D:\\Qt\\6.10.1\\mingw_64\\lib\\libQt6Test.a D:\\Qt\\6.10.1\\mingw_64\\lib\\libQt6Core.a -lmingw32 D:\\Qt\\6.10.1\\mingw_64\\lib\\libQt6EntryPoint.a -lshell32  \n********* Start testing of TestDiagramItem *********\nConfig: Using QtTest library 6.10.1, Qt 6.10.1 (x86_64-little_endian-llp64 shared (dynamic) release build; by GCC 13.1.0), windows 11\nPASS   : TestDiagramItem::initTestCase()\nPASS   : TestDiagramItem::testConstructor()\nPASS   : TestDiagramItem::testConstructorWithDifferentTypes()\nPASS   : TestDiagramItem::testBoundingRect()\nPASS   : TestDiagramItem::testBoundingRectWithRotation()\nPASS   : TestDiagramItem::testBoundingRectAfterSizeChange()\nPASS   : TestDiagramItem::testSetBrush()\nPASS   : TestDiagramItem::testSetFixedSize()\nPASS   : TestDiagramItem::testSetFixedSizeUpdatesBoundingRect()\nPASS   : TestDiagramItem::testRotationAngle()\nPASS   : TestDiagramItem::testRotationAffectsBoundingRect()\nPASS   : TestDiagramItem::testMousePressEvent()\nPASS   : TestDiagramItem::testMouseReleaseEvent()\nFAIL!  : TestDiagramItem::testMouseMoveEvent() 'event.isAccepted()' returned FALSE. ()\ntest_diagramitem.cpp(248) : failure location\nPASS   : TestDiagramItem::testHoverEnterEvent()\nPASS   : TestDiagramItem::testHoverLeaveEvent()\nPASS   : TestDiagramItem::testContextMenuEvent()\nFAIL!  : TestDiagramItem::testPaintStartEndType() 'hasContent' returned FALSE. ()\ntest_diagramitem.cpp(312) : failure location\nFAIL!  : TestDiagramItem::testPaintConditionalType() 'hasContent' returned FALSE. ()\ntest_diagramitem.cpp(339) : failure location\nFAIL!  : TestDiagramItem::testPaintStepType() 'hasContent' returned FALSE. ()\ntest_diagramitem.cpp(364) : failure location\nFAIL!  : TestDiagramItem::testPaintIoType() 'hasContent' returned FALSE. ()\ntest_diagramitem.cpp(389) : failure location\nFAIL!  : TestDiagramItem::testPaintWithDifferentColors() 'hasRed' returned FALSE. ()\ntest_diagramitem.cpp(419) : failure location\nPASS   : TestDiagramItem::testTextItemInitialization()\nPASS   : TestDiagramItem::testTextItemPosition()\nPASS   : TestDiagramItem::testTextItemParentRelationship()\nPASS   : TestDiagramItem::testInitialFlags()\nPASS   : TestDiagramItem::testAcceptHoverEvents()\nPASS   : TestDiagramItem::testPrivateMembersAccess()\nPASS   : TestDiagramItem::cleanupTestCase()\nTotals: 23 passed, 6 failed, 0 skipped, 0 blacklisted, 51ms\n********* Finished testing of TestDiagramItem *********\n\n",
      "file": null,
      "line": null,
      "rule_id": null,
      "evidence": {}
    },
    {
      "category": "testgen",
      "severity": "warning",
      "title": "生成文件失败: tests/generated/tests.pro",
      "details": "Failed to obtain valid JSON after 3 attempts: JSON appears truncated (no closing bracket found). depth=2, partial content length=33368\nLast response preview: ```json\n{\n    \"schema\": \"qt_test\",\n    \"files\": [\n        {\n            \"name\": \"tests.pro\",\n            \"content\": \"QT += testlib widgets svg\\nTEMPLATE = app\\nCONFIG += console c++17\\nCONFIG -= app_bundle\\nCONFIG += testcase\\n\\nSOURCES += test_diagramitem.cpp \\\\\\n    ../../diagramitem.cpp \\\\\\n    ../../arrow.cpp \\\\\\n    ../../diagramtextitem.cpp \\\\\\n    ../../diagrampath.cpp\\n\\nHEADERS += ../../diagramitem.h \\\\\\n    ../../arrow.h \\\\\\n    ../../diagramtextitem.h \\\\\\n    ../../diagrampath.h\\n\\nINCLUDEPATH += ../..\\n\\nDEFINES += SRCDIR=\\\\\\\"$$PWD/../..\\\\\\\"\\n\\nwin32:CONFIG(release, debug|release): LIBS += -L$$OUT_PWD/../.. -lDiagramScene\\nelse:win32:CONFIG(debug, debug|release): LIBS += -L$$OUT_PWD/../.. -lDiagramSceneD\\nelse:unix: LIBS += -L$$OUT_PWD/../.. -lDiagramScene\\n\\nINCLUDEPATH += $$PWD/../..\\nDEPENDPATH += $$PWD/../..\"\n        },\n        {\n            \"name\": \"test_diagramitem.cpp\",\n            \"content\": \"#include <QtTest>\\n#include <QGraphicsScene>\\n#include <QGraphicsView>\\n#include <QPainter>\\n#include <QImage>\\n#include <QStyleOptionGraphicsItem>\\n#include <QGraphicsSceneMouseEvent>\\n#include <QGraphicsSceneHoverEvent>\\n#include <QGraphicsSceneContextMenuEvent>\\n#include <QMenu>\\n#include <QSignalSpy>\\n#include <QBrush>\\n#include <QPolygonF>\\n#include <QTransform>\\n#include <QJsonObject>\\n#include <QApplication>\\n\\n#define private public\\n#define protected public\\n#include \\\"diagramitem.h\\\"\\n#undef private\\n#undef protected\\n\\n#include \\\"arrow.h\\\"\\n#include \\\"diagramtextitem.h\\\"\\n#include \\\"diagrampath.h\\\"\\n\\nclass TestDiagramItem : public QObject\\n{\\n    Q_OBJECT\\n\\nprivate slots:\\n    void initTestCase();\\n    void cleanupTestCase();\\n    void init();\\n    void cleanup();\\n    \\n    void testConstructor();\\n    void testConstructorWithDifferentTypes();\\n    void testBoundingRect();\\n    void testBoundingRectWithRotation();\\n    void testBoundingRectAfterSizeChange();\\n    void testSetBrush();\\n    void testSetFixedSize();\\n    void testSetFixedSizeUpdat",
      "file": null,
      "line": null,
      "rule_id": null,
      "evidence": {}
    },
    {
      "category": "testgen",
      "severity": "info",
      "title": "已生成 QtTest：2 个文件，共约 30 个用例",
      "details": "生成文件明细：\ntests/generated/test_diagramitem.cpp (30 cases)\ntests/generated/tests.pro (0 cases)",
      "file": null,
      "line": null,
      "rule_id": null,
      "evidence": {}
    },
    {
      "category": "tests",
      "severity": "error",
      "title": "测试命令执行失败",
      "details": "D:\\Qt\\6.10.1\\mingw_64\\bin\\moc.exe -DUNICODE -D_UNICODE -DWIN32 -DMINGW_HAS_SECURE_API=1 -DQT_WIDGETS_LIB -DQT_SVG_LIB -DQT_GUI_LIB -DQT_TESTLIB_LIB -DQT_CORE_LIB -DQT_NEEDS_QMAIN -DQT_TESTCASE_BUILDDIR=\"\\\"C:/Users/lenovo/Desktop/Diagramscene_ultima-syz/tests/generated\\\"\" --include C:/Users/lenovo/Desktop/Diagramscene_ultima-syz/tests/generated/debug/moc_predefs.h -ID:/Qt/6.10.1/mingw_64/mkspecs/win32-g++ -IC:/Users/lenovo/Desktop/Diagramscene_ultima-syz/tests/generated -IC:/Users/lenovo/Desktop/Diagramscene_ultima-syz -ID:/Qt/6.10.1/mingw_64/include -ID:/Qt/6.10.1/mingw_64/include/QtWidgets -ID:/Qt/6.10.1/mingw_64/include/QtSvg -ID:/Qt/6.10.1/mingw_64/include/QtGui -ID:/Qt/6.10.1/mingw_64/include/QtTest -ID:/Qt/6.10.1/mingw_64/include/QtCore -ID:/Qt/Tools/mingw1310_64/lib/gcc/x86_64-w64-mingw32/13.1.0/include/c++ -ID:/Qt/Tools/mingw1310_64/lib/gcc/x86_64-w64-mingw32/13.1.0/include/c++/x86_64-w64-mingw32 -ID:/Qt/Tools/mingw1310_64/lib/gcc/x86_64-w64-mingw32/13.1.0/include/c++/backward -ID:/Qt/Tools/mingw1310_64/lib/gcc/x86_64-w64-mingw32/13.1.0/include -ID:/Qt/Tools/mingw1310_64/lib/gcc/x86_64-w64-mingw32/13.1.0/include-fixed -ID:/Qt/Tools/mingw1310_64/x86_64-w64-mingw32/include test_diagramitem.cpp -o debug\\test_diagramitem.moc\ng++ -c -fno-keep-inline-dllexport --coverage -g -Wall -Wextra -Wextra -fexceptions -mthreads -DUNICODE -D_UNICODE -DWIN32 -DMINGW_HAS_SECURE_API=1 -DQT_WIDGETS_LIB -DQT_SVG_LIB -DQT_GUI_LIB -DQT_TESTLIB_LIB -DQT_CORE_LIB -DQT_NEEDS_QMAIN -DQT_TESTCASE_BUILDDIR=\"\\\"C:/Users/lenovo/Desktop/Diagramscene_ultima-syz/tests/generated\\\"\" -I. -I../.. -ID:/Qt/6.10.1/mingw_64/include -ID:/Qt/6.10.1/mingw_64/include/QtWidgets -ID:/Qt/6.10.1/mingw_64/include/QtSvg -ID:/Qt/6.10.1/mingw_64/include/QtGui -ID:/Qt/6.10.1/mingw_64/include/QtTest -ID:/Qt/6.10.1/mingw_64/include/QtCore -Idebug -I/include -ID:/Qt/6.10.1/mingw_64/mkspecs/win32-g++  -o debug\\test_diagramitem.o test_diagramitem.cpp\ng++ --coverage -Wl,-subsystem,console -mthreads -o debug\\tests.exe @debug\\object_script.tests.Debug D:\\Qt\\6.10.1\\mingw_64\\lib\\libQt6Widgets.a D:\\Qt\\6.10.1\\mingw_64\\lib\\libQt6Svg.a D:\\Qt\\6.10.1\\mingw_64\\lib\\libQt6Gui.a D:\\Qt\\6.10.1\\mingw_64\\lib\\libQt6Test.a D:\\Qt\\6.10.1\\mingw_64\\lib\\libQt6Core.a -lmingw32 D:\\Qt\\6.10.1\\mingw_64\\lib\\libQt6EntryPoint.a -lshell32  \n********* Start testing of TestDiagramItem *********\nConfig: Using QtTest library 6.10.1, Qt 6.10.1 (x86_64-little_endian-llp64 shared (dynamic) release build; by GCC 13.1.0), windows 11\nPASS   : TestDiagramItem::initTestCase()\nPASS   : TestDiagramItem::testConstructor()\nPASS   : TestDiagramItem::testConstructorWithDifferentTypes()\nPASS   : TestDiagramItem::testBoundingRect()\nPASS   : TestDiagramItem::testBoundingRectWithRotation()\nPASS   : TestDiagramItem::testBoundingRectAfterSizeChange()\nPASS   : TestDiagramItem::testSetBrush()\nPASS   : TestDiagramItem::testSetFixedSize()\nPASS   : TestDiagramItem::testSetFixedSizeUpdatesBoundingRect()\nPASS   : TestDiagramItem::testRotationAngle()\nPASS   : TestDiagramItem::testRotationAffectsBoundingRect()\nPASS   : TestDiagramItem::testMousePressEvent()\nPASS   : TestDiagramItem::testMouseReleaseEvent()\nPASS   : TestDiagramItem::testMouseMoveEvent()\nPASS   : TestDiagramItem::testHoverEnterEvent()\nPASS   : TestDiagramItem::testHoverLeaveEvent()\nPASS   : TestDiagramItem::testHoverMoveEvent()\nPASS   : TestDiagramItem::testContextMenuEvent()\nFAIL!  : TestDiagramItem::testPaintStartEndType() 'hasContent' returned FALSE. ()\ntest_diagramitem.cpp(333) : failure location\nFAIL!  : TestDiagramItem::testPaintConditionalType() 'hasContent' returned FALSE. ()\ntest_diagramitem.cpp(358) : failure location\nFAIL!  : TestDiagramItem::testPaintStepType() 'hasContent' returned FALSE. ()\ntest_diagramitem.cpp(381) : failure location\nFAIL!  : TestDiagramItem::testPaintIoType() 'hasContent' returned FALSE. ()\ntest_diagramitem.cpp(405) : failure location\nFAIL!  : TestDiagramItem::testPaintWithDifferentColors() 'hasContent' returned FALSE. ()\ntest_diagramitem.cpp(433) : failure location\nFAIL!  : TestDiagramItem::testPaintWithDifferentSizes() 'hasContent' returned FALSE. ()\ntest_diagramitem.cpp(461) : failure location\nFAIL!  : TestDiagramItem::testPaintWithRotation() 'hasContent' returned FALSE. ()\ntest_diagramitem.cpp(486) : failure location\nPASS   : TestDiagramItem::testTextItemInitialization()\nPASS   : TestDiagramItem::testTextItemPosition()\nPASS   : TestDiagramItem::testTextItemInteractionFlags()\nPASS   : TestDiagramItem::testInitialFlags()\nPASS   : TestDiagramItem::testAcceptHoverEvents()\nPASS   : TestDiagramItem::testPrivateMembersAccessible()\nPASS   : TestDiagramItem::cleanupTestCase()\nTotals: 25 passed, 7 failed, 0 skipped, 0 blacklisted, 94ms\n********* Finished testing of TestDiagramItem *********\n\ntest_diagramitem.cpp: In member function 'void TestDiagramItem::testSetFixedSizeUpdatesBoundingRect()':\ntest_diagramitem.cpp:189:12: warning: variable 'originalSize' set but not used [-Wunused-but-set-variable]\n  189 |     QSizeF originalSize = item->m_grapSize;\n      |            ^~~~~~~~~~~~\n",
      "file": null,
      "line": null,
      "rule_id": null,
      "evidence": {}
    },
    {
      "category": "tests",
      "severity": "info",
      "title": "测试命令执行完成",
      "details": "D:\\Qt\\6.10.1\\mingw_64\\bin\\moc.exe -DUNICODE -D_UNICODE -DWIN32 -DMINGW_HAS_SECURE_API=1 -DQT_WIDGETS_LIB -DQT_SVG_LIB -DQT_GUI_LIB -DQT_TESTLIB_LIB -DQT_CORE_LIB -DQT_NEEDS_QMAIN -DQT_TESTCASE_BUILDDIR=\"\\\"C:/Users/lenovo/Desktop/Diagramscene_ultima-syz/tests/generated\\\"\" --include C:/Users/lenovo/Desktop/Diagramscene_ultima-syz/tests/generated/debug/moc_predefs.h -ID:/Qt/6.10.1/mingw_64/mkspecs/win32-g++ -IC:/Users/lenovo/Desktop/Diagramscene_ultima-syz/tests/generated -IC:/Users/lenovo/Desktop/Diagramscene_ultima-syz -ID:/Qt/6.10.1/mingw_64/include -ID:/Qt/6.10.1/mingw_64/include/QtWidgets -ID:/Qt/6.10.1/mingw_64/include/QtSvg -ID:/Qt/6.10.1/mingw_64/include/QtGui -ID:/Qt/6.10.1/mingw_64/include/QtTest -ID:/Qt/6.10.1/mingw_64/include/QtCore -ID:/Qt/Tools/mingw1310_64/lib/gcc/x86_64-w64-mingw32/13.1.0/include/c++ -ID:/Qt/Tools/mingw1310_64/lib/gcc/x86_64-w64-mingw32/13.1.0/include/c++/x86_64-w64-mingw32 -ID:/Qt/Tools/mingw1310_64/lib/gcc/x86_64-w64-mingw32/13.1.0/include/c++/backward -ID:/Qt/Tools/mingw1310_64/lib/gcc/x86_64-w64-mingw32/13.1.0/include -ID:/Qt/Tools/mingw1310_64/lib/gcc/x86_64-w64-mingw32/13.1.0/include-fixed -ID:/Qt/Tools/mingw1310_64/x86_64-w64-mingw32/include test_diagramitem.cpp -o debug\\test_diagramitem.moc\ng++ -c -fno-keep-inline-dllexport --coverage -g -Wall -Wextra -Wextra -fexceptions -mthreads -DUNICODE -D_UNICODE -DWIN32 -DMINGW_HAS_SECURE_API=1 -DQT_WIDGETS_LIB -DQT_SVG_LIB -DQT_GUI_LIB -DQT_TESTLIB_LIB -DQT_CORE_LIB -DQT_NEEDS_QMAIN -DQT_TESTCASE_BUILDDIR=\"\\\"C:/Users/lenovo/Desktop/Diagramscene_ultima-syz/tests/generated\\\"\" -I. -I../.. -ID:/Qt/6.10.1/mingw_64/include -ID:/Qt/6.10.1/mingw_64/include/QtWidgets -ID:/Qt/6.10.1/mingw_64/include/QtSvg -ID:/Qt/6.10.1/mingw_64/include/QtGui -ID:/Qt/6.10.1/mingw_64/include/QtTest -ID:/Qt/6.10.1/mingw_64/include/QtCore -Idebug -I/include -ID:/Qt/6.10.1/mingw_64/mkspecs/win32-g++  -o debug\\test_diagramitem.o test_diagramitem.cpp\ng++ --coverage -Wl,-subsystem,console -mthreads -o debug\\tests.exe @debug\\object_script.tests.Debug D:\\Qt\\6.10.1\\mingw_64\\lib\\libQt6Widgets.a D:\\Qt\\6.10.1\\mingw_64\\lib\\libQt6Svg.a D:\\Qt\\6.10.1\\mingw_64\\lib\\libQt6Gui.a D:\\Qt\\6.10.1\\mingw_64\\lib\\libQt6Test.a D:\\Qt\\6.10.1\\mingw_64\\lib\\libQt6Core.a -lmingw32 D:\\Qt\\6.10.1\\mingw_64\\lib\\libQt6EntryPoint.a -lshell32  \n********* Start testing of TestDiagramItem *********\nConfig: Using QtTest library 6.10.1, Qt 6.10.1 (x86_64-little_endian-llp64 shared (dynamic) release build; by GCC 13.1.0), windows 11\nPASS   : TestDiagramItem::initTestCase()\nPASS   : TestDiagramItem::testConstructor()\nPASS   : TestDiagramItem::testConstructorWithDifferentTypes()\nPASS   : TestDiagramItem::testBoundingRect()\nPASS   : TestDiagramItem::testBoundingRectWithRotation()\nPASS   : TestDiagramItem::testBoundingRectAfterSizeChange()\nPASS   : TestDiagramItem::testSetBrush()\nPASS   : TestDiagramItem::testSetFixedSize()\nPASS   : TestDiagramItem::testSetFixedSizeUpdatesBoundingRect()\nPASS   : TestDiagramItem::testRotationAngle()\nPASS   : TestDiagramItem::testRotationAffectsBoundingRect()\nPASS   : TestDiagramItem::testMousePressEvent()\nPASS   : TestDiagramItem::testMouseReleaseEvent()\nPASS   : TestDiagramItem::testMouseMoveEvent()\nPASS   : TestDiagramItem::testHoverEnterEvent()\nPASS   : TestDiagramItem::testHoverLeaveEvent()\nPASS   : TestDiagramItem::testHoverMoveEvent()\nPASS   : TestDiagramItem::testContextMenuEvent()\nPASS   : TestDiagramItem::testTextItemInitialization()\nPASS   : TestDiagramItem::testTextItemPosition()\nPASS   : TestDiagramItem::testTextItemInteractionFlags()\nPASS   : TestDiagramItem::testInitialFlags()\nPASS   : TestDiagramItem::testAcceptHoverEvents()\nPASS   : TestDiagramItem::testPrivateMembersAccessible()\nPASS   : TestDiagramItem::cleanupTestCase()\nTotals: 25 passed, 0 failed, 0 skipped, 0 blacklisted, 53ms\n********* Finished testing of TestDiagramItem *********\nC:\\Users\\lenovo\\Desktop\\Diagramscene_ultima-syz\\tests\\generated\\debug\\arrow.gcda\nC:\\Users\\lenovo\\Desktop\\Diagramscene_ultima-syz\\tests\\generated\\debug\\deletecommand.gcda\nC:\\Users\\lenovo\\Desktop\\Diagramscene_ultima-syz\\tests\\generated\\debug\\diagramitem.gcda\nC:\\Users\\lenovo\\Desktop\\Diagramscene_ultima-syz\\tests\\generated\\debug\\diagramitemgroup.gcda\nC:\\Users\\lenovo\\Desktop\\Diagramscene_ultima-syz\\tests\\generated\\debug\\diagrampath.gcda\nC:\\Users\\lenovo\\Desktop\\Diagramscene_ultima-syz\\tests\\generated\\debug\\diagramscene.gcda\nC:\\Users\\lenovo\\Desktop\\Diagramscene_ultima-syz\\tests\\generated\\debug\\diagramtextitem.gcda\nC:\\Users\\lenovo\\Desktop\\Diagramscene_ultima-syz\\tests\\generated\\debug\\findreplacedialog.gcda\nC:\\Users\\lenovo\\Desktop\\Diagramscene_ultima-syz\\tests\\generated\\debug\\mainwindow.gcda\nC:\\Users\\lenovo\\Desktop\\Diagramscene_ultima-syz\\tests\\generated\\debug\\moc_diagramscene.gcda\nC:\\Users\\lenovo\\Desktop\\Diagramscene_ultima-syz\\tests\\generated\\debug\\moc_diagramtextitem.gcda\nC:\\Users\\lenovo\\Desktop\\Diagramscene_ultima-syz\\tests\\generated\\debug\\moc_findreplacedialog.gcda\nC:\\Users\\lenovo\\Desktop\\Diagramscene_ultima-syz\\tests\\generated\\debug\\moc_mainwindow.gcda\nC:\\Users\\lenovo\\Desktop\\Diagramscene_ultima-syz\\tests\\generated\\debug\\snapshotcommand.gcda\nC:\\Users\\lenovo\\Desktop\\Diagramscene_ultima-syz\\tests\\generated\\debug\\test_diagramitem.gcda\nC:\\Users\\lenovo\\Desktop\\Diagramscene_ultima-syz\\tests\\generated\\debug\\test_diagramitem.gcno\n移动了        16 个文件。\n\ntest_diagramitem.cpp: In member function 'void TestDiagramItem::testSetFixedSizeUpdatesBoundingRect()':\ntest_diagramitem.cpp:189:12: warning: variable 'originalSize' set but not used [-Wunused-but-set-variable]\n  189 |     QSizeF originalSize = item->m_grapSize;\n      |            ^~~~~~~~~~~~\n",
      "file": null,
      "line": null,
      "rule_id": null,
      "evidence": {}
    },
    {
      "category": "coverage",
      "severity": "error",
      "title": "覆盖率收集失败",
      "details": "\n(INFO) Reading coverage data...\n(ERROR) GCOV produced the following errors processing C:\\Users\\lenovo\\Desktop\\Diagramscene_ultima-syz\\tests\\generated\\moc_diagramtextitem.gcda:\n\tIn directory C:/Users/lenovo/Desktop/Diagramscene_ultima-syz/tests/generated\\debug:\nCannot open source file debug/moc_diagramtextitem.cpp\nCannot open source file ../../diagramtextitem.h\n\n\tIn directory C:\\Users\\lenovo\\Desktop\\Diagramscene_ultima-syz\\debug:\nCannot open source file debug/moc_diagramtextitem.cpp\nCannot open source file ../../diagramtextitem.h\n\n\tIn directory C:\\Users\\lenovo\\Desktop\\Diagramscene_ultima-syz:\nCannot open source file ../../diagramtextitem.h\n\n\t(GCOVR could not infer a working directory that resolved it.)\nTo ignore this error use option --gcov-ignore-errors=no_working_dir_found.\n(ERROR) Traceback (most recent call last):\n  File \"D:\\Anaconda\\envs\\py312_env\\Lib\\site-packages\\gcovr\\formats\\gcov\\workers.py\", line 96, in worker\n    work(*args, **kwargs)\n  File \"D:\\Anaconda\\envs\\py312_env\\Lib\\site-packages\\gcovr\\formats\\gcov\\read.py\", line 505, in process_datafile\n    raise RuntimeError(errors_output)\nRuntimeError: GCOV produced the following errors processing C:\\Users\\lenovo\\Desktop\\Diagramscene_ultima-syz\\tests\\generated\\moc_diagramtextitem.gcda:\n\tIn directory C:/Users/lenovo/Desktop/Diagramscene_ultima-syz/tests/generated\\debug:\nCannot open source file debug/moc_diagramtextitem.cpp\nCannot open source file ../../diagramtextitem.h\n\n\tIn directory C:\\Users\\lenovo\\Desktop\\Diagramscene_ultima-syz\\debug:\nCannot open source file debug/moc_diagramtextitem.cpp\nCannot open source file ../../diagramtextitem.h\n\n\tIn directory C:\\Users\\lenovo\\Desktop\\Diagramscene_ultima-syz:\nCannot open source file ../../diagramtextitem.h\n\n\t(GCOVR could not infer a working directory that resolved it.)\nTo ignore this error use option --gcov-ignore-errors=no_working_dir_found.\n\n(ERROR) Error occurred while reading reports:\nTraceback (most recent call last):\n  File \"D:\\Anaconda\\envs\\py312_env\\Lib\\site-packages\\gcovr\\__main__.py\", line 398, in main\n    covdata = gcovr_formats.read_reports(options)\n              ^^^^^^^^^^^^^^^^^^^^^^^^^^^^^^^^^^^\n  File \"D:\\Anaconda\\envs\\py312_env\\Lib\\site-packages\\gcovr\\formats\\__init__.py\", line 98, in read_reports\n    covdata = GcovHandler(options).read_report()\n              ^^^^^^^^^^^^^^^^^^^^^^^^^^^^^^^^^^\n  File \"D:\\Anaconda\\envs\\py312_env\\Lib\\site-packages\\gcovr\\formats\\gcov\\__init__.py\", line 238, in read_report\n    return read_report(self.options)\n           ^^^^^^^^^^^^^^^^^^^^^^^^^\n  File \"D:\\Anaconda\\envs\\py312_env\\Lib\\site-packages\\gcovr\\formats\\gcov\\read.py\", line 93, in read_report\n    contexts = pool.wait()\n               ^^^^^^^^^^^\n  File \"D:\\Anaconda\\envs\\py312_env\\Lib\\site-packages\\gcovr\\formats\\gcov\\workers.py\", line 208, in wait\n    raise RuntimeError(\nRuntimeError: Worker thread raised exception, workers canceled.\n\n",
      "file": null,
      "line": null,
      "rule_id": null,
      "evidence": {}
    }
  ]
}