{
  "stage": "single_file_loop",
  "project_root": "C:\\Users\\lenovo\\Desktop\\Diagramscene_ultima-syz",
  "created_at": "20251230_010723",
  "meta": {
    "mode": "single_file_loop",
    "retries": 4
  },
  "findings": [
    {
      "category": "testgen",
      "severity": "warning",
      "title": "生成文件失败: tests/generated/tests.pro",
      "details": "Failed to obtain valid JSON after 3 attempts: JSON appears truncated (no closing bracket found). depth=1, partial content length=23447\nLast response preview: ```json\n{\n    \"schema\": \"single_file\",\n    \"files\": [\n        {\n            \"name\": \"tests/generated/tests.pro\",\n            \"content\": \"QT += testlib widgets svg\\nTEMPLATE = app\\nCONFIG += console\\nCONFIG -= app_bundle\\nCONFIG += c++17\\n\\nSOURCES += tst_diagramitem.cpp\\n\\nINCLUDEPATH += ..\\n\\nDEFINES += QT_DEPRECATED_WARNINGS\\n\\nQMAKE_CXXFLAGS += -Wno-unused-parameter\"\n        },\n        {\n            \"name\": \"tst_diagramitem.cpp\",\n            \"content\": \"#include <QtTest>\\n#include <QApplication>\\n#include <QMenu>\\n#include <QGraphicsScene>\\n#include <QGraphicsView>\\n#include <QGraphicsSceneMouseEvent>\\n#include <QGraphicsSceneHoverEvent>\\n#include <QGraphicsSceneContextMenuEvent>\\n#include <QPainter>\\n#include <QImage>\\n#include <QStyleOptionGraphicsItem>\\n#include <QSignalSpy>\\n#include <QJsonObject>\\n#include <QPolygonF>\\n#include <QTransform>\\n#include <QDebug>\\n\\n#define private public\\n#define protected public\\n#include \\\"../diagramitem.h\\\"\\n#include \\\"../arrow.h\\\"\\n#include \\\"../diagramtextitem.h\\\"\\n#include \\\"../diagrampath.h\\\"\\n#undef private\\n#undef protected\\n\\nclass TestableDiagramItem : public DiagramItem\\n{\\npublic:\\n    using DiagramItem::myPolygon;\\n    using DiagramItem::myContextMenu;\\n    using DiagramItem::arrows;\\n    using DiagramItem::m_border;\\n    using DiagramItem::m_grapSize;\\n    using DiagramItem::m_minSize;\\n    using DiagramItem::isHover;\\n    using DiagramItem::isChange;\\n    using DiagramItem::m_tfState;\\n    using DiagramItem::DiagramItem;\\n    using DiagramItem::contextMenuEvent;\\n    using DiagramItem::hoverMoveEvent;\\n    using DiagramItem::mouseMoveEvent;\\n    using DiagramItem::itemChange;\\n};\\n\\nclass tst_DiagramItem : public QObject\\n{\\n    Q_OBJECT\\n\\npublic:\\n    tst_DiagramItem();\\n    ~tst_DiagramItem();\\n\\nprivate slots:\\n    void initTestCase();\\n    void cleanupTestCase();\\n    void init();\\n    void cleanup();\\n    void testConstructor();\\n    void testConstructor_data();\\n    void testBoundingRect();\\n    void test",
      "file": null,
      "line": null,
      "rule_id": null,
      "evidence": {}
    },
    {
      "category": "testgen",
      "severity": "info",
      "title": "已生成 QtTest：2 个文件，共约 32 个用例",
      "details": "生成文件明细：\ntests/generated/test_diagramitem.cpp (32 cases)\ntests/generated/tests.pro (0 cases)",
      "file": null,
      "line": null,
      "rule_id": null,
      "evidence": {}
    },
    {
      "category": "tests",
      "severity": "error",
      "title": "测试命令执行失败",
      "details": "D:\\Qt\\6.10.1\\mingw_64\\bin\\moc.exe -DUNICODE -D_UNICODE -DWIN32 -DMINGW_HAS_SECURE_API=1 -DQT_WIDGETS_LIB -DQT_SVG_LIB -DQT_GUI_LIB -DQT_TESTLIB_LIB -DQT_CORE_LIB -DQT_NEEDS_QMAIN -DQT_TESTCASE_BUILDDIR=\"\\\"C:/Users/lenovo/Desktop/Diagramscene_ultima-syz/tests/generated\\\"\" --include C:/Users/lenovo/Desktop/Diagramscene_ultima-syz/tests/generated/debug/moc_predefs.h -ID:/Qt/6.10.1/mingw_64/mkspecs/win32-g++ -IC:/Users/lenovo/Desktop/Diagramscene_ultima-syz/tests/generated -IC:/Users/lenovo/Desktop/Diagramscene_ultima-syz -ID:/Qt/6.10.1/mingw_64/include -ID:/Qt/6.10.1/mingw_64/include/QtWidgets -ID:/Qt/6.10.1/mingw_64/include/QtSvg -ID:/Qt/6.10.1/mingw_64/include/QtGui -ID:/Qt/6.10.1/mingw_64/include/QtTest -ID:/Qt/6.10.1/mingw_64/include/QtCore -ID:/Qt/Tools/mingw1310_64/lib/gcc/x86_64-w64-mingw32/13.1.0/include/c++ -ID:/Qt/Tools/mingw1310_64/lib/gcc/x86_64-w64-mingw32/13.1.0/include/c++/x86_64-w64-mingw32 -ID:/Qt/Tools/mingw1310_64/lib/gcc/x86_64-w64-mingw32/13.1.0/include/c++/backward -ID:/Qt/Tools/mingw1310_64/lib/gcc/x86_64-w64-mingw32/13.1.0/include -ID:/Qt/Tools/mingw1310_64/lib/gcc/x86_64-w64-mingw32/13.1.0/include-fixed -ID:/Qt/Tools/mingw1310_64/x86_64-w64-mingw32/include test_diagramitem.cpp -o debug\\test_diagramitem.moc\ng++ -c -fno-keep-inline-dllexport --coverage -g -Wall -Wextra -Wextra -fexceptions -mthreads -DUNICODE -D_UNICODE -DWIN32 -DMINGW_HAS_SECURE_API=1 -DQT_WIDGETS_LIB -DQT_SVG_LIB -DQT_GUI_LIB -DQT_TESTLIB_LIB -DQT_CORE_LIB -DQT_NEEDS_QMAIN -DQT_TESTCASE_BUILDDIR=\"\\\"C:/Users/lenovo/Desktop/Diagramscene_ultima-syz/tests/generated\\\"\" -I. -I../.. -ID:/Qt/6.10.1/mingw_64/include -ID:/Qt/6.10.1/mingw_64/include/QtWidgets -ID:/Qt/6.10.1/mingw_64/include/QtSvg -ID:/Qt/6.10.1/mingw_64/include/QtGui -ID:/Qt/6.10.1/mingw_64/include/QtTest -ID:/Qt/6.10.1/mingw_64/include/QtCore -Idebug -I/include -ID:/Qt/6.10.1/mingw_64/mkspecs/win32-g++  -o debug\\test_diagramitem.o test_diagramitem.cpp\ng++ -c -fno-keep-inline-dllexport --coverage -g -Wall -Wextra -Wextra -fexceptions -mthreads -DUNICODE -D_UNICODE -DWIN32 -DMINGW_HAS_SECURE_API=1 -DQT_WIDGETS_LIB -DQT_SVG_LIB -DQT_GUI_LIB -DQT_TESTLIB_LIB -DQT_CORE_LIB -DQT_NEEDS_QMAIN -DQT_TESTCASE_BUILDDIR=\"\\\"C:/Users/lenovo/Desktop/Diagramscene_ultima-syz/tests/generated\\\"\" -I. -I../.. -ID:/Qt/6.10.1/mingw_64/include -ID:/Qt/6.10.1/mingw_64/include/QtWidgets -ID:/Qt/6.10.1/mingw_64/include/QtSvg -ID:/Qt/6.10.1/mingw_64/include/QtGui -ID:/Qt/6.10.1/mingw_64/include/QtTest -ID:/Qt/6.10.1/mingw_64/include/QtCore -Idebug -I/include -ID:/Qt/6.10.1/mingw_64/mkspecs/win32-g++  -o debug\\snapshotcommand.o ..\\..\\snapshotcommand.cpp\ng++ --coverage -Wl,-subsystem,console -mthreads -o debug\\tests.exe @debug\\object_script.tests.Debug D:\\Qt\\6.10.1\\mingw_64\\lib\\libQt6Widgets.a D:\\Qt\\6.10.1\\mingw_64\\lib\\libQt6Svg.a D:\\Qt\\6.10.1\\mingw_64\\lib\\libQt6Gui.a D:\\Qt\\6.10.1\\mingw_64\\lib\\libQt6Test.a D:\\Qt\\6.10.1\\mingw_64\\lib\\libQt6Core.a -lmingw32 D:\\Qt\\6.10.1\\mingw_64\\lib\\libQt6EntryPoint.a -lshell32  \n********* Start testing of TestDiagramItem *********\nConfig: Using QtTest library 6.10.1, Qt 6.10.1 (x86_64-little_endian-llp64 shared (dynamic) release build; by GCC 13.1.0), windows 11\nPASS   : TestDiagramItem::initTestCase()\nPASS   : TestDiagramItem::testConstructor()\nPASS   : TestDiagramItem::testConstructorWithDifferentTypes()\nPASS   : TestDiagramItem::testBoundingRect()\nPASS   : TestDiagramItem::testBoundingRectAfterRotation()\nPASS   : TestDiagramItem::testBoundingRectAfterSizeChange()\nPASS   : TestDiagramItem::testSetBrush()\nPASS   : TestDiagramItem::testSetFixedSize()\nPASS   : TestDiagramItem::testSetFixedSizeTriggersUpdate()\nPASS   : TestDiagramItem::testRotationAngle()\nPASS   : TestDiagramItem::testRotationAffectsBoundingRect()\nPASS   : TestDiagramItem::testMousePressEvent()\nPASS   : TestDiagramItem::testMouseReleaseEvent()\nPASS   : TestDiagramItem::testMouseMoveEvent()\nPASS   : TestDiagramItem::testHoverEnterEvent()\nPASS   : TestDiagramItem::testHoverLeaveEvent()\nPASS   : TestDiagramItem::testHoverMoveEvent()\nPASS   : TestDiagramItem::testContextMenuEvent()\nPASS   : TestDiagramItem::testPaintStartEndType()\nPASS   : TestDiagramItem::testPaintConditionalType()\nPASS   : TestDiagramItem::testPaintStepType()\nPASS   : TestDiagramItem::testPaintIoType()\nPASS   : TestDiagramItem::testPaintWithRotation()\nPASS   : TestDiagramItem::testTextItemInitialization()\nPASS   : TestDiagramItem::testTextItemPosition()\nPASS   : TestDiagramItem::testItemFlags()\nPASS   : TestDiagramItem::testAcceptHoverEvents()\nPASS   : TestDiagramItem::testItemAddedToScene()\nPASS   : TestDiagramItem::testItemSelection()\nFAIL!  : TestDiagramItem::testItemFocus() 'item->hasFocus()' returned FALSE. ()\ntest_diagramitem.cpp(442) : failure location\nPASS   : TestDiagramItem::testArrowAttachment()\nPASS   : TestDiagramItem::testMinimumSize()\nPASS   : TestDiagramItem::testPrivateMembersAccess()\nPASS   : TestDiagramItem::cleanupTestCase()\nTotals: 33 passed, 1 failed, 0 skipped, 0 blacklisted, 40ms\n********* Finished testing of TestDiagramItem *********\n\ntest_diagramitem.cpp: In member function 'void TestDiagramItem::testBoundingRectAfterRotation()':\ntest_diagramitem.cpp:167:12: warning: variable 'originalRect' set but not used [-Wunused-but-set-variable]\n  167 |     QRectF originalRect = item->boundingRect();\n      |            ^~~~~~~~~~~~\n",
      "file": null,
      "line": null,
      "rule_id": null,
      "evidence": {}
    },
    {
      "category": "testgen",
      "severity": "warning",
      "title": "生成文件失败: tests/generated/test_diagramitem.cpp",
      "details": "Failed to obtain valid JSON after 3 attempts: JSON appears truncated (no closing bracket found). depth=2, partial content length=28395\nLast response preview: ```json\n{\n    \"schema\": \"qt_test_cpp\",\n    \"files\": [\n        {\n            \"name\": \"test_diagramitem.cpp\",\n            \"content\": \"#include <QtTest>\\n#include <QGraphicsScene>\\n#include <QGraphicsView>\\n#include <QGraphicsSceneMouseEvent>\\n#include <QGraphicsSceneHoverEvent>\\n#include <QGraphicsSceneContextMenuEvent>\\n#include <QMenu>\\n#include <QPainter>\\n#include <QStyleOptionGraphicsItem>\\n#include <QImage>\\n#include <QSignalSpy>\\n#include <QBrush>\\n#include <QColor>\\n#include <QPolygonF>\\n#include <QTransform>\\n#include <QGraphicsTextItem>\\n#include <QFocusEvent>\\n#include <QTextDocument>\\n#include <QTextCursor>\\n#include <QTextCharFormat>\\n#include <QTextBlock>\\n#include <QTextBlockFormat>\\n#include <QTextLength>\\n#include <QTextTable>\\n#include <QTextList>\\n#include <QTextFrame>\\n#include <QTextFrameFormat>\\n#include <QTextImageFormat>\\n#include <QTextTableCell>\\n#include <QTextTableCellFormat>\\n#include <QTextDocumentFragment>\\n#include <QTextDocumentWriter>\\n#include <QTextDocumentReader>\\n#include <QTextCodec>\\n#include <QTextEncoder>\\n#include <QTextDecoder>\\n#include <QTextStream>\\n#include <QTextBoundaryFinder>\\n#include <QTextLayout>\\n#include <QTextLine>\\n#include <QTextOption>\\n#include <QTextObject>\\n#include <QTextObjectInterface>\\n#include <QTextEdit>\\n#include <QPlainTextEdit>\\n#include <QTextBrowser>\\n#include <QTextCursor>\\n#include <QTextCharFormat>\\n#include <QTextBlock>\\n#include <QTextBlockFormat>\\n#include <QTextLength>\\n#include <QTextTable>\\n#include <QTextList>\\n#include <QTextFrame>\\n#include <QTextFrameFormat>\\n#include <QTextImageFormat>\\n#include <QTextTableCell>\\n#include <QTextTableCellFormat>\\n#include <QTextDocumentFragment>\\n#include <QTextDocumentWriter>\\n#include <QTextDocumentReader>\\n#include <QTextCodec>\\n#include <QTextEncoder>\\n#include <QTextDecoder>\\n#include <QTextStream>\\n#include <QTextBoundaryFinder>\\n#include <QTextLayout>\\n#include <QTextLine>\\n#include <QTextOption>\\n#include <QTextObject>\\n#include <QTextObject",
      "file": null,
      "line": null,
      "rule_id": null,
      "evidence": {}
    },
    {
      "category": "testgen",
      "severity": "warning",
      "title": "生成文件失败: tests/generated/tests.pro",
      "details": "Failed to obtain valid JSON after 3 attempts: JSON appears truncated (no closing bracket found). depth=2, partial content length=30588\nLast response preview: ```json\n{\n    \"schema\": \"qt_test\",\n    \"files\": [\n        {\n            \"name\": \"tests.pro\",\n            \"content\": \"QT += testlib widgets svg\\nTEMPLATE = app\\nTARGET = tests\\nCONFIG += console testcase\\nINCLUDEPATH += ..\\nSOURCES += test_diagramitem.cpp \\\\\\n           ../diagramitem.cpp \\\\\\n           ../arrow.cpp \\\\\\n           ../diagramtextitem.cpp \\\\\\n           ../diagrampath.cpp\\nHEADERS += ../diagramitem.h \\\\\\n           ../arrow.h \\\\\\n           ../diagramtextitem.h \\\\\\n           ../diagrampath.h\\nDEFINES += SRCDIR=\\\\\\\"$$PWD/..\\\\\\\"\"\n        },\n        {\n            \"name\": \"test_diagramitem.cpp\",\n            \"content\": \"#include <QtTest>\\n#include <QGraphicsScene>\\n#include <QGraphicsView>\\n#include <QGraphicsSceneMouseEvent>\\n#include <QGraphicsSceneHoverEvent>\\n#include <QGraphicsSceneContextMenuEvent>\\n#include <QMenu>\\n#include <QPainter>\\n#include <QStyleOptionGraphicsItem>\\n#include <QImage>\\n#include <QSignalSpy>\\n#include <QBrush>\\n#include <QPolygonF>\\n#include <QJsonObject>\\n#define private public\\n#define protected public\\n#include \\\"diagramitem.h\\\"\\n#undef protected\\n#undef private\\n#include \\\"arrow.h\\\"\\n#include \\\"diagramtextitem.h\\\"\\n#include \\\"diagrampath.h\\\"\\n#include \\\"diagramscene.h\\\"\\n\\nclass TestDiagramItem : public QObject\\n{\\n    Q_OBJECT\\n\\nprivate slots:\\n    void initTestCase();\\n    void cleanupTestCase();\\n    void init();\\n    void cleanup();\\n    void testConstructor();\\n    void testConstructorWithDifferentTypes();\\n    void testBoundingRect();\\n    void testBoundingRectAfterRotation();\\n    void testBoundingRectAfterSizeChange();\\n    void testSetBrush();\\n    void testSetFixedSize();\\n    void testSetFixedSizeTriggersUpdate();\\n    void testRotationAngle();\\n    void testRotationAffectsBoundingRect();\\n    void testMousePressEvent();\\n    void testMouseReleaseEvent();\\n    void testMouseMoveEvent();\\n    void testHoverEnterEvent();\\n    void testHoverLeaveEvent();\\n    void testHoverMoveEvent();\\n    void testContextMenuEven",
      "file": null,
      "line": null,
      "rule_id": null,
      "evidence": {}
    },
    {
      "category": "testgen",
      "severity": "info",
      "title": "已生成 QtTest：2 个文件，共约 32 个用例",
      "details": "生成文件明细：\ntests/generated/test_diagramitem.cpp (32 cases)\ntests/generated/tests.pro (0 cases)",
      "file": null,
      "line": null,
      "rule_id": null,
      "evidence": {}
    },
    {
      "category": "tests",
      "severity": "error",
      "title": "测试命令执行失败",
      "details": "D:\\Qt\\6.10.1\\mingw_64\\bin\\moc.exe -DUNICODE -D_UNICODE -DWIN32 -DMINGW_HAS_SECURE_API=1 -DQT_WIDGETS_LIB -DQT_SVG_LIB -DQT_GUI_LIB -DQT_TESTLIB_LIB -DQT_CORE_LIB -DQT_NEEDS_QMAIN -DQT_TESTCASE_BUILDDIR=\"\\\"C:/Users/lenovo/Desktop/Diagramscene_ultima-syz/tests/generated\\\"\" --include C:/Users/lenovo/Desktop/Diagramscene_ultima-syz/tests/generated/debug/moc_predefs.h -ID:/Qt/6.10.1/mingw_64/mkspecs/win32-g++ -IC:/Users/lenovo/Desktop/Diagramscene_ultima-syz/tests/generated -IC:/Users/lenovo/Desktop/Diagramscene_ultima-syz -ID:/Qt/6.10.1/mingw_64/include -ID:/Qt/6.10.1/mingw_64/include/QtWidgets -ID:/Qt/6.10.1/mingw_64/include/QtSvg -ID:/Qt/6.10.1/mingw_64/include/QtGui -ID:/Qt/6.10.1/mingw_64/include/QtTest -ID:/Qt/6.10.1/mingw_64/include/QtCore -ID:/Qt/Tools/mingw1310_64/lib/gcc/x86_64-w64-mingw32/13.1.0/include/c++ -ID:/Qt/Tools/mingw1310_64/lib/gcc/x86_64-w64-mingw32/13.1.0/include/c++/x86_64-w64-mingw32 -ID:/Qt/Tools/mingw1310_64/lib/gcc/x86_64-w64-mingw32/13.1.0/include/c++/backward -ID:/Qt/Tools/mingw1310_64/lib/gcc/x86_64-w64-mingw32/13.1.0/include -ID:/Qt/Tools/mingw1310_64/lib/gcc/x86_64-w64-mingw32/13.1.0/include-fixed -ID:/Qt/Tools/mingw1310_64/x86_64-w64-mingw32/include test_diagramitem.cpp -o debug\\test_diagramitem.moc\ng++ -c -fno-keep-inline-dllexport --coverage -g -Wall -Wextra -Wextra -fexceptions -mthreads -DUNICODE -D_UNICODE -DWIN32 -DMINGW_HAS_SECURE_API=1 -DQT_WIDGETS_LIB -DQT_SVG_LIB -DQT_GUI_LIB -DQT_TESTLIB_LIB -DQT_CORE_LIB -DQT_NEEDS_QMAIN -DQT_TESTCASE_BUILDDIR=\"\\\"C:/Users/lenovo/Desktop/Diagramscene_ultima-syz/tests/generated\\\"\" -I. -I../.. -ID:/Qt/6.10.1/mingw_64/include -ID:/Qt/6.10.1/mingw_64/include/QtWidgets -ID:/Qt/6.10.1/mingw_64/include/QtSvg -ID:/Qt/6.10.1/mingw_64/include/QtGui -ID:/Qt/6.10.1/mingw_64/include/QtTest -ID:/Qt/6.10.1/mingw_64/include/QtCore -Idebug -I/include -ID:/Qt/6.10.1/mingw_64/mkspecs/win32-g++  -o debug\\test_diagramitem.o test_diagramitem.cpp\ng++ --coverage -Wl,-subsystem,console -mthreads -o debug\\tests.exe @debug\\object_script.tests.Debug D:\\Qt\\6.10.1\\mingw_64\\lib\\libQt6Widgets.a D:\\Qt\\6.10.1\\mingw_64\\lib\\libQt6Svg.a D:\\Qt\\6.10.1\\mingw_64\\lib\\libQt6Gui.a D:\\Qt\\6.10.1\\mingw_64\\lib\\libQt6Test.a D:\\Qt\\6.10.1\\mingw_64\\lib\\libQt6Core.a -lmingw32 D:\\Qt\\6.10.1\\mingw_64\\lib\\libQt6EntryPoint.a -lshell32  \n********* Start testing of TestDiagramItem *********\nConfig: Using QtTest library 6.10.1, Qt 6.10.1 (x86_64-little_endian-llp64 shared (dynamic) release build; by GCC 13.1.0), windows 11\nPASS   : TestDiagramItem::initTestCase()\nPASS   : TestDiagramItem::testConstructor()\nPASS   : TestDiagramItem::testConstructorWithDifferentTypes()\nPASS   : TestDiagramItem::testBoundingRect()\nPASS   : TestDiagramItem::testBoundingRectAfterRotation()\nPASS   : TestDiagramItem::testBoundingRectAfterSizeChange()\nPASS   : TestDiagramItem::testSetBrush()\nPASS   : TestDiagramItem::testSetFixedSize()\nFAIL!  : TestDiagramItem::testSetFixedSizeWithMinimum() 'item->m_grapSize.width() >= item->m_minSize.width()' returned FALSE. ()\ntest_diagramitem.cpp(190) : failure location\nPASS   : TestDiagramItem::testRotationAngle()\nPASS   : TestDiagramItem::testRotationAngleBoundary()\nPASS   : TestDiagramItem::testMousePressEvent()\nPASS   : TestDiagramItem::testMouseReleaseEvent()\nPASS   : TestDiagramItem::testMouseMoveEvent()\nPASS   : TestDiagramItem::testHoverEnterEvent()\nPASS   : TestDiagramItem::testHoverLeaveEvent()\nPASS   : TestDiagramItem::testHoverMoveEvent()\nPASS   : TestDiagramItem::testContextMenuEvent()\nFAIL!  : TestDiagramItem::testPaintStartEndType() 'hasContent' returned FALSE. ()\ntest_diagramitem.cpp(319) : failure location\nFAIL!  : TestDiagramItem::testPaintConditionalType() 'hasContent' returned FALSE. ()\ntest_diagramitem.cpp(347) : failure location\nFAIL!  : TestDiagramItem::testPaintStepType() 'hasContent' returned FALSE. ()\ntest_diagramitem.cpp(373) : failure location\nFAIL!  : TestDiagramItem::testPaintIoType() 'hasContent' returned FALSE. ()\ntest_diagramitem.cpp(400) : failure location\nFAIL!  : TestDiagramItem::testPaintWithDifferentColors() 'hasContent' returned FALSE. ()\ntest_diagramitem.cpp(432) : failure location\nFAIL!  : TestDiagramItem::testPaintWithDifferentSizes() 'hasContent' returned FALSE. ()\ntest_diagramitem.cpp(463) : failure location\nFAIL!  : TestDiagramItem::testPaintWithRotation() 'hasContent' returned FALSE. ()\ntest_diagramitem.cpp(494) : failure location\nPASS   : TestDiagramItem::testTextItemInitialization()\nPASS   : TestDiagramItem::testTextItemPosition()\nPASS   : TestDiagramItem::testItemFlags()\nPASS   : TestDiagramItem::testAcceptHoverEvents()\nPASS   : TestDiagramItem::testBorderProperty()\nFAIL!  : TestDiagramItem::testMinimumSize() 'item->m_grapSize.width() >= item->m_minSize.width()' returned FALSE. ()\ntest_diagramitem.cpp(556) : failure location\nFAIL!  : TestDiagramItem::testScenePositions() '!scenePos.isNull()' returned FALSE. ()\ntest_diagramitem.cpp(565) : failure location\nPASS   : TestDiagramItem::testItemTransformations()\nPASS   : TestDiagramItem::cleanupTestCase()\nTotals: 24 passed, 10 failed, 0 skipped, 0 blacklisted, 160ms\n********* Finished testing of TestDiagramItem *********\n\n",
      "file": null,
      "line": null,
      "rule_id": null,
      "evidence": {}
    },
    {
      "category": "testgen",
      "severity": "warning",
      "title": "生成文件失败: tests/generated/test_diagramitem.cpp",
      "details": "Failed to obtain valid JSON after 3 attempts: JSON appears truncated (no closing bracket found). depth=2, partial content length=25378\nLast response preview: ```json\n{\n    \"schema\": \"qt_test\",\n    \"files\": [\n        {\n            \"name\": \"tests/generated/test_diagramitem.cpp\",\n            \"content\": \"#include <QtTest>\\n#include <QGraphicsScene>\\n#include <QGraphicsView>\\n#include <QPainter>\\n#include <QImage>\\n#include <QMenu>\\n#include <QGraphicsSceneMouseEvent>\\n#include <QGraphicsSceneHoverEvent>\\n#include <QGraphicsSceneContextMenuEvent>\\n#include <QStyleOptionGraphicsItem>\\n#include <QTransform>\\n#include <QBrush>\\n#include <QColor>\\n#include <QPolygonF>\\n#include <QPainterPath>\\n#include <QGraphicsTextItem>\\n#include <QGraphicsItem>\\n#include <QGraphicsLineItem>\\n#include <QGraphicsPathItem>\\n#include <QList>\\n#include <QMap>\\n#include <QSizeF>\\n#include <QRectF>\\n#include <QPointF>\\n#include <QApplication>\\n#include <QTest>\\n#include <memory>\\n\\n#define private public\\n#define protected public\\n#include \\\"diagramitem.h\\\"\\n#include \\\"arrow.h\\\"\\n#include \\\"diagramtextitem.h\\\"\\n#include \\\"diagrampath.h\\\"\\n#undef private\\n#undef protected\\n\\nclass TestDiagramItem : public QObject\\n{\\n    Q_OBJECT\\n\\nprivate slots:\\n    void initTestCase();\\n    void cleanupTestCase();\\n    void init();\\n    void cleanup();\\n    \\n    void testConstructor();\\n    void testConstructorWithDifferentTypes();\\n    void testBoundingRect();\\n    void testBoundingRectAfterRotation();\\n    void testBoundingRectAfterSizeChange();\\n    void testSetBrush();\\n    void testSetFixedSize();\\n    void testSetFixedSizeWithMinimum();\\n    void testRotationAngle();\\n    void testRotationAngleBoundary();\\n    void testMousePressEvent();\\n    void testMouseReleaseEvent();\\n    void testMouseMoveEvent();\\n    void testHoverEnterEvent();\\n    void testHoverLeaveEvent();\\n    void testHoverMoveEvent();\\n    void testContextMenuEvent();\\n    void testPaintStartEndType();\\n    void testPaintConditionalType();\\n    void testPaintStepType();\\n    void testPaintIoType();\\n    void testPaintCircularType();\\n    void testPaintDocumentType();\\n    void testPaintPredef",
      "file": null,
      "line": null,
      "rule_id": null,
      "evidence": {}
    },
    {
      "category": "testgen",
      "severity": "warning",
      "title": "生成文件失败: tests/generated/tests.pro",
      "details": "Failed to obtain valid JSON after 3 attempts: JSON appears truncated (no closing bracket found). depth=2, partial content length=25164\nLast response preview: {\n  \"schema\": \"qt_test\",\n  \"files\": [\n    {\n      \"name\": \"tests.pro\",\n      \"content\": \"QT += testlib widgets svg\\nTEMPLATE = app\\nCONFIG += console\\nCONFIG -= app_bundle\\nCONFIG += testcase\\n\\nSOURCES += test_diagramitem.cpp \\\\\\n           ../../diagramitem.cpp \\\\\\n           ../../arrow.cpp \\\\\\n           ../../diagramtextitem.cpp \\\\\\n           ../../diagrampath.cpp\\n\\nHEADERS += ../../diagramitem.h \\\\\\n           ../../arrow.h \\\\\\n           ../../diagramtextitem.h \\\\\\n           ../../diagrampath.h\\n\\nINCLUDEPATH += ../..\\n\\nDEFINES += SRCDIR=\\\\\\\"$$PWD/../..\\\\\\\"\\n\\n# Coverage flags\\nQMAKE_CXXFLAGS += -fprofile-arcs -ftest-coverage\\nQMAKE_LFLAGS += --coverage\"\n    },\n    {\n      \"name\": \"test_diagramitem.cpp\",\n      \"content\": \"#include <QtTest>\\n#include <QGraphicsScene>\\n#include <QGraphicsView>\\n#include <QPainter>\\n#include <QImage>\\n#include <QMenu>\\n#include <QGraphicsSceneMouseEvent>\\n#include <QGraphicsSceneHoverEvent>\\n#include <QGraphicsSceneContextMenuEvent>\\n#include <QStyleOptionGraphicsItem>\\n#include <QTransform>\\n#include <QBrush>\\n#include <QColor>\\n#include <QPolygonF>\\n#include <QList>\\n#include <QMap>\\n#include <QJsonObject>\\n\\n#define private public\\n#define protected public\\n#include \\\"diagramitem.h\\\"\\n#include \\\"arrow.h\\\"\\n#include \\\"diagramtextitem.h\\\"\\n#include \\\"diagrampath.h\\\"\\n#undef private\\n#undef protected\\n\\nclass TestDiagramItem : public QObject\\n{\\n    Q_OBJECT\\n\\nprivate slots:\\n    void initTestCase();\\n    void cleanupTestCase();\\n    void init();\\n    void cleanup();\\n    \\n    void testConstructor();\\n    void testConstructorWithDifferentTypes();\\n    void testBoundingRect();\\n    void testBoundingRectAfterRotation();\\n    void testBoundingRectAfterSizeChange();\\n    void testSetBrush();\\n    void testSetFixedSize();\\n    void testSetFixedSizeWithMinimum();\\n    void testSetRotationAngle();\\n    void testRotationAngle();\\n    void testSetSize();\\n    void testSetWidth();\\n    void testSetHeight();\\n    void testGetSize();\\",
      "file": null,
      "line": null,
      "rule_id": null,
      "evidence": {}
    },
    {
      "category": "testgen",
      "severity": "info",
      "title": "已生成 QtTest：2 个文件，共约 40 个用例",
      "details": "生成文件明细：\ntests/generated/test_diagramitem.cpp (40 cases)\ntests/generated/tests.pro (0 cases)",
      "file": null,
      "line": null,
      "rule_id": null,
      "evidence": {}
    },
    {
      "category": "tests",
      "severity": "error",
      "title": "测试命令执行失败",
      "details": "D:\\Qt\\6.10.1\\mingw_64\\bin\\moc.exe -DUNICODE -D_UNICODE -DWIN32 -DMINGW_HAS_SECURE_API=1 -DQT_WIDGETS_LIB -DQT_SVG_LIB -DQT_GUI_LIB -DQT_TESTLIB_LIB -DQT_CORE_LIB -DQT_NEEDS_QMAIN -DQT_TESTCASE_BUILDDIR=\"\\\"C:/Users/lenovo/Desktop/Diagramscene_ultima-syz/tests/generated\\\"\" --include C:/Users/lenovo/Desktop/Diagramscene_ultima-syz/tests/generated/debug/moc_predefs.h -ID:/Qt/6.10.1/mingw_64/mkspecs/win32-g++ -IC:/Users/lenovo/Desktop/Diagramscene_ultima-syz/tests/generated -IC:/Users/lenovo/Desktop/Diagramscene_ultima-syz -ID:/Qt/6.10.1/mingw_64/include -ID:/Qt/6.10.1/mingw_64/include/QtWidgets -ID:/Qt/6.10.1/mingw_64/include/QtSvg -ID:/Qt/6.10.1/mingw_64/include/QtGui -ID:/Qt/6.10.1/mingw_64/include/QtTest -ID:/Qt/6.10.1/mingw_64/include/QtCore -ID:/Qt/Tools/mingw1310_64/lib/gcc/x86_64-w64-mingw32/13.1.0/include/c++ -ID:/Qt/Tools/mingw1310_64/lib/gcc/x86_64-w64-mingw32/13.1.0/include/c++/x86_64-w64-mingw32 -ID:/Qt/Tools/mingw1310_64/lib/gcc/x86_64-w64-mingw32/13.1.0/include/c++/backward -ID:/Qt/Tools/mingw1310_64/lib/gcc/x86_64-w64-mingw32/13.1.0/include -ID:/Qt/Tools/mingw1310_64/lib/gcc/x86_64-w64-mingw32/13.1.0/include-fixed -ID:/Qt/Tools/mingw1310_64/x86_64-w64-mingw32/include test_diagramitem.cpp -o debug\\test_diagramitem.moc\ng++ -c -fno-keep-inline-dllexport --coverage -g -Wall -Wextra -Wextra -fexceptions -mthreads -DUNICODE -D_UNICODE -DWIN32 -DMINGW_HAS_SECURE_API=1 -DQT_WIDGETS_LIB -DQT_SVG_LIB -DQT_GUI_LIB -DQT_TESTLIB_LIB -DQT_CORE_LIB -DQT_NEEDS_QMAIN -DQT_TESTCASE_BUILDDIR=\"\\\"C:/Users/lenovo/Desktop/Diagramscene_ultima-syz/tests/generated\\\"\" -I. -I../.. -ID:/Qt/6.10.1/mingw_64/include -ID:/Qt/6.10.1/mingw_64/include/QtWidgets -ID:/Qt/6.10.1/mingw_64/include/QtSvg -ID:/Qt/6.10.1/mingw_64/include/QtGui -ID:/Qt/6.10.1/mingw_64/include/QtTest -ID:/Qt/6.10.1/mingw_64/include/QtCore -Idebug -I/include -ID:/Qt/6.10.1/mingw_64/mkspecs/win32-g++  -o debug\\test_diagramitem.o test_diagramitem.cpp\n\ntest_diagramitem.cpp: In member function 'void TestDiagramItem::init()':\ntest_diagramitem.cpp:115:41: error: 'Process' is not a member of 'DiagramItem'\n  115 |     item = new DiagramItem(DiagramItem::Process, contextMenu);\n      |                                         ^~~~~~~\ntest_diagramitem.cpp: In member function 'void TestDiagramItem::testConstructor()':\ntest_diagramitem.cpp:127:58: error: 'Process' is not a member of 'DiagramItem'\n  127 |     DiagramItem *testItem = new DiagramItem(DiagramItem::Process, contextMenu);\n      |                                                          ^~~~~~~\nIn file included from D:/Qt/6.10.1/mingw_64/include/QtTest/qtesteventloop.h:8,\n                 from D:/Qt/6.10.1/mingw_64/include/QtTest/qsignalspy.h:10,\n                 from D:/Qt/6.10.1/mingw_64/include/QtTest/QtTest:10,\n                 from test_diagramitem.cpp:1:\ntest_diagramitem.cpp:130:52: error: 'Process' is not a member of 'DiagramItem'\n  130 |     QCOMPARE(testItem->myDiagramType, DiagramItem::Process);\n      |                                                    ^~~~~~~\nD:/Qt/6.10.1/mingw_64/include/QtTest/qtestcase.h:90:34: note: in definition of macro 'QCOMPARE'\n   90 |     if (!QTest::qCompare(actual, expected, #actual, #expected, __FILE__, __LINE__))\\\n      |                                  ^~~~~~~~\ntest_diagramitem.cpp: In member function 'void TestDiagramItem::testDiagramTypeProperty()':\ntest_diagramitem.cpp:583:48: error: 'Process' is not a member of 'DiagramItem'\n  583 |     QCOMPARE(item->myDiagramType, DiagramItem::Process);\n      |                                                ^~~~~~~\nD:/Qt/6.10.1/mingw_64/include/QtTest/qtestcase.h:90:34: note: in definition of macro 'QCOMPARE'\n   90 |     if (!QTest::qCompare(actual, expected, #actual, #expected, __FILE__, __LINE__))\\\n      |                                  ^~~~~~~~\ntest_diagramitem.cpp:589:22: error: 'Process' is not a member of 'DiagramItem'\n  589 |         DiagramItem::Process,\n      |                      ^~~~~~~\ntest_diagramitem.cpp:591:5: error: could not convert '{DiagramItem::StartEnd, DiagramItem::Conditional, <expression error>, DiagramItem::Io}' from '<brace-enclosed initializer list>' to 'QList<DiagramItem::DiagramType>'\n  591 |     };\n      |     ^\n      |     |\n      |     <brace-enclosed initializer list>\nmingw32-make: *** [Makefile.Debug:1968: debug/test_diagramitem.o] Error 1\n",
      "file": null,
      "line": null,
      "rule_id": null,
      "evidence": {}
    },
    {
      "category": "testgen",
      "severity": "info",
      "title": "已生成 QtTest：2 个文件，共约 35 个用例",
      "details": "生成文件明细：\ntests/generated/test_diagramitem.cpp (35 cases)\ntests/generated/tests.pro (0 cases)",
      "file": null,
      "line": null,
      "rule_id": null,
      "evidence": {}
    },
    {
      "category": "tests",
      "severity": "error",
      "title": "测试命令执行失败",
      "details": "D:\\Qt\\6.10.1\\mingw_64\\bin\\moc.exe -DUNICODE -D_UNICODE -DWIN32 -DMINGW_HAS_SECURE_API=1 -DQT_WIDGETS_LIB -DQT_SVG_LIB -DQT_GUI_LIB -DQT_TESTLIB_LIB -DQT_CORE_LIB -DQT_NEEDS_QMAIN -DQT_TESTCASE_BUILDDIR=\"\\\"C:/Users/lenovo/Desktop/Diagramscene_ultima-syz/tests/generated\\\"\" --include C:/Users/lenovo/Desktop/Diagramscene_ultima-syz/tests/generated/debug/moc_predefs.h -ID:/Qt/6.10.1/mingw_64/mkspecs/win32-g++ -IC:/Users/lenovo/Desktop/Diagramscene_ultima-syz/tests/generated -IC:/Users/lenovo/Desktop/Diagramscene_ultima-syz -ID:/Qt/6.10.1/mingw_64/include -ID:/Qt/6.10.1/mingw_64/include/QtWidgets -ID:/Qt/6.10.1/mingw_64/include/QtSvg -ID:/Qt/6.10.1/mingw_64/include/QtGui -ID:/Qt/6.10.1/mingw_64/include/QtTest -ID:/Qt/6.10.1/mingw_64/include/QtCore -ID:/Qt/Tools/mingw1310_64/lib/gcc/x86_64-w64-mingw32/13.1.0/include/c++ -ID:/Qt/Tools/mingw1310_64/lib/gcc/x86_64-w64-mingw32/13.1.0/include/c++/x86_64-w64-mingw32 -ID:/Qt/Tools/mingw1310_64/lib/gcc/x86_64-w64-mingw32/13.1.0/include/c++/backward -ID:/Qt/Tools/mingw1310_64/lib/gcc/x86_64-w64-mingw32/13.1.0/include -ID:/Qt/Tools/mingw1310_64/lib/gcc/x86_64-w64-mingw32/13.1.0/include-fixed -ID:/Qt/Tools/mingw1310_64/x86_64-w64-mingw32/include test_diagramitem.cpp -o debug\\test_diagramitem.moc\ng++ -c -fno-keep-inline-dllexport --coverage -g -Wall -Wextra -Wextra -fexceptions -mthreads -DUNICODE -D_UNICODE -DWIN32 -DMINGW_HAS_SECURE_API=1 -DQT_WIDGETS_LIB -DQT_SVG_LIB -DQT_GUI_LIB -DQT_TESTLIB_LIB -DQT_CORE_LIB -DQT_NEEDS_QMAIN -DQT_TESTCASE_BUILDDIR=\"\\\"C:/Users/lenovo/Desktop/Diagramscene_ultima-syz/tests/generated\\\"\" -I. -I../.. -ID:/Qt/6.10.1/mingw_64/include -ID:/Qt/6.10.1/mingw_64/include/QtWidgets -ID:/Qt/6.10.1/mingw_64/include/QtSvg -ID:/Qt/6.10.1/mingw_64/include/QtGui -ID:/Qt/6.10.1/mingw_64/include/QtTest -ID:/Qt/6.10.1/mingw_64/include/QtCore -Idebug -I/include -ID:/Qt/6.10.1/mingw_64/mkspecs/win32-g++  -o debug\\test_diagramitem.o test_diagramitem.cpp\n\ntest_diagramitem.cpp: In member function 'void TestDiagramItem::testArrowAttachment()':\ntest_diagramitem.cpp:497:43: error: invalid use of incomplete type 'class Arrow'\n  497 |     Arrow *arrow = new Arrow(item, nullptr);\n      |                                           ^\nIn file included from test_diagramitem.cpp:15:\n../../diagramitem.h:22:7: note: forward declaration of 'class Arrow'\n   22 | class Arrow;\n      |       ^~~~~\nmingw32-make: *** [Makefile.Debug:1968: debug/test_diagramitem.o] Error 1\n",
      "file": null,
      "line": null,
      "rule_id": null,
      "evidence": {}
    },
    {
      "category": "testgen",
      "severity": "info",
      "title": "已生成 QtTest：2 个文件，共约 42 个用例",
      "details": "生成文件明细：\ntests/generated/test_diagramitem.cpp (42 cases)\ntests/generated/tests.pro (0 cases)",
      "file": null,
      "line": null,
      "rule_id": null,
      "evidence": {}
    },
    {
      "category": "tests",
      "severity": "error",
      "title": "测试命令执行失败",
      "details": "D:\\Qt\\6.10.1\\mingw_64\\bin\\moc.exe -DUNICODE -D_UNICODE -DWIN32 -DMINGW_HAS_SECURE_API=1 -DQT_WIDGETS_LIB -DQT_SVG_LIB -DQT_GUI_LIB -DQT_TESTLIB_LIB -DQT_CORE_LIB -DQT_NEEDS_QMAIN -DQT_TESTCASE_BUILDDIR=\"\\\"C:/Users/lenovo/Desktop/Diagramscene_ultima-syz/tests/generated\\\"\" --include C:/Users/lenovo/Desktop/Diagramscene_ultima-syz/tests/generated/debug/moc_predefs.h -ID:/Qt/6.10.1/mingw_64/mkspecs/win32-g++ -IC:/Users/lenovo/Desktop/Diagramscene_ultima-syz/tests/generated -IC:/Users/lenovo/Desktop/Diagramscene_ultima-syz -ID:/Qt/6.10.1/mingw_64/include -ID:/Qt/6.10.1/mingw_64/include/QtWidgets -ID:/Qt/6.10.1/mingw_64/include/QtSvg -ID:/Qt/6.10.1/mingw_64/include/QtGui -ID:/Qt/6.10.1/mingw_64/include/QtTest -ID:/Qt/6.10.1/mingw_64/include/QtCore -ID:/Qt/Tools/mingw1310_64/lib/gcc/x86_64-w64-mingw32/13.1.0/include/c++ -ID:/Qt/Tools/mingw1310_64/lib/gcc/x86_64-w64-mingw32/13.1.0/include/c++/x86_64-w64-mingw32 -ID:/Qt/Tools/mingw1310_64/lib/gcc/x86_64-w64-mingw32/13.1.0/include/c++/backward -ID:/Qt/Tools/mingw1310_64/lib/gcc/x86_64-w64-mingw32/13.1.0/include -ID:/Qt/Tools/mingw1310_64/lib/gcc/x86_64-w64-mingw32/13.1.0/include-fixed -ID:/Qt/Tools/mingw1310_64/x86_64-w64-mingw32/include test_diagramitem.cpp -o debug\\test_diagramitem.moc\ng++ -c -fno-keep-inline-dllexport --coverage -g -Wall -Wextra -Wextra -fexceptions -mthreads -DUNICODE -D_UNICODE -DWIN32 -DMINGW_HAS_SECURE_API=1 -DQT_WIDGETS_LIB -DQT_SVG_LIB -DQT_GUI_LIB -DQT_TESTLIB_LIB -DQT_CORE_LIB -DQT_NEEDS_QMAIN -DQT_TESTCASE_BUILDDIR=\"\\\"C:/Users/lenovo/Desktop/Diagramscene_ultima-syz/tests/generated\\\"\" -I. -I../.. -ID:/Qt/6.10.1/mingw_64/include -ID:/Qt/6.10.1/mingw_64/include/QtWidgets -ID:/Qt/6.10.1/mingw_64/include/QtSvg -ID:/Qt/6.10.1/mingw_64/include/QtGui -ID:/Qt/6.10.1/mingw_64/include/QtTest -ID:/Qt/6.10.1/mingw_64/include/QtCore -Idebug -I/include -ID:/Qt/6.10.1/mingw_64/mkspecs/win32-g++  -o debug\\test_diagramitem.o test_diagramitem.cpp\n\ntest_diagramitem.cpp: In member function 'void TestDiagramItem::testConstructorWithParent()':\ntest_diagramitem.cpp:134:19: error: cannot declare variable 'parent' to be of abstract type 'QGraphicsItem'\n  134 |     QGraphicsItem parent;\n      |                   ^~~~~~\nIn file included from D:/Qt/6.10.1/mingw_64/include/QtWidgets/QGraphicsPixmapItem:1,\n                 from ../../diagramitem.h:7,\n                 from test_diagramitem.cpp:13:\nD:/Qt/6.10.1/mingw_64/include/QtWidgets/qgraphicsitem.h:47:24: note:   because the following virtual functions are pure within 'QGraphicsItem':\n   47 | class Q_WIDGETS_EXPORT QGraphicsItem\n      |                        ^~~~~~~~~~~~~\nD:/Qt/6.10.1/mingw_64/include/QtWidgets/qgraphicsitem.h:270:20: note:     'virtual QRectF QGraphicsItem::boundingRect() const'\n  270 |     virtual QRectF boundingRect() const = 0;\n      |                    ^~~~~~~~~~~~\nD:/Qt/6.10.1/mingw_64/include/QtWidgets/qgraphicsitem.h:290:18: note:     'virtual void QGraphicsItem::paint(QPainter*, const QStyleOptionGraphicsItem*, QWidget*)'\n  290 |     virtual void paint(QPainter *painter, const QStyleOptionGraphicsItem *option, QWidget *widget = nullptr) = 0;\n      |                  ^~~~~\nIn file included from D:/Qt/6.10.1/mingw_64/include/QtTest/qtesteventloop.h:8,\n                 from D:/Qt/6.10.1/mingw_64/include/QtTest/qsignalspy.h:10,\n                 from D:/Qt/6.10.1/mingw_64/include/QtTest/QtTest:10,\n                 from test_diagramitem.cpp:1:\ntest_diagramitem.cpp: In member function 'void TestDiagramItem::testAcceptHoverEvents()':\ntest_diagramitem.cpp:533:18: error: 'class DiagramItem' has no member named 'acceptsHoverEvents'; did you mean 'acceptHoverEvents'?\n  533 |     QVERIFY(item.acceptsHoverEvents());\n      |                  ^~~~~~~~~~~~~~~~~~\nD:/Qt/6.10.1/mingw_64/include/QtTest/qtestcase.h:67:43: note: in definition of macro 'QVERIFY'\n   67 |     if (!QTest::qVerify(static_cast<bool>(statement), #statement, \"\", __FILE__, __LINE__))\\\n      |                                           ^~~~~~~~~\nmingw32-make: *** [Makefile.Debug:1958: debug/test_diagramitem.o] Error 1\n",
      "file": null,
      "line": null,
      "rule_id": null,
      "evidence": {}
    },
    {
      "category": "coverage",
      "severity": "info",
      "title": "覆盖率收集完成",
      "details": "lines: 0.0% (0 out of 2551)\nfunctions: 0.0% (0 out of 146)\nbranches: 0.0% (0 out of 5554)\n\n(INFO) Reading coverage data...\n(INFO) Writing coverage report...\n",
      "file": null,
      "line": null,
      "rule_id": null,
      "evidence": {}
    }
  ]
}