{
  "stage": "single_file_loop",
  "project_root": "C:\\Users\\lenovo\\Desktop\\Diagramscene_ultima-syz",
  "created_at": "20251229_035130",
  "meta": {
    "mode": "single_file_loop",
    "retries": 4
  },
  "findings": [
    {
      "category": "testgen",
      "severity": "warning",
      "title": "生成文件失败: tests/generated/test_diagramitem.cpp",
      "details": "Failed to obtain valid JSON after 3 attempts: JSON appears truncated (no closing bracket found). depth=2, partial content length=29775\nLast response preview: ```json\n{\n    \"schema\": \"qt_test_cpp\",\n    \"files\": [\n        {\n            \"name\": \"tests/generated/test_diagramitem.cpp\",\n            \"content\": \"#include <QtTest>\\n#include <QMenu>\\n#include <QGraphicsScene>\\n#include <QGraphicsSceneMouseEvent>\\n#include <QGraphicsSceneHoverEvent>\\n#include <QGraphicsSceneContextMenuEvent>\\n#include <QPainter>\\n#include <QImage>\\n#include <QStyleOptionGraphicsItem>\\n#include <QTransform>\\n#include <QSignalSpy>\\n#include <QJsonObject>\\n#define private public\\n#define protected public\\n#include \\\"../diagramitem.h\\\"\\n#include \\\"../arrow.h\\\"\\n#include \\\"../diagramtextitem.h\\\"\\n#include \\\"../diagrampath.h\\\"\\n#undef private\\n#undef protected\\n\\nclass TestableDiagramItem : public DiagramItem {\\npublic:\\n    using DiagramItem::DiagramItem;\\n    using DiagramItem::myPolygon;\\n    using DiagramItem::myContextMenu;\\n    using DiagramItem::arrows;\\n    using DiagramItem::m_border;\\n    using DiagramItem::m_grapSize;\\n    using DiagramItem::m_minSize;\\n    using DiagramItem::isHover;\\n    using DiagramItem::isChange;\\n    using DiagramItem::m_tfState;\\n    using DiagramItem::contextMenuEvent;\\n    using DiagramItem::itemChange;\\n    using DiagramItem::hoverMoveEvent;\\n    using DiagramItem::mouseMoveEvent;\\n    using DiagramItem::paint;\\n};\\n\\nclass TestDiagramItem : public QObject {\\n    Q_OBJECT\\n\\nprivate slots:\\n    void initTestCase();\\n    void cleanupTestCase();\\n    void init();\\n    void cleanup();\\n    void testConstructor();\\n    void testBoundingRect();\\n    void testSetBrush();\\n    void testSetFixedSize();\\n    void testSetRotationAngle();\\n    void testRotationAngle();\\n    void testSetSize();\\n    void testSetWidth();\\n    void testSetHeight();\\n    void testGetSize();\\n    void testAbleEvents();\\n    void testDisableEvents();\\n    void testAddArrow();\\n    void testRemoveArrow();\\n    void testRemoveArrows();\\n    void testAddPathes();\\n    void testRemovePath();\\n    void testRemovePathes();\\n    void testUpdatePathes();\\n  ",
      "file": null,
      "line": null,
      "rule_id": null,
      "evidence": {}
    },
    {
      "category": "testgen",
      "severity": "info",
      "title": "已生成 QtTest：2 个文件，共约 28 个用例",
      "details": "生成文件明细：\ntests/generated/test_diagramitem.cpp (28 cases)\ntests/generated/tests.pro (0 cases)",
      "file": null,
      "line": null,
      "rule_id": null,
      "evidence": {}
    },
    {
      "category": "tests",
      "severity": "error",
      "title": "测试命令执行失败",
      "details": "D:\\Qt\\6.10.1\\mingw_64\\bin\\moc.exe -DUNICODE -D_UNICODE -DWIN32 -DMINGW_HAS_SECURE_API=1 -DQT_WIDGETS_LIB -DQT_SVG_LIB -DQT_GUI_LIB -DQT_TESTLIB_LIB -DQT_CORE_LIB -DQT_NEEDS_QMAIN -DQT_TESTCASE_BUILDDIR=\"\\\"C:/Users/lenovo/Desktop/Diagramscene_ultima-syz/tests/generated\\\"\" --include C:/Users/lenovo/Desktop/Diagramscene_ultima-syz/tests/generated/debug/moc_predefs.h -ID:/Qt/6.10.1/mingw_64/mkspecs/win32-g++ -IC:/Users/lenovo/Desktop/Diagramscene_ultima-syz/tests/generated -IC:/Users/lenovo/Desktop/Diagramscene_ultima-syz -ID:/Qt/6.10.1/mingw_64/include -ID:/Qt/6.10.1/mingw_64/include/QtWidgets -ID:/Qt/6.10.1/mingw_64/include/QtSvg -ID:/Qt/6.10.1/mingw_64/include/QtGui -ID:/Qt/6.10.1/mingw_64/include/QtTest -ID:/Qt/6.10.1/mingw_64/include/QtCore -ID:/Qt/Tools/mingw1310_64/lib/gcc/x86_64-w64-mingw32/13.1.0/include/c++ -ID:/Qt/Tools/mingw1310_64/lib/gcc/x86_64-w64-mingw32/13.1.0/include/c++/x86_64-w64-mingw32 -ID:/Qt/Tools/mingw1310_64/lib/gcc/x86_64-w64-mingw32/13.1.0/include/c++/backward -ID:/Qt/Tools/mingw1310_64/lib/gcc/x86_64-w64-mingw32/13.1.0/include -ID:/Qt/Tools/mingw1310_64/lib/gcc/x86_64-w64-mingw32/13.1.0/include-fixed -ID:/Qt/Tools/mingw1310_64/x86_64-w64-mingw32/include test_diagramitem.cpp -o debug\\test_diagramitem.moc\ng++ -c -fno-keep-inline-dllexport --coverage -g -Wall -Wextra -Wextra -fexceptions -mthreads -DUNICODE -D_UNICODE -DWIN32 -DMINGW_HAS_SECURE_API=1 -DQT_WIDGETS_LIB -DQT_SVG_LIB -DQT_GUI_LIB -DQT_TESTLIB_LIB -DQT_CORE_LIB -DQT_NEEDS_QMAIN -DQT_TESTCASE_BUILDDIR=\"\\\"C:/Users/lenovo/Desktop/Diagramscene_ultima-syz/tests/generated\\\"\" -I. -I../.. -ID:/Qt/6.10.1/mingw_64/include -ID:/Qt/6.10.1/mingw_64/include/QtWidgets -ID:/Qt/6.10.1/mingw_64/include/QtSvg -ID:/Qt/6.10.1/mingw_64/include/QtGui -ID:/Qt/6.10.1/mingw_64/include/QtTest -ID:/Qt/6.10.1/mingw_64/include/QtCore -Idebug -I/include -ID:/Qt/6.10.1/mingw_64/mkspecs/win32-g++  -o debug\\test_diagramitem.o test_diagramitem.cpp\n\ntest_diagramitem.cpp: In member function 'void TestDiagramItem::testConstructorWithDifferentTypes()':\ntest_diagramitem.cpp:116:61: error: 'Process' is not a member of 'DiagramItem'\n  116 |     DiagramItem *processItem = new DiagramItem(DiagramItem::Process, contextMenu);\n      |                                                             ^~~~~~~\nIn file included from D:/Qt/6.10.1/mingw_64/include/QtTest/qtesteventloop.h:8,\n                 from D:/Qt/6.10.1/mingw_64/include/QtTest/qsignalspy.h:10,\n                 from D:/Qt/6.10.1/mingw_64/include/QtTest/QtTest:10,\n                 from test_diagramitem.cpp:1:\ntest_diagramitem.cpp:117:55: error: 'Process' is not a member of 'DiagramItem'\n  117 |     QCOMPARE(processItem->myDiagramType, DiagramItem::Process);\n      |                                                       ^~~~~~~\nD:/Qt/6.10.1/mingw_64/include/QtTest/qtestcase.h:90:34: note: in definition of macro 'QCOMPARE'\n   90 |     if (!QTest::qCompare(actual, expected, #actual, #expected, __FILE__, __LINE__))\\\n      |                                  ^~~~~~~~\ntest_diagramitem.cpp: In member function 'void TestDiagramItem::testPaintProcessType()':\ntest_diagramitem.cpp:361:40: error: 'Process' is not a member of 'DiagramItem'\n  361 |     item->myDiagramType = DiagramItem::Process;\n      |                                        ^~~~~~~\nmingw32-make: *** [Makefile.Debug:1958: debug/test_diagramitem.o] Error 1\n",
      "file": null,
      "line": null,
      "rule_id": null,
      "evidence": {}
    },
    {
      "category": "testgen",
      "severity": "warning",
      "title": "生成文件失败: tests/generated/tests.pro",
      "details": "Failed to obtain valid JSON after 3 attempts: JSON appears truncated (no closing bracket found). depth=2, partial content length=25172\nLast response preview: ```json\n{\n    \"schema\": \"qt_test\",\n    \"files\": [\n        {\n            \"name\": \"tests.pro\",\n            \"content\": \"QT += testlib widgets svg\\nTARGET = tst_diagramitem\\nCONFIG += console\\nCONFIG -= app_bundle\\nCONFIG += qtestlib\\nSOURCES += test_diagramitem.cpp \\\\\\n           ../../diagramitem.cpp \\\\\\n           ../../diagramtextitem.cpp \\\\\\n           ../../arrow.cpp \\\\\\n           ../../diagrampath.cpp\\nINCLUDEPATH += ../..\\nHEADERS += ../../diagramitem.h \\\\\\n           ../../diagramtextitem.h \\\\\\n           ../../arrow.h \\\\\\n           ../../diagrampath.h\\nDEFINES += SRCDIR=\\\\\\\"$$PWD/../..\\\\\\\"\"\n        },\n        {\n            \"name\": \"test_diagramitem.cpp\",\n            \"content\": \"#include <QtTest>\\n#include <QGraphicsScene>\\n#include <QPainter>\\n#include <QGraphicsSceneMouseEvent>\\n#include <QGraphicsSceneHoverEvent>\\n#include <QGraphicsSceneContextMenuEvent>\\n#include <QStyleOptionGraphicsItem>\\n#include <QImage>\\n#include <QMenu>\\n#include <QBrush>\\n#include <QPolygonF>\\n#include <QTransform>\\n#include <QGraphicsView>\\n#include <QGraphicsTextItem>\\n#include <QTextDocument>\\n#include <QFocusEvent>\\n#include <QKeyEvent>\\n#include <QApplication>\\n#include <QGraphicsScene>\\n#include <QGraphicsItem>\\n#include <QGraphicsLineItem>\\n#include <QGraphicsPathItem>\\n#include <QPainterPath>\\n#include <QJsonObject>\\n#include <QList>\\n#include <QMap>\\n#include <QSizeF>\\n#include <QRectF>\\n#include <QPointF>\\n#include <QColor>\\n#include <QPen>\\n#include <QBrush>\\n#include <QDebug>\\n\\n#define private public\\n#define protected public\\n#include \\\"diagramitem.h\\\"\\n#include \\\"arrow.h\\\"\\n#include \\\"diagramtextitem.h\\\"\\n#include \\\"diagrampath.h\\\"\\n#undef private\\n#undef protected\\n\\nclass TestDiagramItem : public QObject\\n{\\n    Q_OBJECT\\n\\nprivate slots:\\n    void initTestCase();\\n    void cleanupTestCase();\\n    void init();\\n    void cleanup();\\n    \\n    void testConstructor();\\n    void testConstructorWithDifferentTypes();\\n    void testBoundingRect();\\n    void testBoundingR",
      "file": null,
      "line": null,
      "rule_id": null,
      "evidence": {}
    },
    {
      "category": "testgen",
      "severity": "info",
      "title": "已生成 QtTest：2 个文件，共约 27 个用例",
      "details": "生成文件明细：\ntests/generated/test_diagramitem.cpp (27 cases)\ntests/generated/tests.pro (0 cases)",
      "file": null,
      "line": null,
      "rule_id": null,
      "evidence": {}
    },
    {
      "category": "tests",
      "severity": "error",
      "title": "测试命令执行失败",
      "details": "D:\\Qt\\6.10.1\\mingw_64\\bin\\moc.exe -DUNICODE -D_UNICODE -DWIN32 -DMINGW_HAS_SECURE_API=1 -DQT_WIDGETS_LIB -DQT_SVG_LIB -DQT_GUI_LIB -DQT_TESTLIB_LIB -DQT_CORE_LIB -DQT_NEEDS_QMAIN -DQT_TESTCASE_BUILDDIR=\"\\\"C:/Users/lenovo/Desktop/Diagramscene_ultima-syz/tests/generated\\\"\" --include C:/Users/lenovo/Desktop/Diagramscene_ultima-syz/tests/generated/debug/moc_predefs.h -ID:/Qt/6.10.1/mingw_64/mkspecs/win32-g++ -IC:/Users/lenovo/Desktop/Diagramscene_ultima-syz/tests/generated -IC:/Users/lenovo/Desktop/Diagramscene_ultima-syz -ID:/Qt/6.10.1/mingw_64/include -ID:/Qt/6.10.1/mingw_64/include/QtWidgets -ID:/Qt/6.10.1/mingw_64/include/QtSvg -ID:/Qt/6.10.1/mingw_64/include/QtGui -ID:/Qt/6.10.1/mingw_64/include/QtTest -ID:/Qt/6.10.1/mingw_64/include/QtCore -ID:/Qt/Tools/mingw1310_64/lib/gcc/x86_64-w64-mingw32/13.1.0/include/c++ -ID:/Qt/Tools/mingw1310_64/lib/gcc/x86_64-w64-mingw32/13.1.0/include/c++/x86_64-w64-mingw32 -ID:/Qt/Tools/mingw1310_64/lib/gcc/x86_64-w64-mingw32/13.1.0/include/c++/backward -ID:/Qt/Tools/mingw1310_64/lib/gcc/x86_64-w64-mingw32/13.1.0/include -ID:/Qt/Tools/mingw1310_64/lib/gcc/x86_64-w64-mingw32/13.1.0/include-fixed -ID:/Qt/Tools/mingw1310_64/x86_64-w64-mingw32/include test_diagramitem.cpp -o debug\\test_diagramitem.moc\ng++ -c -fno-keep-inline-dllexport --coverage -g -Wall -Wextra -Wextra -fexceptions -mthreads -DUNICODE -D_UNICODE -DWIN32 -DMINGW_HAS_SECURE_API=1 -DQT_WIDGETS_LIB -DQT_SVG_LIB -DQT_GUI_LIB -DQT_TESTLIB_LIB -DQT_CORE_LIB -DQT_NEEDS_QMAIN -DQT_TESTCASE_BUILDDIR=\"\\\"C:/Users/lenovo/Desktop/Diagramscene_ultima-syz/tests/generated\\\"\" -I. -I../.. -ID:/Qt/6.10.1/mingw_64/include -ID:/Qt/6.10.1/mingw_64/include/QtWidgets -ID:/Qt/6.10.1/mingw_64/include/QtSvg -ID:/Qt/6.10.1/mingw_64/include/QtGui -ID:/Qt/6.10.1/mingw_64/include/QtTest -ID:/Qt/6.10.1/mingw_64/include/QtCore -Idebug -I/include -ID:/Qt/6.10.1/mingw_64/mkspecs/win32-g++  -o debug\\test_diagramitem.o test_diagramitem.cpp\ng++ --coverage -Wl,-subsystem,console -mthreads -o debug\\tests.exe @debug\\object_script.tests.Debug D:\\Qt\\6.10.1\\mingw_64\\lib\\libQt6Widgets.a D:\\Qt\\6.10.1\\mingw_64\\lib\\libQt6Svg.a D:\\Qt\\6.10.1\\mingw_64\\lib\\libQt6Gui.a D:\\Qt\\6.10.1\\mingw_64\\lib\\libQt6Test.a D:\\Qt\\6.10.1\\mingw_64\\lib\\libQt6Core.a -lmingw32 D:\\Qt\\6.10.1\\mingw_64\\lib\\libQt6EntryPoint.a -lshell32  \n********* Start testing of TestDiagramItem *********\nConfig: Using QtTest library 6.10.1, Qt 6.10.1 (x86_64-little_endian-llp64 shared (dynamic) release build; by GCC 13.1.0), windows 11\nPASS   : TestDiagramItem::initTestCase()\nPASS   : TestDiagramItem::testConstructor()\nPASS   : TestDiagramItem::testConstructorWithDifferentTypes()\nPASS   : TestDiagramItem::testBoundingRect()\nFAIL!  : TestDiagramItem::testBoundingRectWithRotation() 'qAbs(rotatedRect.width() - originalRect.width()) < 0.001' returned FALSE. ()\ntest_diagramitem.cpp(139) : failure location\nPASS   : TestDiagramItem::testBoundingRectAfterSizeChange()\nPASS   : TestDiagramItem::testSetBrush()\nPASS   : TestDiagramItem::testSetFixedSize()\nPASS   : TestDiagramItem::testSetFixedSizeUpdatesBoundingRect()\nPASS   : TestDiagramItem::testRotationAngle()\nPASS   : TestDiagramItem::testRotationAffectsBoundingRect()\nPASS   : TestDiagramItem::testPaintStartEndType()\nPASS   : TestDiagramItem::testPaintConditionalType()\nPASS   : TestDiagramItem::testPaintWithDifferentColors()\nPASS   : TestDiagramItem::testPaintWithDifferentSizes()\nPASS   : TestDiagramItem::testPaintWithRotation()\nPASS   : TestDiagramItem::testMousePressEvent()\nPASS   : TestDiagramItem::testMouseReleaseEvent()\nPASS   : TestDiagramItem::testMouseMoveEvent()\nPASS   : TestDiagramItem::testHoverEnterEvent()\nPASS   : TestDiagramItem::testHoverLeaveEvent()\nPASS   : TestDiagramItem::testHoverMoveEvent()\nPASS   : TestDiagramItem::testContextMenuEvent()\nPASS   : TestDiagramItem::testTextItemInitialization()\nPASS   : TestDiagramItem::testTextItemPosition()\nPASS   : TestDiagramItem::testInitialFlags()\nPASS   : TestDiagramItem::testAcceptHoverEvents()\nPASS   : TestDiagramItem::testPrivateMembersAccess()\nPASS   : TestDiagramItem::cleanupTestCase()\nTotals: 28 passed, 1 failed, 0 skipped, 0 blacklisted, 31ms\n********* Finished testing of TestDiagramItem *********\n\n",
      "file": null,
      "line": null,
      "rule_id": null,
      "evidence": {}
    },
    {
      "category": "testgen",
      "severity": "warning",
      "title": "生成文件失败: tests/generated/test_diagramitem.cpp",
      "details": "Failed to obtain valid JSON after 3 attempts: JSON appears truncated (no closing bracket found). depth=2, partial content length=48607\nLast response preview: ```json\n{\n    \"schema\": \"qt_test_suite\",\n    \"files\": [\n        {\n            \"name\": \"tests/generated/test_diagramitem.cpp\",\n            \"content\": \"#include <QtTest>\\n#include <QGraphicsScene>\\n#include <QGraphicsView>\\n#include <QPainter>\\n#include <QStyleOptionGraphicsItem>\\n#include <QGraphicsSceneMouseEvent>\\n#include <QGraphicsSceneHoverEvent>\\n#include <QGraphicsSceneContextMenuEvent>\\n#include <QMenu>\\n#include <QImage>\\n#include <QTransform>\\n#include <QBrush>\\n#include <QColor>\\n#include <QPolygonF>\\n#include <QPainterPath>\\n#include <QGraphicsTextItem>\\n#include <QGraphicsPixmapItem>\\n#include <QList>\\n#include <QMap>\\n#include <QJsonObject>\\n#include <QGraphicsItem>\\n#include <QGraphicsScene>\\n\\n#define private public\\n#define protected public\\n#include \\\"diagramitem.h\\\"\\n#undef private\\n#undef protected\\n\\nclass TestDiagramItem : public QObject\\n{\\n    Q_OBJECT\\n\\nprivate slots:\\n    void initTestCase();\\n    void cleanupTestCase();\\n    void init();\\n    void cleanup();\\n    \\n    void testConstructor();\\n    void testConstructorWithDifferentTypes();\\n    void testBoundingRect();\\n    void testBoundingRectWithRotation();\\n    void testBoundingRectAfterSizeChange();\\n    void testSetBrush();\\n    void testSetFixedSize();\\n    void testSetFixedSizeUpdatesBoundingRect();\\n    void testRotationAngle();\\n    void testRotationAffectsBoundingRect();\\n    void testPaintStartEndType();\\n    void testPaintConditionalType();\\n    void testPaintStepType();\\n    void testPaintCircularType();\\n    void testPaintDocumentType();\\n    void testPaintPredefinedProcessType();\\n    void testPaintStoredDataType();\\n    void testPaintWithDifferentColors();\\n    void testPaintWithDifferentSizes();\\n    void testPaintWithRotation();\\n    void testMousePressEvent();\\n    void testMouseReleaseEvent();\\n    void testMouseMoveEvent();\\n    void testHoverMoveEvent();\\n    void testContextMenuEvent();\\n    void testTextItemInitialization();\\n    void testTextItemPosition();\\n    vo",
      "file": null,
      "line": null,
      "rule_id": null,
      "evidence": {}
    },
    {
      "category": "testgen",
      "severity": "warning",
      "title": "生成文件失败: tests/generated/tests.pro",
      "details": "Failed to obtain valid JSON after 3 attempts: JSON appears truncated (no closing bracket found). depth=2, partial content length=25404\nLast response preview: ```json\n{\n    \"schema\": \"qt_test\",\n    \"files\": [\n        {\n            \"name\": \"tests.pro\",\n            \"content\": \"QT += testlib widgets svg\\nTEMPLATE = app\\nTARGET = test_diagramitem\\nCONFIG += console testcase\\nINCLUDEPATH += ..\\nSOURCES += test_diagramitem.cpp \\\\\\n           ../diagramitem.cpp \\\\\\n           ../diagramtextitem.cpp \\\\\\n           ../arrow.cpp \\\\\\n           ../diagrampath.cpp\\nHEADERS += ../diagramitem.h \\\\\\n           ../diagramtextitem.h \\\\\\n           ../arrow.h \\\\\\n           ../diagrampath.h\\nDEFINES += SRCDIR=\\\\\\\"$$PWD/..\\\\\\\"\"\n        },\n        {\n            \"name\": \"test_diagramitem.cpp\",\n            \"content\": \"#include <QtTest>\\n#include <QGraphicsScene>\\n#include <QGraphicsView>\\n#include <QPainter>\\n#include <QStyleOptionGraphicsItem>\\n#include <QGraphicsSceneMouseEvent>\\n#include <QGraphicsSceneHoverEvent>\\n#include <QGraphicsSceneContextMenuEvent>\\n#include <QMenu>\\n#include <QImage>\\n#include <QTransform>\\n#include <QBrush>\\n#include <QPolygonF>\\n#include <QGraphicsTextItem>\\n#include <QGraphicsItem>\\n#include <QColor>\\n#include <QSizeF>\\n#include <QRectF>\\n#include <QPointF>\\n#include <QList>\\n#include <QMap>\\n#include <QJsonObject>\\n#include <QGraphicsPixmapItem>\\n#include <QGraphicsLineItem>\\n#include <QGraphicsPathItem>\\n#include <QPainterPath>\\n#include <QTextDocument>\\n#include <QFocusEvent>\\n\\n#define private public\\n#define protected public\\n#include \\\"../diagramitem.h\\\"\\n#include \\\"../diagramtextitem.h\\\"\\n#include \\\"../arrow.h\\\"\\n#include \\\"../diagrampath.h\\\"\\n#undef private\\n#undef protected\\n\\nclass TestDiagramItem : public QObject\\n{\\n    Q_OBJECT\\n\\nprivate slots:\\n    void initTestCase();\\n    void cleanupTestCase();\\n    void init();\\n    void cleanup();\\n    \\n    void testConstructor();\\n    void testConstructorWithDifferentTypes();\\n    void testBoundingRect();\\n    void testBoundingRectWithRotation();\\n    void testBoundingRectAfterSizeChange();\\n    void testSetBrush();\\n    void testSetFixedSize();\\n    void t",
      "file": null,
      "line": null,
      "rule_id": null,
      "evidence": {}
    },
    {
      "category": "testgen",
      "severity": "info",
      "title": "已生成 QtTest：2 个文件，共约 28 个用例",
      "details": "生成文件明细：\ntests/generated/test_diagramitem.cpp (28 cases)\ntests/generated/tests.pro (0 cases)",
      "file": null,
      "line": null,
      "rule_id": null,
      "evidence": {}
    },
    {
      "category": "tests",
      "severity": "error",
      "title": "测试命令执行失败",
      "details": "D:\\Qt\\6.10.1\\mingw_64\\bin\\moc.exe -DUNICODE -D_UNICODE -DWIN32 -DMINGW_HAS_SECURE_API=1 -DQT_WIDGETS_LIB -DQT_SVG_LIB -DQT_GUI_LIB -DQT_TESTLIB_LIB -DQT_CORE_LIB -DQT_NEEDS_QMAIN -DQT_TESTCASE_BUILDDIR=\"\\\"C:/Users/lenovo/Desktop/Diagramscene_ultima-syz/tests/generated\\\"\" --include C:/Users/lenovo/Desktop/Diagramscene_ultima-syz/tests/generated/debug/moc_predefs.h -ID:/Qt/6.10.1/mingw_64/mkspecs/win32-g++ -IC:/Users/lenovo/Desktop/Diagramscene_ultima-syz/tests/generated -IC:/Users/lenovo/Desktop/Diagramscene_ultima-syz -ID:/Qt/6.10.1/mingw_64/include -ID:/Qt/6.10.1/mingw_64/include/QtWidgets -ID:/Qt/6.10.1/mingw_64/include/QtSvg -ID:/Qt/6.10.1/mingw_64/include/QtGui -ID:/Qt/6.10.1/mingw_64/include/QtTest -ID:/Qt/6.10.1/mingw_64/include/QtCore -ID:/Qt/Tools/mingw1310_64/lib/gcc/x86_64-w64-mingw32/13.1.0/include/c++ -ID:/Qt/Tools/mingw1310_64/lib/gcc/x86_64-w64-mingw32/13.1.0/include/c++/x86_64-w64-mingw32 -ID:/Qt/Tools/mingw1310_64/lib/gcc/x86_64-w64-mingw32/13.1.0/include/c++/backward -ID:/Qt/Tools/mingw1310_64/lib/gcc/x86_64-w64-mingw32/13.1.0/include -ID:/Qt/Tools/mingw1310_64/lib/gcc/x86_64-w64-mingw32/13.1.0/include-fixed -ID:/Qt/Tools/mingw1310_64/x86_64-w64-mingw32/include test_diagramitem.cpp -o debug\\test_diagramitem.moc\ng++ -c -fno-keep-inline-dllexport --coverage -g -Wall -Wextra -Wextra -fexceptions -mthreads -DUNICODE -D_UNICODE -DWIN32 -DMINGW_HAS_SECURE_API=1 -DQT_WIDGETS_LIB -DQT_SVG_LIB -DQT_GUI_LIB -DQT_TESTLIB_LIB -DQT_CORE_LIB -DQT_NEEDS_QMAIN -DQT_TESTCASE_BUILDDIR=\"\\\"C:/Users/lenovo/Desktop/Diagramscene_ultima-syz/tests/generated\\\"\" -I. -I../.. -ID:/Qt/6.10.1/mingw_64/include -ID:/Qt/6.10.1/mingw_64/include/QtWidgets -ID:/Qt/6.10.1/mingw_64/include/QtSvg -ID:/Qt/6.10.1/mingw_64/include/QtGui -ID:/Qt/6.10.1/mingw_64/include/QtTest -ID:/Qt/6.10.1/mingw_64/include/QtCore -Idebug -I/include -ID:/Qt/6.10.1/mingw_64/mkspecs/win32-g++  -o debug\\test_diagramitem.o test_diagramitem.cpp\ng++ --coverage -Wl,-subsystem,console -mthreads -o debug\\tests.exe @debug\\object_script.tests.Debug D:\\Qt\\6.10.1\\mingw_64\\lib\\libQt6Widgets.a D:\\Qt\\6.10.1\\mingw_64\\lib\\libQt6Svg.a D:\\Qt\\6.10.1\\mingw_64\\lib\\libQt6Gui.a D:\\Qt\\6.10.1\\mingw_64\\lib\\libQt6Test.a D:\\Qt\\6.10.1\\mingw_64\\lib\\libQt6Core.a -lmingw32 D:\\Qt\\6.10.1\\mingw_64\\lib\\libQt6EntryPoint.a -lshell32  \n********* Start testing of TestDiagramItem *********\nConfig: Using QtTest library 6.10.1, Qt 6.10.1 (x86_64-little_endian-llp64 shared (dynamic) release build; by GCC 13.1.0), windows 11\nPASS   : TestDiagramItem::initTestCase()\nPASS   : TestDiagramItem::testConstructor()\nPASS   : TestDiagramItem::testConstructorWithDifferentTypes()\nPASS   : TestDiagramItem::testBoundingRect()\nPASS   : TestDiagramItem::testBoundingRectWithRotation()\nPASS   : TestDiagramItem::testBoundingRectAfterSizeChange()\nPASS   : TestDiagramItem::testSetBrush()\nPASS   : TestDiagramItem::testSetFixedSize()\nPASS   : TestDiagramItem::testSetFixedSizeUpdatesBoundingRect()\nPASS   : TestDiagramItem::testRotationAngle()\nPASS   : TestDiagramItem::testRotationAngleAffectsBoundingRect()\nPASS   : TestDiagramItem::testMousePressEvent()\nPASS   : TestDiagramItem::testMouseReleaseEvent()\nPASS   : TestDiagramItem::testMouseMoveEvent()\nPASS   : TestDiagramItem::testHoverEnterEvent()\nPASS   : TestDiagramItem::testHoverLeaveEvent()\nPASS   : TestDiagramItem::testHoverMoveEvent()\nPASS   : TestDiagramItem::testContextMenuEvent()\nPASS   : TestDiagramItem::testPaintStartEndType()\nPASS   : TestDiagramItem::testPaintConditionalType()\nPASS   : TestDiagramItem::testPaintWithDifferentColors()\nPASS   : TestDiagramItem::testPaintWithDifferentSizes()\nPASS   : TestDiagramItem::testPaintWithRotation()\nPASS   : TestDiagramItem::testTextItemInitialization()\nPASS   : TestDiagramItem::testTextItemPosition()\nFAIL!  : TestDiagramItem::testTextItemAfterSizeChange() 'newPos != originalPos' returned FALSE. ()\ntest_diagramitem.cpp(374) : failure location\nPASS   : TestDiagramItem::testItemFlags()\nPASS   : TestDiagramItem::testAcceptHoverEvents()\nPASS   : TestDiagramItem::testPrivateMembersAccess()\nPASS   : TestDiagramItem::cleanupTestCase()\nTotals: 29 passed, 1 failed, 0 skipped, 0 blacklisted, 85ms\n********* Finished testing of TestDiagramItem *********\n\n",
      "file": null,
      "line": null,
      "rule_id": null,
      "evidence": {}
    },
    {
      "category": "testgen",
      "severity": "warning",
      "title": "生成文件失败: tests/generated/test_diagramitem.cpp",
      "details": "Failed to obtain valid JSON after 3 attempts: JSON appears truncated (no closing bracket found). depth=2, partial content length=33858\nLast response preview: ```json\n{\n    \"schema\": \"qt_test\",\n    \"files\": [\n        {\n            \"name\": \"tests/generated/test_diagramitem.cpp\",\n            \"content\": \"#include <QtTest>\\n#include <QPainter>\\n#include <QGraphicsScene>\\n#include <QGraphicsSceneMouseEvent>\\n#include <QGraphicsSceneHoverEvent>\\n#include <QGraphicsSceneContextMenuEvent>\\n#include <QStyleOptionGraphicsItem>\\n#include <QImage>\\n#include <QMenu>\\n#include <QBrush>\\n#include <QPolygonF>\\n#include <QGraphicsTextItem>\\n#include <QGraphicsView>\\n#include <QTransform>\\n#include <QDebug>\\n#include <QGraphicsLineItem>\\n#include <QGraphicsPathItem>\\n#include <QApplication>\\n\\n#define private public\\n#define protected public\\n#include \\\"diagramitem.h\\\"\\n#include \\\"arrow.h\\\"\\n#include \\\"diagrampath.h\\\"\\n#include \\\"diagramtextitem.h\\\"\\n#undef private\\n#undef protected\\n\\nclass TestDiagramItem : public QObject\\n{\\n    Q_OBJECT\\n\\nprivate slots:\\n    void initTestCase();\\n    void cleanupTestCase();\\n    void init();\\n    void cleanup();\\n    \\n    void testConstructor();\\n    void testConstructorWithDifferentTypes();\\n    void testBoundingRect();\\n    void testBoundingRectWithRotation();\\n    void testBoundingRectAfterSizeChange();\\n    void testSetBrush();\\n    void testSetFixedSize();\\n    void testSetFixedSizeUpdatesBoundingRect();\\n    void testRotationAngle();\\n    void testRotationAngleAffectsBoundingRect();\\n    void testMousePressEvent();\\n    void testMouseReleaseEvent();\\n    void testMouseMoveEvent();\\n    void testHoverEnterEvent();\\n    void testHoverLeaveEvent();\\n    void testHoverMoveEvent();\\n    void testContextMenuEvent();\\n    void testPaintStartEndType();\\n    void testPaintConditionalType();\\n    void testPaintWithDifferentColors();\\n    void testPaintWithDifferentSizes();\\n    void testPaintWithRotation();\\n    void testTextItemInitialization();\\n    void testTextItemPosition();\\n    void testTextItemAfterSizeChange();\\n    void testItemFlags();\\n    void testAcceptHoverEvents();\\n    void testPrivateMe",
      "file": null,
      "line": null,
      "rule_id": null,
      "evidence": {}
    },
    {
      "category": "testgen",
      "severity": "info",
      "title": "已生成 QtTest：2 个文件，共约 27 个用例",
      "details": "生成文件明细：\ntests/generated/test_diagramitem.cpp (27 cases)\ntests/generated/tests.pro (0 cases)",
      "file": null,
      "line": null,
      "rule_id": null,
      "evidence": {}
    },
    {
      "category": "tests",
      "severity": "error",
      "title": "测试命令执行失败",
      "details": "D:\\Qt\\6.10.1\\mingw_64\\bin\\moc.exe -DUNICODE -D_UNICODE -DWIN32 -DMINGW_HAS_SECURE_API=1 -DQT_WIDGETS_LIB -DQT_SVG_LIB -DQT_GUI_LIB -DQT_TESTLIB_LIB -DQT_CORE_LIB -DQT_NEEDS_QMAIN -DQT_TESTCASE_BUILDDIR=\"\\\"C:/Users/lenovo/Desktop/Diagramscene_ultima-syz/tests/generated\\\"\" --include C:/Users/lenovo/Desktop/Diagramscene_ultima-syz/tests/generated/debug/moc_predefs.h -ID:/Qt/6.10.1/mingw_64/mkspecs/win32-g++ -IC:/Users/lenovo/Desktop/Diagramscene_ultima-syz/tests/generated -IC:/Users/lenovo/Desktop/Diagramscene_ultima-syz -ID:/Qt/6.10.1/mingw_64/include -ID:/Qt/6.10.1/mingw_64/include/QtWidgets -ID:/Qt/6.10.1/mingw_64/include/QtSvg -ID:/Qt/6.10.1/mingw_64/include/QtGui -ID:/Qt/6.10.1/mingw_64/include/QtTest -ID:/Qt/6.10.1/mingw_64/include/QtCore -ID:/Qt/Tools/mingw1310_64/lib/gcc/x86_64-w64-mingw32/13.1.0/include/c++ -ID:/Qt/Tools/mingw1310_64/lib/gcc/x86_64-w64-mingw32/13.1.0/include/c++/x86_64-w64-mingw32 -ID:/Qt/Tools/mingw1310_64/lib/gcc/x86_64-w64-mingw32/13.1.0/include/c++/backward -ID:/Qt/Tools/mingw1310_64/lib/gcc/x86_64-w64-mingw32/13.1.0/include -ID:/Qt/Tools/mingw1310_64/lib/gcc/x86_64-w64-mingw32/13.1.0/include-fixed -ID:/Qt/Tools/mingw1310_64/x86_64-w64-mingw32/include test_diagramitem.cpp -o debug\\test_diagramitem.moc\ng++ -c -fno-keep-inline-dllexport --coverage -g -Wall -Wextra -Wextra -fexceptions -mthreads -DUNICODE -D_UNICODE -DWIN32 -DMINGW_HAS_SECURE_API=1 -DQT_WIDGETS_LIB -DQT_SVG_LIB -DQT_GUI_LIB -DQT_TESTLIB_LIB -DQT_CORE_LIB -DQT_NEEDS_QMAIN -DQT_TESTCASE_BUILDDIR=\"\\\"C:/Users/lenovo/Desktop/Diagramscene_ultima-syz/tests/generated\\\"\" -I. -I../.. -ID:/Qt/6.10.1/mingw_64/include -ID:/Qt/6.10.1/mingw_64/include/QtWidgets -ID:/Qt/6.10.1/mingw_64/include/QtSvg -ID:/Qt/6.10.1/mingw_64/include/QtGui -ID:/Qt/6.10.1/mingw_64/include/QtTest -ID:/Qt/6.10.1/mingw_64/include/QtCore -Idebug -I/include -ID:/Qt/6.10.1/mingw_64/mkspecs/win32-g++  -o debug\\test_diagramitem.o test_diagramitem.cpp\ng++ --coverage -Wl,-subsystem,console -mthreads -o debug\\tests.exe @debug\\object_script.tests.Debug D:\\Qt\\6.10.1\\mingw_64\\lib\\libQt6Widgets.a D:\\Qt\\6.10.1\\mingw_64\\lib\\libQt6Svg.a D:\\Qt\\6.10.1\\mingw_64\\lib\\libQt6Gui.a D:\\Qt\\6.10.1\\mingw_64\\lib\\libQt6Test.a D:\\Qt\\6.10.1\\mingw_64\\lib\\libQt6Core.a -lmingw32 D:\\Qt\\6.10.1\\mingw_64\\lib\\libQt6EntryPoint.a -lshell32  \n********* Start testing of TestDiagramItem *********\nConfig: Using QtTest library 6.10.1, Qt 6.10.1 (x86_64-little_endian-llp64 shared (dynamic) release build; by GCC 13.1.0), windows 11\nPASS   : TestDiagramItem::initTestCase()\nPASS   : TestDiagramItem::testConstructor()\nPASS   : TestDiagramItem::testDiagramType()\nPASS   : TestDiagramItem::testRotationAngle()\nPASS   : TestDiagramItem::testBorder()\nPASS   : TestDiagramItem::testGrapSize()\nPASS   : TestDiagramItem::testMinSize()\nPASS   : TestDiagramItem::testColor()\nPASS   : TestDiagramItem::testBoundingRect()\nPASS   : TestDiagramItem::testBoundingRectWithRotation()\nPASS   : TestDiagramItem::testSetBrush()\nPASS   : TestDiagramItem::testSetFixedSize()\nFAIL!  : TestDiagramItem::testPaintStartEnd() 'hasContent' returned FALSE. ()\ntest_diagramitem.cpp(252) : failure location\nFAIL!  : TestDiagramItem::testPaintConditional() 'hasContent' returned FALSE. ()\ntest_diagramitem.cpp(278) : failure location\nFAIL!  : TestDiagramItem::testPaintStep() 'hasContent' returned FALSE. ()\ntest_diagramitem.cpp(303) : failure location\nFAIL!  : TestDiagramItem::testPaintIo() 'hasContent' returned FALSE. ()\ntest_diagramitem.cpp(329) : failure location\nPASS   : TestDiagramItem::testMousePressEvent()\nPASS   : TestDiagramItem::testMouseReleaseEvent()\nPASS   : TestDiagramItem::testMouseMoveEvent()\nPASS   : TestDiagramItem::testHoverEnterEvent()\nPASS   : TestDiagramItem::testHoverLeaveEvent()\nPASS   : TestDiagramItem::testHoverMoveEvent()\n\n",
      "file": null,
      "line": null,
      "rule_id": null,
      "evidence": {}
    },
    {
      "category": "testgen",
      "severity": "info",
      "title": "已生成 QtTest：2 个文件，共约 29 个用例",
      "details": "生成文件明细：\ntests/generated/test_diagramitem.cpp (29 cases)\ntests/generated/tests.pro (0 cases)",
      "file": null,
      "line": null,
      "rule_id": null,
      "evidence": {}
    },
    {
      "category": "tests",
      "severity": "error",
      "title": "测试命令执行失败",
      "details": "D:\\Qt\\6.10.1\\mingw_64\\bin\\moc.exe -DUNICODE -D_UNICODE -DWIN32 -DMINGW_HAS_SECURE_API=1 -DQT_WIDGETS_LIB -DQT_SVG_LIB -DQT_GUI_LIB -DQT_TESTLIB_LIB -DQT_CORE_LIB -DQT_NEEDS_QMAIN -DQT_TESTCASE_BUILDDIR=\"\\\"C:/Users/lenovo/Desktop/Diagramscene_ultima-syz/tests/generated\\\"\" --include C:/Users/lenovo/Desktop/Diagramscene_ultima-syz/tests/generated/debug/moc_predefs.h -ID:/Qt/6.10.1/mingw_64/mkspecs/win32-g++ -IC:/Users/lenovo/Desktop/Diagramscene_ultima-syz/tests/generated -IC:/Users/lenovo/Desktop/Diagramscene_ultima-syz -ID:/Qt/6.10.1/mingw_64/include -ID:/Qt/6.10.1/mingw_64/include/QtWidgets -ID:/Qt/6.10.1/mingw_64/include/QtSvg -ID:/Qt/6.10.1/mingw_64/include/QtGui -ID:/Qt/6.10.1/mingw_64/include/QtTest -ID:/Qt/6.10.1/mingw_64/include/QtCore -ID:/Qt/Tools/mingw1310_64/lib/gcc/x86_64-w64-mingw32/13.1.0/include/c++ -ID:/Qt/Tools/mingw1310_64/lib/gcc/x86_64-w64-mingw32/13.1.0/include/c++/x86_64-w64-mingw32 -ID:/Qt/Tools/mingw1310_64/lib/gcc/x86_64-w64-mingw32/13.1.0/include/c++/backward -ID:/Qt/Tools/mingw1310_64/lib/gcc/x86_64-w64-mingw32/13.1.0/include -ID:/Qt/Tools/mingw1310_64/lib/gcc/x86_64-w64-mingw32/13.1.0/include-fixed -ID:/Qt/Tools/mingw1310_64/x86_64-w64-mingw32/include test_diagramitem.cpp -o debug\\test_diagramitem.moc\ng++ -c -fno-keep-inline-dllexport --coverage -g -Wall -Wextra -Wextra -fexceptions -mthreads -DUNICODE -D_UNICODE -DWIN32 -DMINGW_HAS_SECURE_API=1 -DQT_WIDGETS_LIB -DQT_SVG_LIB -DQT_GUI_LIB -DQT_TESTLIB_LIB -DQT_CORE_LIB -DQT_NEEDS_QMAIN -DQT_TESTCASE_BUILDDIR=\"\\\"C:/Users/lenovo/Desktop/Diagramscene_ultima-syz/tests/generated\\\"\" -I. -I../.. -ID:/Qt/6.10.1/mingw_64/include -ID:/Qt/6.10.1/mingw_64/include/QtWidgets -ID:/Qt/6.10.1/mingw_64/include/QtSvg -ID:/Qt/6.10.1/mingw_64/include/QtGui -ID:/Qt/6.10.1/mingw_64/include/QtTest -ID:/Qt/6.10.1/mingw_64/include/QtCore -Idebug -I/include -ID:/Qt/6.10.1/mingw_64/mkspecs/win32-g++  -o debug\\test_diagramitem.o test_diagramitem.cpp\n\ntest_diagramitem.cpp: In member function 'void TestDiagramItem::init()':\ntest_diagramitem.cpp:96:41: error: 'Process' is not a member of 'DiagramItem'\n   96 |     item = new DiagramItem(DiagramItem::Process, contextMenu);\n      |                                         ^~~~~~~\nIn file included from D:/Qt/6.10.1/mingw_64/include/QtTest/qtesteventloop.h:8,\n                 from D:/Qt/6.10.1/mingw_64/include/QtTest/qsignalspy.h:10,\n                 from D:/Qt/6.10.1/mingw_64/include/QtTest/QtTest:10,\n                 from test_diagramitem.cpp:1:\ntest_diagramitem.cpp: In member function 'void TestDiagramItem::testConstructor()':\ntest_diagramitem.cpp:109:48: error: 'Process' is not a member of 'DiagramItem'\n  109 |     QCOMPARE(item->myDiagramType, DiagramItem::Process);\n      |                                                ^~~~~~~\nD:/Qt/6.10.1/mingw_64/include/QtTest/qtestcase.h:90:34: note: in definition of macro 'QCOMPARE'\n   90 |     if (!QTest::qCompare(actual, expected, #actual, #expected, __FILE__, __LINE__))\\\n      |                                  ^~~~~~~~\ntest_diagramitem.cpp: In member function 'void TestDiagramItem::testPrivateMembersAccess()':\ntest_diagramitem.cpp:460:49: error: 'Process' is not a member of 'DiagramItem'\n  460 |     QVERIFY(item->myDiagramType == DiagramItem::Process);\n      |                                                 ^~~~~~~\nD:/Qt/6.10.1/mingw_64/include/QtTest/qtestcase.h:67:43: note: in definition of macro 'QVERIFY'\n   67 |     if (!QTest::qVerify(static_cast<bool>(statement), #statement, \"\", __FILE__, __LINE__))\\\n      |                                           ^~~~~~~~~\nmingw32-make: *** [Makefile.Debug:1968: debug/test_diagramitem.o] Error 1\n",
      "file": null,
      "line": null,
      "rule_id": null,
      "evidence": {}
    },
    {
      "category": "coverage",
      "severity": "info",
      "title": "覆盖率汇总：lines 0.0% | branches 0.0% | functions 0.0%",
      "details": "（来自覆盖率命令输出解析）",
      "file": null,
      "line": null,
      "rule_id": null,
      "evidence": {}
    }
  ]
}