{
  "stage": "single_file_loop",
  "project_root": "C:\\Users\\lenovo\\Desktop\\Diagramscene_ultima-syz",
  "created_at": "20251226_184347",
  "meta": {
    "mode": "single_file_loop",
    "retries": 3
  },
  "findings": [
    {
      "category": "testgen",
      "severity": "info",
      "title": "已生成 QtTest：2 个文件，共约 4 个用例",
      "details": "生成文件明细：\ntests/generated/test_arrow.cpp (4 cases)\ntests/generated/tests.pro (0 cases)",
      "file": null,
      "line": null,
      "rule_id": null,
      "evidence": {}
    },
    {
      "category": "tests",
      "severity": "error",
      "title": "测试命令执行失败",
      "details": "mingw32-make -f Makefile.Release clean\nmingw32-make[1]: Entering directory 'C:/Users/lenovo/Desktop/Diagramscene_ultima-syz/tests/generated'\ndel release\\moc_predefs.h\ndel release\\test_arrow.moc\ndel release\\test_arrow.o\nmingw32-make[1]: Leaving directory 'C:/Users/lenovo/Desktop/Diagramscene_ultima-syz/tests/generated'\nmingw32-make -f Makefile.Debug clean\nmingw32-make[1]: Entering directory 'C:/Users/lenovo/Desktop/Diagramscene_ultima-syz/tests/generated'\ndel debug\\moc_predefs.h\ndel debug\\test_arrow.moc\ndel debug\\test_arrow.o\nmingw32-make[1]: Leaving directory 'C:/Users/lenovo/Desktop/Diagramscene_ultima-syz/tests/generated'\ng++ -fno-keep-inline-dllexport -g -Wall -Wextra -Wextra -dM -E -o debug\\moc_predefs.h D:\\Qt\\6.10.1\\mingw_64\\mkspecs\\features\\data\\dummy.cpp\nD:\\Qt\\6.10.1\\mingw_64\\bin\\moc.exe -DUNICODE -D_UNICODE -DWIN32 -DMINGW_HAS_SECURE_API=1 -DQT_WIDGETS_LIB -DQT_SVG_LIB -DQT_GUI_LIB -DQT_TESTLIB_LIB -DQT_CORE_LIB -DQT_NEEDS_QMAIN -DQT_TESTCASE_BUILDDIR=\"\\\"C:/Users/lenovo/Desktop/Diagramscene_ultima-syz/tests/generated\\\"\" --include C:/Users/lenovo/Desktop/Diagramscene_ultima-syz/tests/generated/debug/moc_predefs.h -ID:/Qt/6.10.1/mingw_64/mkspecs/win32-g++ -IC:/Users/lenovo/Desktop/Diagramscene_ultima-syz/tests/generated -ID:/Qt/6.10.1/mingw_64/include -ID:/Qt/6.10.1/mingw_64/include/QtWidgets -ID:/Qt/6.10.1/mingw_64/include/QtSvg -ID:/Qt/6.10.1/mingw_64/include/QtGui -ID:/Qt/6.10.1/mingw_64/include/QtTest -ID:/Qt/6.10.1/mingw_64/include/QtCore -ID:/Qt/Tools/mingw1310_64/lib/gcc/x86_64-w64-mingw32/13.1.0/include/c++ -ID:/Qt/Tools/mingw1310_64/lib/gcc/x86_64-w64-mingw32/13.1.0/include/c++/x86_64-w64-mingw32 -ID:/Qt/Tools/mingw1310_64/lib/gcc/x86_64-w64-mingw32/13.1.0/include/c++/backward -ID:/Qt/Tools/mingw1310_64/lib/gcc/x86_64-w64-mingw32/13.1.0/include -ID:/Qt/Tools/mingw1310_64/lib/gcc/x86_64-w64-mingw32/13.1.0/include-fixed -ID:/Qt/Tools/mingw1310_64/x86_64-w64-mingw32/include test_arrow.cpp -o debug\\test_arrow.moc\ng++ -c -fno-keep-inline-dllexport -g -Wall -Wextra -Wextra -fexceptions -mthreads -DUNICODE -D_UNICODE -DWIN32 -DMINGW_HAS_SECURE_API=1 -DQT_WIDGETS_LIB -DQT_SVG_LIB -DQT_GUI_LIB -DQT_TESTLIB_LIB -DQT_CORE_LIB -DQT_NEEDS_QMAIN -DQT_TESTCASE_BUILDDIR=\"\\\"C:/Users/lenovo/Desktop/Diagramscene_ultima-syz/tests/generated\\\"\" -I. -ID:/Qt/6.10.1/mingw_64/include -ID:/Qt/6.10.1/mingw_64/include/QtWidgets -ID:/Qt/6.10.1/mingw_64/include/QtSvg -ID:/Qt/6.10.1/mingw_64/include/QtGui -ID:/Qt/6.10.1/mingw_64/include/QtTest -ID:/Qt/6.10.1/mingw_64/include/QtCore -Idebug -I/include -ID:/Qt/6.10.1/mingw_64/mkspecs/win32-g++  -o debug\\test_arrow.o test_arrow.cpp\ng++ -Wl,-subsystem,console -mthreads -o debug\\tests.exe debug/test_arrow.o D:\\Qt\\6.10.1\\mingw_64\\lib\\libQt6Widgets.a D:\\Qt\\6.10.1\\mingw_64\\lib\\libQt6Svg.a D:\\Qt\\6.10.1\\mingw_64\\lib\\libQt6Gui.a D:\\Qt\\6.10.1\\mingw_64\\lib\\libQt6Test.a D:\\Qt\\6.10.1\\mingw_64\\lib\\libQt6Core.a -lmingw32 D:\\Qt\\6.10.1\\mingw_64\\lib\\libQt6EntryPoint.a -lshell32  \n\n找不到 C:\\Users\\lenovo\\Desktop\\Diagramscene_ultima-syz\\tests\\generated\\release\\moc_predefs.h\n找不到 C:\\Users\\lenovo\\Desktop\\Diagramscene_ultima-syz\\tests\\generated\\release\\test_arrow.moc\n找不到 C:\\Users\\lenovo\\Desktop\\Diagramscene_ultima-syz\\tests\\generated\\release\\test_arrow.o\n找不到 C:\\Users\\lenovo\\Desktop\\Diagramscene_ultima-syz\\tests\\generated\\debug\\moc_predefs.h\n找不到 C:\\Users\\lenovo\\Desktop\\Diagramscene_ultima-syz\\tests\\generated\\debug\\test_arrow.moc\n找不到 C:\\Users\\lenovo\\Desktop\\Diagramscene_ultima-syz\\tests\\generated\\debug\\test_arrow.o\nD:/Qt/Tools/mingw1310_64/bin/../lib/gcc/x86_64-w64-mingw32/13.1.0/../../../../x86_64-w64-mingw32/bin/ld.exe: debug/test_arrow.o: in function `TestArrow::initTestCase()':\nC:\\Users\\lenovo\\Desktop\\Diagramscene_ultima-syz\\tests\\generated/test_arrow.cpp:31: undefined reference to `DiagramItem::DiagramItem(DiagramItem::DiagramType, QMenu*, QGraphicsItem*)'\nD:/Qt/Tools/mingw1310_64/bin/../lib/gcc/x86_64-w64-mingw32/13.1.0/../../../../x86_64-w64-mingw32/bin/ld.exe: C:\\Users\\lenovo\\Desktop\\Diagramscene_ultima-syz\\tests\\generated/test_arrow.cpp:32: undefined reference to `DiagramItem::DiagramItem(DiagramItem::DiagramType, QMenu*, QGraphicsItem*)'\nD:/Qt/Tools/mingw1310_64/bin/../lib/gcc/x86_64-w64-mingw32/13.1.0/../../../../x86_64-w64-mingw32/bin/ld.exe: C:\\Users\\lenovo\\Desktop\\Diagramscene_ultima-syz\\tests\\generated/test_arrow.cpp:35: undefined reference to `Arrow::Arrow(DiagramItem*, DiagramItem*, QGraphicsItem*)'\nD:/Qt/Tools/mingw1310_64/bin/../lib/gcc/x86_64-w64-mingw32/13.1.0/../../../../x86_64-w64-mingw32/bin/ld.exe: debug/test_arrow.o: in function `TestArrow::testUpdatePosition()':\nC:\\Users\\lenovo\\Desktop\\Diagramscene_ultima-syz\\tests\\generated/test_arrow.cpp:69: undefined reference to `Arrow::updatePosition()'\ncollect2.exe: error: ld returned 1 exit status\nmingw32-make: *** [Makefile.Debug:68: debug/tests.exe] Error 1\n",
      "file": null,
      "line": null,
      "rule_id": null,
      "evidence": {}
    },
    {
      "category": "testgen",
      "severity": "info",
      "title": "已生成 QtTest：2 个文件，共约 5 个用例",
      "details": "生成文件明细：\ntests/generated/test_arrow.cpp (5 cases)\ntests/generated/tests.pro (0 cases)",
      "file": null,
      "line": null,
      "rule_id": null,
      "evidence": {}
    },
    {
      "category": "tests",
      "severity": "error",
      "title": "测试命令执行失败",
      "details": "mingw32-make -f Makefile.Release clean\nmingw32-make[1]: Entering directory 'C:/Users/lenovo/Desktop/Diagramscene_ultima-syz/tests/generated'\ndel release\\moc_predefs.h\ndel release\\test_arrow.moc\ndel release\\test_arrow.o\nmingw32-make[1]: Leaving directory 'C:/Users/lenovo/Desktop/Diagramscene_ultima-syz/tests/generated'\nmingw32-make -f Makefile.Debug clean\nmingw32-make[1]: Entering directory 'C:/Users/lenovo/Desktop/Diagramscene_ultima-syz/tests/generated'\ndel debug\\moc_predefs.h\ndel debug\\test_arrow.moc\ndel debug\\test_arrow.o\nmingw32-make[1]: Leaving directory 'C:/Users/lenovo/Desktop/Diagramscene_ultima-syz/tests/generated'\ng++ -fno-keep-inline-dllexport -g -Wall -Wextra -Wextra -dM -E -o debug\\moc_predefs.h D:\\Qt\\6.10.1\\mingw_64\\mkspecs\\features\\data\\dummy.cpp\nD:\\Qt\\6.10.1\\mingw_64\\bin\\moc.exe -DUNICODE -D_UNICODE -DWIN32 -DMINGW_HAS_SECURE_API=1 -DQT_WIDGETS_LIB -DQT_SVG_LIB -DQT_GUI_LIB -DQT_TESTLIB_LIB -DQT_CORE_LIB -DQT_NEEDS_QMAIN -DQT_TESTCASE_BUILDDIR=\"\\\"C:/Users/lenovo/Desktop/Diagramscene_ultima-syz/tests/generated\\\"\" --include C:/Users/lenovo/Desktop/Diagramscene_ultima-syz/tests/generated/debug/moc_predefs.h -ID:/Qt/6.10.1/mingw_64/mkspecs/win32-g++ -IC:/Users/lenovo/Desktop/Diagramscene_ultima-syz/tests/generated -ID:/Qt/6.10.1/mingw_64/include -ID:/Qt/6.10.1/mingw_64/include/QtWidgets -ID:/Qt/6.10.1/mingw_64/include/QtSvg -ID:/Qt/6.10.1/mingw_64/include/QtGui -ID:/Qt/6.10.1/mingw_64/include/QtTest -ID:/Qt/6.10.1/mingw_64/include/QtCore -ID:/Qt/Tools/mingw1310_64/lib/gcc/x86_64-w64-mingw32/13.1.0/include/c++ -ID:/Qt/Tools/mingw1310_64/lib/gcc/x86_64-w64-mingw32/13.1.0/include/c++/x86_64-w64-mingw32 -ID:/Qt/Tools/mingw1310_64/lib/gcc/x86_64-w64-mingw32/13.1.0/include/c++/backward -ID:/Qt/Tools/mingw1310_64/lib/gcc/x86_64-w64-mingw32/13.1.0/include -ID:/Qt/Tools/mingw1310_64/lib/gcc/x86_64-w64-mingw32/13.1.0/include-fixed -ID:/Qt/Tools/mingw1310_64/x86_64-w64-mingw32/include test_arrow.cpp -o debug\\test_arrow.moc\ng++ -c -fno-keep-inline-dllexport -g -Wall -Wextra -Wextra -fexceptions -mthreads -DUNICODE -D_UNICODE -DWIN32 -DMINGW_HAS_SECURE_API=1 -DQT_WIDGETS_LIB -DQT_SVG_LIB -DQT_GUI_LIB -DQT_TESTLIB_LIB -DQT_CORE_LIB -DQT_NEEDS_QMAIN -DQT_TESTCASE_BUILDDIR=\"\\\"C:/Users/lenovo/Desktop/Diagramscene_ultima-syz/tests/generated\\\"\" -I. -ID:/Qt/6.10.1/mingw_64/include -ID:/Qt/6.10.1/mingw_64/include/QtWidgets -ID:/Qt/6.10.1/mingw_64/include/QtSvg -ID:/Qt/6.10.1/mingw_64/include/QtGui -ID:/Qt/6.10.1/mingw_64/include/QtTest -ID:/Qt/6.10.1/mingw_64/include/QtCore -Idebug -I/include -ID:/Qt/6.10.1/mingw_64/mkspecs/win32-g++  -o debug\\test_arrow.o test_arrow.cpp\n\n找不到 C:\\Users\\lenovo\\Desktop\\Diagramscene_ultima-syz\\tests\\generated\\release\\moc_predefs.h\n找不到 C:\\Users\\lenovo\\Desktop\\Diagramscene_ultima-syz\\tests\\generated\\release\\test_arrow.moc\n找不到 C:\\Users\\lenovo\\Desktop\\Diagramscene_ultima-syz\\tests\\generated\\release\\test_arrow.o\nIn file included from D:/Qt/6.10.1/mingw_64/include/QtTest/qtesteventloop.h:8,\n                 from D:/Qt/6.10.1/mingw_64/include/QtTest/qsignalspy.h:10,\n                 from D:/Qt/6.10.1/mingw_64/include/QtTest/QtTest:10,\n                 from test_arrow.cpp:1:\ntest_arrow.cpp: In member function 'void TestArrow::testConstructor()':\ntest_arrow.cpp:30:35: error: 'arrowQt' has not been declared\n   30 |     QCOMPARE(arrow.pen().color(), arrowQt::black);\n      |                                   ^~~~~~~\nD:/Qt/6.10.1/mingw_64/include/QtTest/qtestcase.h:90:34: note: in definition of macro 'QCOMPARE'\n   90 |     if (!QTest::qCompare(actual, expected, #actual, #expected, __FILE__, __LINE__))\\\n      |                                  ^~~~~~~~\nmingw32-make: *** [Makefile.Debug:992: debug/test_arrow.o] Error 1\n",
      "file": null,
      "line": null,
      "rule_id": null,
      "evidence": {}
    },
    {
      "category": "testgen",
      "severity": "info",
      "title": "已生成 QtTest：2 个文件，共约 4 个用例",
      "details": "生成文件明细：\ntests/generated/test_arrow.cpp (4 cases)\ntests/generated/tests.pro (0 cases)",
      "file": null,
      "line": null,
      "rule_id": null,
      "evidence": {}
    },
    {
      "category": "tests",
      "severity": "error",
      "title": "测试命令执行失败",
      "details": "mingw32-make -f Makefile.Release clean\nmingw32-make[1]: Entering directory 'C:/Users/lenovo/Desktop/Diagramscene_ultima-syz/tests/generated'\ndel release\\moc_predefs.h\ndel release\\test_arrow.moc\ndel release\\test_arrow.o\nmingw32-make[1]: Leaving directory 'C:/Users/lenovo/Desktop/Diagramscene_ultima-syz/tests/generated'\nmingw32-make -f Makefile.Debug clean\nmingw32-make[1]: Entering directory 'C:/Users/lenovo/Desktop/Diagramscene_ultima-syz/tests/generated'\ndel debug\\moc_predefs.h\ndel debug\\test_arrow.moc\ndel debug\\test_arrow.o\nmingw32-make[1]: Leaving directory 'C:/Users/lenovo/Desktop/Diagramscene_ultima-syz/tests/generated'\ng++ -fno-keep-inline-dllexport -g -Wall -Wextra -Wextra -dM -E -o debug\\moc_predefs.h D:\\Qt\\6.10.1\\mingw_64\\mkspecs\\features\\data\\dummy.cpp\nD:\\Qt\\6.10.1\\mingw_64\\bin\\moc.exe -DUNICODE -D_UNICODE -DWIN32 -DMINGW_HAS_SECURE_API=1 -DQT_WIDGETS_LIB -DQT_SVG_LIB -DQT_GUI_LIB -DQT_TESTLIB_LIB -DQT_CORE_LIB -DQT_NEEDS_QMAIN -DQT_TESTCASE_BUILDDIR=\"\\\"C:/Users/lenovo/Desktop/Diagramscene_ultima-syz/tests/generated\\\"\" --include C:/Users/lenovo/Desktop/Diagramscene_ultima-syz/tests/generated/debug/moc_predefs.h -ID:/Qt/6.10.1/mingw_64/mkspecs/win32-g++ -IC:/Users/lenovo/Desktop/Diagramscene_ultima-syz/tests/generated -ID:/Qt/6.10.1/mingw_64/include -ID:/Qt/6.10.1/mingw_64/include/QtWidgets -ID:/Qt/6.10.1/mingw_64/include/QtSvg -ID:/Qt/6.10.1/mingw_64/include/QtGui -ID:/Qt/6.10.1/mingw_64/include/QtTest -ID:/Qt/6.10.1/mingw_64/include/QtCore -ID:/Qt/Tools/mingw1310_64/lib/gcc/x86_64-w64-mingw32/13.1.0/include/c++ -ID:/Qt/Tools/mingw1310_64/lib/gcc/x86_64-w64-mingw32/13.1.0/include/c++/x86_64-w64-mingw32 -ID:/Qt/Tools/mingw1310_64/lib/gcc/x86_64-w64-mingw32/13.1.0/include/c++/backward -ID:/Qt/Tools/mingw1310_64/lib/gcc/x86_64-w64-mingw32/13.1.0/include -ID:/Qt/Tools/mingw1310_64/lib/gcc/x86_64-w64-mingw32/13.1.0/include-fixed -ID:/Qt/Tools/mingw1310_64/x86_64-w64-mingw32/include test_arrow.cpp -o debug\\test_arrow.moc\ng++ -c -fno-keep-inline-dllexport -g -Wall -Wextra -Wextra -fexceptions -mthreads -DUNICODE -D_UNICODE -DWIN32 -DMINGW_HAS_SECURE_API=1 -DQT_WIDGETS_LIB -DQT_SVG_LIB -DQT_GUI_LIB -DQT_TESTLIB_LIB -DQT_CORE_LIB -DQT_NEEDS_QMAIN -DQT_TESTCASE_BUILDDIR=\"\\\"C:/Users/lenovo/Desktop/Diagramscene_ultima-syz/tests/generated\\\"\" -I. -ID:/Qt/6.10.1/mingw_64/include -ID:/Qt/6.10.1/mingw_64/include/QtWidgets -ID:/Qt/6.10.1/mingw_64/include/QtSvg -ID:/Qt/6.10.1/mingw_64/include/QtGui -ID:/Qt/6.10.1/mingw_64/include/QtTest -ID:/Qt/6.10.1/mingw_64/include/QtCore -Idebug -I/include -ID:/Qt/6.10.1/mingw_64/mkspecs/win32-g++  -o debug\\test_arrow.o test_arrow.cpp\n\n找不到 C:\\Users\\lenovo\\Desktop\\Diagramscene_ultima-syz\\tests\\generated\\release\\moc_predefs.h\n找不到 C:\\Users\\lenovo\\Desktop\\Diagramscene_ultima-syz\\tests\\generated\\release\\test_arrow.moc\n找不到 C:\\Users\\lenovo\\Desktop\\Diagramscene_ultima-syz\\tests\\generated\\release\\test_arrow.o\n找不到 C:\\Users\\lenovo\\Desktop\\Diagramscene_ultima-syz\\tests\\generated\\debug\\test_arrow.o\ntest_arrow.cpp:8:10: fatal error: arrow.h: No such file or directory\n    8 | #include \"arrow.h\"\n      |          ^~~~~~~~~\ncompilation terminated.\nmingw32-make: *** [Makefile.Debug:978: debug/test_arrow.o] Error 1\n",
      "file": null,
      "line": null,
      "rule_id": null,
      "evidence": {}
    },
    {
      "category": "testgen",
      "severity": "info",
      "title": "已生成 QtTest：2 个文件，共约 5 个用例",
      "details": "生成文件明细：\ntests/generated/test_arrow.cpp (5 cases)\ntests/generated/tests.pro (0 cases)",
      "file": null,
      "line": null,
      "rule_id": null,
      "evidence": {}
    },
    {
      "category": "tests",
      "severity": "error",
      "title": "测试命令执行失败",
      "details": "mingw32-make -f Makefile.Release clean\nmingw32-make[1]: Entering directory 'C:/Users/lenovo/Desktop/Diagramscene_ultima-syz/tests/generated'\ndel release\\moc_predefs.h\ndel release\\test_arrow.moc\ndel release\\test_arrow.o\nmingw32-make[1]: Leaving directory 'C:/Users/lenovo/Desktop/Diagramscene_ultima-syz/tests/generated'\nmingw32-make -f Makefile.Debug clean\nmingw32-make[1]: Entering directory 'C:/Users/lenovo/Desktop/Diagramscene_ultima-syz/tests/generated'\ndel debug\\moc_predefs.h\ndel debug\\test_arrow.moc\ndel debug\\test_arrow.o\nmingw32-make[1]: Leaving directory 'C:/Users/lenovo/Desktop/Diagramscene_ultima-syz/tests/generated'\ng++ -fno-keep-inline-dllexport -g -Wall -Wextra -Wextra -dM -E -o debug\\moc_predefs.h D:\\Qt\\6.10.1\\mingw_64\\mkspecs\\features\\data\\dummy.cpp\nD:\\Qt\\6.10.1\\mingw_64\\bin\\moc.exe -DUNICODE -D_UNICODE -DWIN32 -DMINGW_HAS_SECURE_API=1 -DQT_WIDGETS_LIB -DQT_SVG_LIB -DQT_GUI_LIB -DQT_TESTLIB_LIB -DQT_CORE_LIB -DQT_NEEDS_QMAIN -DQT_TESTCASE_BUILDDIR=\"\\\"C:/Users/lenovo/Desktop/Diagramscene_ultima-syz/tests/generated\\\"\" --include C:/Users/lenovo/Desktop/Diagramscene_ultima-syz/tests/generated/debug/moc_predefs.h -ID:/Qt/6.10.1/mingw_64/mkspecs/win32-g++ -IC:/Users/lenovo/Desktop/Diagramscene_ultima-syz/tests/generated -ID:/Qt/6.10.1/mingw_64/include -ID:/Qt/6.10.1/mingw_64/include/QtWidgets -ID:/Qt/6.10.1/mingw_64/include/QtSvg -ID:/Qt/6.10.1/mingw_64/include/QtGui -ID:/Qt/6.10.1/mingw_64/include/QtTest -ID:/Qt/6.10.1/mingw_64/include/QtCore -ID:/Qt/Tools/mingw1310_64/lib/gcc/x86_64-w64-mingw32/13.1.0/include/c++ -ID:/Qt/Tools/mingw1310_64/lib/gcc/x86_64-w64-mingw32/13.1.0/include/c++/x86_64-w64-mingw32 -ID:/Qt/Tools/mingw1310_64/lib/gcc/x86_64-w64-mingw32/13.1.0/include/c++/backward -ID:/Qt/Tools/mingw1310_64/lib/gcc/x86_64-w64-mingw32/13.1.0/include -ID:/Qt/Tools/mingw1310_64/lib/gcc/x86_64-w64-mingw32/13.1.0/include-fixed -ID:/Qt/Tools/mingw1310_64/x86_64-w64-mingw32/include test_arrow.cpp -o debug\\test_arrow.moc\ng++ -c -fno-keep-inline-dllexport -g -Wall -Wextra -Wextra -fexceptions -mthreads -DUNICODE -D_UNICODE -DWIN32 -DMINGW_HAS_SECURE_API=1 -DQT_WIDGETS_LIB -DQT_SVG_LIB -DQT_GUI_LIB -DQT_TESTLIB_LIB -DQT_CORE_LIB -DQT_NEEDS_QMAIN -DQT_TESTCASE_BUILDDIR=\"\\\"C:/Users/lenovo/Desktop/Diagramscene_ultima-syz/tests/generated\\\"\" -I. -ID:/Qt/6.10.1/mingw_64/include -ID:/Qt/6.10.1/mingw_64/include/QtWidgets -ID:/Qt/6.10.1/mingw_64/include/QtSvg -ID:/Qt/6.10.1/mingw_64/include/QtGui -ID:/Qt/6.10.1/mingw_64/include/QtTest -ID:/Qt/6.10.1/mingw_64/include/QtCore -Idebug -I/include -ID:/Qt/6.10.1/mingw_64/mkspecs/win32-g++  -o debug\\test_arrow.o test_arrow.cpp\ng++ -Wl,-subsystem,console -mthreads -o debug\\tests.exe debug/test_arrow.o D:\\Qt\\6.10.1\\mingw_64\\lib\\libQt6Widgets.a D:\\Qt\\6.10.1\\mingw_64\\lib\\libQt6Svg.a D:\\Qt\\6.10.1\\mingw_64\\lib\\libQt6Gui.a D:\\Qt\\6.10.1\\mingw_64\\lib\\libQt6Test.a D:\\Qt\\6.10.1\\mingw_64\\lib\\libQt6Core.a -lmingw32 D:\\Qt\\6.10.1\\mingw_64\\lib\\libQt6EntryPoint.a -lshell32  \n\n找不到 C:\\Users\\lenovo\\Desktop\\Diagramscene_ultima-syz\\tests\\generated\\release\\moc_predefs.h\n找不到 C:\\Users\\lenovo\\Desktop\\Diagramscene_ultima-syz\\tests\\generated\\release\\test_arrow.moc\n找不到 C:\\Users\\lenovo\\Desktop\\Diagramscene_ultima-syz\\tests\\generated\\release\\test_arrow.o\n找不到 C:\\Users\\lenovo\\Desktop\\Diagramscene_ultima-syz\\tests\\generated\\debug\\test_arrow.o\nIn file included from D:/Qt/6.10.1/mingw_64/include/QtTest/qtesteventloop.h:8,\n                 from D:/Qt/6.10.1/mingw_64/include/QtTest/qsignalspy.h:10,\n                 from D:/Qt/6.10.1/mingw_64/include/QtTest/QtTest:10,\n                 from test_arrow.cpp:1:\ntest_arrow.cpp: In member function 'void TestArrow::testPaint()':\ntest_arrow.cpp:100:20: warning: variable 'color' set but not used [-Wunused-but-set-variable]\n  100 |     QFETCH(QColor, color);\n      |                    ^~~~~\nD:/Qt/6.10.1/mingw_64/include/QtTest/qtestcase.h:297:10: note: in definition of macro 'QFETCH'\n  297 |     Type name = *static_cast<Type *>(QTest::qData(#name, ::qMetaTypeId<typename std::remove_cv<Type >::type>()))\n      |          ^~~~\nD:/Qt/Tools/mingw1310_64/bin/../lib/gcc/x86_64-w64-mingw32/13.1.0/../../../../x86_64-w64-mingw32/bin/ld.exe: debug/test_arrow.o: in function `TestArrow::initTestCase()':\nC:\\Users\\lenovo\\Desktop\\Diagramscene_ultima-syz\\tests\\generated/test_arrow.cpp:34: undefined reference to `DiagramItem::DiagramItem(DiagramItem::DiagramType, QMenu*, QGraphicsItem*)'\nD:/Qt/Tools/mingw1310_64/bin/../lib/gcc/x86_64-w64-mingw32/13.1.0/../../../../x86_64-w64-mingw32/bin/ld.exe: C:\\Users\\lenovo\\Desktop\\Diagramscene_ultima-syz\\tests\\generated/test_arrow.cpp:35: undefined reference to `DiagramItem::DiagramItem(DiagramItem::DiagramType, QMenu*, QGraphicsItem*)'\nD:/Qt/Tools/mingw1310_64/bin/../lib/gcc/x86_64-w64-mingw32/13.1.0/../../../../x86_64-w64-mingw32/bin/ld.exe: C:\\Users\\lenovo\\Desktop\\Diagramscene_ultima-syz\\tests\\generated/test_arrow.cpp:38: undefined reference to `Arrow::Arrow(DiagramItem*, DiagramItem*, QGraphicsItem*)'\nD:/Qt/Tools/mingw1310_64/bin/../lib/gcc/x86_64-w64-mingw32/13.1.0/../../../../x86_64-w64-mingw32/bin/ld.exe: debug/test_arrow.o: in function `TestArrow::testBoundingRect()':\nC:\\Users\\lenovo\\Desktop\\Diagramscene_ultima-syz\\tests\\generated/test_arrow.cpp:61: undefined reference to `Arrow::updatePosition()'\nD:/Qt/Tools/mingw1310_64/bin/../lib/gcc/x86_64-w64-mingw32/13.1.0/../../../../x86_64-w64-mingw32/bin/ld.exe: debug/test_arrow.o: in function `TestArrow::testUpdatePosition()':\nC:\\Users\\lenovo\\Desktop\\Diagramscene_ultima-syz\\tests\\generated/test_arrow.cpp:80: undefined reference to `Arrow::updatePosition()'\ncollect2.exe: error: ld returned 1 exit status\nmingw32-make: *** [Makefile.Debug:68: debug/tests.exe] Error 1\n",
      "file": null,
      "line": null,
      "rule_id": null,
      "evidence": {}
    }
  ]
}