{
  "stage": "single_file_loop",
  "project_root": "C:\\Users\\lenovo\\Desktop\\Diagramscene_ultima-syz",
  "created_at": "20251226_163501",
  "meta": {
    "mode": "single_file_loop",
    "retries": 3
  },
  "findings": [
    {
      "category": "testgen",
      "severity": "info",
      "title": "已生成 QtTest：2 个文件，共约 3 个用例",
      "details": "生成文件明细：\ntests/generated/test_diagrampath.cpp (3 cases)\ntests/generated/tests.pro (0 cases)",
      "file": null,
      "line": null,
      "rule_id": null,
      "evidence": {}
    },
    {
      "category": "tests",
      "severity": "error",
      "title": "测试命令执行失败",
      "details": "mingw32-make -f Makefile.Release clean\nmingw32-make[1]: Entering directory 'C:/Users/lenovo/Desktop/Diagramscene_ultima-syz/tests/generated'\ndel moc\\moc_predefs.h\ndel moc\\moc_diagramscene.cpp moc\\moc_diagramtextitem.cpp moc\\moc_findreplacedialog.cpp moc\\moc_mainwindow.cpp\ndel moc\\test_diagramitem.moc moc\\test_diagrampath.moc\ndel obj\\test_diagramitem.o obj\\test_diagrampath.o obj\\test_runner_main.o obj\\arrow.o obj\\diagramitem.o obj\\diagramitemgroup.o obj\\diagrampath.o obj\\diagramscene.o obj\\diagramtextitem.o obj\\findreplacedialog.o obj\\mainwindow.o obj\\moc_diagramscene.o obj\\moc_diagramtextitem.o obj\\moc_findreplacedialog.o obj\\moc_mainwindow.o\nmingw32-make[1]: Leaving directory 'C:/Users/lenovo/Desktop/Diagramscene_ultima-syz/tests/generated'\nmingw32-make -f Makefile.Debug clean\nmingw32-make[1]: Entering directory 'C:/Users/lenovo/Desktop/Diagramscene_ultima-syz/tests/generated'\ndel moc\\moc_predefs.h\ndel moc\\moc_diagramscene.cpp moc\\moc_diagramtextitem.cpp moc\\moc_findreplacedialog.cpp moc\\moc_mainwindow.cpp\ndel moc\\test_diagramitem.moc moc\\test_diagrampath.moc\ndel obj\\test_diagramitem.o obj\\test_diagrampath.o obj\\test_runner_main.o obj\\arrow.o obj\\diagramitem.o obj\\diagramitemgroup.o obj\\diagrampath.o obj\\diagramscene.o obj\\diagramtextitem.o obj\\findreplacedialog.o obj\\mainwindow.o obj\\moc_diagramscene.o obj\\moc_diagramtextitem.o obj\\moc_findreplacedialog.o obj\\moc_mainwindow.o\nmingw32-make[1]: Leaving directory 'C:/Users/lenovo/Desktop/Diagramscene_ultima-syz/tests/generated'\ng++ -fno-keep-inline-dllexport --coverage -g -Wall -Wextra -Wextra -dM -E -o moc\\moc_predefs.h D:\\Qt\\6.10.1\\mingw_64\\mkspecs\\features\\data\\dummy.cpp\nD:\\Qt\\6.10.1\\mingw_64\\bin\\moc.exe -DUNICODE -D_UNICODE -DWIN32 -DMINGW_HAS_SECURE_API=1 -DQT_WIDGETS_LIB -DQT_SVG_LIB -DQT_GUI_LIB -DQT_TESTLIB_LIB -DQT_CORE_LIB -DQT_TESTCASE_BUILDDIR=\"\\\"C:/Users/lenovo/Desktop/Diagramscene_ultima-syz/tests/generated\\\"\" --include C:/Users/lenovo/Desktop/Diagramscene_ultima-syz/tests/generated/moc/moc_predefs.h -ID:/Qt/6.10.1/mingw_64/mkspecs/win32-g++ -IC:/Users/lenovo/Desktop/Diagramscene_ultima-syz/tests/generated -IC:/Users/lenovo/Desktop/Diagramscene_ultima-syz -ID:/Qt/6.10.1/mingw_64/include -ID:/Qt/6.10.1/mingw_64/include/QtWidgets -ID:/Qt/6.10.1/mingw_64/include/QtSvg -ID:/Qt/6.10.1/mingw_64/include/QtGui -ID:/Qt/6.10.1/mingw_64/include/QtTest -ID:/Qt/6.10.1/mingw_64/include/QtCore -ID:/Qt/Tools/mingw1310_64/lib/gcc/x86_64-w64-mingw32/13.1.0/include/c++ -ID:/Qt/Tools/mingw1310_64/lib/gcc/x86_64-w64-mingw32/13.1.0/include/c++/x86_64-w64-mingw32 -ID:/Qt/Tools/mingw1310_64/lib/gcc/x86_64-w64-mingw32/13.1.0/include/c++/backward -ID:/Qt/Tools/mingw1310_64/lib/gcc/x86_64-w64-mingw32/13.1.0/include -ID:/Qt/Tools/mingw1310_64/lib/gcc/x86_64-w64-mingw32/13.1.0/include-fixed -ID:/Qt/Tools/mingw1310_64/x86_64-w64-mingw32/include test_diagramitem.cpp -o moc\\test_diagramitem.moc\ng++ -c -fno-keep-inline-dllexport --coverage -g -Wall -Wextra -Wextra -fexceptions -mthreads -DUNICODE -D_UNICODE -DWIN32 -DMINGW_HAS_SECURE_API=1 -DQT_WIDGETS_LIB -DQT_SVG_LIB -DQT_GUI_LIB -DQT_TESTLIB_LIB -DQT_CORE_LIB -DQT_TESTCASE_BUILDDIR=\"\\\"C:/Users/lenovo/Desktop/Diagramscene_ultima-syz/tests/generated\\\"\" -I. -I../../../Diagramscene_ultima-syz -ID:/Qt/6.10.1/mingw_64/include -ID:/Qt/6.10.1/mingw_64/include/QtWidgets -ID:/Qt/6.10.1/mingw_64/include/QtSvg -ID:/Qt/6.10.1/mingw_64/include/QtGui -ID:/Qt/6.10.1/mingw_64/include/QtTest -ID:/Qt/6.10.1/mingw_64/include/QtCore -Imoc -I/include -ID:/Qt/6.10.1/mingw_64/mkspecs/win32-g++  -o obj\\test_diagramitem.o test_diagramitem.cpp\nD:\\Qt\\6.10.1\\mingw_64\\bin\\moc.exe -DUNICODE -D_UNICODE -DWIN32 -DMINGW_HAS_SECURE_API=1 -DQT_WIDGETS_LIB -DQT_SVG_LIB -DQT_GUI_LIB -DQT_TESTLIB_LIB -DQT_CORE_LIB -DQT_TESTCASE_BUILDDIR=\"\\\"C:/Users/lenovo/Desktop/Diagramscene_ultima-syz/tests/generated\\\"\" --include C:/Users/lenovo/Desktop/Diagramscene_ultima-syz/tests/generated/moc/moc_predefs.h -ID:/Qt/6.10.1/mingw_64/mkspecs/win32-g++ -IC:/Users/lenovo/Desktop/Diagramscene_ultima-syz/tests/generated -IC:/Users/lenovo/Desktop/Diagramscene_ultima-syz -ID:/Qt/6.10.1/mingw_64/include -ID:/Qt/6.10.1/mingw_64/include/QtWidgets -ID:/Qt/6.10.1/mingw_64/include/QtSvg -ID:/Qt/6.10.1/mingw_64/include/QtGui -ID:/Qt/6.10.1/mingw_64/include/QtTest -ID:/Qt/6.10.1/mingw_64/include/QtCore -ID:/Qt/Tools/mingw1310_64/lib/gcc/x86_64-w64-mingw32/13.1.0/include/c++ -ID:/Qt/Tools/mingw1310_64/lib/gcc/x86_64-w64-mingw32/13.1.0/include/c++/x86_64-w64-mingw32 -ID:/Qt/Tools/mingw1310_64/lib/gcc/x86_64-w64-mingw32/13.1.0/include/c++/backward -ID:/Qt/Tools/mingw1310_64/lib/gcc/x86_64-w64-mingw32/13.1.0/include -ID:/Qt/Tools/mingw1310_64/lib/gcc/x86_64-w64-mingw32/13.1.0/include-fixed -ID:/Qt/Tools/mingw1310_64/x86_64-w64-mingw32/include test_diagrampath.cpp -o moc\\test_diagrampath.moc\ng++ -c -fno-keep-inline-dllexport --coverage -g -Wall -Wextra -Wextra -fexceptions -mthreads -DUNICODE -D_UNICODE -DWIN32 -DMINGW_HAS_SECURE_API=1 -DQT_WIDGETS_LIB -DQT_SVG_LIB -DQT_GUI_LIB -DQT_TESTLIB_LIB -DQT_CORE_LIB -DQT_TESTCASE_BUILDDIR=\"\\\"C:/Users/lenovo/Desktop/Diagramscene_ultima-syz/tests/generated\\\"\" -I. -I../../../Diagramscene_ultima-syz -ID:/Qt/6.10.1/mingw_64/include -ID:/Qt/6.10.1/mingw_64/include/QtWidgets -ID:/Qt/6.10.1/mingw_64/include/QtSvg -ID:/Qt/6.10.1/mingw_64/include/QtGui -ID:/Qt/6.10.1/mingw_64/include/QtTest -ID:/Qt/6.10.1/mingw_64/include/QtCore -Imoc -I/include -ID:/Qt/6.10.1/mingw_64/mkspecs/win32-g++  -o obj\\test_diagrampath.o test_diagrampath.cpp\n\n找不到 C:\\Users\\lenovo\\Desktop\\Diagramscene_ultima-syz\\tests\\generated\\moc\\moc_predefs.h\n找不到 C:\\Users\\lenovo\\Desktop\\Diagramscene_ultima-syz\\tests\\generated\\moc\\moc_diagramscene.cpp\n找不到 C:\\Users\\lenovo\\Desktop\\Diagramscene_ultima-syz\\tests\\generated\\moc\\test_diagramitem.moc\n找不到 C:\\Users\\lenovo\\Desktop\\Diagramscene_ultima-syz\\tests\\generated\\obj\\test_diagramitem.o\ntest_diagrampath.cpp: In member function 'void TestDiagramPath::testQuadFunction()':\ntest_diagrampath.cpp:19:69: error: 'Top' is not a member of 'DiagramItem::TransformState'\n   19 |     DiagramPath path(nullptr, nullptr, DiagramItem::TransformState::Top, DiagramItem::TransformState::Bottom, nullptr);\n      |                                                                     ^~~\ntest_diagrampath.cpp:19:103: error: 'Bottom' is not a member of 'DiagramItem::TransformState'\n   19 |     DiagramPath path(nullptr, nullptr, DiagramItem::TransformState::Top, DiagramItem::TransformState::Bottom, nullptr);\n      |                                                                                                       ^~~~~~\nmingw32-make: *** [Makefile.Debug:2792: obj/test_diagrampath.o] Error 1\n",
      "file": null,
      "line": null,
      "rule_id": null,
      "evidence": {}
    },
    {
      "category": "testgen",
      "severity": "info",
      "title": "已生成 QtTest：2 个文件，共约 4 个用例",
      "details": "生成文件明细：\ntests/generated/test_diagrampath.cpp (4 cases)\ntests/generated/tests.pro (0 cases)",
      "file": null,
      "line": null,
      "rule_id": null,
      "evidence": {}
    },
    {
      "category": "tests",
      "severity": "error",
      "title": "测试命令执行失败",
      "details": "mingw32-make -f Makefile.Release clean\nmingw32-make[1]: Entering directory 'C:/Users/lenovo/Desktop/Diagramscene_ultima-syz/tests/generated'\ndel moc\\moc_predefs.h\ndel moc\\moc_diagramscene.cpp moc\\moc_diagramtextitem.cpp moc\\moc_findreplacedialog.cpp moc\\moc_mainwindow.cpp\ndel moc\\test_diagramitem.moc moc\\test_diagrampath.moc\ndel obj\\test_diagramitem.o obj\\test_diagrampath.o obj\\test_runner_main.o obj\\arrow.o obj\\diagramitem.o obj\\diagramitemgroup.o obj\\diagrampath.o obj\\diagramscene.o obj\\diagramtextitem.o obj\\findreplacedialog.o obj\\mainwindow.o obj\\moc_diagramscene.o obj\\moc_diagramtextitem.o obj\\moc_findreplacedialog.o obj\\moc_mainwindow.o\nmingw32-make[1]: Leaving directory 'C:/Users/lenovo/Desktop/Diagramscene_ultima-syz/tests/generated'\nmingw32-make -f Makefile.Debug clean\nmingw32-make[1]: Entering directory 'C:/Users/lenovo/Desktop/Diagramscene_ultima-syz/tests/generated'\ndel moc\\moc_predefs.h\ndel moc\\moc_diagramscene.cpp moc\\moc_diagramtextitem.cpp moc\\moc_findreplacedialog.cpp moc\\moc_mainwindow.cpp\ndel moc\\test_diagramitem.moc moc\\test_diagrampath.moc\ndel obj\\test_diagramitem.o obj\\test_diagrampath.o obj\\test_runner_main.o obj\\arrow.o obj\\diagramitem.o obj\\diagramitemgroup.o obj\\diagrampath.o obj\\diagramscene.o obj\\diagramtextitem.o obj\\findreplacedialog.o obj\\mainwindow.o obj\\moc_diagramscene.o obj\\moc_diagramtextitem.o obj\\moc_findreplacedialog.o obj\\moc_mainwindow.o\nmingw32-make[1]: Leaving directory 'C:/Users/lenovo/Desktop/Diagramscene_ultima-syz/tests/generated'\ng++ -fno-keep-inline-dllexport --coverage -g -Wall -Wextra -Wextra -dM -E -o moc\\moc_predefs.h D:\\Qt\\6.10.1\\mingw_64\\mkspecs\\features\\data\\dummy.cpp\nD:\\Qt\\6.10.1\\mingw_64\\bin\\moc.exe -DUNICODE -D_UNICODE -DWIN32 -DMINGW_HAS_SECURE_API=1 -DQT_WIDGETS_LIB -DQT_SVG_LIB -DQT_GUI_LIB -DQT_TESTLIB_LIB -DQT_CORE_LIB -DQT_TESTCASE_BUILDDIR=\"\\\"C:/Users/lenovo/Desktop/Diagramscene_ultima-syz/tests/generated\\\"\" --include C:/Users/lenovo/Desktop/Diagramscene_ultima-syz/tests/generated/moc/moc_predefs.h -ID:/Qt/6.10.1/mingw_64/mkspecs/win32-g++ -IC:/Users/lenovo/Desktop/Diagramscene_ultima-syz/tests/generated -IC:/Users/lenovo/Desktop/Diagramscene_ultima-syz -ID:/Qt/6.10.1/mingw_64/include -ID:/Qt/6.10.1/mingw_64/include/QtWidgets -ID:/Qt/6.10.1/mingw_64/include/QtSvg -ID:/Qt/6.10.1/mingw_64/include/QtGui -ID:/Qt/6.10.1/mingw_64/include/QtTest -ID:/Qt/6.10.1/mingw_64/include/QtCore -ID:/Qt/Tools/mingw1310_64/lib/gcc/x86_64-w64-mingw32/13.1.0/include/c++ -ID:/Qt/Tools/mingw1310_64/lib/gcc/x86_64-w64-mingw32/13.1.0/include/c++/x86_64-w64-mingw32 -ID:/Qt/Tools/mingw1310_64/lib/gcc/x86_64-w64-mingw32/13.1.0/include/c++/backward -ID:/Qt/Tools/mingw1310_64/lib/gcc/x86_64-w64-mingw32/13.1.0/include -ID:/Qt/Tools/mingw1310_64/lib/gcc/x86_64-w64-mingw32/13.1.0/include-fixed -ID:/Qt/Tools/mingw1310_64/x86_64-w64-mingw32/include test_diagramitem.cpp -o moc\\test_diagramitem.moc\ng++ -c -fno-keep-inline-dllexport --coverage -g -Wall -Wextra -Wextra -fexceptions -mthreads -DUNICODE -D_UNICODE -DWIN32 -DMINGW_HAS_SECURE_API=1 -DQT_WIDGETS_LIB -DQT_SVG_LIB -DQT_GUI_LIB -DQT_TESTLIB_LIB -DQT_CORE_LIB -DQT_TESTCASE_BUILDDIR=\"\\\"C:/Users/lenovo/Desktop/Diagramscene_ultima-syz/tests/generated\\\"\" -I. -I../../../Diagramscene_ultima-syz -ID:/Qt/6.10.1/mingw_64/include -ID:/Qt/6.10.1/mingw_64/include/QtWidgets -ID:/Qt/6.10.1/mingw_64/include/QtSvg -ID:/Qt/6.10.1/mingw_64/include/QtGui -ID:/Qt/6.10.1/mingw_64/include/QtTest -ID:/Qt/6.10.1/mingw_64/include/QtCore -Imoc -I/include -ID:/Qt/6.10.1/mingw_64/mkspecs/win32-g++  -o obj\\test_diagramitem.o test_diagramitem.cpp\nD:\\Qt\\6.10.1\\mingw_64\\bin\\moc.exe -DUNICODE -D_UNICODE -DWIN32 -DMINGW_HAS_SECURE_API=1 -DQT_WIDGETS_LIB -DQT_SVG_LIB -DQT_GUI_LIB -DQT_TESTLIB_LIB -DQT_CORE_LIB -DQT_TESTCASE_BUILDDIR=\"\\\"C:/Users/lenovo/Desktop/Diagramscene_ultima-syz/tests/generated\\\"\" --include C:/Users/lenovo/Desktop/Diagramscene_ultima-syz/tests/generated/moc/moc_predefs.h -ID:/Qt/6.10.1/mingw_64/mkspecs/win32-g++ -IC:/Users/lenovo/Desktop/Diagramscene_ultima-syz/tests/generated -IC:/Users/lenovo/Desktop/Diagramscene_ultima-syz -ID:/Qt/6.10.1/mingw_64/include -ID:/Qt/6.10.1/mingw_64/include/QtWidgets -ID:/Qt/6.10.1/mingw_64/include/QtSvg -ID:/Qt/6.10.1/mingw_64/include/QtGui -ID:/Qt/6.10.1/mingw_64/include/QtTest -ID:/Qt/6.10.1/mingw_64/include/QtCore -ID:/Qt/Tools/mingw1310_64/lib/gcc/x86_64-w64-mingw32/13.1.0/include/c++ -ID:/Qt/Tools/mingw1310_64/lib/gcc/x86_64-w64-mingw32/13.1.0/include/c++/x86_64-w64-mingw32 -ID:/Qt/Tools/mingw1310_64/lib/gcc/x86_64-w64-mingw32/13.1.0/include/c++/backward -ID:/Qt/Tools/mingw1310_64/lib/gcc/x86_64-w64-mingw32/13.1.0/include -ID:/Qt/Tools/mingw1310_64/lib/gcc/x86_64-w64-mingw32/13.1.0/include-fixed -ID:/Qt/Tools/mingw1310_64/x86_64-w64-mingw32/include test_diagrampath.cpp -o moc\\test_diagrampath.moc\ng++ -c -fno-keep-inline-dllexport --coverage -g -Wall -Wextra -Wextra -fexceptions -mthreads -DUNICODE -D_UNICODE -DWIN32 -DMINGW_HAS_SECURE_API=1 -DQT_WIDGETS_LIB -DQT_SVG_LIB -DQT_GUI_LIB -DQT_TESTLIB_LIB -DQT_CORE_LIB -DQT_TESTCASE_BUILDDIR=\"\\\"C:/Users/lenovo/Desktop/Diagramscene_ultima-syz/tests/generated\\\"\" -I. -I../../../Diagramscene_ultima-syz -ID:/Qt/6.10.1/mingw_64/include -ID:/Qt/6.10.1/mingw_64/include/QtWidgets -ID:/Qt/6.10.1/mingw_64/include/QtSvg -ID:/Qt/6.10.1/mingw_64/include/QtGui -ID:/Qt/6.10.1/mingw_64/include/QtTest -ID:/Qt/6.10.1/mingw_64/include/QtCore -Imoc -I/include -ID:/Qt/6.10.1/mingw_64/mkspecs/win32-g++  -o obj\\test_diagrampath.o test_diagrampath.cpp\n\n找不到 C:\\Users\\lenovo\\Desktop\\Diagramscene_ultima-syz\\tests\\generated\\moc\\moc_diagramscene.cpp\n找不到 C:\\Users\\lenovo\\Desktop\\Diagramscene_ultima-syz\\tests\\generated\\moc\\moc_predefs.h\n找不到 C:\\Users\\lenovo\\Desktop\\Diagramscene_ultima-syz\\tests\\generated\\moc\\moc_diagramscene.cpp\n找不到 C:\\Users\\lenovo\\Desktop\\Diagramscene_ultima-syz\\tests\\generated\\moc\\test_diagramitem.moc\n找不到 C:\\Users\\lenovo\\Desktop\\Diagramscene_ultima-syz\\tests\\generated\\obj\\test_diagramitem.o\ntest_diagrampath.cpp: In member function 'void TestDiagramPath::testQuadFunction()':\ntest_diagrampath.cpp:21:69: error: 'Top' is not a member of 'DiagramItem::TransformState'\n   21 |     DiagramPath path(nullptr, nullptr, DiagramItem::TransformState::Top, DiagramItem::TransformState::Bottom, nullptr);\n      |                                                                     ^~~\ntest_diagrampath.cpp:21:103: error: 'Bottom' is not a member of 'DiagramItem::TransformState'\n   21 |     DiagramPath path(nullptr, nullptr, DiagramItem::TransformState::Top, DiagramItem::TransformState::Bottom, nullptr);\n      |                                                                                                       ^~~~~~\ntest_diagrampath.cpp: In member function 'void TestDiagramPath::testConstructor()':\ntest_diagrampath.cpp:42:70: error: 'Top' is not a member of 'DiagramItem::TransformState'\n   42 |                                         DiagramItem::TransformState::Top,\n      |                                                                      ^~~\ntest_diagrampath.cpp:43:70: error: 'Bottom' is not a member of 'DiagramItem::TransformState'\n   43 |                                         DiagramItem::TransformState::Bottom,\n      |                                                                      ^~~~~~\ntest_diagrampath.cpp: In member function 'void TestDiagramPath::testUpdatePath()':\ntest_diagrampath.cpp:57:51: error: 'Top' is not a member of 'DiagramItem::TransformState'\n   57 |                      DiagramItem::TransformState::Top,\n      |                                                   ^~~\ntest_diagrampath.cpp:58:51: error: 'Bottom' is not a member of 'DiagramItem::TransformState'\n   58 |                      DiagramItem::TransformState::Bottom,\n      |                                                   ^~~~~~\ntest_diagrampath.cpp: In member function 'void TestDiagramPath::testDrawHead()':\ntest_diagrampath.cpp:74:51: error: 'Top' is not a member of 'DiagramItem::TransformState'\n   74 |                      DiagramItem::TransformState::Top,\n      |                                                   ^~~\ntest_diagrampath.cpp:75:51: error: 'Bottom' is not a member of 'DiagramItem::TransformState'\n   75 |                      DiagramItem::TransformState::Bottom,\n      |                                                   ^~~~~~\nmingw32-make: *** [Makefile.Debug:2792: obj/test_diagrampath.o] Error 1\n",
      "file": null,
      "line": null,
      "rule_id": null,
      "evidence": {}
    },
    {
      "category": "testgen",
      "severity": "info",
      "title": "已生成 QtTest：2 个文件，共约 4 个用例",
      "details": "生成文件明细：\ntests/generated/test_diagrampath.cpp (4 cases)\ntests/generated/tests.pro (0 cases)",
      "file": null,
      "line": null,
      "rule_id": null,
      "evidence": {}
    },
    {
      "category": "tests",
      "severity": "error",
      "title": "测试命令执行失败",
      "details": "mingw32-make -f Makefile.Release clean\nmingw32-make[1]: Entering directory 'C:/Users/lenovo/Desktop/Diagramscene_ultima-syz/tests/generated'\ndel moc\\moc_predefs.h\ndel moc\\moc_diagramscene.cpp moc\\moc_diagramtextitem.cpp moc\\moc_findreplacedialog.cpp moc\\moc_mainwindow.cpp\ndel moc\\test_diagramitem.moc moc\\test_diagrampath.moc\ndel obj\\test_diagramitem.o obj\\test_diagrampath.o obj\\test_runner_main.o obj\\arrow.o obj\\diagramitem.o obj\\diagramitemgroup.o obj\\diagrampath.o obj\\diagramscene.o obj\\diagramtextitem.o obj\\findreplacedialog.o obj\\mainwindow.o obj\\moc_diagramscene.o obj\\moc_diagramtextitem.o obj\\moc_findreplacedialog.o obj\\moc_mainwindow.o\nmingw32-make[1]: Leaving directory 'C:/Users/lenovo/Desktop/Diagramscene_ultima-syz/tests/generated'\nmingw32-make -f Makefile.Debug clean\nmingw32-make[1]: Entering directory 'C:/Users/lenovo/Desktop/Diagramscene_ultima-syz/tests/generated'\ndel moc\\moc_predefs.h\ndel moc\\moc_diagramscene.cpp moc\\moc_diagramtextitem.cpp moc\\moc_findreplacedialog.cpp moc\\moc_mainwindow.cpp\ndel moc\\test_diagramitem.moc moc\\test_diagrampath.moc\ndel obj\\test_diagramitem.o obj\\test_diagrampath.o obj\\test_runner_main.o obj\\arrow.o obj\\diagramitem.o obj\\diagramitemgroup.o obj\\diagrampath.o obj\\diagramscene.o obj\\diagramtextitem.o obj\\findreplacedialog.o obj\\mainwindow.o obj\\moc_diagramscene.o obj\\moc_diagramtextitem.o obj\\moc_findreplacedialog.o obj\\moc_mainwindow.o\nmingw32-make[1]: Leaving directory 'C:/Users/lenovo/Desktop/Diagramscene_ultima-syz/tests/generated'\ng++ -fno-keep-inline-dllexport --coverage -g -Wall -Wextra -Wextra -dM -E -o moc\\moc_predefs.h D:\\Qt\\6.10.1\\mingw_64\\mkspecs\\features\\data\\dummy.cpp\nD:\\Qt\\6.10.1\\mingw_64\\bin\\moc.exe -DUNICODE -D_UNICODE -DWIN32 -DMINGW_HAS_SECURE_API=1 -DQT_WIDGETS_LIB -DQT_SVG_LIB -DQT_GUI_LIB -DQT_TESTLIB_LIB -DQT_CORE_LIB -DQT_TESTCASE_BUILDDIR=\"\\\"C:/Users/lenovo/Desktop/Diagramscene_ultima-syz/tests/generated\\\"\" --include C:/Users/lenovo/Desktop/Diagramscene_ultima-syz/tests/generated/moc/moc_predefs.h -ID:/Qt/6.10.1/mingw_64/mkspecs/win32-g++ -IC:/Users/lenovo/Desktop/Diagramscene_ultima-syz/tests/generated -IC:/Users/lenovo/Desktop/Diagramscene_ultima-syz -ID:/Qt/6.10.1/mingw_64/include -ID:/Qt/6.10.1/mingw_64/include/QtWidgets -ID:/Qt/6.10.1/mingw_64/include/QtSvg -ID:/Qt/6.10.1/mingw_64/include/QtGui -ID:/Qt/6.10.1/mingw_64/include/QtTest -ID:/Qt/6.10.1/mingw_64/include/QtCore -ID:/Qt/Tools/mingw1310_64/lib/gcc/x86_64-w64-mingw32/13.1.0/include/c++ -ID:/Qt/Tools/mingw1310_64/lib/gcc/x86_64-w64-mingw32/13.1.0/include/c++/x86_64-w64-mingw32 -ID:/Qt/Tools/mingw1310_64/lib/gcc/x86_64-w64-mingw32/13.1.0/include/c++/backward -ID:/Qt/Tools/mingw1310_64/lib/gcc/x86_64-w64-mingw32/13.1.0/include -ID:/Qt/Tools/mingw1310_64/lib/gcc/x86_64-w64-mingw32/13.1.0/include-fixed -ID:/Qt/Tools/mingw1310_64/x86_64-w64-mingw32/include test_diagramitem.cpp -o moc\\test_diagramitem.moc\ng++ -c -fno-keep-inline-dllexport --coverage -g -Wall -Wextra -Wextra -fexceptions -mthreads -DUNICODE -D_UNICODE -DWIN32 -DMINGW_HAS_SECURE_API=1 -DQT_WIDGETS_LIB -DQT_SVG_LIB -DQT_GUI_LIB -DQT_TESTLIB_LIB -DQT_CORE_LIB -DQT_TESTCASE_BUILDDIR=\"\\\"C:/Users/lenovo/Desktop/Diagramscene_ultima-syz/tests/generated\\\"\" -I. -I../../../Diagramscene_ultima-syz -ID:/Qt/6.10.1/mingw_64/include -ID:/Qt/6.10.1/mingw_64/include/QtWidgets -ID:/Qt/6.10.1/mingw_64/include/QtSvg -ID:/Qt/6.10.1/mingw_64/include/QtGui -ID:/Qt/6.10.1/mingw_64/include/QtTest -ID:/Qt/6.10.1/mingw_64/include/QtCore -Imoc -I/include -ID:/Qt/6.10.1/mingw_64/mkspecs/win32-g++  -o obj\\test_diagramitem.o test_diagramitem.cpp\nD:\\Qt\\6.10.1\\mingw_64\\bin\\moc.exe -DUNICODE -D_UNICODE -DWIN32 -DMINGW_HAS_SECURE_API=1 -DQT_WIDGETS_LIB -DQT_SVG_LIB -DQT_GUI_LIB -DQT_TESTLIB_LIB -DQT_CORE_LIB -DQT_TESTCASE_BUILDDIR=\"\\\"C:/Users/lenovo/Desktop/Diagramscene_ultima-syz/tests/generated\\\"\" --include C:/Users/lenovo/Desktop/Diagramscene_ultima-syz/tests/generated/moc/moc_predefs.h -ID:/Qt/6.10.1/mingw_64/mkspecs/win32-g++ -IC:/Users/lenovo/Desktop/Diagramscene_ultima-syz/tests/generated -IC:/Users/lenovo/Desktop/Diagramscene_ultima-syz -ID:/Qt/6.10.1/mingw_64/include -ID:/Qt/6.10.1/mingw_64/include/QtWidgets -ID:/Qt/6.10.1/mingw_64/include/QtSvg -ID:/Qt/6.10.1/mingw_64/include/QtGui -ID:/Qt/6.10.1/mingw_64/include/QtTest -ID:/Qt/6.10.1/mingw_64/include/QtCore -ID:/Qt/Tools/mingw1310_64/lib/gcc/x86_64-w64-mingw32/13.1.0/include/c++ -ID:/Qt/Tools/mingw1310_64/lib/gcc/x86_64-w64-mingw32/13.1.0/include/c++/x86_64-w64-mingw32 -ID:/Qt/Tools/mingw1310_64/lib/gcc/x86_64-w64-mingw32/13.1.0/include/c++/backward -ID:/Qt/Tools/mingw1310_64/lib/gcc/x86_64-w64-mingw32/13.1.0/include -ID:/Qt/Tools/mingw1310_64/lib/gcc/x86_64-w64-mingw32/13.1.0/include-fixed -ID:/Qt/Tools/mingw1310_64/x86_64-w64-mingw32/include test_diagrampath.cpp -o moc\\test_diagrampath.moc\ng++ -c -fno-keep-inline-dllexport --coverage -g -Wall -Wextra -Wextra -fexceptions -mthreads -DUNICODE -D_UNICODE -DWIN32 -DMINGW_HAS_SECURE_API=1 -DQT_WIDGETS_LIB -DQT_SVG_LIB -DQT_GUI_LIB -DQT_TESTLIB_LIB -DQT_CORE_LIB -DQT_TESTCASE_BUILDDIR=\"\\\"C:/Users/lenovo/Desktop/Diagramscene_ultima-syz/tests/generated\\\"\" -I. -I../../../Diagramscene_ultima-syz -ID:/Qt/6.10.1/mingw_64/include -ID:/Qt/6.10.1/mingw_64/include/QtWidgets -ID:/Qt/6.10.1/mingw_64/include/QtSvg -ID:/Qt/6.10.1/mingw_64/include/QtGui -ID:/Qt/6.10.1/mingw_64/include/QtTest -ID:/Qt/6.10.1/mingw_64/include/QtCore -Imoc -I/include -ID:/Qt/6.10.1/mingw_64/mkspecs/win32-g++  -o obj\\test_diagrampath.o test_diagrampath.cpp\n\n找不到 C:\\Users\\lenovo\\Desktop\\Diagramscene_ultima-syz\\tests\\generated\\moc\\moc_diagramscene.cpp\n找不到 C:\\Users\\lenovo\\Desktop\\Diagramscene_ultima-syz\\tests\\generated\\moc\\moc_predefs.h\n找不到 C:\\Users\\lenovo\\Desktop\\Diagramscene_ultima-syz\\tests\\generated\\moc\\moc_diagramscene.cpp\n找不到 C:\\Users\\lenovo\\Desktop\\Diagramscene_ultima-syz\\tests\\generated\\moc\\test_diagramitem.moc\n找不到 C:\\Users\\lenovo\\Desktop\\Diagramscene_ultima-syz\\tests\\generated\\obj\\test_diagramitem.o\ntest_diagrampath.cpp: In member function 'void TestDiagramPath::testQuadFunction()':\ntest_diagrampath.cpp:21:69: error: 'Top' is not a member of 'DiagramItem::TransformState'\n   21 |     DiagramPath path(nullptr, nullptr, DiagramItem::TransformState::Top, DiagramItem::TransformState::Bottom, nullptr);\n      |                                                                     ^~~\ntest_diagrampath.cpp:21:103: error: 'Bottom' is not a member of 'DiagramItem::TransformState'\n   21 |     DiagramPath path(nullptr, nullptr, DiagramItem::TransformState::Top, DiagramItem::TransformState::Bottom, nullptr);\n      |                                                                                                       ^~~~~~\nmingw32-make: *** [Makefile.Debug:2792: obj/test_diagrampath.o] Error 1\n",
      "file": null,
      "line": null,
      "rule_id": null,
      "evidence": {}
    },
    {
      "category": "testgen",
      "severity": "info",
      "title": "已生成 QtTest：2 个文件，共约 4 个用例",
      "details": "生成文件明细：\ntests/generated/test_diagrampath.cpp (4 cases)\ntests/generated/tests.pro (0 cases)",
      "file": null,
      "line": null,
      "rule_id": null,
      "evidence": {}
    },
    {
      "category": "tests",
      "severity": "error",
      "title": "测试命令执行失败",
      "details": "mingw32-make -f Makefile.Release clean\nmingw32-make[1]: Entering directory 'C:/Users/lenovo/Desktop/Diagramscene_ultima-syz/tests/generated'\ndel moc\\moc_predefs.h\ndel moc\\moc_diagramscene.cpp moc\\moc_diagramtextitem.cpp moc\\moc_findreplacedialog.cpp moc\\moc_mainwindow.cpp\ndel moc\\test_diagramitem.moc moc\\test_diagrampath.moc\ndel obj\\test_diagramitem.o obj\\test_diagrampath.o obj\\test_runner_main.o obj\\arrow.o obj\\diagramitem.o obj\\diagramitemgroup.o obj\\diagrampath.o obj\\diagramscene.o obj\\diagramtextitem.o obj\\findreplacedialog.o obj\\mainwindow.o obj\\moc_diagramscene.o obj\\moc_diagramtextitem.o obj\\moc_findreplacedialog.o obj\\moc_mainwindow.o\nmingw32-make[1]: Leaving directory 'C:/Users/lenovo/Desktop/Diagramscene_ultima-syz/tests/generated'\nmingw32-make -f Makefile.Debug clean\nmingw32-make[1]: Entering directory 'C:/Users/lenovo/Desktop/Diagramscene_ultima-syz/tests/generated'\ndel moc\\moc_predefs.h\ndel moc\\moc_diagramscene.cpp moc\\moc_diagramtextitem.cpp moc\\moc_findreplacedialog.cpp moc\\moc_mainwindow.cpp\ndel moc\\test_diagramitem.moc moc\\test_diagrampath.moc\ndel obj\\test_diagramitem.o obj\\test_diagrampath.o obj\\test_runner_main.o obj\\arrow.o obj\\diagramitem.o obj\\diagramitemgroup.o obj\\diagrampath.o obj\\diagramscene.o obj\\diagramtextitem.o obj\\findreplacedialog.o obj\\mainwindow.o obj\\moc_diagramscene.o obj\\moc_diagramtextitem.o obj\\moc_findreplacedialog.o obj\\moc_mainwindow.o\nmingw32-make[1]: Leaving directory 'C:/Users/lenovo/Desktop/Diagramscene_ultima-syz/tests/generated'\ng++ -fno-keep-inline-dllexport --coverage -g -Wall -Wextra -Wextra -dM -E -o moc\\moc_predefs.h D:\\Qt\\6.10.1\\mingw_64\\mkspecs\\features\\data\\dummy.cpp\nD:\\Qt\\6.10.1\\mingw_64\\bin\\moc.exe -DUNICODE -D_UNICODE -DWIN32 -DMINGW_HAS_SECURE_API=1 -DQT_WIDGETS_LIB -DQT_SVG_LIB -DQT_GUI_LIB -DQT_TESTLIB_LIB -DQT_CORE_LIB -DQT_TESTCASE_BUILDDIR=\"\\\"C:/Users/lenovo/Desktop/Diagramscene_ultima-syz/tests/generated\\\"\" --include C:/Users/lenovo/Desktop/Diagramscene_ultima-syz/tests/generated/moc/moc_predefs.h -ID:/Qt/6.10.1/mingw_64/mkspecs/win32-g++ -IC:/Users/lenovo/Desktop/Diagramscene_ultima-syz/tests/generated -IC:/Users/lenovo/Desktop/Diagramscene_ultima-syz -ID:/Qt/6.10.1/mingw_64/include -ID:/Qt/6.10.1/mingw_64/include/QtWidgets -ID:/Qt/6.10.1/mingw_64/include/QtSvg -ID:/Qt/6.10.1/mingw_64/include/QtGui -ID:/Qt/6.10.1/mingw_64/include/QtTest -ID:/Qt/6.10.1/mingw_64/include/QtCore -ID:/Qt/Tools/mingw1310_64/lib/gcc/x86_64-w64-mingw32/13.1.0/include/c++ -ID:/Qt/Tools/mingw1310_64/lib/gcc/x86_64-w64-mingw32/13.1.0/include/c++/x86_64-w64-mingw32 -ID:/Qt/Tools/mingw1310_64/lib/gcc/x86_64-w64-mingw32/13.1.0/include/c++/backward -ID:/Qt/Tools/mingw1310_64/lib/gcc/x86_64-w64-mingw32/13.1.0/include -ID:/Qt/Tools/mingw1310_64/lib/gcc/x86_64-w64-mingw32/13.1.0/include-fixed -ID:/Qt/Tools/mingw1310_64/x86_64-w64-mingw32/include test_diagramitem.cpp -o moc\\test_diagramitem.moc\ng++ -c -fno-keep-inline-dllexport --coverage -g -Wall -Wextra -Wextra -fexceptions -mthreads -DUNICODE -D_UNICODE -DWIN32 -DMINGW_HAS_SECURE_API=1 -DQT_WIDGETS_LIB -DQT_SVG_LIB -DQT_GUI_LIB -DQT_TESTLIB_LIB -DQT_CORE_LIB -DQT_TESTCASE_BUILDDIR=\"\\\"C:/Users/lenovo/Desktop/Diagramscene_ultima-syz/tests/generated\\\"\" -I. -I../../../Diagramscene_ultima-syz -ID:/Qt/6.10.1/mingw_64/include -ID:/Qt/6.10.1/mingw_64/include/QtWidgets -ID:/Qt/6.10.1/mingw_64/include/QtSvg -ID:/Qt/6.10.1/mingw_64/include/QtGui -ID:/Qt/6.10.1/mingw_64/include/QtTest -ID:/Qt/6.10.1/mingw_64/include/QtCore -Imoc -I/include -ID:/Qt/6.10.1/mingw_64/mkspecs/win32-g++  -o obj\\test_diagramitem.o test_diagramitem.cpp\nD:\\Qt\\6.10.1\\mingw_64\\bin\\moc.exe -DUNICODE -D_UNICODE -DWIN32 -DMINGW_HAS_SECURE_API=1 -DQT_WIDGETS_LIB -DQT_SVG_LIB -DQT_GUI_LIB -DQT_TESTLIB_LIB -DQT_CORE_LIB -DQT_TESTCASE_BUILDDIR=\"\\\"C:/Users/lenovo/Desktop/Diagramscene_ultima-syz/tests/generated\\\"\" --include C:/Users/lenovo/Desktop/Diagramscene_ultima-syz/tests/generated/moc/moc_predefs.h -ID:/Qt/6.10.1/mingw_64/mkspecs/win32-g++ -IC:/Users/lenovo/Desktop/Diagramscene_ultima-syz/tests/generated -IC:/Users/lenovo/Desktop/Diagramscene_ultima-syz -ID:/Qt/6.10.1/mingw_64/include -ID:/Qt/6.10.1/mingw_64/include/QtWidgets -ID:/Qt/6.10.1/mingw_64/include/QtSvg -ID:/Qt/6.10.1/mingw_64/include/QtGui -ID:/Qt/6.10.1/mingw_64/include/QtTest -ID:/Qt/6.10.1/mingw_64/include/QtCore -ID:/Qt/Tools/mingw1310_64/lib/gcc/x86_64-w64-mingw32/13.1.0/include/c++ -ID:/Qt/Tools/mingw1310_64/lib/gcc/x86_64-w64-mingw32/13.1.0/include/c++/x86_64-w64-mingw32 -ID:/Qt/Tools/mingw1310_64/lib/gcc/x86_64-w64-mingw32/13.1.0/include/c++/backward -ID:/Qt/Tools/mingw1310_64/lib/gcc/x86_64-w64-mingw32/13.1.0/include -ID:/Qt/Tools/mingw1310_64/lib/gcc/x86_64-w64-mingw32/13.1.0/include-fixed -ID:/Qt/Tools/mingw1310_64/x86_64-w64-mingw32/include test_diagrampath.cpp -o moc\\test_diagrampath.moc\ng++ -c -fno-keep-inline-dllexport --coverage -g -Wall -Wextra -Wextra -fexceptions -mthreads -DUNICODE -D_UNICODE -DWIN32 -DMINGW_HAS_SECURE_API=1 -DQT_WIDGETS_LIB -DQT_SVG_LIB -DQT_GUI_LIB -DQT_TESTLIB_LIB -DQT_CORE_LIB -DQT_TESTCASE_BUILDDIR=\"\\\"C:/Users/lenovo/Desktop/Diagramscene_ultima-syz/tests/generated\\\"\" -I. -I../../../Diagramscene_ultima-syz -ID:/Qt/6.10.1/mingw_64/include -ID:/Qt/6.10.1/mingw_64/include/QtWidgets -ID:/Qt/6.10.1/mingw_64/include/QtSvg -ID:/Qt/6.10.1/mingw_64/include/QtGui -ID:/Qt/6.10.1/mingw_64/include/QtTest -ID:/Qt/6.10.1/mingw_64/include/QtCore -Imoc -I/include -ID:/Qt/6.10.1/mingw_64/mkspecs/win32-g++  -o obj\\test_diagrampath.o test_diagrampath.cpp\n\n找不到 C:\\Users\\lenovo\\Desktop\\Diagramscene_ultima-syz\\tests\\generated\\moc\\moc_diagramscene.cpp\n找不到 C:\\Users\\lenovo\\Desktop\\Diagramscene_ultima-syz\\tests\\generated\\moc\\moc_predefs.h\n找不到 C:\\Users\\lenovo\\Desktop\\Diagramscene_ultima-syz\\tests\\generated\\moc\\moc_diagramscene.cpp\n找不到 C:\\Users\\lenovo\\Desktop\\Diagramscene_ultima-syz\\tests\\generated\\moc\\test_diagramitem.moc\n找不到 C:\\Users\\lenovo\\Desktop\\Diagramscene_ultima-syz\\tests\\generated\\obj\\test_diagramitem.o\ntest_diagrampath.cpp: In member function 'void TestDiagramPath::testQuadFunction()':\ntest_diagrampath.cpp:21:69: error: 'Top' is not a member of 'DiagramItem::TransformState'\n   21 |     DiagramPath path(nullptr, nullptr, DiagramItem::TransformState::Top, DiagramItem::TransformState::Bottom, nullptr);\n      |                                                                     ^~~\ntest_diagrampath.cpp:21:103: error: 'Bottom' is not a member of 'DiagramItem::TransformState'\n   21 |     DiagramPath path(nullptr, nullptr, DiagramItem::TransformState::Top, DiagramItem::TransformState::Bottom, nullptr);\n      |                                                                                                       ^~~~~~\ntest_diagrampath.cpp: In member function 'void TestDiagramPath::testConstructor()':\ntest_diagrampath.cpp:41:75: error: 'Top' is not a member of 'DiagramItem::TransformState'\n   41 |     DiagramItem::TransformState startState = DiagramItem::TransformState::Top;\n      |                                                                           ^~~\ntest_diagrampath.cpp:42:73: error: 'Bottom' is not a member of 'DiagramItem::TransformState'\n   42 |     DiagramItem::TransformState endState = DiagramItem::TransformState::Bottom;\n      |                                                                         ^~~~~~\nIn file included from D:/Qt/6.10.1/mingw_64/include/QtTest/qtesteventloop.h:8,\n                 from D:/Qt/6.10.1/mingw_64/include/QtTest/qsignalspy.h:10,\n                 from D:/Qt/6.10.1/mingw_64/include/QtTest/QtTest:10,\n                 from test_diagrampath.cpp:1:\ntest_diagrampath.cpp:46:27: error: expression cannot be used as a function\n   46 |     QVERIFY(path.startItem() == startItem);\n      |             ~~~~~~~~~~~~~~^~\nD:/Qt/6.10.1/mingw_64/include/QtTest/qtestcase.h:67:43: note: in definition of macro 'QVERIFY'\n   67 |     if (!QTest::qVerify(static_cast<bool>(statement), #statement, \"\", __FILE__, __LINE__))\\\n      |                                           ^~~~~~~~~\ntest_diagrampath.cpp:47:25: error: expression cannot be used as a function\n   47 |     QVERIFY(path.endItem() == endItem);\n      |             ~~~~~~~~~~~~^~\nD:/Qt/6.10.1/mingw_64/include/QtTest/qtestcase.h:67:43: note: in definition of macro 'QVERIFY'\n   67 |     if (!QTest::qVerify(static_cast<bool>(statement), #statement, \"\", __FILE__, __LINE__))\\\n      |                                           ^~~~~~~~~\ntest_diagrampath.cpp:48:28: error: expression cannot be used as a function\n   48 |     QVERIFY(path.startState() == startState);\n      |             ~~~~~~~~~~~~~~~^~\nD:/Qt/6.10.1/mingw_64/include/QtTest/qtestcase.h:67:43: note: in definition of macro 'QVERIFY'\n   67 |     if (!QTest::qVerify(static_cast<bool>(statement), #statement, \"\", __FILE__, __LINE__))\\\n      |                                           ^~~~~~~~~\ntest_diagrampath.cpp:49:26: error: expression cannot be used as a function\n   49 |     QVERIFY(path.endState() == endState);\n      |             ~~~~~~~~~~~~~^~\nD:/Qt/6.10.1/mingw_\n...(truncated)...\n",
      "file": null,
      "line": null,
      "rule_id": null,
      "evidence": {}
    }
  ]
}