{
  "stage": "single_file_loop",
  "project_root": "C:\\Users\\lenovo\\Desktop\\Diagramscene_ultima-syz",
  "created_at": "20251229_231550",
  "meta": {
    "mode": "single_file_loop",
    "retries": 4
  },
  "findings": [
    {
      "category": "testgen",
      "severity": "warning",
      "title": "生成文件失败: tests/generated/tests.pro",
      "details": "Failed to obtain valid JSON after 3 attempts: JSON appears truncated (no closing bracket found). depth=2, partial content length=23827\nLast response preview: ```json\n{\n    \"schema\": \"single_file\",\n    \"files\": [\n        {\n            \"name\": \"tests/generated/tests.pro\",\n            \"content\": \"QT += testlib widgets svg\\nTEMPLATE = app\\nCONFIG += console\\nCONFIG -= app_bundle\\nCONFIG += c++17\\n\\nSOURCES += \\\\\\n    tst_diagramitem.cpp\\n\\nINCLUDEPATH += ..\\n\\nHEADERS += \\\\\\n    ../diagramitem.h \\\\\\n    ../arrow.h \\\\\\n    ../diagramtextitem.h \\\\\\n    ../diagrampath.h\\n\\nDEFINES += SRCDIR=\\\\\\\"$$PWD/..\\\\\\\"\"\n        },\n        {\n            \"name\": \"tst_diagramitem.cpp\",\n            \"content\": \"#include <QtTest>\\n#include <QApplication>\\n#include <QMenu>\\n#include <QGraphicsScene>\\n#include <QGraphicsSceneMouseEvent>\\n#include <QGraphicsSceneHoverEvent>\\n#include <QGraphicsSceneContextMenuEvent>\\n#include <QPainter>\\n#include <QImage>\\n#include <QStyleOptionGraphicsItem>\\n#include <QTransform>\\n#include <QPolygonF>\\n#include <QList>\\n#include <QMap>\\n#include <QJsonObject>\\n#include <QBrush>\\n#include <QGraphicsPixmapItem>\\n#include <QTextDocument>\\n#include <QPainterPath>\\n#include <QGraphicsLineItem>\\n#include <QGraphicsTextItem>\\n#include <QGraphicsPathItem>\\n\\n#define private public\\n#define protected public\\n#include \\\"../diagramitem.h\\\"\\n#include \\\"../arrow.h\\\"\\n#include \\\"../diagramtextitem.h\\\"\\n#include \\\"../diagrampath.h\\\"\\n#undef private\\n#undef protected\\n\\nclass TestableDiagramItem : public DiagramItem\\n{\\npublic:\\n    using DiagramItem::myPolygon;\\n    using DiagramItem::myContextMenu;\\n    using DiagramItem::arrows;\\n    using DiagramItem::m_border;\\n    using DiagramItem::m_grapSize;\\n    using DiagramItem::m_minSize;\\n    using DiagramItem::isHover;\\n    using DiagramItem::isChange;\\n    using DiagramItem::m_tfState;\\n    using DiagramItem::pathes;\\n    using DiagramItem::marks;\\n    using DiagramItem::textItem;\\n    using DiagramItem::DiagramItem;\\n    using DiagramItem::contextMenuEvent;\\n    using DiagramItem::itemChange;\\n    using DiagramItem::hoverMoveEvent;\\n    using DiagramItem::mouseMoveEvent;\\n    usi",
      "file": null,
      "line": null,
      "rule_id": null,
      "evidence": {}
    },
    {
      "category": "testgen",
      "severity": "info",
      "title": "已生成 QtTest：2 个文件，共约 31 个用例",
      "details": "生成文件明细：\ntests/generated/test_diagramitem.cpp (31 cases)\ntests/generated/tests.pro (0 cases)",
      "file": null,
      "line": null,
      "rule_id": null,
      "evidence": {}
    },
    {
      "category": "tests",
      "severity": "error",
      "title": "测试命令执行失败",
      "details": "D:\\Qt\\6.10.1\\mingw_64\\bin\\moc.exe -DUNICODE -D_UNICODE -DWIN32 -DMINGW_HAS_SECURE_API=1 -DQT_WIDGETS_LIB -DQT_SVG_LIB -DQT_GUI_LIB -DQT_TESTLIB_LIB -DQT_CORE_LIB -DQT_NEEDS_QMAIN -DQT_TESTCASE_BUILDDIR=\"\\\"C:/Users/lenovo/Desktop/Diagramscene_ultima-syz/tests/generated\\\"\" --include C:/Users/lenovo/Desktop/Diagramscene_ultima-syz/tests/generated/debug/moc_predefs.h -ID:/Qt/6.10.1/mingw_64/mkspecs/win32-g++ -IC:/Users/lenovo/Desktop/Diagramscene_ultima-syz/tests/generated -IC:/Users/lenovo/Desktop/Diagramscene_ultima-syz -ID:/Qt/6.10.1/mingw_64/include -ID:/Qt/6.10.1/mingw_64/include/QtWidgets -ID:/Qt/6.10.1/mingw_64/include/QtSvg -ID:/Qt/6.10.1/mingw_64/include/QtGui -ID:/Qt/6.10.1/mingw_64/include/QtTest -ID:/Qt/6.10.1/mingw_64/include/QtCore -ID:/Qt/Tools/mingw1310_64/lib/gcc/x86_64-w64-mingw32/13.1.0/include/c++ -ID:/Qt/Tools/mingw1310_64/lib/gcc/x86_64-w64-mingw32/13.1.0/include/c++/x86_64-w64-mingw32 -ID:/Qt/Tools/mingw1310_64/lib/gcc/x86_64-w64-mingw32/13.1.0/include/c++/backward -ID:/Qt/Tools/mingw1310_64/lib/gcc/x86_64-w64-mingw32/13.1.0/include -ID:/Qt/Tools/mingw1310_64/lib/gcc/x86_64-w64-mingw32/13.1.0/include-fixed -ID:/Qt/Tools/mingw1310_64/x86_64-w64-mingw32/include test_diagramitem.cpp -o debug\\test_diagramitem.moc\ng++ -c -fno-keep-inline-dllexport --coverage -g -Wall -Wextra -Wextra -fexceptions -mthreads -DUNICODE -D_UNICODE -DWIN32 -DMINGW_HAS_SECURE_API=1 -DQT_WIDGETS_LIB -DQT_SVG_LIB -DQT_GUI_LIB -DQT_TESTLIB_LIB -DQT_CORE_LIB -DQT_NEEDS_QMAIN -DQT_TESTCASE_BUILDDIR=\"\\\"C:/Users/lenovo/Desktop/Diagramscene_ultima-syz/tests/generated\\\"\" -I. -I../.. -ID:/Qt/6.10.1/mingw_64/include -ID:/Qt/6.10.1/mingw_64/include/QtWidgets -ID:/Qt/6.10.1/mingw_64/include/QtSvg -ID:/Qt/6.10.1/mingw_64/include/QtGui -ID:/Qt/6.10.1/mingw_64/include/QtTest -ID:/Qt/6.10.1/mingw_64/include/QtCore -Idebug -I/include -ID:/Qt/6.10.1/mingw_64/mkspecs/win32-g++  -o debug\\test_diagramitem.o test_diagramitem.cpp\ng++ -c -fno-keep-inline-dllexport --coverage -g -Wall -Wextra -Wextra -fexceptions -mthreads -DUNICODE -D_UNICODE -DWIN32 -DMINGW_HAS_SECURE_API=1 -DQT_WIDGETS_LIB -DQT_SVG_LIB -DQT_GUI_LIB -DQT_TESTLIB_LIB -DQT_CORE_LIB -DQT_NEEDS_QMAIN -DQT_TESTCASE_BUILDDIR=\"\\\"C:/Users/lenovo/Desktop/Diagramscene_ultima-syz/tests/generated\\\"\" -I. -I../.. -ID:/Qt/6.10.1/mingw_64/include -ID:/Qt/6.10.1/mingw_64/include/QtWidgets -ID:/Qt/6.10.1/mingw_64/include/QtSvg -ID:/Qt/6.10.1/mingw_64/include/QtGui -ID:/Qt/6.10.1/mingw_64/include/QtTest -ID:/Qt/6.10.1/mingw_64/include/QtCore -Idebug -I/include -ID:/Qt/6.10.1/mingw_64/mkspecs/win32-g++  -o debug\\snapshotcommand.o ..\\..\\snapshotcommand.cpp\ng++ --coverage -Wl,-subsystem,console -mthreads -o debug\\tests.exe @debug\\object_script.tests.Debug D:\\Qt\\6.10.1\\mingw_64\\lib\\libQt6Widgets.a D:\\Qt\\6.10.1\\mingw_64\\lib\\libQt6Svg.a D:\\Qt\\6.10.1\\mingw_64\\lib\\libQt6Gui.a D:\\Qt\\6.10.1\\mingw_64\\lib\\libQt6Test.a D:\\Qt\\6.10.1\\mingw_64\\lib\\libQt6Core.a -lmingw32 D:\\Qt\\6.10.1\\mingw_64\\lib\\libQt6EntryPoint.a -lshell32  \n********* Start testing of TestDiagramItem *********\nConfig: Using QtTest library 6.10.1, Qt 6.10.1 (x86_64-little_endian-llp64 shared (dynamic) release build; by GCC 13.1.0), windows 11\nPASS   : TestDiagramItem::initTestCase()\nPASS   : TestDiagramItem::testConstructor()\nPASS   : TestDiagramItem::testConstructorWithDifferentTypes()\nPASS   : TestDiagramItem::testBoundingRect()\nPASS   : TestDiagramItem::testBoundingRectWithRotation()\nPASS   : TestDiagramItem::testBoundingRectAfterSizeChange()\nPASS   : TestDiagramItem::testSetBrush()\nPASS   : TestDiagramItem::testSetFixedSize()\nFAIL!  : TestDiagramItem::testSetFixedSizeWithMinimum() Compared values are not the same\n   Actual   (item->m_grapSize): QSizeF(30x30)\n   Expected (item->m_minSize) : QSizeF(40x40)\ntest_diagramitem.cpp(212) : failure location\nPASS   : TestDiagramItem::testRotationAngle()\nPASS   : TestDiagramItem::testRotationAngleBoundary()\nPASS   : TestDiagramItem::testMousePressEvent()\nPASS   : TestDiagramItem::testMouseReleaseEvent()\nFAIL!  : TestDiagramItem::testMouseMoveEvent() 'event.isAccepted()' returned FALSE. ()\ntest_diagramitem.cpp(269) : failure location\nPASS   : TestDiagramItem::testHoverEnterEvent()\nPASS   : TestDiagramItem::testHoverLeaveEvent()\nPASS   : TestDiagramItem::testHoverMoveEvent()\nPASS   : TestDiagramItem::testContextMenuEvent()\nFAIL!  : TestDiagramItem::testPaintStartEnd() 'hasContent' returned FALSE. ()\ntest_diagramitem.cpp(346) : failure location\nFAIL!  : TestDiagramItem::testPaintConditional() '!conditionalItem->myPolygon.isEmpty()' returned FALSE. ()\ntest_diagramitem.cpp(367) : failure location\nFAIL!  : TestDiagramItem::testPaintStep() 'hasContent' returned FALSE. ()\ntest_diagramitem.cpp(396) : failure location\nPASS   : TestDiagramItem::testPaintIo()\nFAIL!  : TestDiagramItem::testPaintWithDifferentColors() 'hasContent' returned FALSE. ()\ntest_diagramitem.cpp(443) : failure location\nFAIL!  : TestDiagramItem::testPaintWithRotation() 'hasContent' returned FALSE. ()\ntest_diagramitem.cpp(469) : failure location\nPASS   : TestDiagramItem::testTextItemInitialization()\nPASS   : TestDiagramItem::testTextItemPosition()\nPASS   : TestDiagramItem::testFlags()\nPASS   : TestDiagramItem::testAcceptHoverEvents()\nPASS   : TestDiagramItem::testAddArrow()\nPASS   : TestDiagramItem::testRemoveArrow()\nPASS   : TestDiagramItem::testUpdateArrows()\nPASS   : TestDiagramItem::testItemChange()\nPASS   : TestDiagramItem::cleanupTestCase()\nTotals: 26 passed, 7 failed, 0 skipped, 0 blacklisted, 36ms\n********* Finished testing of TestDiagramItem *********\n\n",
      "file": null,
      "line": null,
      "rule_id": null,
      "evidence": {}
    },
    {
      "category": "testgen",
      "severity": "warning",
      "title": "生成文件失败: tests/generated/test_diagramitem.cpp",
      "details": "Failed to obtain valid JSON after 3 attempts: JSON appears truncated (no closing bracket found). depth=2, partial content length=25301\nLast response preview: ```json\n{\n    \"schema\": \"qt_test\",\n    \"files\": [\n        {\n            \"name\": \"test_diagramitem.cpp\",\n            \"content\": \"#include <QtTest>\\n#include <QGraphicsScene>\\n#include <QGraphicsView>\\n#include <QMenu>\\n#include <QPainter>\\n#include <QStyleOptionGraphicsItem>\\n#include <QGraphicsSceneMouseEvent>\\n#include <QGraphicsSceneHoverEvent>\\n#include <QGraphicsSceneContextMenuEvent>\\n#include <QImage>\\n#include <QTransform>\\n#include <QBrush>\\n#include <QColor>\\n#include <QPolygonF>\\n#include <QList>\\n#include <QMap>\\n#include <QJsonObject>\\n#include <QGraphicsPixmapItem>\\n#include <QGraphicsTextItem>\\n#include <QGraphicsPathItem>\\n#include <QPainterPath>\\n#include <QGraphicsLineItem>\\n#include <QGraphicsItem>\\n#include <QGraphicsScene>\\n#include <QGraphicsView>\\n#include <QApplication>\\n#include <QTest>\\n#include <QSignalSpy>\\n#include <QTimer>\\n#include <QDebug>\\n\\n#define private public\\n#define protected public\\n#include \\\"diagramitem.h\\\"\\n#include \\\"arrow.h\\\"\\n#include \\\"diagramtextitem.h\\\"\\n#include \\\"diagrampath.h\\\"\\n#undef private\\n#undef protected\\n\\nclass TestDiagramItem : public QObject\\n{\\n    Q_OBJECT\\n\\nprivate slots:\\n    void initTestCase();\\n    void cleanupTestCase();\\n    void init();\\n    void cleanup();\\n    \\n    void testConstructor();\\n    void testConstructorWithDifferentTypes();\\n    void testBoundingRect();\\n    void testBoundingRectWithRotation();\\n    void testBoundingRectAfterSizeChange();\\n    void testSetBrush();\\n    void testSetFixedSize();\\n    void testSetFixedSizeWithMinimum();\\n    void testSetRotationAngle();\\n    void testRotationAngle();\\n    void testMousePressEvent();\\n    void testMouseReleaseEvent();\\n    void testMouseMoveEvent();\\n    void testHoverEnterEvent();\\n    void testHoverLeaveEvent();\\n    void testHoverMoveEvent();\\n    void testContextMenuEvent();\\n    void testPaintStartEnd();\\n    void testPaintConditional();\\n    void testPaintStep();\\n    void testPaintCircular();\\n    void testPaintDocument();\\n  ",
      "file": null,
      "line": null,
      "rule_id": null,
      "evidence": {}
    },
    {
      "category": "testgen",
      "severity": "info",
      "title": "已生成 QtTest：2 个文件，共约 36 个用例",
      "details": "生成文件明细：\ntests/generated/test_diagramitem.cpp (36 cases)\ntests/generated/tests.pro (0 cases)",
      "file": null,
      "line": null,
      "rule_id": null,
      "evidence": {}
    },
    {
      "category": "tests",
      "severity": "error",
      "title": "测试命令执行失败",
      "details": "D:\\Qt\\6.10.1\\mingw_64\\bin\\moc.exe -DUNICODE -D_UNICODE -DWIN32 -DMINGW_HAS_SECURE_API=1 -DQT_WIDGETS_LIB -DQT_SVG_LIB -DQT_GUI_LIB -DQT_TESTLIB_LIB -DQT_CORE_LIB -DQT_NEEDS_QMAIN -DQT_TESTCASE_BUILDDIR=\"\\\"C:/Users/lenovo/Desktop/Diagramscene_ultima-syz/tests/generated\\\"\" --include C:/Users/lenovo/Desktop/Diagramscene_ultima-syz/tests/generated/debug/moc_predefs.h -ID:/Qt/6.10.1/mingw_64/mkspecs/win32-g++ -IC:/Users/lenovo/Desktop/Diagramscene_ultima-syz/tests/generated -IC:/Users/lenovo/Desktop/Diagramscene_ultima-syz -ID:/Qt/6.10.1/mingw_64/include -ID:/Qt/6.10.1/mingw_64/include/QtWidgets -ID:/Qt/6.10.1/mingw_64/include/QtSvg -ID:/Qt/6.10.1/mingw_64/include/QtGui -ID:/Qt/6.10.1/mingw_64/include/QtTest -ID:/Qt/6.10.1/mingw_64/include/QtCore -ID:/Qt/Tools/mingw1310_64/lib/gcc/x86_64-w64-mingw32/13.1.0/include/c++ -ID:/Qt/Tools/mingw1310_64/lib/gcc/x86_64-w64-mingw32/13.1.0/include/c++/x86_64-w64-mingw32 -ID:/Qt/Tools/mingw1310_64/lib/gcc/x86_64-w64-mingw32/13.1.0/include/c++/backward -ID:/Qt/Tools/mingw1310_64/lib/gcc/x86_64-w64-mingw32/13.1.0/include -ID:/Qt/Tools/mingw1310_64/lib/gcc/x86_64-w64-mingw32/13.1.0/include-fixed -ID:/Qt/Tools/mingw1310_64/x86_64-w64-mingw32/include test_diagramitem.cpp -o debug\\test_diagramitem.moc\ng++ -c -fno-keep-inline-dllexport --coverage -g -Wall -Wextra -Wextra -fexceptions -mthreads -DUNICODE -D_UNICODE -DWIN32 -DMINGW_HAS_SECURE_API=1 -DQT_WIDGETS_LIB -DQT_SVG_LIB -DQT_GUI_LIB -DQT_TESTLIB_LIB -DQT_CORE_LIB -DQT_NEEDS_QMAIN -DQT_TESTCASE_BUILDDIR=\"\\\"C:/Users/lenovo/Desktop/Diagramscene_ultima-syz/tests/generated\\\"\" -I. -I../.. -ID:/Qt/6.10.1/mingw_64/include -ID:/Qt/6.10.1/mingw_64/include/QtWidgets -ID:/Qt/6.10.1/mingw_64/include/QtSvg -ID:/Qt/6.10.1/mingw_64/include/QtGui -ID:/Qt/6.10.1/mingw_64/include/QtTest -ID:/Qt/6.10.1/mingw_64/include/QtCore -Idebug -I/include -ID:/Qt/6.10.1/mingw_64/mkspecs/win32-g++  -o debug\\test_diagramitem.o test_diagramitem.cpp\ng++ --coverage -Wl,-subsystem,console -mthreads -o debug\\tests.exe @debug\\object_script.tests.Debug D:\\Qt\\6.10.1\\mingw_64\\lib\\libQt6Widgets.a D:\\Qt\\6.10.1\\mingw_64\\lib\\libQt6Svg.a D:\\Qt\\6.10.1\\mingw_64\\lib\\libQt6Gui.a D:\\Qt\\6.10.1\\mingw_64\\lib\\libQt6Test.a D:\\Qt\\6.10.1\\mingw_64\\lib\\libQt6Core.a -lmingw32 D:\\Qt\\6.10.1\\mingw_64\\lib\\libQt6EntryPoint.a -lshell32  \n********* Start testing of TestDiagramItem *********\nConfig: Using QtTest library 6.10.1, Qt 6.10.1 (x86_64-little_endian-llp64 shared (dynamic) release build; by GCC 13.1.0), windows 11\nPASS   : TestDiagramItem::initTestCase()\nPASS   : TestDiagramItem::testConstructor()\nPASS   : TestDiagramItem::testConstructorWithDifferentTypes()\nPASS   : TestDiagramItem::testBoundingRect()\nPASS   : TestDiagramItem::testBoundingRectWithRotation()\nPASS   : TestDiagramItem::testBoundingRectAfterSizeChange()\nPASS   : TestDiagramItem::testSetBrush()\nPASS   : TestDiagramItem::testSetFixedSize()\nFAIL!  : TestDiagramItem::testSetFixedSizeWithInvalidValues() 'item->m_grapSize.width() >= item->m_minSize.width()' returned FALSE. ()\ntest_diagramitem.cpp(203) : failure location\nPASS   : TestDiagramItem::testRotationAngle()\nPASS   : TestDiagramItem::testRotationAngleBoundary()\nPASS   : TestDiagramItem::testMousePressEvent()\nPASS   : TestDiagramItem::testMouseReleaseEvent()\nFAIL!  : TestDiagramItem::testMouseMoveEvent() 'event.isAccepted()' returned FALSE. ()\ntest_diagramitem.cpp(258) : failure location\nPASS   : TestDiagramItem::testHoverEnterEvent()\nPASS   : TestDiagramItem::testHoverLeaveEvent()\nPASS   : TestDiagramItem::testHoverMoveEvent()\nPASS   : TestDiagramItem::testContextMenuEvent()\nFAIL!  : TestDiagramItem::testPaintStartEndType() 'hasContent' returned FALSE. ()\ntest_diagramitem.cpp(327) : failure location\nFAIL!  : TestDiagramItem::testPaintConditionalType() 'hasContent' returned FALSE. ()\ntest_diagramitem.cpp(355) : failure location\nFAIL!  : TestDiagramItem::testPaintWithDifferentColors() 'image1 != image2' returned FALSE. ()\ntest_diagramitem.cpp(381) : failure location\nFAIL!  : TestDiagramItem::testPaintWithDifferentSizes() 'image1 != image2' returned FALSE. ()\ntest_diagramitem.cpp(404) : failure location\nFAIL!  : TestDiagramItem::testPaintWithRotation() 'image1 != image2' returned FALSE. ()\ntest_diagramitem.cpp(427) : failure location\nPASS   : TestDiagramItem::testTextItemInitialization()\nPASS   : TestDiagramItem::testTextItemPosition()\nPASS   : TestDiagramItem::testTextItemParentRelationship()\nPASS   : TestDiagramItem::testItemFlags()\nPASS   : TestDiagramItem::testAcceptHoverEvents()\nPASS   : TestDiagramItem::testItemInScene()\nPASS   : TestDiagramItem::testItemSelection()\nFAIL!  : TestDiagramItem::testItemFocus() 'item->hasFocus()' returned FALSE. ()\ntest_diagramitem.cpp(507) : failure location\nFAIL!  : TestDiagramItem::testMinimumSize() 'item->m_grapSize.width() >= item->m_minSize.width()' returned FALSE. ()\ntest_diagramitem.cpp(522) : failure location\nPASS   : TestDiagramItem::testBorderValue()\nPASS   : TestDiagramItem::testDiagramTypeProperty()\nFAIL!  : TestDiagramItem::testTypeSpecificPainting() 'image1 != image2' returned FALSE. ()\ntest_diagramitem.cpp(570) : failure location\nPASS   : TestDiagramItem::testPaintPerformance()\nRESULT : TestDiagramItem::testPaintPerformance():\n     0.013 msecs per iteration (total: 56, iterations: 4096)\nPASS   : TestDiagramItem::testBoundingRectPerformance()\nRESULT : TestDiagramItem::testBoundingRectPerformance():\n     0.042 msecs per iteration (total: 87, iterations: 2048)\nPASS   : TestDiagramItem::cleanupTestCase()\nTotals: 28 passed, 10 failed, 0 skipped, 0 blacklisted, 560ms\n********* Finished testing of TestDiagramItem *********\n\n",
      "file": null,
      "line": null,
      "rule_id": null,
      "evidence": {}
    },
    {
      "category": "testgen",
      "severity": "warning",
      "title": "生成文件失败: tests/generated/test_diagramitem.cpp",
      "details": "Failed to obtain valid JSON after 3 attempts: JSON appears truncated (no closing bracket found). depth=2, partial content length=32195\nLast response preview: ```json\n{\n    \"schema\": \"qt_test\",\n    \"files\": [\n        {\n            \"name\": \"test_diagramitem.cpp\",\n            \"content\": \"#include <QtTest>\\n#include <QGraphicsScene>\\n#include <QGraphicsView>\\n#include <QPainter>\\n#include <QImage>\\n#include <QStyleOptionGraphicsItem>\\n#include <QGraphicsSceneMouseEvent>\\n#include <QGraphicsSceneHoverEvent>\\n#include <QGraphicsSceneContextMenuEvent>\\n#include <QMenu>\\n#include <QSignalSpy>\\n#include <QBrush>\\n#include <QPolygonF>\\n#include <QTransform>\\n#include <QGraphicsTextItem>\\n#include <QTextDocument>\\n#include <QFocusEvent>\\n#include <QGraphicsSceneMouseEvent>\\n#include <QGraphicsSceneContextMenuEvent>\\n#include <QGraphicsSceneHoverEvent>\\n#include <QGraphicsSceneMouseEvent>\\n#include <QGraphicsSceneContextMenuEvent>\\n#include <QGraphicsSceneHoverEvent>\\n#include <QGraphicsSceneMouseEvent>\\n#include <QGraphicsSceneContextMenuEvent>\\n#include <QGraphicsSceneHoverEvent>\\n#include <QGraphicsSceneMouseEvent>\\n#include <QGraphicsSceneContextMenuEvent>\\n#include <QGraphicsSceneHoverEvent>\\n#include <QGraphicsSceneMouseEvent>\\n#include <QGraphicsSceneContextMenuEvent>\\n#include <QGraphicsSceneHoverEvent>\\n#include <QGraphicsSceneMouseEvent>\\n#include <QGraphicsSceneContextMenuEvent>\\n#include <QGraphicsSceneHoverEvent>\\n#include <QGraphicsSceneMouseEvent>\\n#include <QGraphicsSceneContextMenuEvent>\\n#include <QGraphicsSceneHoverEvent>\\n#include <QGraphicsSceneMouseEvent>\\n#include <QGraphicsSceneContextMenuEvent>\\n#include <QGraphicsSceneHoverEvent>\\n#include <QGraphicsSceneMouseEvent>\\n#include <QGraphicsSceneContextMenuEvent>\\n#include <QGraphicsSceneHoverEvent>\\n#include <QGraphicsSceneMouseEvent>\\n#include <QGraphicsSceneContextMenuEvent>\\n#include <QGraphicsSceneHoverEvent>\\n#include <QGraphicsSceneMouseEvent>\\n#include <QGraphicsSceneContextMenuEvent>\\n#include <QGraphicsSceneHoverEvent>\\n#include <QGraphicsSceneMouseEvent>\\n#include <QGraphicsSceneContextMenuEvent>\\n#include <QGraphicsSceneHoverEvent>\\n#include <QGraphi",
      "file": null,
      "line": null,
      "rule_id": null,
      "evidence": {}
    },
    {
      "category": "testgen",
      "severity": "warning",
      "title": "生成文件失败: tests/generated/tests.pro",
      "details": "Failed to obtain valid JSON after 3 attempts: JSON appears truncated (no closing bracket found). depth=2, partial content length=26124\nLast response preview: ```json\n{\n    \"schema\": \"qt_test\",\n    \"files\": [\n        {\n            \"name\": \"tests.pro\",\n            \"content\": \"QT += testlib widgets svg\\nTEMPLATE = app\\nCONFIG += console\\nCONFIG -= app_bundle\\nCONFIG += testcase\\n\\nSOURCES += test_diagramitem.cpp \\\\\\n           ../../diagramitem.cpp \\\\\\n           ../../arrow.cpp \\\\\\n           ../../diagramtextitem.cpp \\\\\\n           ../../diagrampath.cpp\\n\\nHEADERS += ../../diagramitem.h \\\\\\n           ../../arrow.h \\\\\\n           ../../diagramtextitem.h \\\\\\n           ../../diagrampath.h\\n\\nINCLUDEPATH += ../..\\n\\nDEFINES += SRCDIR=\\\\\\\"$$PWD/../..\\\\\\\"\"\n        },\n        {\n            \"name\": \"test_diagramitem.cpp\",\n            \"content\": \"#include <QtTest>\\n#include <QGraphicsScene>\\n#include <QGraphicsView>\\n#include <QPainter>\\n#include <QImage>\\n#include <QStyleOptionGraphicsItem>\\n#include <QGraphicsSceneMouseEvent>\\n#include <QGraphicsSceneHoverEvent>\\n#include <QGraphicsSceneContextMenuEvent>\\n#include <QMenu>\\n#include <QSignalSpy>\\n#include <QBrush>\\n#include <QPolygonF>\\n#include <QTransform>\\n#include <QGraphicsTextItem>\\n#include <QFocusEvent>\\n#include <QGraphicsSceneContextMenuEvent>\\n#include <QGraphicsScene>\\n#include <QGraphicsView>\\n#include <QApplication>\\n#include <QStyle>\\n\\n#define private public\\n#define protected public\\n#include \\\"diagramitem.h\\\"\\n#undef private\\n#undef protected\\n\\nclass TestDiagramItem : public QObject\\n{\\n    Q_OBJECT\\n\\nprivate slots:\\n    void initTestCase();\\n    void cleanupTestCase();\\n    void init();\\n    void cleanup();\\n    \\n    void testConstructor();\\n    void testConstructorWithDifferentTypes();\\n    void testBoundingRect();\\n    void testBoundingRectWithRotation();\\n    void testBoundingRectAfterSizeChange();\\n    void testSetBrush();\\n    void testSetFixedSize();\\n    void testSetFixedSizeWithInvalidValues();\\n    void testRotationAngle();\\n    void testRotationAngleBoundary();\\n    void testMousePressEvent();\\n    void testMouseReleaseEvent();\\n    void testMous",
      "file": null,
      "line": null,
      "rule_id": null,
      "evidence": {}
    },
    {
      "category": "testgen",
      "severity": "info",
      "title": "已生成 QtTest：2 个文件，共约 40 个用例",
      "details": "生成文件明细：\ntests/generated/test_diagramitem.cpp (40 cases)\ntests/generated/tests.pro (0 cases)",
      "file": null,
      "line": null,
      "rule_id": null,
      "evidence": {}
    },
    {
      "category": "tests",
      "severity": "error",
      "title": "测试命令执行失败",
      "details": "D:\\Qt\\6.10.1\\mingw_64\\bin\\moc.exe -DUNICODE -D_UNICODE -DWIN32 -DMINGW_HAS_SECURE_API=1 -DQT_WIDGETS_LIB -DQT_SVG_LIB -DQT_GUI_LIB -DQT_TESTLIB_LIB -DQT_CORE_LIB -DQT_NEEDS_QMAIN -DQT_TESTCASE_BUILDDIR=\"\\\"C:/Users/lenovo/Desktop/Diagramscene_ultima-syz/tests/generated\\\"\" --include C:/Users/lenovo/Desktop/Diagramscene_ultima-syz/tests/generated/debug/moc_predefs.h -ID:/Qt/6.10.1/mingw_64/mkspecs/win32-g++ -IC:/Users/lenovo/Desktop/Diagramscene_ultima-syz/tests/generated -IC:/Users/lenovo/Desktop/Diagramscene_ultima-syz -ID:/Qt/6.10.1/mingw_64/include -ID:/Qt/6.10.1/mingw_64/include/QtWidgets -ID:/Qt/6.10.1/mingw_64/include/QtSvg -ID:/Qt/6.10.1/mingw_64/include/QtGui -ID:/Qt/6.10.1/mingw_64/include/QtTest -ID:/Qt/6.10.1/mingw_64/include/QtCore -ID:/Qt/Tools/mingw1310_64/lib/gcc/x86_64-w64-mingw32/13.1.0/include/c++ -ID:/Qt/Tools/mingw1310_64/lib/gcc/x86_64-w64-mingw32/13.1.0/include/c++/x86_64-w64-mingw32 -ID:/Qt/Tools/mingw1310_64/lib/gcc/x86_64-w64-mingw32/13.1.0/include/c++/backward -ID:/Qt/Tools/mingw1310_64/lib/gcc/x86_64-w64-mingw32/13.1.0/include -ID:/Qt/Tools/mingw1310_64/lib/gcc/x86_64-w64-mingw32/13.1.0/include-fixed -ID:/Qt/Tools/mingw1310_64/x86_64-w64-mingw32/include test_diagramitem.cpp -o debug\\test_diagramitem.moc\ng++ -c -fno-keep-inline-dllexport --coverage -g -Wall -Wextra -Wextra -fexceptions -mthreads -DUNICODE -D_UNICODE -DWIN32 -DMINGW_HAS_SECURE_API=1 -DQT_WIDGETS_LIB -DQT_SVG_LIB -DQT_GUI_LIB -DQT_TESTLIB_LIB -DQT_CORE_LIB -DQT_NEEDS_QMAIN -DQT_TESTCASE_BUILDDIR=\"\\\"C:/Users/lenovo/Desktop/Diagramscene_ultima-syz/tests/generated\\\"\" -I. -I../.. -ID:/Qt/6.10.1/mingw_64/include -ID:/Qt/6.10.1/mingw_64/include/QtWidgets -ID:/Qt/6.10.1/mingw_64/include/QtSvg -ID:/Qt/6.10.1/mingw_64/include/QtGui -ID:/Qt/6.10.1/mingw_64/include/QtTest -ID:/Qt/6.10.1/mingw_64/include/QtCore -Idebug -I/include -ID:/Qt/6.10.1/mingw_64/mkspecs/win32-g++  -o debug\\test_diagramitem.o test_diagramitem.cpp\n\nIn file included from D:/Qt/Tools/mingw1310_64/lib/gcc/x86_64-w64-mingw32/13.1.0/include/c++/bits/quoted_string.h:38,\n                 from D:/Qt/Tools/mingw1310_64/lib/gcc/x86_64-w64-mingw32/13.1.0/include/c++/iomanip:47,\n                 from D:/Qt/Tools/mingw1310_64/lib/gcc/x86_64-w64-mingw32/13.1.0/include/c++/bits/fs_path.h:38,\n                 from D:/Qt/Tools/mingw1310_64/lib/gcc/x86_64-w64-mingw32/13.1.0/include/c++/filesystem:47,\n                 from D:/Qt/6.10.1/mingw_64/include/QtCore/qfile.h:14,\n                 from D:/Qt/6.10.1/mingw_64/include/QtCore/qdir.h:11,\n                 from D:/Qt/6.10.1/mingw_64/include/QtCore/QtCore:91,\n                 from D:/Qt/6.10.1/mingw_64/include/QtTest/QtTestDepends:3,\n                 from D:/Qt/6.10.1/mingw_64/include/QtTest/QtTest:3,\n                 from test_diagramitem.cpp:4:\nD:/Qt/Tools/mingw1310_64/lib/gcc/x86_64-w64-mingw32/13.1.0/include/c++/sstream:457:7: error: 'struct std::__cxx11::basic_stringbuf<_CharT, _Traits, _Alloc>::__xfer_bufptrs' redeclared with different access\n  457 |       struct __xfer_bufptrs\n      |       ^~~~~~\nIn file included from D:/Qt/6.10.1/mingw_64/include/QtTest/qtesteventloop.h:8,\n                 from D:/Qt/6.10.1/mingw_64/include/QtTest/qsignalspy.h:10,\n                 from D:/Qt/6.10.1/mingw_64/include/QtTest/QtTest:10:\ntest_diagramitem.cpp: In member function 'void TestDiagramItem::testConstructor()':\ntest_diagramitem.cpp:135:24: error: 'QMenu* DiagramItem::myContextMenu' is private within this context\n  135 |     QCOMPARE(testItem->myContextMenu, contextMenu);\n      |                        ^~~~~~~~~~~~~\nD:/Qt/6.10.1/mingw_64/include/QtTest/qtestcase.h:90:26: note: in definition of macro 'QCOMPARE'\n   90 |     if (!QTest::qCompare(actual, expected, #actual, #expected, __FILE__, __LINE__))\\\n      |                          ^~~~~~\nIn file included from test_diagramitem.cpp:19:\n../../diagramitem.h:106:12: note: declared private here\n  106 |     QMenu *myContextMenu;\n      |            ^~~~~~~~~~~~~\ntest_diagramitem.cpp:136:24: error: 'qreal DiagramItem::m_rotationAngle' is private within this context\n  136 |     QCOMPARE(testItem->m_rotationAngle, 0.0);\n      |                        ^~~~~~~~~~~~~~~\nD:/Qt/6.10.1/mingw_64/include/QtTest/qtestcase.h:90:26: note: in definition of macro 'QCOMPARE'\n   90 |     if (!QTest::qCompare(actual, expected, #actual, #expected, __FILE__, __LINE__))\\\n      |                          ^~~~~~\n../../diagramitem.h:104:11: note: declared private here\n  104 |     qreal m_rotationAngle;  // 鐢ㄤ簬瀛樺偍褰撳墠鍥惧厓鐨勬棆杞�瑙掑害\n      |           ^~~~~~~~~~~~~~~\ntest_diagramitem.cpp:137:24: error: 'qreal DiagramItem::m_border' is private within this context\n  137 |     QCOMPARE(testItem->m_border, 5);\n      |                        ^~~~~~~~\nD:/Qt/6.10.1/mingw_64/include/QtTest/qtestcase.h:90:26: note: in definition of macro 'QCOMPARE'\n   90 |     if (!QTest::qCompare(actual, expected, #actual, #expected, __FILE__, __LINE__))\\\n      |                          ^~~~~~\n../../diagramitem.h:109:11: note: declared private here\n  109 |     qreal m_border;\n      |           ^~~~~~~~\ntest_diagramitem.cpp:138:24: error: 'QSizeF DiagramItem::m_grapSize' is private within this context\n  138 |     QCOMPARE(testItem->m_grapSize, QSizeF(150, 100));\n      |                        ^~~~~~~~~~\nD:/Qt/6.10.1/mingw_64/include/QtTest/qtestcase.h:90:26: note: in definition of macro 'QCOMPARE'\n   90 |     if (!QTest::qCompare(actual, expected, #actual, #expected, __FILE__, __LINE__))\\\n      |                          ^~~~~~\n../../diagramitem.h:110:12: note: declared private here\n  110 |     QSizeF m_grapSize;   //boundingrect灏哄��\n      |            ^~~~~~~~~~\ntest_diagramitem.cpp:139:24: error: 'QSizeF DiagramItem::m_minSize' is private within this context\n  139 |     QCOMPARE(testItem->m_minSize, QSizeF(40, 40));\n      |                        ^~~~~~~~~\nD:/Qt/6.10.1/mingw_64/include/QtTest/qtestcase.h:90:26: note: in definition of macro 'QCOMPARE'\n   90 |     if (!QTest::qCompare(actual, expected, #actual, #expected, __FILE__, __LINE__))\\\n      |                          ^~~~~~\n../../diagramitem.h:111:12: note: declared private here\n  111 |     QSizeF m_minSize;    //鏈�灏忓昂瀵�\n      |            ^~~~~~~~~\ntest_diagramitem.cpp: In member function 'void TestDiagramItem::testBoundingRectWithRotation()':\ntest_diagramitem.cpp:185:11: error: 'qreal DiagramItem::m_rotationAngle' is private within this context\n  185 |     item->m_rotationAngle = 45.0;\n      |           ^~~~~~~~~~~~~~~\n../../diagramitem.h:104:11: note: declared private here\n  104 |     qreal m_rotationAngle;  // 鐢ㄤ簬瀛樺偍褰撳墠鍥惧厓鐨勬棆杞�瑙掑害\n      |           ^~~~~~~~~~~~~~~\ntest_diagramitem.cpp:188:11: error: 'qreal DiagramItem::m_rotationAngle' is private within this context\n  188 |     item->m_rotationAngle = 0.0;\n      |           ^~~~~~~~~~~~~~~\n../../diagramitem.h:104:11: note: declared private here\n  104 |     qreal m_rotationAngle;  // 鐢ㄤ簬瀛樺偍褰撳墠鍥惧厓鐨勬棆杞�瑙掑害\n      |           ^~~~~~~~~~~~~~~\ntest_diagramitem.cpp: In member function 'void TestDiagramItem::testSetFixedSize()':\ntest_diagramitem.cpp:234:33: error: 'QSizeF DiagramItem::m_grapSize' is private within this context\n  234 |     QSizeF originalSize = item->m_grapSize;\n      |                                 ^~~~~~~~~~\n../../diagramitem.h:110:12: note: declared private here\n  110 |     QSizeF m_grapSize;   //boundingrect灏哄��\n      |            ^~~~~~~~~~\ntest_diagramitem.cpp:240:20: error: 'QSizeF DiagramItem::m_grapSize' is private within this context\n  240 |     QCOMPARE(item->m_grapSize, newSize);\n      |                    ^~~~~~~~~~\nD:/Qt/6.10.1/mingw_64/include/QtTest/qtestcase.h:90:26: note: in definition of macro 'QCOMPARE'\n   90 |     if (!QTest::qCompare(actual, expected, #actual, #expected, __FILE__, __LINE__))\\\n      |                          ^~~~~~\n../../diagramitem.h:110:12: note: declared private here\n  110 |     QSizeF m_grapSize;   //boundingrect灏哄��\n      |            ^~~~~~~~~~\ntest_diagramitem.cpp:241:19: error: 'QSizeF DiagramItem::m_grapSize' is private within this context\n  241 |     QVERIFY(item->m_grapSize != originalSize);\n      |                   ^~~~~~~~~~\nD:/Qt/6.10.1/mingw_64/include/QtTest/qtestcase.h:67:43: note: in definition of macro 'QVERIFY'\n   67 |     if (!QTest::qVerify(static_cast<bool>(statement), #statement, \"\", __FILE__, __LINE__))\\\n      |                                           ^~~~~~~~~\n../../diagramitem.h:110:12: note: declared private here\n  110 |     QSizeF m_grapSize;   //boundingrect灏哄��\n      |            ^~~~~~~~~~\ntest_diagramitem.cpp: In member function 'void TestDiagramItem::testRotationAngle()':\ntest_diagramitem.cpp:269:11: error: 'qreal DiagramItem::m_rotationAngle' is private within this context\n  269 |     item->m_rotationAngle = 30.0;\n      |           ^~~~~~~~~~~~~~~\n../../diagramitem.h:104:11: note: declared private here\n  104 |     qreal m_rotationAngle;  // 鐢ㄤ簬瀛樺偍褰撳墠鍥惧厓鐨勬棆杞�瑙掑害\n      |           ^~~~~~~~~~~~~~~\ntest_diagramitem.cpp:270:20: error: 'qreal DiagramItem:\n...(truncated)...\n",
      "file": null,
      "line": null,
      "rule_id": null,
      "evidence": {}
    },
    {
      "category": "testgen",
      "severity": "error",
      "title": "批次 1/1 批量生成失败",
      "details": "Failed to obtain valid JSON after 3 attempts: JSON appears truncated (no closing bracket found). depth=1, partial content length=32792\nLast response preview: [\n  {\n    \"path\": \"tests/generated/test_diagramitem.cpp\",\n    \"content\": \"#include <QtTest>\\n#include <QGraphicsScene>\\n#include <QGraphicsView>\\n#include <QMenu>\\n#include <QPainter>\\n#include <QStyleOptionGraphicsItem>\\n#include <QGraphicsSceneMouseEvent>\\n#include <QGraphicsSceneHoverEvent>\\n#include <QGraphicsSceneContextMenuEvent>\\n#include <QImage>\\n#include <QTransform>\\n\\n#define private public\\n#define protected public\\n#include \\\"diagramitem.h\\\"\\n#include \\\"arrow.h\\\"\\n#include \\\"diagramtextitem.h\\\"\\n#include \\\"diagrampath.h\\\"\\n#include \\\"diagramscene.h\\\"\\n#undef private\\n#undef protected\\n\\nclass TestDiagramItem : public QObject\\n{\\n    Q_OBJECT\\n\\nprivate slots:\\n    void initTestCase();\\n    void cleanupTestCase();\\n    void init();\\n    void cleanup();\\n    \\n    void testConstructor();\\n    void testBoundingRect();\\n    void testSetBrush();\\n    void testSetFixedSize();\\n    void testPaint();\\n    void testMousePressEvent();\\n    void testMouseMoveEvent();\\n    void testMouseReleaseEvent();\\n    void testHoverEnterEvent();\\n    void testHoverLeaveEvent();\\n    void testHoverMoveEvent();\\n    void testContextMenuEvent();\\n    void testItemChange();\\n    void testRotationAngle();\\n    void testTextItem();\\n    void testDiagramType();\\n    void testBorder();\\n    void testGrapSize();\\n    void testMinSize();\\n    void testColor();\\n    void testFlags();\\n    void testAcceptHoverEvents();\\n    void testPaintStartEnd();\\n    void testPaintConditional();\\n    void testPaintStep();\\n    void testPaintIo();\\n    void testPaintPath();\\n    void testPaintDefault();\\n    void testPrepareGeometryChange();\\n    void testUpdate();\\n    void testScenePos();\\n    void testTransform();\\n    void testMapToScene();\\n    void testMapFromScene();\\n    void testContains();\\n    void testIsObscured();\\n    void testOpacity();\\n    void testZValue();\\n    void testSetSelected();\\n    void testSetFocus();\\n    void testAdvance();\\n    void testShape();\\n    void testCollidesWi",
      "file": null,
      "line": null,
      "rule_id": null,
      "evidence": {}
    },
    {
      "category": "testgen",
      "severity": "info",
      "title": "已生成 QtTest：1 个文件，共约 0 个用例",
      "details": "生成文件明细：\ntests/generated/tests.pro (0 cases)",
      "file": null,
      "line": null,
      "rule_id": null,
      "evidence": {}
    },
    {
      "category": "tests",
      "severity": "error",
      "title": "测试命令执行失败",
      "details": "g++ -c -fno-keep-inline-dllexport --coverage -g -Wall -Wextra -Wextra -fexceptions -mthreads -DUNICODE -D_UNICODE -DWIN32 -DMINGW_HAS_SECURE_API=1 -DQT_WIDGETS_LIB -DQT_SVG_LIB -DQT_GUI_LIB -DQT_TESTLIB_LIB -DQT_CORE_LIB -DQT_NEEDS_QMAIN -DQT_TESTCASE_BUILDDIR=\"\\\"C:/Users/lenovo/Desktop/Diagramscene_ultima-syz/tests/generated\\\"\" -I. -I../.. -ID:/Qt/6.10.1/mingw_64/include -ID:/Qt/6.10.1/mingw_64/include/QtWidgets -ID:/Qt/6.10.1/mingw_64/include/QtSvg -ID:/Qt/6.10.1/mingw_64/include/QtGui -ID:/Qt/6.10.1/mingw_64/include/QtTest -ID:/Qt/6.10.1/mingw_64/include/QtCore -Idebug -I/include -ID:/Qt/6.10.1/mingw_64/mkspecs/win32-g++  -o debug\\test_diagramitem.o test_diagramitem.cpp\n\nIn file included from D:/Qt/Tools/mingw1310_64/lib/gcc/x86_64-w64-mingw32/13.1.0/include/c++/bits/quoted_string.h:38,\n                 from D:/Qt/Tools/mingw1310_64/lib/gcc/x86_64-w64-mingw32/13.1.0/include/c++/iomanip:47,\n                 from D:/Qt/Tools/mingw1310_64/lib/gcc/x86_64-w64-mingw32/13.1.0/include/c++/bits/fs_path.h:38,\n                 from D:/Qt/Tools/mingw1310_64/lib/gcc/x86_64-w64-mingw32/13.1.0/include/c++/filesystem:47,\n                 from D:/Qt/6.10.1/mingw_64/include/QtCore/qfile.h:14,\n                 from D:/Qt/6.10.1/mingw_64/include/QtCore/qdir.h:11,\n                 from D:/Qt/6.10.1/mingw_64/include/QtCore/QtCore:91,\n                 from D:/Qt/6.10.1/mingw_64/include/QtTest/QtTestDepends:3,\n                 from D:/Qt/6.10.1/mingw_64/include/QtTest/QtTest:3,\n                 from test_diagramitem.cpp:4:\nD:/Qt/Tools/mingw1310_64/lib/gcc/x86_64-w64-mingw32/13.1.0/include/c++/sstream:457:7: error: 'struct std::__cxx11::basic_stringbuf<_CharT, _Traits, _Alloc>::__xfer_bufptrs' redeclared with different access\n  457 |       struct __xfer_bufptrs\n      |       ^~~~~~\nIn file included from D:/Qt/6.10.1/mingw_64/include/QtTest/qtesteventloop.h:8,\n                 from D:/Qt/6.10.1/mingw_64/include/QtTest/qsignalspy.h:10,\n                 from D:/Qt/6.10.1/mingw_64/include/QtTest/QtTest:10:\ntest_diagramitem.cpp: In member function 'void TestDiagramItem::testConstructor()':\ntest_diagramitem.cpp:135:24: error: 'QMenu* DiagramItem::myContextMenu' is private within this context\n  135 |     QCOMPARE(testItem->myContextMenu, contextMenu);\n      |                        ^~~~~~~~~~~~~\nD:/Qt/6.10.1/mingw_64/include/QtTest/qtestcase.h:90:26: note: in definition of macro 'QCOMPARE'\n   90 |     if (!QTest::qCompare(actual, expected, #actual, #expected, __FILE__, __LINE__))\\\n      |                          ^~~~~~\nIn file included from test_diagramitem.cpp:19:\n../../diagramitem.h:106:12: note: declared private here\n  106 |     QMenu *myContextMenu;\n      |            ^~~~~~~~~~~~~\ntest_diagramitem.cpp:136:24: error: 'qreal DiagramItem::m_rotationAngle' is private within this context\n  136 |     QCOMPARE(testItem->m_rotationAngle, 0.0);\n      |                        ^~~~~~~~~~~~~~~\nD:/Qt/6.10.1/mingw_64/include/QtTest/qtestcase.h:90:26: note: in definition of macro 'QCOMPARE'\n   90 |     if (!QTest::qCompare(actual, expected, #actual, #expected, __FILE__, __LINE__))\\\n      |                          ^~~~~~\n../../diagramitem.h:104:11: note: declared private here\n  104 |     qreal m_rotationAngle;  // 鐢ㄤ簬瀛樺偍褰撳墠鍥惧厓鐨勬棆杞�瑙掑害\n      |           ^~~~~~~~~~~~~~~\ntest_diagramitem.cpp:137:24: error: 'qreal DiagramItem::m_border' is private within this context\n  137 |     QCOMPARE(testItem->m_border, 5);\n      |                        ^~~~~~~~\nD:/Qt/6.10.1/mingw_64/include/QtTest/qtestcase.h:90:26: note: in definition of macro 'QCOMPARE'\n   90 |     if (!QTest::qCompare(actual, expected, #actual, #expected, __FILE__, __LINE__))\\\n      |                          ^~~~~~\n../../diagramitem.h:109:11: note: declared private here\n  109 |     qreal m_border;\n      |           ^~~~~~~~\ntest_diagramitem.cpp:138:24: error: 'QSizeF DiagramItem::m_grapSize' is private within this context\n  138 |     QCOMPARE(testItem->m_grapSize, QSizeF(150, 100));\n      |                        ^~~~~~~~~~\nD:/Qt/6.10.1/mingw_64/include/QtTest/qtestcase.h:90:26: note: in definition of macro 'QCOMPARE'\n   90 |     if (!QTest::qCompare(actual, expected, #actual, #expected, __FILE__, __LINE__))\\\n      |                          ^~~~~~\n../../diagramitem.h:110:12: note: declared private here\n  110 |     QSizeF m_grapSize;   //boundingrect灏哄��\n      |            ^~~~~~~~~~\ntest_diagramitem.cpp:139:24: error: 'QSizeF DiagramItem::m_minSize' is private within this context\n  139 |     QCOMPARE(testItem->m_minSize, QSizeF(40, 40));\n      |                        ^~~~~~~~~\nD:/Qt/6.10.1/mingw_64/include/QtTest/qtestcase.h:90:26: note: in definition of macro 'QCOMPARE'\n   90 |     if (!QTest::qCompare(actual, expected, #actual, #expected, __FILE__, __LINE__))\\\n      |                          ^~~~~~\n../../diagramitem.h:111:12: note: declared private here\n  111 |     QSizeF m_minSize;    //鏈�灏忓昂瀵�\n      |            ^~~~~~~~~\ntest_diagramitem.cpp: In member function 'void TestDiagramItem::testBoundingRectWithRotation()':\ntest_diagramitem.cpp:185:11: error: 'qreal DiagramItem::m_rotationAngle' is private within this context\n  185 |     item->m_rotationAngle = 45.0;\n      |           ^~~~~~~~~~~~~~~\n../../diagramitem.h:104:11: note: declared private here\n  104 |     qreal m_rotationAngle;  // 鐢ㄤ簬瀛樺偍褰撳墠鍥惧厓鐨勬棆杞�瑙掑害\n      |           ^~~~~~~~~~~~~~~\ntest_diagramitem.cpp:188:11: error: 'qreal DiagramItem::m_rotationAngle' is private within this context\n  188 |     item->m_rotationAngle = 0.0;\n      |           ^~~~~~~~~~~~~~~\n../../diagramitem.h:104:11: note: declared private here\n  104 |     qreal m_rotationAngle;  // 鐢ㄤ簬瀛樺偍褰撳墠鍥惧厓鐨勬棆杞�瑙掑害\n      |           ^~~~~~~~~~~~~~~\ntest_diagramitem.cpp: In member function 'void TestDiagramItem::testSetFixedSize()':\ntest_diagramitem.cpp:234:33: error: 'QSizeF DiagramItem::m_grapSize' is private within this context\n  234 |     QSizeF originalSize = item->m_grapSize;\n      |                                 ^~~~~~~~~~\n../../diagramitem.h:110:12: note: declared private here\n  110 |     QSizeF m_grapSize;   //boundingrect灏哄��\n      |            ^~~~~~~~~~\ntest_diagramitem.cpp:240:20: error: 'QSizeF DiagramItem::m_grapSize' is private within this context\n  240 |     QCOMPARE(item->m_grapSize, newSize);\n      |                    ^~~~~~~~~~\nD:/Qt/6.10.1/mingw_64/include/QtTest/qtestcase.h:90:26: note: in definition of macro 'QCOMPARE'\n   90 |     if (!QTest::qCompare(actual, expected, #actual, #expected, __FILE__, __LINE__))\\\n      |                          ^~~~~~\n../../diagramitem.h:110:12: note: declared private here\n  110 |     QSizeF m_grapSize;   //boundingrect灏哄��\n      |            ^~~~~~~~~~\ntest_diagramitem.cpp:241:19: error: 'QSizeF DiagramItem::m_grapSize' is private within this context\n  241 |     QVERIFY(item->m_grapSize != originalSize);\n      |                   ^~~~~~~~~~\nD:/Qt/6.10.1/mingw_64/include/QtTest/qtestcase.h:67:43: note: in definition of macro 'QVERIFY'\n   67 |     if (!QTest::qVerify(static_cast<bool>(statement), #statement, \"\", __FILE__, __LINE__))\\\n      |                                           ^~~~~~~~~\n../../diagramitem.h:110:12: note: declared private here\n  110 |     QSizeF m_grapSize;   //boundingrect灏哄��\n      |            ^~~~~~~~~~\ntest_diagramitem.cpp: In member function 'void TestDiagramItem::testRotationAngle()':\ntest_diagramitem.cpp:269:11: error: 'qreal DiagramItem::m_rotationAngle' is private within this context\n  269 |     item->m_rotationAngle = 30.0;\n      |           ^~~~~~~~~~~~~~~\n../../diagramitem.h:104:11: note: declared private here\n  104 |     qreal m_rotationAngle;  // 鐢ㄤ簬瀛樺偍褰撳墠鍥惧厓鐨勬棆杞�瑙掑害\n      |           ^~~~~~~~~~~~~~~\ntest_diagramitem.cpp:270:20: error: 'qreal DiagramItem::m_rotationAngle' is private within this context\n  270 |     QCOMPARE(item->m_rotationAngle, 30.0);\n      |                    ^~~~~~~~~~~~~~~\nD:/Qt/6.10.1/mingw_64/include/QtTest/qtestcase.h:90:26: note: in definition of macro 'QCOMPARE'\n   90 |     if (!QTest::qCompare(actual, expected, #actual, #expected, __FILE__, __LINE__))\\\n      |                          ^~~~~~\n../../diagramitem.h:104:11: note: declared private here\n  104 |     qreal m_rotationAngle;  // 鐢ㄤ簬瀛樺偍褰撳墠鍥惧厓鐨勬棆杞�瑙掑害\n      |           ^~~~~~~~~~~~~~~\ntest_diagramitem.cpp:272:11: error: 'qreal DiagramItem::m_rotationAngle' is private within this context\n  272 |     item->m_rotationAngle = 90.0;\n      |           ^~~~~~~~~~~~~~~\n../../diagramitem.h:104:11: note: declared private here\n  104 |     qreal m_rotationAngle;  // 鐢ㄤ簬瀛樺偍褰撳墠鍥惧厓鐨勬棆杞�瑙掑害\n      |           ^~~~~~~~~~~~~~~\ntest_diagramitem.cpp:273:20: error: 'qreal DiagramItem::m_rotationAngle' is private within this context\n  273 |     QCOMPARE(item->m_rotationAngle, 90.0);\n      |                    ^~~~~~~~~~~~~~~\nD:/Qt/6.10.1/mingw_64/include/QtTest/qtestcase.h:90:26: note: in definition of macro 'QCOMPARE'\n   90 |     if (!QTest::qCompare(actual, expected, #actual, #expected, __FILE__, __LINE__))\\\n      |  \n...(truncated)...\n",
      "file": null,
      "line": null,
      "rule_id": null,
      "evidence": {}
    },
    {
      "category": "testgen",
      "severity": "warning",
      "title": "生成文件失败: tests/generated/tests.pro",
      "details": "Failed to obtain valid JSON after 3 attempts: JSON appears truncated (no closing bracket found). depth=2, partial content length=27292\nLast response preview: ```json\n{\n    \"schema\": \"single_file\",\n    \"files\": [\n        {\n            \"name\": \"tests/generated/tests.pro\",\n            \"content\": \"TEMPLATE = subdirs\\nSUBDIRS += test_diagramitem\\n\\nCONFIG += ordered\\n\"\n        },\n        {\n            \"name\": \"tests/generated/test_diagramitem/test_diagramitem.pro\",\n            \"content\": \"QT += testlib widgets svg\\nTARGET = test_diagramitem\\nTEMPLATE = app\\nCONFIG += console\\nCONFIG -= app_bundle\\nCONFIG += c++17\\n\\nSOURCES += test_diagramitem.cpp \\\\\\n    ../../diagramitem.cpp \\\\\\n    ../../diagramtextitem.cpp \\\\\\n    ../../arrow.cpp \\\\\\n    ../../diagrampath.cpp\\n\\nHEADERS += test_diagramitem.h \\\\\\n    ../../diagramitem.h \\\\\\n    ../../diagramtextitem.h \\\\\\n    ../../arrow.h \\\\\\n    ../../diagrampath.h\\n\\nINCLUDEPATH += ../..\\n\\nDEFINES += SRCDIR=\\\\\\\"$$PWD/../..\\\\\\\"\\n\\n# Coverage flags\\nQMAKE_CFLAGS += -fprofile-arcs -ftest-coverage\\nQMAKE_CXXFLAGS += -fprofile-arcs -ftest-coverage\\nQMAKE_LFLAGS += --coverage\\n\"\n        },\n        {\n            \"name\": \"tests/generated/test_diagramitem/test_diagramitem.cpp\",\n            \"content\": \"#include <QtTest>\\n#include <QGraphicsScene>\\n#include <QGraphicsView>\\n#include <QGraphicsSceneMouseEvent>\\n#include <QGraphicsSceneHoverEvent>\\n#include <QGraphicsSceneContextMenuEvent>\\n#include <QPainter>\\n#include <QImage>\\n#include <QStyleOptionGraphicsItem>\\n#include <QMenu>\\n#include <QSignalSpy>\\n#include <QBrush>\\n#include <QColor>\\n#include <QSizeF>\\n#include <QRectF>\\n#include <QPointF>\\n#include <QTransform>\\n#include <QPolygonF>\\n#include <QPainterPath>\\n#include <QGraphicsTextItem>\\n#include <QGraphicsItem>\\n#include <QGraphicsScene>\\n#include <QGraphicsView>\\n#include <QGraphicsSceneMouseEvent>\\n#include <QGraphicsSceneHoverEvent>\\n#include <QGraphicsSceneContextMenuEvent>\\n#include <QPainter>\\n#include <QImage>\\n#include <QStyleOptionGraphicsItem>\\n#include <QMenu>\\n#include <QSignalSpy>\\n#include <QBrush>\\n#include <QColor>\\n#include <QSizeF>\\n#include <QRectF>\\n#include <QPointF",
      "file": null,
      "line": null,
      "rule_id": null,
      "evidence": {}
    },
    {
      "category": "testgen",
      "severity": "info",
      "title": "已生成 QtTest：2 个文件，共约 28 个用例",
      "details": "生成文件明细：\ntests/generated/test_diagramitem.cpp (28 cases)\ntests/generated/tests.pro (0 cases)",
      "file": null,
      "line": null,
      "rule_id": null,
      "evidence": {}
    },
    {
      "category": "tests",
      "severity": "error",
      "title": "测试命令执行失败",
      "details": "D:\\Qt\\6.10.1\\mingw_64\\bin\\moc.exe -DUNICODE -D_UNICODE -DWIN32 -DMINGW_HAS_SECURE_API=1 -DQT_WIDGETS_LIB -DQT_SVG_LIB -DQT_GUI_LIB -DQT_TESTLIB_LIB -DQT_CORE_LIB -DQT_NEEDS_QMAIN -DQT_TESTCASE_BUILDDIR=\"\\\"C:/Users/lenovo/Desktop/Diagramscene_ultima-syz/tests/generated\\\"\" --include C:/Users/lenovo/Desktop/Diagramscene_ultima-syz/tests/generated/debug/moc_predefs.h -ID:/Qt/6.10.1/mingw_64/mkspecs/win32-g++ -IC:/Users/lenovo/Desktop/Diagramscene_ultima-syz/tests/generated -IC:/Users/lenovo/Desktop/Diagramscene_ultima-syz -ID:/Qt/6.10.1/mingw_64/include -ID:/Qt/6.10.1/mingw_64/include/QtWidgets -ID:/Qt/6.10.1/mingw_64/include/QtSvg -ID:/Qt/6.10.1/mingw_64/include/QtGui -ID:/Qt/6.10.1/mingw_64/include/QtTest -ID:/Qt/6.10.1/mingw_64/include/QtCore -ID:/Qt/Tools/mingw1310_64/lib/gcc/x86_64-w64-mingw32/13.1.0/include/c++ -ID:/Qt/Tools/mingw1310_64/lib/gcc/x86_64-w64-mingw32/13.1.0/include/c++/x86_64-w64-mingw32 -ID:/Qt/Tools/mingw1310_64/lib/gcc/x86_64-w64-mingw32/13.1.0/include/c++/backward -ID:/Qt/Tools/mingw1310_64/lib/gcc/x86_64-w64-mingw32/13.1.0/include -ID:/Qt/Tools/mingw1310_64/lib/gcc/x86_64-w64-mingw32/13.1.0/include-fixed -ID:/Qt/Tools/mingw1310_64/x86_64-w64-mingw32/include test_diagramitem.cpp -o debug\\test_diagramitem.moc\ng++ -c -fno-keep-inline-dllexport --coverage -g -Wall -Wextra -Wextra -fexceptions -mthreads -DUNICODE -D_UNICODE -DWIN32 -DMINGW_HAS_SECURE_API=1 -DQT_WIDGETS_LIB -DQT_SVG_LIB -DQT_GUI_LIB -DQT_TESTLIB_LIB -DQT_CORE_LIB -DQT_NEEDS_QMAIN -DQT_TESTCASE_BUILDDIR=\"\\\"C:/Users/lenovo/Desktop/Diagramscene_ultima-syz/tests/generated\\\"\" -I. -I../.. -ID:/Qt/6.10.1/mingw_64/include -ID:/Qt/6.10.1/mingw_64/include/QtWidgets -ID:/Qt/6.10.1/mingw_64/include/QtSvg -ID:/Qt/6.10.1/mingw_64/include/QtGui -ID:/Qt/6.10.1/mingw_64/include/QtTest -ID:/Qt/6.10.1/mingw_64/include/QtCore -Idebug -I/include -ID:/Qt/6.10.1/mingw_64/mkspecs/win32-g++  -o debug\\test_diagramitem.o test_diagramitem.cpp\ng++ --coverage -Wl,-subsystem,console -mthreads -o debug\\tests.exe @debug\\object_script.tests.Debug D:\\Qt\\6.10.1\\mingw_64\\lib\\libQt6Widgets.a D:\\Qt\\6.10.1\\mingw_64\\lib\\libQt6Svg.a D:\\Qt\\6.10.1\\mingw_64\\lib\\libQt6Gui.a D:\\Qt\\6.10.1\\mingw_64\\lib\\libQt6Test.a D:\\Qt\\6.10.1\\mingw_64\\lib\\libQt6Core.a -lmingw32 D:\\Qt\\6.10.1\\mingw_64\\lib\\libQt6EntryPoint.a -lshell32  \n********* Start testing of TestDiagramItem *********\nConfig: Using QtTest library 6.10.1, Qt 6.10.1 (x86_64-little_endian-llp64 shared (dynamic) release build; by GCC 13.1.0), windows 11\nPASS   : TestDiagramItem::initTestCase()\nPASS   : TestDiagramItem::testConstructor()\nPASS   : TestDiagramItem::testConstructorWithDifferentTypes()\nPASS   : TestDiagramItem::testBoundingRect()\nPASS   : TestDiagramItem::testBoundingRectWithRotation()\nPASS   : TestDiagramItem::testBoundingRectAfterSizeChange()\nPASS   : TestDiagramItem::testSetBrush()\nPASS   : TestDiagramItem::testSetFixedSize()\nPASS   : TestDiagramItem::testSetFixedSizeUpdatesBoundingRect()\nPASS   : TestDiagramItem::testRotationAngle()\nPASS   : TestDiagramItem::testRotationAffectsBoundingRect()\nFAIL!  : TestDiagramItem::testPaintStartEndType() 'hasContent' returned FALSE. ()\ntest_diagramitem.cpp(235) : failure location\nPASS   : TestDiagramItem::testPaintConditionalType()\nPASS   : TestDiagramItem::testPaintWithDifferentColors()\nPASS   : TestDiagramItem::testPaintWithDifferentSizes()\nPASS   : TestDiagramItem::testPaintWithRotation()\nPASS   : TestDiagramItem::testMousePressEvent()\nPASS   : TestDiagramItem::testMouseReleaseEvent()\nPASS   : TestDiagramItem::testMouseMoveEvent()\nPASS   : TestDiagramItem::testHoverEnterEvent()\nPASS   : TestDiagramItem::testHoverLeaveEvent()\nPASS   : TestDiagramItem::testHoverMoveEvent()\nPASS   : TestDiagramItem::testContextMenuEvent()\nPASS   : TestDiagramItem::testTextItemInitialization()\nPASS   : TestDiagramItem::testTextItemPosition()\nPASS   : TestDiagramItem::testTextItemParent()\nPASS   : TestDiagramItem::testInitialFlags()\nPASS   : TestDiagramItem::testAcceptHoverEvents()\nPASS   : TestDiagramItem::testPrivateMembersAccess()\nPASS   : TestDiagramItem::cleanupTestCase()\nTotals: 29 passed, 1 failed, 0 skipped, 0 blacklisted, 67ms\n********* Finished testing of TestDiagramItem *********\n\ntest_diagramitem.cpp: In member function 'void TestDiagramItem::testBoundingRectWithRotation()':\ntest_diagramitem.cpp:146:12: warning: variable 'originalRect' set but not used [-Wunused-but-set-variable]\n  146 |     QRectF originalRect = item->boundingRect();\n      |            ^~~~~~~~~~~~\ntest_diagramitem.cpp: In member function 'void TestDiagramItem::testSetFixedSizeUpdatesBoundingRect()':\ntest_diagramitem.cpp:181:12: warning: variable 'originalSize' set but not used [-Wunused-but-set-variable]\n  181 |     QSizeF originalSize = item->m_grapSize;\n      |            ^~~~~~~~~~~~\ntest_diagramitem.cpp: In member function 'void TestDiagramItem::testTextItemPosition()':\ntest_diagramitem.cpp:404:12: warning: variable 'textRect' set but not used [-Wunused-but-set-variable]\n  404 |     QRectF textRect = item->textItem->boundingRect();\n      |            ^~~~~~~~\n",
      "file": null,
      "line": null,
      "rule_id": null,
      "evidence": {}
    },
    {
      "category": "coverage",
      "severity": "error",
      "title": "覆盖率收集失败",
      "details": "\n(INFO) Reading coverage data...\n(ERROR) GCOV produced the following errors processing C:\\Users\\lenovo\\Desktop\\Diagramscene_ultima-syz\\tests\\generated\\debug\\arrow.gcda:\n\tTrouble processing 'C:/Users/lenovo/Desktop/Diagramscene_ultima-syz/tests/generated/debug/arrow.gcda' with working directory 'C:\\\\Users\\\\lenovo\\\\Desktop\\\\Diagramscene_ultima-syz\\\\debug'.\nStdout of gcov was >>None<< End of stdout\nStderr of gcov was >>None<< End of stderr\nException was >>GCOV returncode was 5.\nStdout of gcov was >>No executable lines\n<< End of stdout\nStderr of gcov was >>..\\tests\\generated\\debug/arrow.gcno:cannot open notes file\n..\\tests\\generated\\debug/arrow.gcda:stamp mismatch with notes file\n<< End of stderr<< End of stderr\nCurrent processed gcov file was '..\\\\tests\\\\generated\\\\debug\\\\arrow.gcda'.\nUse option --verbose to get extended information.\n\tTrouble processing 'C:/Users/lenovo/Desktop/Diagramscene_ultima-syz/tests/generated/debug/arrow.gcda' with working directory 'C:\\\\Users\\\\lenovo\\\\Desktop\\\\Diagramscene_ultima-syz'.\nStdout of gcov was >>None<< End of stdout\nStderr of gcov was >>None<< End of stderr\nException was >>GCOV returncode was 5.\nStdout of gcov was >>No executable lines\n<< End of stdout\nStderr of gcov was >>tests\\generated\\debug/arrow.gcno:cannot open notes file\ntests\\generated\\debug/arrow.gcda:stamp mismatch with notes file\n<< End of stderr<< End of stderr\nCurrent processed gcov file was 'tests\\\\generated\\\\debug\\\\arrow.gcda'.\nUse option --verbose to get extended information.\n\t(GCOVR could not infer a working directory that resolved it.)\nTo ignore this error use option --gcov-ignore-errors=no_working_dir_found.\n(ERROR) Traceback (most recent call last):\n  File \"D:\\Anaconda\\envs\\py312_env\\Lib\\site-packages\\gcovr\\formats\\gcov\\workers.py\", line 96, in worker\n    work(*args, **kwargs)\n  File \"D:\\Anaconda\\envs\\py312_env\\Lib\\site-packages\\gcovr\\formats\\gcov\\read.py\", line 505, in process_datafile\n    raise RuntimeError(errors_output)\nRuntimeError: GCOV produced the following errors processing C:\\Users\\lenovo\\Desktop\\Diagramscene_ultima-syz\\tests\\generated\\debug\\arrow.gcda:\n\tTrouble processing 'C:/Users/lenovo/Desktop/Diagramscene_ultima-syz/tests/generated/debug/arrow.gcda' with working directory 'C:\\\\Users\\\\lenovo\\\\Desktop\\\\Diagramscene_ultima-syz\\\\debug'.\nStdout of gcov was >>None<< End of stdout\nStderr of gcov was >>None<< End of stderr\nException was >>GCOV returncode was 5.\nStdout of gcov was >>No executable lines\n<< End of stdout\nStderr of gcov was >>..\\tests\\generated\\debug/arrow.gcno:cannot open notes file\n..\\tests\\generated\\debug/arrow.gcda:stamp mismatch with notes file\n<< End of stderr<< End of stderr\nCurrent processed gcov file was '..\\\\tests\\\\generated\\\\debug\\\\arrow.gcda'.\nUse option --verbose to get extended information.\n\tTrouble processing 'C:/Users/lenovo/Desktop/Diagramscene_ultima-syz/tests/generated/debug/arrow.gcda' with working directory 'C:\\\\Users\\\\lenovo\\\\Desktop\\\\Diagramscene_ultima-syz'.\nStdout of gcov was >>None<< End of stdout\nStderr of gcov was >>None<< End of stderr\nException was >>GCOV returncode was 5.\nStdout of gcov was >>No executable lines\n<< End of stdout\nStderr of gcov was >>tests\\generated\\debug/arrow.gcno:cannot open notes file\ntests\\generated\\debug/arrow.gcda:stamp mismatch with notes file\n<< End of stderr<< End of stderr\nCurrent processed gcov file was 'tests\\\\generated\\\\debug\\\\arrow.gcda'.\nUse option --verbose to get extended information.\n\t(GCOVR could not infer a working directory that resolved it.)\nTo ignore this error use option --gcov-ignore-errors=no_working_dir_found.\n\n(ERROR) Error occurred while reading reports:\nTraceback (most recent call last):\n  File \"D:\\Anaconda\\envs\\py312_env\\Lib\\site-packages\\gcovr\\__main__.py\", line 398, in main\n    covdata = gcovr_formats.read_reports(options)\n              ^^^^^^^^^^^^^^^^^^^^^^^^^^^^^^^^^^^\n  File \"D:\\Anaconda\\envs\\py312_env\\Lib\\site-packages\\gcovr\\formats\\__init__.py\", line 98, in read_reports\n    covdata = GcovHandler(opt\n...(truncated)...\n",
      "file": null,
      "line": null,
      "rule_id": null,
      "evidence": {}
    }
  ]
}