[stage] coverage
[project] C:\Users\lenovo\Desktop\Diagramscene_ultima-syz
[time] 20251226_053047
[meta] cmd: D:\Anaconda\envs\py312_env\python.exe -m gcovr -r "C:\Users\lenovo\Desktop\Diagramscene_ultima-syz"  --object-directory debug --exclude-directories .git --exclude-directories .venv --exclude-directories tools --exclude-directories generated_tests --print-summary --html-details -o coverage.html --json=coverage.json
[meta] cwd: C:\Users\lenovo\Desktop\Diagramscene_ultima-syz
[meta] returncode: 64
[meta] timed_out: False
[meta] timeout_s: 600.0
[meta] summary: 0.0%
[meta] coverage_summary: {'lines': '0.0%', 'functions': '0.0%', 'branches': '0.0%'}

== findings ==
- coverage | info | 覆盖率汇总：lines 0.0% | branches 0.0% | functions 0.0%

== stderr (truncated) ==
(INFO) Reading coverage data...
(ERROR) GCOV produced the following errors processing C:\Users\lenovo\Desktop\Diagramscene_ultima-syz\debug\arrow.gcda:
	Trouble processing 'C:/Users/lenovo/Desktop/Diagramscene_ultima-syz/debug/arrow.gcda' with working directory 'C:/Users/lenovo/Desktop/Diagramscene_ultima-syz/debug\\debug'.
Stdout of gcov was >>None<< End of stdout
Stderr of gcov was >>None<< End of stderr
Exception was >>GCOV returncode was 5.
Stdout of gcov was >>No executable lines
<< End of stdout
Stderr of gcov was >>../arrow.gcno:cannot open notes file
../arrow.gcda:stamp mismatch with notes file
<< End of stderr<< End of stderr
Current processed gcov file was '..\\arrow.gcda'.
Use option --verbose to get extended information.
	Trouble processing 'C:/Users/lenovo/Desktop/Diagramscene_ultima-syz/debug/arrow.gcda' with working directory 'C:\\Users\\lenovo\\Desktop\\Diagramscene_ultima-syz\\debug'.
Stdout of gcov was >>None<< End of stdout
Stderr of gcov was >>None<< End of stderr
Exception was >>GCOV returncode was 5.
Stdout of gcov was >>No executable lines
<< End of stdout
Stderr of gcov was >>./arrow.gcno:cannot open notes file
./arrow.gcda:stamp mismatch with notes file
<< End of stderr<< End of stderr
Current processed gcov file was 'arrow.gcda'.
Use option --verbose to get extended information.
	Trouble processing 'C:/Users/lenovo/Desktop/Diagramscene_ultima-syz/debug/arrow.gcda' with working directory 'C:\\Users\\lenovo\\Desktop\\Diagramscene_ultima-syz'.
Stdout of gcov was >>None<< End of stdout
Stderr of gcov was >>None<< End of stderr
Exception was >>GCOV returncode was 5.
Stdout of gcov was >>No executable lines
<< End of stdout
Stderr of gcov was >>debug/arrow.gcno:cannot open notes file
debug/arrow.gcda:stamp mismatch with notes file
<< End of stderr<< End of stderr
Current processed gcov file was 'debug\\arrow.gcda'.
Use option --verbose to get extended information.
	(GCOVR could not infer a working directory that resolved it.)
To ignore this error use option --gcov-ignore-errors=no_working_dir_found.
(ERROR) Traceback (most recent call last):
  File "D:\Anaconda\envs\py312_env\Lib\site-packages\gcovr\formats\gcov\workers.py", line 96, in worker
    work(*args, **kwargs)
  File "D:\Anaconda\envs\py312_env\Lib\site-packages\gcovr\formats\gcov\read.py", line 505, in process_datafile
    raise RuntimeError(errors_output)
RuntimeError: GCOV produced the following errors processing C:\Users\lenovo\Desktop\Diagramscene_ultima-syz\debug\arrow.gcda:
	Trouble processing 'C:/Users/lenovo/Desktop/Diagramscene_ultima-syz/debug/arrow.gcda' with working directory 'C:/Users/lenovo/Desktop/Diagramscene_ultima-syz/debug\\debug'.
Stdout of gcov was >>None<< End of stdout
Stderr of gcov was >>None<< End of stderr
Exception was >>GCOV returncode was 5.
Stdout of gcov was >>No executable lines
<< End of stdout
Stderr of gcov was >>../arrow.gcno:cannot open notes file
../arrow.gcda:stamp mismatch with notes file
<< End of stderr<< End of stderr
Current processed gcov file was '..\\arrow.gcda'.
Use option --verbose to get extended information.
	Trouble processing 'C:/Users/lenovo/Desktop/Diagramscene_ultima-syz/debug/arrow.gcda' with working directory 'C:\\Users\\lenovo\\Desktop\\Diagramscene_ultima-syz\\debug'.
Stdout of gcov was >>None<< End of stdout
Stderr of gcov was >>None<< End of stderr
Exception was >>GCOV returncode was 5.
Stdout of gcov was >>No executable lines
<< End of stdout
Stderr of gcov was >>./arrow.gcno:cannot open notes file
./arrow.gcda:stamp mismatch with notes file
<< End of stderr<< End of stderr
Current processed gcov file was 'arrow.gcda'.
Use option --verbose to get extended information.
	Trouble processing 'C:/Users/lenovo/Desktop/Diagramscene_ultima-syz/debug/arrow.gcda' with working directory 'C:\\Users\\lenovo\\Desktop\\Diagramscene_ultima-syz'.
Stdout of gcov was >>None<< End of stdout
Stderr of gcov was >>None<< End of stderr
Exception was >>GCOV returncode was 5.
Stdout of gcov was >>No executable lines
<< End of stdout
Stderr of gcov was >>debug/arrow.gcno:cannot open notes file
debug/arrow.gcda:stamp mismatch with notes file
<< End of stderr<< End of stderr
Current processed gcov file was 'debug\\arrow.gcda'.
Use option --verbose to get extended information.
	(GCOVR could not infer a working directory that resolved it.)
To ignore this error use option --gcov-ignore-errors=no_working_dir_found.

(ERROR) Error occurred while reading reports:
Traceback (most recent call last):
  File "D:\Anaconda\envs\py312_env\Lib\site-packages\gcovr\__main__.py", line 398, in main
    covdata = gcovr_formats.read_reports(options)
              ^^^^^^^^^^^^^^^^^^^^^^^^^^^^^^^^^^^
  File "D:\Anaconda\envs\py312_env\Lib\site-packages\gcovr\formats\__init__.py", line 98, in read_reports
    covdata = GcovHandler(options).read_report()
              ^^^^^^^^^^^^^^^^^^^^^^^^^^^^^^^^^^
  File "D:\Anaconda\envs\py312_env\Lib\site-packages\gcovr\formats\gcov\__init__.py", line 238, in read_report
    return read_report(self.options)
           ^^^^^^^^^^^^^^^^^^^^^^^^^
  File "D:\Anaconda\envs\py312_env\Lib\site-packages\gcovr\formats\gcov\read.py", line 93, in read_report
    contexts = pool.wait()
               ^^^^^^^^^^^
  File "D:\Anaconda\envs\py312_env\Lib\site-packages\gcovr\formats\gcov\workers.py", line 208, in wait
    raise RuntimeError(
RuntimeError: Worker thread raised exception, workers canceled.

