{
  "stage": "tests",
  "project_root": "C:\\Users\\lenovo\\Desktop\\Diagramscene_ultima-syz",
  "created_at": "20251226_064526",
  "meta": {
    "cmd": "cmd /c \"set PATH=D:\\Qt\\6.10.1\\mingw_64\\bin;D:\\Qt\\Tools\\mingw1310_64\\bin;%PATH% && cd /d C:\\Users\\lenovo\\Desktop\\Diagramscene_ultima-syz && cd tests\\generated && qmake tests.pro && mingw32-make clean && mingw32-make -f Makefile.Debug && debug\\tests.exe && move debug\\*.gc* .\"",
    "cwd": "C:\\Users\\lenovo\\Desktop\\Diagramscene_ultima-syz",
    "timeout_s": 600.0,
    "returncode": 2,
    "stdout": "mingw32-make -f Makefile.Release clean\nmingw32-make[1]: Entering directory 'C:/Users/lenovo/Desktop/Diagramscene_ultima-syz/tests/generated'\ndel release\\moc_predefs.h\ndel release\\moc_diagramscene.cpp release\\moc_diagramtextitem.cpp release\\moc_findreplacedialog.cpp release\\moc_mainwindow.cpp\ndel release\\test_arrow.moc\ndel release\\test_arrow.o release\\arrow.o release\\arrow.o release\\diagramitem.o release\\diagramitemgroup.o release\\diagrampath.o release\\diagramscene.o release\\diagramtextitem.o release\\findreplacedialog.o release\\mainwindow.o release\\moc_diagramscene.o release\\moc_diagramtextitem.o release\\moc_findreplacedialog.o release\\moc_mainwindow.o\nmingw32-make[1]: Leaving directory 'C:/Users/lenovo/Desktop/Diagramscene_ultima-syz/tests/generated'\nmingw32-make -f Makefile.Debug clean\nmingw32-make[1]: Entering directory 'C:/Users/lenovo/Desktop/Diagramscene_ultima-syz/tests/generated'\ndel debug\\moc_predefs.h\ndel debug\\moc_diagramscene.cpp debug\\moc_diagramtextitem.cpp debug\\moc_findreplacedialog.cpp debug\\moc_mainwindow.cpp\ndel debug\\test_arrow.moc\ndel debug\\test_arrow.o debug\\arrow.o debug\\arrow.o debug\\diagramitem.o debug\\diagramitemgroup.o debug\\diagrampath.o debug\\diagramscene.o debug\\diagramtextitem.o debug\\findreplacedialog.o debug\\mainwindow.o debug\\moc_diagramscene.o debug\\moc_diagramtextitem.o debug\\moc_findreplacedialog.o debug\\moc_mainwindow.o\nmingw32-make[1]: Leaving directory 'C:/Users/lenovo/Desktop/Diagramscene_ultima-syz/tests/generated'\ng++ -fno-keep-inline-dllexport --coverage -g -Wall -Wextra -Wextra -dM -E -o debug\\moc_predefs.h D:\\Qt\\6.10.1\\mingw_64\\mkspecs\\features\\data\\dummy.cpp\nD:\\Qt\\6.10.1\\mingw_64\\bin\\moc.exe -DUNICODE -D_UNICODE -DWIN32 -DMINGW_HAS_SECURE_API=1 -DQT_WIDGETS_LIB -DQT_SVG_LIB -DQT_GUI_LIB -DQT_TESTLIB_LIB -DQT_CORE_LIB -DQT_NEEDS_QMAIN -DQT_TESTCASE_BUILDDIR=\"\\\"C:/Users/lenovo/Desktop/Diagramscene_ultima-syz/tests/generated\\\"\" --include C:/Users/lenovo/Desktop/Diagramscene_ultima-syz/tests/generated/debug/moc_predefs.h -ID:/Qt/6.10.1/mingw_64/mkspecs/win32-g++ -IC:/Users/lenovo/Desktop/Diagramscene_ultima-syz/tests/generated -IC:/Users/lenovo -ID:/Qt/6.10.1/mingw_64/include -ID:/Qt/6.10.1/mingw_64/include/QtWidgets -ID:/Qt/6.10.1/mingw_64/include/QtSvg -ID:/Qt/6.10.1/mingw_64/include/QtGui -ID:/Qt/6.10.1/mingw_64/include/QtTest -ID:/Qt/6.10.1/mingw_64/include/QtCore -ID:/Qt/Tools/mingw1310_64/lib/gcc/x86_64-w64-mingw32/13.1.0/include/c++ -ID:/Qt/Tools/mingw1310_64/lib/gcc/x86_64-w64-mingw32/13.1.0/include/c++/x86_64-w64-mingw32 -ID:/Qt/Tools/mingw1310_64/lib/gcc/x86_64-w64-mingw32/13.1.0/include/c++/backward -ID:/Qt/Tools/mingw1310_64/lib/gcc/x86_64-w64-mingw32/13.1.0/include -ID:/Qt/Tools/mingw1310_64/lib/gcc/x86_64-w64-mingw32/13.1.0/include-fixed -ID:/Qt/Tools/mingw1310_64/x86_64-w64-mingw32/include test_arrow.cpp -o debug\\test_arrow.moc\ng++ -c -fno-keep-inline-dllexport --coverage -g -Wall -Wextra -Wextra -fexceptions -mthreads -DUNICODE -D_UNICODE -DWIN32 -DMINGW_HAS_SECURE_API=1 -DQT_WIDGETS_LIB -DQT_SVG_LIB -DQT_GUI_LIB -DQT_TESTLIB_LIB -DQT_CORE_LIB -DQT_NEEDS_QMAIN -DQT_TESTCASE_BUILDDIR=\"\\\"C:/Users/lenovo/Desktop/Diagramscene_ultima-syz/tests/generated\\\"\" -I. -I../../../.. -ID:/Qt/6.10.1/mingw_64/include -ID:/Qt/6.10.1/mingw_64/include/QtWidgets -ID:/Qt/6.10.1/mingw_64/include/QtSvg -ID:/Qt/6.10.1/mingw_64/include/QtGui -ID:/Qt/6.10.1/mingw_64/include/QtTest -ID:/Qt/6.10.1/mingw_64/include/QtCore -Idebug -I/include -ID:/Qt/6.10.1/mingw_64/mkspecs/win32-g++  -o debug\\test_arrow.o test_arrow.cpp\n",
    "stderr": "Makefile.Release:2309: warning: overriding recipe for target 'release/arrow.o'\nMakefile.Release:2125: warning: ignoring old recipe for target 'release/arrow.o'\n找不到 C:\\Users\\lenovo\\Desktop\\Diagramscene_ultima-syz\\tests\\generated\\release\\moc_predefs.h\n找不到 C:\\Users\\lenovo\\Desktop\\Diagramscene_ultima-syz\\tests\\generated\\release\\moc_diagramscene.cpp\n找不到 C:\\Users\\lenovo\\Desktop\\Diagramscene_ultima-syz\\tests\\generated\\release\\test_arrow.moc\n找不到 C:\\Users\\lenovo\\Desktop\\Diagramscene_ultima-syz\\tests\\generated\\release\\test_arrow.o\nMakefile.Debug:2311: warning: overriding recipe for target 'debug/arrow.o'\nMakefile.Debug:2127: warning: ignoring old recipe for target 'debug/arrow.o'\n找不到 C:\\Users\\lenovo\\Desktop\\Diagramscene_ultima-syz\\tests\\generated\\debug\\moc_diagramscene.cpp\n找不到 C:\\Users\\lenovo\\Desktop\\Diagramscene_ultima-syz\\tests\\generated\\debug\\test_arrow.o\nMakefile.Debug:2311: warning: overriding recipe for target 'debug/arrow.o'\nMakefile.Debug:2127: warning: ignoring old recipe for target 'debug/arrow.o'\ntest_arrow.cpp: In member function 'void TestArrow::testPaintDoesNotCrash()':\ntest_arrow.cpp:78:16: error: 'virtual void Arrow::paint(QPainter*, const QStyleOptionGraphicsItem*, QWidget*)' is protected within this context\n   78 |     arrow.paint(&painter, &option, nullptr);\n      |     ~~~~~~~~~~~^~~~~~~~~~~~~~~~~~~~~~~~~~~~\nIn file included from test_arrow.cpp:4:\n../../arrow.h:30:10: note: declared protected here\n   30 |     void paint(QPainter *painter, const QStyleOptionGraphicsItem *option,\n      |          ^~~~~\nmingw32-make: *** [Makefile.Debug:1943: debug/test_arrow.o] Error 1\n",
    "timed_out": false
  },
  "findings": [
    {
      "category": "tests",
      "severity": "error",
      "title": "测试命令执行失败",
      "details": "mingw32-make -f Makefile.Release clean\nmingw32-make[1]: Entering directory 'C:/Users/lenovo/Desktop/Diagramscene_ultima-syz/tests/generated'\ndel release\\moc_predefs.h\ndel release\\moc_diagramscene.cpp release\\moc_diagramtextitem.cpp release\\moc_findreplacedialog.cpp release\\moc_mainwindow.cpp\ndel release\\test_arrow.moc\ndel release\\test_arrow.o release\\arrow.o release\\arrow.o release\\diagramitem.o release\\diagramitemgroup.o release\\diagrampath.o release\\diagramscene.o release\\diagramtextitem.o release\\findreplacedialog.o release\\mainwindow.o release\\moc_diagramscene.o release\\moc_diagramtextitem.o release\\moc_findreplacedialog.o release\\moc_mainwindow.o\nmingw32-make[1]: Leaving directory 'C:/Users/lenovo/Desktop/Diagramscene_ultima-syz/tests/generated'\nmingw32-make -f Makefile.Debug clean\nmingw32-make[1]: Entering directory 'C:/Users/lenovo/Desktop/Diagramscene_ultima-syz/tests/generated'\ndel debug\\moc_predefs.h\ndel debug\\moc_diagramscene.cpp debug\\moc_diagramtextitem.cpp debug\\moc_findreplacedialog.cpp debug\\moc_mainwindow.cpp\ndel debug\\test_arrow.moc\ndel debug\\test_arrow.o debug\\arrow.o debug\\arrow.o debug\\diagramitem.o debug\\diagramitemgroup.o debug\\diagrampath.o debug\\diagramscene.o debug\\diagramtextitem.o debug\\findreplacedialog.o debug\\mainwindow.o debug\\moc_diagramscene.o debug\\moc_diagramtextitem.o debug\\moc_findreplacedialog.o debug\\moc_mainwindow.o\nmingw32-make[1]: Leaving directory 'C:/Users/lenovo/Desktop/Diagramscene_ultima-syz/tests/generated'\ng++ -fno-keep-inline-dllexport --coverage -g -Wall -Wextra -Wextra -dM -E -o debug\\moc_predefs.h D:\\Qt\\6.10.1\\mingw_64\\mkspecs\\features\\data\\dummy.cpp\nD:\\Qt\\6.10.1\\mingw_64\\bin\\moc.exe -DUNICODE -D_UNICODE -DWIN32 -DMINGW_HAS_SECURE_API=1 -DQT_WIDGETS_LIB -DQT_SVG_LIB -DQT_GUI_LIB -DQT_TESTLIB_LIB -DQT_CORE_LIB -DQT_NEEDS_QMAIN -DQT_TESTCASE_BUILDDIR=\"\\\"C:/Users/lenovo/Desktop/Diagramscene_ultima-syz/tests/generated\\\"\" --include C:/Users/lenovo/Desktop/Diagramscene_ultima-syz/tests/generated/debug/moc_predefs.h -ID:/Qt/6.10.1/mingw_64/mkspecs/win32-g++ -IC:/Users/lenovo/Desktop/Diagramscene_ultima-syz/tests/generated -IC:/Users/lenovo -ID:/Qt/6.10.1/mingw_64/include -ID:/Qt/6.10.1/mingw_64/include/QtWidgets -ID:/Qt/6.10.1/mingw_64/include/QtSvg -ID:/Qt/6.10.1/mingw_64/include/QtGui -ID:/Qt/6.10.1/mingw_64/include/QtTest -ID:/Qt/6.10.1/mingw_64/include/QtCore -ID:/Qt/Tools/mingw1310_64/lib/gcc/x86_64-w64-mingw32/13.1.0/include/c++ -ID:/Qt/Tools/mingw1310_64/lib/gcc/x86_64-w64-mingw32/13.1.0/include/c++/x86_64-w64-mingw32 -ID:/Qt/Tools/mingw1310_64/lib/gcc/x86_64-w64-mingw32/13.1.0/include/c++/backward -ID:/Qt/Tools/mingw1310_64/lib/gcc/x86_64-w64-mingw32/13.1.0/include -ID:/Qt/Tools/mingw1310_64/lib/gcc/x86_64-w64-mingw32/13.1.0/include-fixed -ID:/Qt/Tools/mingw1310_64/x86_64-w64-mingw32/include test_arrow.cpp -o debug\\test_arrow.moc\ng++ -c -fno-keep-inline-dllexport --coverage -g -Wall -Wextra -Wextra -fexceptions -mthreads -DUNICODE -D_UNICODE -DWIN32 -DMINGW_HAS_SECURE_API=1 -DQT_WIDGETS_LIB -DQT_SVG_LIB -DQT_GUI_LIB -DQT_TESTLIB_LIB -DQT_CORE_LIB -DQT_NEEDS_QMAIN -DQT_TESTCASE_BUILDDIR=\"\\\"C:/Users/lenovo/Desktop/Diagramscene_ultima-syz/tests/generated\\\"\" -I. -I../../../.. -ID:/Qt/6.10.1/mingw_64/include -ID:/Qt/6.10.1/mingw_64/include/QtWidgets -ID:/Qt/6.10.1/mingw_64/include/QtSvg -ID:/Qt/6.10.1/mingw_64/include/QtGui -ID:/Qt/6.10.1/mingw_64/include/QtTest -ID:/Qt/6.10.1/mingw_64/include/QtCore -Idebug -I/include -ID:/Qt/6.10.1/mingw_64/mkspecs/win32-g++  -o debug\\test_arrow.o test_arrow.cpp\n\nMakefile.Release:2309: warning: overriding recipe for target 'release/arrow.o'\nMakefile.Release:2125: warning: ignoring old recipe for target 'release/arrow.o'\n找不到 C:\\Users\\lenovo\\Desktop\\Diagramscene_ultima-syz\\tests\\generated\\release\\moc_predefs.h\n找不到 C:\\Users\\lenovo\\Desktop\\Diagramscene_ultima-syz\\tests\\generated\\release\\moc_diagramscene.cpp\n找不到 C:\\Users\\lenovo\\Desktop\\Diagramscene_ultima-syz\\tests\\generated\\release\\test_arrow.moc\n找不到 C:\\Users\\lenovo\\Desktop\\Diagramscene_ultima-syz\\tests\\generated\\release\\test_arrow.o\nMakefile.Debug:2311: warning: overriding recipe for target 'debug/arrow.o'\nMakefile.Debug:2127: warning: ignoring old recipe for target 'debug/arrow.o'\n找不到 C:\\Users\\lenovo\\Desktop\\Diagramscene_ultima-syz\\tests\\generated\\debug\\moc_diagramscene.cpp\n找不到 C:\\Users\\lenovo\\Desktop\\Diagramscene_ultima-syz\\tests\\generated\\debug\\test_arrow.o\nMakefile.Debug:2311: warning: overriding recipe for target 'debug/arrow.o'\nMakefile.Debug:2127: warning: ignoring old recipe for target 'debug/arrow.o'\ntest_arrow.cpp: In member function 'void TestArrow::testPaintDoesNotCrash()':\ntest_arrow.cpp:78:16: error: 'virtual void Arrow::paint(QPainter*, const QStyleOptionGraphicsItem*, QWidget*)' is protected within this context\n   78 |     arrow.paint(&painter, &option, nullptr);\n      |     ~~~~~~~~~~~^~~~~~~~~~~~~~~~~~~~~~~~~~~~\nIn file included from test_arrow.cpp:4:\n../../arrow.h:30:10: note: declared protected here\n   30 |     void paint(QPainter *painter, const QStyleOptionGraphicsItem *option,\n      |          ^~~~~\nmingw32-make: *** [Makefile.Debug:1943: debug/test_arrow.o] Error 1\n",
      "file": null,
      "line": null,
      "rule_id": null,
      "evidence": {}
    }
  ]
}