{
  "stage": "coverage",
  "project_root": "C:\\Users\\lenovo\\Desktop\\Diagramscene_ultima-main",
  "created_at": "20251224_135653",
  "meta": {
    "cmd": "D:\\Anaconda\\envs\\py312_env\\python.exe -m gcovr -r \"C:\\Users\\lenovo\\Desktop\\Diagramscene_ultima-main\"  --object-directory tests/build/Desktop_Qt_6_10_1_MinGW_64_bit-Debug/debug --gcov-executable D:/Qt/Tools/mingw1310_64/bin/gcov.exe --exclude-directories .git --exclude-directories .venv --exclude-directories tools --exclude-directories generated_tests --print-summary --html-details -o coverage.html --json=coverage.json",
    "cwd": "C:\\Users\\lenovo\\Desktop\\Diagramscene_ultima-main",
    "timeout_s": 600.0,
    "ensure_gcov_sources": {
      "cmd": "powershell -NoProfile -ExecutionPolicy Bypass -File \"C:\\Users\\lenovo\\Desktop\\Smart_Testing_Tools-syz\\tools\\ensure_gcov_sources.ps1\" -ProjectRoot \"C:\\Users\\lenovo\\Desktop\\Diagramscene_ultima-main\" -ObjDir \"C:\\Users\\lenovo\\Desktop\\Diagramscene_ultima-main\\tests\\build\\Desktop_Qt_6_10_1_MinGW_64_bit-Debug\\debug\"",
      "cwd": "C:\\Users\\lenovo\\Desktop\\Smart_Testing_Tools-syz",
      "timeout_s": 300,
      "returncode": 0,
      "stdout": "Ensuring gcov-referenced sources exist for object dir: C:\\Users\\lenovo\\Desktop\\Diagramscene_ultima-main\\tests\\build\\Desktop_Qt_6_10_1_MinGW_64_bit-Debug\\debug\nProcessing .gcda: C:\\Users\\lenovo\\Desktop\\Diagramscene_ultima-main\\tests\\build\\Desktop_Qt_6_10_1_MinGW_64_bit-Debug\\debug\\diagramitem.gcda\nProcessing .gcda: C:\\Users\\lenovo\\Desktop\\Diagramscene_ultima-main\\tests\\build\\Desktop_Qt_6_10_1_MinGW_64_bit-Debug\\debug\\diagrampath.gcda\nProcessing .gcda: C:\\Users\\lenovo\\Desktop\\Diagramscene_ultima-main\\tests\\build\\Desktop_Qt_6_10_1_MinGW_64_bit-Debug\\debug\\diagramscene.gcda\nProcessing .gcda: C:\\Users\\lenovo\\Desktop\\Diagramscene_ultima-main\\tests\\build\\Desktop_Qt_6_10_1_MinGW_64_bit-Debug\\debug\\mainwindow.gcda\nProcessing .gcda: C:\\Users\\lenovo\\Desktop\\Diagramscene_ultima-main\\tests\\build\\Desktop_Qt_6_10_1_MinGW_64_bit-Debug\\debug\\test_arrow_straight_connection.gcda\nMissing referenced file: debug/test_arrow_straight_connection.moc -> C:\\Users\\lenovo\\Desktop\\Diagramscene_ultima-main\\tests\\build\\Desktop_Qt_6_10_1_MinGW_64_bit-Debug\\debug\\debug\\test_arrow_straight_connection.moc\nCopied: C:\\Users\\lenovo\\Desktop\\Diagramscene_ultima-main\\tests\\build\\Desktop_Qt_6_10_1_MinGW_64_bit-Debug\\debug\\test_arrow_straight_connection.moc -> C:\\Users\\lenovo\\Desktop\\Diagramscene_ultima-main\\tests\\build\\Desktop_Qt_6_10_1_MinGW_64_bit-Debug\\debug\\debug\\test_arrow_straight_connection.moc\nMissing referenced file: ../../test_arrow_straight_connection.cpp -> C:\\Users\\lenovo\\Desktop\\Diagramscene_ultima-main\\tests\\build\\test_arrow_straight_connection.cpp\nCopied: C:\\Users\\lenovo\\Desktop\\Diagramscene_ultima-main\\tests\\test_arrow_straight_connection.cpp -> C:\\Users\\lenovo\\Desktop\\Diagramscene_ultima-main\\tests\\build\\test_arrow_straight_connection.cpp\nProcessing .gcda: C:\\Users\\lenovo\\Desktop\\Diagramscene_ultima-main\\tests\\build\\Desktop_Qt_6_10_1_MinGW_64_bit-Debug\\debug\\test_connectionline_style.gcda\nMissing referenced file: debug/test_connectionline_style.moc -> C:\\Users\\lenovo\\Desktop\\Diagramscene_ultima-main\\tests\\build\\Desktop_Qt_6_10_1_MinGW_64_bit-Debug\\debug\\debug\\test_connectionline_style.moc\nCopied: C:\\Users\\lenovo\\Desktop\\Diagramscene_ultima-main\\tests\\build\\Desktop_Qt_6_10_1_MinGW_64_bit-Debug\\debug\\test_connectionline_style.moc -> C:\\Users\\lenovo\\Desktop\\Diagramscene_ultima-main\\tests\\build\\Desktop_Qt_6_10_1_MinGW_64_bit-Debug\\debug\\debug\\test_connectionline_style.moc\nMissing referenced file: ../../test_connectionline_style.cpp -> C:\\Users\\lenovo\\Desktop\\Diagramscene_ultima-main\\tests\\build\\test_connectionline_style.cpp\nCopied: C:\\Users\\lenovo\\Desktop\\Diagramscene_ultima-main\\tests\\test_connectionline_style.cpp -> C:\\Users\\lenovo\\Desktop\\Diagramscene_ultima-main\\tests\\build\\test_connectionline_style.cpp\nProcessing .gcda: C:\\Users\\lenovo\\Desktop\\Diagramscene_ultima-main\\tests\\build\\Desktop_Qt_6_10_1_MinGW_64_bit-Debug\\debug\\test_dataflow_integrity.gcda\nMissing referenced file: debug/test_dataflow_integrity.moc -> C:\\Users\\lenovo\\Desktop\\Diagramscene_ultima-main\\tests\\build\\Desktop_Qt_6_10_1_MinGW_64_bit-Debug\\debug\\debug\\test_dataflow_integrity.moc\nCopied: C:\\Users\\lenovo\\Desktop\\Diagramscene_ultima-main\\tests\\build\\Desktop_Qt_6_10_1_MinGW_64_bit-Debug\\debug\\test_dataflow_integrity.moc -> C:\\Users\\lenovo\\Desktop\\Diagramscene_ultima-main\\tests\\build\\Desktop_Qt_6_10_1_MinGW_64_bit-Debug\\debug\\debug\\test_dataflow_integrity.moc\nMissing referenced file: ../../test_dataflow_integrity.cpp -> C:\\Users\\lenovo\\Desktop\\Diagramscene_ultima-main\\tests\\build\\test_dataflow_integrity.cpp\nCopied: C:\\Users\\lenovo\\Desktop\\Diagramscene_ultima-main\\tests\\test_dataflow_integrity.cpp -> C:\\Users\\lenovo\\Desktop\\Diagramscene_ultima-main\\tests\\build\\test_dataflow_integrity.cpp\nProcessing .gcda: C:\\Users\\lenovo\\Desktop\\Diagramscene_ultima-main\\tests\\build\\Desktop_Qt_6_10_1_MinGW_64_bit-Debug\\debug\\test_diagramitem_types_full.gcda\nMissing referenced file: debug/test_diagramitem_types_full.moc -> C:\\Users\\lenovo\\Desktop\\Diagramscene_ultima-main\\tests\\build\\Desktop_Qt_6_10_1_MinGW_64_bit-Debug\\debug\\debug\\test_diagramitem_types_full.moc\nCopied: C:\\Users\\lenovo\\Desktop\\Diagramscene_ultima-main\\tests\\build\\Desktop_Qt_6_10_1_MinGW_64_bit-Debug\\debug\\test_diagramitem_types_full.moc -> C:\\Users\\lenovo\\Desktop\\Diagramscene_ultima-main\\tests\\build\\Desktop_Qt_6_10_1_MinGW_64_bit-Debug\\debug\\debug\\test_diagramitem_types_full.moc\nMissing referenced file: ../../test_diagramitem_types_full.cpp -> C:\\Users\\lenovo\\Desktop\\Diagramscene_ultima-main\\tests\\build\\test_diagramitem_types_full.cpp\nCopied: C:\\Users\\lenovo\\Desktop\\Diagramscene_ultima-main\\tests\\test_diagramitem_types_full.cpp -> C:\\Users\\lenovo\\Desktop\\Diagramscene_ultima-main\\tests\\build\\test_diagramitem_types_full.cpp\nProcessing .gcda: C:\\Users\\lenovo\\Desktop\\Diagramscene_ultima-main\\tests\\build\\Desktop_Qt_6_10_1_MinGW_64_bit-Debug\\debug\\test_diagrampath_connection.gcda\nMissing referenced file: debug/test_diagrampath_connection.moc -> C:\\Users\\lenovo\\Desktop\\Diagramscene_ultima-main\\tests\\build\\Desktop_Qt_6_10_1_MinGW_64_bit-Debug\\debug\\debug\\test_diagrampath_connection.moc\nCopied: C:\\Users\\lenovo\\Desktop\\Diagramscene_ultima-main\\tests\\build\\Desktop_Qt_6_10_1_MinGW_64_bit-Debug\\debug\\test_diagrampath_connection.moc -> C:\\Users\\lenovo\\Desktop\\Diagramscene_ultima-main\\tests\\build\\Desktop_Qt_6_10_1_MinGW_64_bit-Debug\\debug\\debug\\test_diagrampath_connection.moc\nMissing referenced file: ../../test_diagrampath_connection.cpp -> C:\\Users\\lenovo\\Desktop\\Diagramscene_ultima-main\\tests\\build\\test_diagrampath_connection.cpp\nCopied: C:\\Users\\lenovo\\Desktop\\Diagramscene_ultima-main\\tests\\test_diagrampath_connection.cpp -> C:\\Users\\lenovo\\Desktop\\Diagramscene_ultima-main\\tests\\build\\test_diagrampath_connection.cpp\nProcessing .gcda: C:\\Users\\lenovo\\Desktop\\Diagramscene_ultima-main\\tests\\build\\Desktop_Qt_6_10_1_MinGW_64_bit-Debug\\debug\\test_diagrampath_path_dev.gcda\nMissing referenced file: debug/test_diagrampath_path_dev.moc -> C:\\Users\\lenovo\\Desktop\\Diagramscene_ultima-main\\tests\\build\\Desktop_Qt_6_10_1_MinGW_64_bit-Debug\\debug\\debug\\test_diagrampath_path_dev.moc\nCopied: C:\\Users\\lenovo\\Desktop\\Diagramscene_ultima-main\\tests\\build\\Desktop_Qt_6_10_1_MinGW_64_bit-Debug\\debug\\test_diagrampath_path_dev.moc -> C:\\Users\\lenovo\\Desktop\\Diagramscene_ultima-main\\tests\\build\\Desktop_Qt_6_10_1_MinGW_64_bit-Debug\\debug\\debug\\test_diagrampath_path_dev.moc\nMissing referenced file: ../../test_diagrampath_path_dev.cpp -> C:\\Users\\lenovo\\Desktop\\Diagramscene_ultima-main\\tests\\build\\test_diagrampath_path_dev.cpp\nCopied: C:\\Users\\lenovo\\Desktop\\Diagramscene_ultima-main\\tests\\test_diagrampath_path_dev.cpp -> C:\\Users\\lenovo\\Desktop\\Diagramscene_ultima-main\\tests\\build\\test_diagrampath_path_dev.cpp\nProcessing .gcda: C:\\Users\\lenovo\\Desktop\\Diagramscene_ultima-main\\tests\\build\\Desktop_Qt_6_10_1_MinGW_64_bit-Debug\\debug\\test_diagramtextitem_edit.gcda\nMissing referenced file: debug/test_diagramtextitem_edit.moc -> C:\\Users\\lenovo\\Desktop\\Diagramscene_ultima-main\\tests\\build\\Desktop_Qt_6_10_1_MinGW_64_bit-Debug\\debug\\debug\\test_diagramtextitem_edit.moc\nCopied: C:\\Users\\lenovo\\Desktop\\Diagramscene_ultima-main\\tests\\build\\Desktop_Qt_6_10_1_MinGW_64_bit-Debug\\debug\\test_diagramtextitem_edit.moc -> C:\\Users\\lenovo\\Desktop\\Diagramscene_ultima-main\\tests\\build\\Desktop_Qt_6_10_1_MinGW_64_bit-Debug\\debug\\debug\\test_diagramtextitem_edit.moc\nMissing referenced file: ../../test_diagramtextitem_edit.cpp -> C:\\Users\\lenovo\\Desktop\\Diagramscene_ultima-main\\tests\\build\\test_diagramtextitem_edit.cpp\nCopied: C:\\Users\\lenovo\\Desktop\\Diagramscene_ultima-main\\tests\\test_diagramtextitem_edit.cpp -> C:\\Users\\lenovo\\Desktop\\Diagramscene_ultima-main\\tests\\build\\test_diagramtextitem_edit.cpp\nProcessing .gcda: C:\\Users\\lenovo\\Desktop\\Diagramscene_ultima-main\\tests\\build\\Desktop_Qt_6_10_1_MinGW_64_bit-Debug\\debug\\test_main.gcda\nMissing referenced file: ../../test_main.cpp -> C:\\Users\\lenovo\\Desktop\\Diagramscene_ultima-main\\tests\\build\\test_main.cpp\nCopied: C:\\Users\\lenovo\\Desktop\\Diagramscene_ultima-main\\tests\\test_main.cpp -> C:\\Users\\lenovo\\Desktop\\Diagramscene_ultima-main\\tests\\build\\test_main.cpp\nProcessing .gcda: C:\\Users\\lenovo\\Desktop\\Diagramscene_ultima-main\\tests\\build\\Desktop_Qt_6_10_1_MinGW_64_bit-Debug\\debug\\test_scene_management.gcda\nMissing referenced file: debug/test_scene_management.moc -> C:\\Users\\lenovo\\Desktop\\Diagramscene_ultima-main\\tests\\build\\Desktop_Qt_6_10_1_MinGW_64_bit-Debug\\debug\\debug\\test_scene_management.moc\nCopied: C:\\Users\\lenovo\\Desktop\\Diagramscene_ultima-main\\tests\\build\\Desktop_Qt_6_10_1_MinGW_64_bit-Debug\\debug\\test_scene_management.moc -> C:\\Users\\lenovo\\Desktop\\Diagramscene_ultima-main\\tests\\build\\Desktop_Qt_6_10_1_MinGW_64_bit-Debug\\debug\\debug\\test_scene_management.moc\nMissing referenced file: ../../test_scene_management.cpp -> C:\\Users\\lenovo\\Desktop\\Diagramscene_ultima-main\\tests\\build\\test_scene_management.cpp\nCopied: C:\\Users\\lenovo\\Desktop\\Diagramscene_ultima-main\\tests\\test_scene_management.cpp -> C:\\Users\\lenovo\\Desktop\\Diagramscene_ultima-main\\tests\\build\\test_scene_management.cpp\nMissing referenced file: ../../../../Diagramscene_ultima-main/diagramscene.h -> C:\\Users\\lenovo\\Desktop\\Diagramscene_ultima-main\\Diagramscene_ultima-main\\diagramscene.h\nCopied: C:\\Users\\lenovo\\Desktop\\Diagramscene_ultima-main\\diagramscene.h -> C:\\Users\\lenovo\\Desktop\\Diagramscene_ultima-main\\Diagramscene_ultima-main\\diagramscene.h\nProcessing .gcda: C:\\Users\\lenovo\\Desktop\\Diagramscene_ultima-main\\tests\\build\\Desktop_Qt_6_10_1_MinGW_64_bit-Debug\\debug\\test_shortcuts.gcda\nMissing referenced file: debug/test_shortcuts.moc -> C:\\Users\\lenovo\\Desktop\\Diagramscene_ultima-main\\tests\\build\\Desktop_Qt_6_10_1_MinGW_64_bit-Debug\\debug\\debug\\test_shortcuts.moc\nCopied: C:\\Users\\lenovo\\Desktop\\Diagramscene_ultima-main\\tests\\build\\Desktop_Qt_6_10_1_MinGW_64_bit-Debug\\debug\\test_shortcuts.moc -> C:\\Users\\lenovo\\Desktop\\Diagramscene_ultima-main\\tests\\build\\Desktop_Qt_6_10_1_MinGW_64_bit-Debug\\debug\\debug\\test_shortcuts.moc\nMissing referenced file: ../../test_shortcuts.cpp -> C:\\Users\\lenovo\\Desktop\\Diagramscene_ultima-main\\tests\\build\\test_shortcuts.cpp\nCopied: C:\\Users\\lenovo\\Desktop\\Diagramscene_ultima-main\\tests\\test_shortcuts.cpp -> C:\\Users\\lenovo\\Desktop\\Diagramscene_ultima-main\\tests\\build\\test_shortcuts.cpp\nensure_gcov_sources finished; files copied: 20\n",
      "stderr": "",
      "timed_out": false
    },
    "returncode": 64,
    "stdout": "",
    "stderr": "(INFO) Reading coverage data...\n(ERROR) GCOV produced the following errors processing C:\\Users\\lenovo\\Desktop\\Diagramscene_ultima-main\\tests\\generated\\debug\\arrow.gcda:\n\tIn directory C:\\Users\\lenovo\\Desktop\\Diagramscene_ultima-main\\tests\\build\\Desktop_Qt_6_10_1_MinGW_64_bit-Debug\\debug:\nCannot open source file ../../arrow.h\nCannot open source file ../../arrow.cpp\nCannot open source file ../../diagramitem.h\n\n\tIn directory C:\\Users\\lenovo\\Desktop\\Diagramscene_ultima-main:\nCannot open source file ../../arrow.h\nCannot open source file ../../arrow.cpp\nCannot open source file ../../diagramitem.h\n\n\t(GCOVR could not infer a working directory that resolved it.)\nTo ignore this error use option --gcov-ignore-errors=no_working_dir_found.\n(ERROR) Traceback (most recent call last):\n  File \"D:\\Anaconda\\envs\\py312_env\\Lib\\site-packages\\gcovr\\formats\\gcov\\workers.py\", line 96, in worker\n    work(*args, **kwargs)\n  File \"D:\\Anaconda\\envs\\py312_env\\Lib\\site-packages\\gcovr\\formats\\gcov\\read.py\", line 505, in process_datafile\n    raise RuntimeError(errors_output)\nRuntimeError: GCOV produced the following errors processing C:\\Users\\lenovo\\Desktop\\Diagramscene_ultima-main\\tests\\generated\\debug\\arrow.gcda:\n\tIn directory C:\\Users\\lenovo\\Desktop\\Diagramscene_ultima-main\\tests\\build\\Desktop_Qt_6_10_1_MinGW_64_bit-Debug\\debug:\nCannot open source file ../../arrow.h\nCannot open source file ../../arrow.cpp\nCannot open source file ../../diagramitem.h\n\n\tIn directory C:\\Users\\lenovo\\Desktop\\Diagramscene_ultima-main:\nCannot open source file ../../arrow.h\nCannot open source file ../../arrow.cpp\nCannot open source file ../../diagramitem.h\n\n\t(GCOVR could not infer a working directory that resolved it.)\nTo ignore this error use option --gcov-ignore-errors=no_working_dir_found.\n\n(ERROR) Error occurred while reading reports:\nTraceback (most recent call last):\n  File \"D:\\Anaconda\\envs\\py312_env\\Lib\\site-packages\\gcovr\\__main__.py\", line 398, in main\n    covdata = gcovr_formats.read_reports(options)\n              ^^^^^^^^^^^^^^^^^^^^^^^^^^^^^^^^^^^\n  File \"D:\\Anaconda\\envs\\py312_env\\Lib\\site-packages\\gcovr\\formats\\__init__.py\", line 98, in read_reports\n    covdata = GcovHandler(options).read_report()\n              ^^^^^^^^^^^^^^^^^^^^^^^^^^^^^^^^^^\n  File \"D:\\Anaconda\\envs\\py312_env\\Lib\\site-packages\\gcovr\\formats\\gcov\\__init__.py\", line 238, in read_report\n    return read_report(self.options)\n           ^^^^^^^^^^^^^^^^^^^^^^^^^\n  File \"D:\\Anaconda\\envs\\py312_env\\Lib\\site-packages\\gcovr\\formats\\gcov\\read.py\", line 93, in read_report\n    contexts = pool.wait()\n               ^^^^^^^^^^^\n  File \"D:\\Anaconda\\envs\\py312_env\\Lib\\site-packages\\gcovr\\formats\\gcov\\workers.py\", line 208, in wait\n    raise RuntimeError(\nRuntimeError: Worker thread raised exception, workers canceled.\n\n",
    "timed_out": false,
    "retry_gcvr": {
      "cmd": "D:\\Anaconda\\envs\\py312_env\\python.exe -m gcovr -r \"C:\\Users\\lenovo\\Desktop\\Diagramscene_ultima-main\"  --object-directory tests/build/Desktop_Qt_6_10_1_MinGW_64_bit-Debug/debug --gcov-executable D:/Qt/Tools/mingw1310_64/bin/gcov.exe --exclude-directories .git --exclude-directories .venv --exclude-directories tools --exclude-directories generated_tests --print-summary --html-details -o coverage.html --json=coverage.json --gcov-ignore-errors=no_working_dir_found",
      "cwd": "C:\\Users\\lenovo\\Desktop\\Diagramscene_ultima-main",
      "timeout_s": 600.0,
      "returncode": 0,
      "stdout": "lines: 31.2% (2928 out of 9381)\nfunctions: 26.8% (175 out of 654)\nbranches: 16.1% (3719 out of 23090)\n",
      "stderr": "(INFO) Reading coverage data...\n(ERROR) GCOV produced the following errors processing C:\\Users\\lenovo\\Desktop\\Diagramscene_ultima-main\\tests\\generated\\debug\\arrow.gcda:\n\tIn directory C:\\Users\\lenovo\\Desktop\\Diagramscene_ultima-main\\tests\\build\\Desktop_Qt_6_10_1_MinGW_64_bit-Debug\\debug:\nCannot open source file ../../arrow.h\nCannot open source file ../../arrow.cpp\nCannot open source file ../../diagramitem.h\n\n\tIn directory C:\\Users\\lenovo\\Desktop\\Diagramscene_ultima-main:\nCannot open source file ../../arrow.h\nCannot open source file ../../arrow.cpp\nCannot open source file ../../diagramitem.h\n\n\t(GCOVR could not infer a working directory that resolved it.)\nTo ignore this error use option --gcov-ignore-errors=no_working_dir_found.\n(ERROR) GCOV produced the following errors processing C:\\Users\\lenovo\\Desktop\\Diagramscene_ultima-main\\tests\\generated\\debug\\deletecommand.gcda:\n\tIn directory C:\\Users\\lenovo\\Desktop\\Diagramscene_ultima-main\\tests\\build\\Desktop_Qt_6_10_1_MinGW_64_bit-Debug\\debug:\nCannot open source file ../../deletecommand.cpp\n\n\tIn directory C:\\Users\\lenovo\\Desktop\\Diagramscene_ultima-main:\nCannot open source file ../../deletecommand.cpp\n\n\t(GCOVR could not infer a working directory that resolved it.)\nTo ignore this error use option --gcov-ignore-errors=no_working_dir_found.\n(ERROR) GCOV produced the following errors processing C:\\Users\\lenovo\\Desktop\\Diagramscene_ultima-main\\tests\\generated\\debug\\diagramitem.gcda:\n\tIn directory C:\\Users\\lenovo\\Desktop\\Diagramscene_ultima-main\\tests\\build\\Desktop_Qt_6_10_1_MinGW_64_bit-Debug\\debug:\nCannot open source file ../../diagramitem.h\nCannot open source file ../../diagramitem.cpp\nCannot open source file ../../arrow.h\n\n\tIn directory C:\\Users\\lenovo\\Desktop\\Diagramscene_ultima-main:\nCannot open source file ../../diagramitem.h\nCannot open source file ../../diagramitem.cpp\nCannot open source file ../../arrow.h\n\n\t(GCOVR could not infer a working directory that resolved it.)\nTo ignore this error use option --gcov-ignore-errors=no_working_dir_found.\n(ERROR) GCOV produced the following errors processing C:\\Users\\lenovo\\Desktop\\Diagramscene_ultima-main\\tests\\generated\\debug\\diagrampath.gcda:\n\tIn directory C:\\Users\\lenovo\\Desktop\\Diagramscene_ultima-main\\tests\\build\\Desktop_Qt_6_10_1_MinGW_64_bit-Debug\\debug:\nCannot open source file ../../diagrampath.h\nCannot open source file ../../diagrampath.cpp\n\n\tIn directory C:\\Users\\lenovo\\Desktop\\Diagramscene_ultima-main:\nCannot open source file ../../diagrampath.h\nCannot open source file ../../diagrampath.cpp\n\n\t(GCOVR could not infer a working directory that resolved it.)\nTo ignore this error use option --gcov-ignore-errors=no_working_dir_found.\n(ERROR) GCOV produced the following errors processing C:\\Users\\lenovo\\Desktop\\Diagramscene_ultima-main\\tests\\generated\\debug\\diagramscene.gcda:\n\tIn directory C:\\Users\\lenovo\\Desktop\\Diagramscene_ultima-main\\tests\\build\\Desktop_Qt_6_10_1_MinGW_64_bit-Debug\\debug:\nCannot open source file ../../diagramscene.cpp\nCannot open source file ../../arrow.h\n\n\tIn directory C:\\Users\\lenovo\\Desktop\\Diagramscene_ultima-main:\nCannot open source file ../../diagramscene.cpp\nCannot open source file ../../arrow.h\n\n\t(GCOVR could not infer a working directory that resolved it.)\nTo ignore this error use option --gcov-ignore-errors=no_working_dir_found.\n(ERROR) GCOV produced the following errors processing C:\\Users\\lenovo\\Desktop\\Diagramscene_ultima-main\\tests\\generated\\debug\\diagramtextitem.gcda:\n\tIn directory C:\\Users\\lenovo\\Desktop\\Diagramscene_ultima-main\\tests\\build\\Desktop_Qt_6_10_1_MinGW_64_bit-Debug\\debug:\nCannot open source file ../../diagramtextitem.cpp\n\n\tIn directory C:\\Users\\lenovo\\Desktop\\Diagramscene_ultima-main:\nCannot open source file ../../diagramtextitem.cpp\n\n\t(GCOVR could not infer a working directory that resolved it.)\nTo ignore this error use option --gcov-ignore-errors=no_working_dir_found.\n(ERROR) GCOV produced the following errors processing C:\\Users\\lenovo\\Desktop\\Diagramscene_ultima-main\\tests\\generated\\debug\\findreplacedialog.gcda:\n\tIn directory C:\\Users\\lenovo\\Desktop\\Diagramscene_ultima-main\\tests\\build\\Desktop_Qt_6_10_1_MinGW_64_bit-Debug\\debug:\nCannot open source file ../../findreplacedialog.cpp\n\n\tIn directory C:\\Users\\lenovo\\Desktop\\Diagramscene_ultima-main:\nCannot open source file ../../findreplacedialog.cpp\n\n\t(GCOVR could not infer a working directory that resolved it.)\nTo ignore this error use option --gcov-ignore-errors=no_working_dir_found.\n(ERROR) GCOV produced the following errors processing C:\\Users\\lenovo\\Desktop\\Diagramscene_ultima-main\\tests\\generated\\debug\\moc_diagramtextitem.gcda:\n\tIn directory C:\\Users\\lenovo\\Desktop\\Diagramscene_ultima-main\\tests\\build\\Desktop_Qt_6_10_1_MinGW_64_bit-Debug\\debug:\ndebug\\moc_diagramtextitem.cpp:source file is newer than notes file '..\\..\\..\\generated\\debug/moc_diagramtextitem.gcno'\n(the message is displayed only once per source file)\nCannot open source file ../../diagramtextitem.h\n\n\tIn directory C:\\Users\\lenovo\\Desktop\\Diagramscene_ultima-main:\nCannot open source file debug/moc_diagramtextitem.cpp\nCannot open source file ../../diagramtextitem.h\n\n\t(GCOVR could not infer a working directory that resolved it.)\nTo ignore this error use option --gcov-ignore-errors=no_working_dir_found.\n(ERROR) GCOV produced the following errors processing C:\\Users\\lenovo\\Desktop\\Diagramscene_ultima-main\\tests\\generated\\debug\\test_diagramitem.gcda:\n\tIn directory C:\\Users\\lenovo\\Desktop\\Diagramscene_ultima-main\\tests\\build\\Desktop_Qt_6_10_1_MinGW_64_bit-Debug\\debug:\nCannot open source file debug/test_diagramitem.moc\nCannot open source file test_diagramitem.cpp\nCannot open source file ../../diagramitem.h\n\n\tIn directory C:\\Users\\lenovo\\Desktop\\Diagramscene_ultima-main:\nCannot open source file debug/test_diagramitem.moc\nCannot open source file test_diagramitem.cpp\nCannot open source file ../../diagramitem.h\n\n\t(GCOVR could not infer a working directory that resolved it.)\nTo ignore this error use option --gcov-ignore-errors=no_working_dir_found.\n(INFO) Writing coverage report...\n",
      "timed_out": false
    },
    "coverage_summary": {
      "lines": "31.2%",
      "functions": "26.8%",
      "branches": "16.1%"
    },
    "summary": "31.2%"
  },
  "findings": [
    {
      "category": "coverage",
      "severity": "info",
      "title": "覆盖率汇总：lines 31.2% | branches 16.1% | functions 26.8%",
      "details": "（来自覆盖率命令输出解析）",
      "file": null,
      "line": null,
      "rule_id": null,
      "evidence": {}
    }
  ]
}