{
  "stage": "single_file_loop",
  "project_root": "C:\\Users\\lenovo\\Desktop\\Diagramscene_ultima-syz",
  "created_at": "20251230_154708",
  "meta": {
    "mode": "single_file_loop",
    "retries": 4
  },
  "findings": [
    {
      "category": "testgen",
      "severity": "info",
      "title": "已生成 QtTest：2 个文件，共约 32 个用例",
      "details": "生成文件明细：\ntests/generated/test_diagramitem.cpp (32 cases)\ntests/generated/tests.pro (0 cases)",
      "file": null,
      "line": null,
      "rule_id": null,
      "evidence": {}
    },
    {
      "category": "tests",
      "severity": "error",
      "title": "测试命令执行失败",
      "details": "D:\\Qt\\6.10.1\\mingw_64\\bin\\moc.exe -DUNICODE -D_UNICODE -DWIN32 -DMINGW_HAS_SECURE_API=1 -DQT_WIDGETS_LIB -DQT_SVG_LIB -DQT_GUI_LIB -DQT_TESTLIB_LIB -DQT_CORE_LIB -DQT_NEEDS_QMAIN -DQT_TESTCASE_BUILDDIR=\"\\\"C:/Users/lenovo/Desktop/Diagramscene_ultima-syz/tests/generated\\\"\" --include C:/Users/lenovo/Desktop/Diagramscene_ultima-syz/tests/generated/debug/moc_predefs.h -ID:/Qt/6.10.1/mingw_64/mkspecs/win32-g++ -IC:/Users/lenovo/Desktop/Diagramscene_ultima-syz/tests/generated -IC:/Users/lenovo/Desktop/Diagramscene_ultima-syz -ID:/Qt/6.10.1/mingw_64/include -ID:/Qt/6.10.1/mingw_64/include/QtWidgets -ID:/Qt/6.10.1/mingw_64/include/QtSvg -ID:/Qt/6.10.1/mingw_64/include/QtGui -ID:/Qt/6.10.1/mingw_64/include/QtTest -ID:/Qt/6.10.1/mingw_64/include/QtCore -ID:/Qt/Tools/mingw1310_64/lib/gcc/x86_64-w64-mingw32/13.1.0/include/c++ -ID:/Qt/Tools/mingw1310_64/lib/gcc/x86_64-w64-mingw32/13.1.0/include/c++/x86_64-w64-mingw32 -ID:/Qt/Tools/mingw1310_64/lib/gcc/x86_64-w64-mingw32/13.1.0/include/c++/backward -ID:/Qt/Tools/mingw1310_64/lib/gcc/x86_64-w64-mingw32/13.1.0/include -ID:/Qt/Tools/mingw1310_64/lib/gcc/x86_64-w64-mingw32/13.1.0/include-fixed -ID:/Qt/Tools/mingw1310_64/x86_64-w64-mingw32/include test_diagramitem.cpp -o debug\\test_diagramitem.moc\ng++ -c -fno-keep-inline-dllexport --coverage -g -Wall -Wextra -Wextra -fexceptions -mthreads -DUNICODE -D_UNICODE -DWIN32 -DMINGW_HAS_SECURE_API=1 -DQT_WIDGETS_LIB -DQT_SVG_LIB -DQT_GUI_LIB -DQT_TESTLIB_LIB -DQT_CORE_LIB -DQT_NEEDS_QMAIN -DQT_TESTCASE_BUILDDIR=\"\\\"C:/Users/lenovo/Desktop/Diagramscene_ultima-syz/tests/generated\\\"\" -I. -I../.. -ID:/Qt/6.10.1/mingw_64/include -ID:/Qt/6.10.1/mingw_64/include/QtWidgets -ID:/Qt/6.10.1/mingw_64/include/QtSvg -ID:/Qt/6.10.1/mingw_64/include/QtGui -ID:/Qt/6.10.1/mingw_64/include/QtTest -ID:/Qt/6.10.1/mingw_64/include/QtCore -Idebug -I/include -ID:/Qt/6.10.1/mingw_64/mkspecs/win32-g++  -o debug\\test_diagramitem.o test_diagramitem.cpp\n\ntest_diagramitem.cpp: In member function 'void TestDiagramItem::init()':\ntest_diagramitem.cpp:99:41: error: 'Process' is not a member of 'DiagramItem'\n   99 |     item = new DiagramItem(DiagramItem::Process, contextMenu);\n      |                                         ^~~~~~~\nIn file included from D:/Qt/6.10.1/mingw_64/include/QtTest/qtesteventloop.h:8,\n                 from D:/Qt/6.10.1/mingw_64/include/QtTest/qsignalspy.h:10,\n                 from D:/Qt/6.10.1/mingw_64/include/QtTest/QtTest:10,\n                 from test_diagramitem.cpp:1:\ntest_diagramitem.cpp: In member function 'void TestDiagramItem::testConstructor()':\ntest_diagramitem.cpp:112:48: error: 'Process' is not a member of 'DiagramItem'\n  112 |     QCOMPARE(item->myDiagramType, DiagramItem::Process);\n      |                                                ^~~~~~~\nD:/Qt/6.10.1/mingw_64/include/QtTest/qtestcase.h:90:34: note: in definition of macro 'QCOMPARE'\n   90 |     if (!QTest::qCompare(actual, expected, #actual, #expected, __FILE__, __LINE__))\\\n      |                                  ^~~~~~~~\ntest_diagramitem.cpp: In member function 'void TestDiagramItem::testPrivateMembersAccess()':\ntest_diagramitem.cpp:504:49: error: 'Process' is not a member of 'DiagramItem'\n  504 |     QVERIFY(item->myDiagramType == DiagramItem::Process);\n      |                                                 ^~~~~~~\nD:/Qt/6.10.1/mingw_64/include/QtTest/qtestcase.h:67:43: note: in definition of macro 'QVERIFY'\n   67 |     if (!QTest::qVerify(static_cast<bool>(statement), #statement, \"\", __FILE__, __LINE__))\\\n      |                                           ^~~~~~~~~\nmingw32-make: *** [Makefile.Debug:1968: debug/test_diagramitem.o] Error 1\n",
      "file": null,
      "line": null,
      "rule_id": null,
      "evidence": {}
    },
    {
      "category": "testgen",
      "severity": "warning",
      "title": "生成文件失败: tests/generated/test_diagramitem.cpp",
      "details": "Failed to obtain valid JSON after 3 attempts: JSON appears truncated (no closing bracket found). depth=2, partial content length=29258\nLast response preview: ```json\n{\n    \"schema\": \"qt_test\",\n    \"files\": [\n        {\n            \"name\": \"tests/generated/test_diagramitem.cpp\",\n            \"content\": \"#include <QtTest>\\n#include <QGraphicsScene>\\n#include <QGraphicsView>\\n#include <QPainter>\\n#include <QImage>\\n#include <QStyleOptionGraphicsItem>\\n#include <QGraphicsSceneMouseEvent>\\n#include <QGraphicsSceneHoverEvent>\\n#include <QGraphicsSceneContextMenuEvent>\\n#include <QMenu>\\n#include <QSignalSpy>\\n#include <QColor>\\n#include <QSizeF>\\n#include <QRectF>\\n#include <QTransform>\\n#include <QPolygonF>\\n#include <QPainterPath>\\n#include <QGraphicsScene>\\n#include <QGraphicsView>\\n#include <QApplication>\\n#include <QGraphicsTextItem>\\n#include <QGraphicsLineItem>\\n#include <QGraphicsPathItem>\\n#include <QJsonObject>\\n#include <QBrush>\\n#include <QList>\\n#include <QMap>\\n\\n#define private public\\n#define protected public\\n#include \\\"diagramitem.h\\\"\\n#include \\\"arrow.h\\\"\\n#include \\\"diagramtextitem.h\\\"\\n#include \\\"diagrampath.h\\\"\\n#undef private\\n#undef protected\\n\\nclass TestDiagramItem : public QObject\\n{\\n    Q_OBJECT\\n\\nprivate slots:\\n    void initTestCase();\\n    void cleanupTestCase();\\n    void init();\\n    void cleanup();\\n    \\n    void testConstructor();\\n    void testConstructorWithDifferentTypes();\\n    void testBoundingRect();\\n    void testBoundingRectAfterRotation();\\n    void testBoundingRectAfterSizeChange();\\n    void testSetBrush();\\n    void testSetFixedSize();\\n    void testSetFixedSizeUpdatesBoundingRect();\\n    void testRotationAngle();\\n    void testRotationAffectsBoundingRect();\\n    void testMousePressEvent();\\n    void testMouseReleaseEvent();\\n    void testMouseMoveEvent();\\n    void testHoverEnterEvent();\\n    void testHoverLeaveEvent();\\n    void testHoverMoveEvent();\\n    void testContextMenuEvent();\\n    void testPaintStartEndType();\\n    void testPaintConditionalType();\\n    void testPaintStepType();\\n    void testPaintCircularType();\\n    void testPaintWithDifferentColors();\\n    void testPa",
      "file": null,
      "line": null,
      "rule_id": null,
      "evidence": {}
    },
    {
      "category": "testgen",
      "severity": "warning",
      "title": "生成文件失败: tests/generated/tests.pro",
      "details": "Failed to obtain valid JSON after 3 attempts: JSON appears truncated (no closing bracket found). depth=2, partial content length=28126\nLast response preview: ```json\n{\n    \"schema\": \"qt_test\",\n    \"files\": [\n        {\n            \"name\": \"tests.pro\",\n            \"content\": \"QT += testlib widgets svg\\nTEMPLATE = app\\nTARGET = test_diagramitem\\nCONFIG += console\\nCONFIG -= app_bundle\\nCONFIG += qtestlib\\n\\nSOURCES += test_diagramitem.cpp \\\\\\n           ../diagramitem.cpp \\\\\\n           ../diagramtextitem.cpp \\\\\\n           ../arrow.cpp \\\\\\n           ../diagrampath.cpp\\n\\nHEADERS += test_diagramitem.h\\n\\nINCLUDEPATH += ..\\n\\nDEFINES += QT_DISABLE_DEPRECATED_BEFORE=0x060000\\n\\nwin32:CONFIG(release, debug|release): LIBS += -lgcov\\nelse:win32:CONFIG(debug, debug|release): LIBS += -lgcov\\nunix: LIBS += -lgcov\\n\\nQMAKE_CXXFLAGS += --coverage\\nQMAKE_LFLAGS += --coverage\"\n        },\n        {\n            \"name\": \"test_diagramitem.cpp\",\n            \"content\": \"#include <QtTest>\\n#include <QGraphicsScene>\\n#include <QGraphicsView>\\n#include <QPainter>\\n#include <QImage>\\n#include <QStyleOptionGraphicsItem>\\n#include <QGraphicsSceneMouseEvent>\\n#include <QGraphicsSceneHoverEvent>\\n#include <QGraphicsSceneContextMenuEvent>\\n#include <QMenu>\\n#include <QSignalSpy>\\n#include <QPolygonF>\\n#include <QTransform>\\n#include <QJsonObject>\\n\\n#define private public\\n#define protected public\\n#include \\\"diagramitem.h\\\"\\n#undef private\\n#undef protected\\n\\n#include \\\"arrow.h\\\"\\n#include \\\"diagramtextitem.h\\\"\\n#include \\\"diagrampath.h\\\"\\n\\nclass TestDiagramItem : public QObject\\n{\\n    Q_OBJECT\\n\\nprivate slots:\\n    void initTestCase();\\n    void cleanupTestCase();\\n    void init();\\n    void cleanup();\\n    \\n    void testConstructor();\\n    void testConstructorWithDifferentTypes();\\n    void testBoundingRect();\\n    void testBoundingRectAfterRotation();\\n    void testBoundingRectAfterSizeChange();\\n    void testSetBrush();\\n    void testSetFixedSize();\\n    void testSetFixedSizeUpdatesBoundingRect();\\n    void testRotationAngle();\\n    void testRotationAffectsBoundingRect();\\n    void testMousePressEvent();\\n    void testMouseReleaseEvent();\\",
      "file": null,
      "line": null,
      "rule_id": null,
      "evidence": {}
    },
    {
      "category": "testgen",
      "severity": "info",
      "title": "已生成 QtTest：2 个文件，共约 42 个用例",
      "details": "生成文件明细：\ntests/generated/test_diagramitem.cpp (42 cases)\ntests/generated/tests.pro (0 cases)",
      "file": null,
      "line": null,
      "rule_id": null,
      "evidence": {}
    },
    {
      "category": "tests",
      "severity": "error",
      "title": "测试命令执行失败",
      "details": "D:\\Qt\\6.10.1\\mingw_64\\bin\\moc.exe -DUNICODE -D_UNICODE -DWIN32 -DMINGW_HAS_SECURE_API=1 -DQT_WIDGETS_LIB -DQT_SVG_LIB -DQT_GUI_LIB -DQT_TESTLIB_LIB -DQT_CORE_LIB -DQT_NEEDS_QMAIN -DQT_TESTCASE_BUILDDIR=\"\\\"C:/Users/lenovo/Desktop/Diagramscene_ultima-syz/tests/generated\\\"\" --include C:/Users/lenovo/Desktop/Diagramscene_ultima-syz/tests/generated/debug/moc_predefs.h -ID:/Qt/6.10.1/mingw_64/mkspecs/win32-g++ -IC:/Users/lenovo/Desktop/Diagramscene_ultima-syz/tests/generated -IC:/Users/lenovo/Desktop/Diagramscene_ultima-syz -ID:/Qt/6.10.1/mingw_64/include -ID:/Qt/6.10.1/mingw_64/include/QtWidgets -ID:/Qt/6.10.1/mingw_64/include/QtSvg -ID:/Qt/6.10.1/mingw_64/include/QtGui -ID:/Qt/6.10.1/mingw_64/include/QtTest -ID:/Qt/6.10.1/mingw_64/include/QtCore -ID:/Qt/Tools/mingw1310_64/lib/gcc/x86_64-w64-mingw32/13.1.0/include/c++ -ID:/Qt/Tools/mingw1310_64/lib/gcc/x86_64-w64-mingw32/13.1.0/include/c++/x86_64-w64-mingw32 -ID:/Qt/Tools/mingw1310_64/lib/gcc/x86_64-w64-mingw32/13.1.0/include/c++/backward -ID:/Qt/Tools/mingw1310_64/lib/gcc/x86_64-w64-mingw32/13.1.0/include -ID:/Qt/Tools/mingw1310_64/lib/gcc/x86_64-w64-mingw32/13.1.0/include-fixed -ID:/Qt/Tools/mingw1310_64/x86_64-w64-mingw32/include test_diagramitem.cpp -o debug\\test_diagramitem.moc\ng++ -c -fno-keep-inline-dllexport --coverage -g -Wall -Wextra -Wextra -fexceptions -mthreads -DUNICODE -D_UNICODE -DWIN32 -DMINGW_HAS_SECURE_API=1 -DQT_WIDGETS_LIB -DQT_SVG_LIB -DQT_GUI_LIB -DQT_TESTLIB_LIB -DQT_CORE_LIB -DQT_NEEDS_QMAIN -DQT_TESTCASE_BUILDDIR=\"\\\"C:/Users/lenovo/Desktop/Diagramscene_ultima-syz/tests/generated\\\"\" -I. -I../.. -ID:/Qt/6.10.1/mingw_64/include -ID:/Qt/6.10.1/mingw_64/include/QtWidgets -ID:/Qt/6.10.1/mingw_64/include/QtSvg -ID:/Qt/6.10.1/mingw_64/include/QtGui -ID:/Qt/6.10.1/mingw_64/include/QtTest -ID:/Qt/6.10.1/mingw_64/include/QtCore -Idebug -I/include -ID:/Qt/6.10.1/mingw_64/mkspecs/win32-g++  -o debug\\test_diagramitem.o test_diagramitem.cpp\n\ntest_diagramitem.cpp: In member function 'void TestDiagramItem::testFlags()':\ntest_diagramitem.cpp:492:74: error: conversion from 'QFlags<QGraphicsItem::GraphicsItemFlag>' to non-scalar type 'QFlags<Qt::ItemFlag>' requested\n  490 |     Qt::ItemFlags expectedFlags = QGraphicsItem::ItemIsFocusable |\n      |                                   ~~~~~~~~~~~~~~~~~~~~~~~~~~~~~~~~        \n  491 |                                  QGraphicsItem::ItemIsSelectable |\n      |                                  ~~~~~~~~~~~~~~~~~~~~~~~~~~~~~~~~~        \n  492 |                                  QGraphicsItem::ItemSendsGeometryChanges |\n      |                                  ~~~~~~~~~~~~~~~~~~~~~~~~~~~~~~~~~~~~~~~~^\n  493 |                                  QGraphicsItem::ItemIsMovable;\n      |                                  ~~~~~~~~~~~~~~~~~~~~~~~~~~~~             \nmingw32-make: *** [Makefile.Debug:1990: debug/test_diagramitem.o] Error 1\n",
      "file": null,
      "line": null,
      "rule_id": null,
      "evidence": {}
    },
    {
      "category": "testgen",
      "severity": "warning",
      "title": "生成文件失败: tests/generated/test_diagramitem.cpp",
      "details": "Failed to obtain valid JSON after 3 attempts: JSON appears truncated (no closing bracket found). depth=2, partial content length=34160\nLast response preview: ```json\n{\n    \"schema\": \"qt_test\",\n    \"files\": [\n        {\n            \"name\": \"test_diagramitem.pro\",\n            \"content\": \"QT += testlib widgets svg\\nTEMPLATE = app\\nTARGET = test_diagramitem\\nCONFIG += console\\nCONFIG -= app_bundle\\nCONFIG += qtestlib\\n\\nSOURCES += test_diagramitem.cpp \\\\\\n           ../../diagramitem.cpp \\\\\\n           ../../arrow.cpp \\\\\\n           ../../diagramtextitem.cpp \\\\\\n           ../../diagrampath.cpp\\n\\nHEADERS += ../../diagramitem.h \\\\\\n           ../../arrow.h \\\\\\n           ../../diagramtextitem.h \\\\\\n           ../../diagrampath.h\\n\\nINCLUDEPATH += ../..\\n\\nDEFINES += SRCDIR=\\\\\\\"$$PWD\\\\\\\"\\n\\n# Coverage flags\\nQMAKE_CFLAGS += -fprofile-arcs -ftest-coverage\\nQMAKE_CXXFLAGS += -fprofile-arcs -ftest-coverage\\nQMAKE_LFLAGS += --coverage\"\n        },\n        {\n            \"name\": \"test_diagramitem.cpp\",\n            \"content\": \"#include <QtTest>\\n#include <QGraphicsScene>\\n#include <QGraphicsView>\\n#include <QPainter>\\n#include <QImage>\\n#include <QStyleOptionGraphicsItem>\\n#include <QGraphicsSceneMouseEvent>\\n#include <QGraphicsSceneHoverEvent>\\n#include <QGraphicsSceneContextMenuEvent>\\n#include <QMenu>\\n#include <QSignalSpy>\\n#include <QTransform>\\n#include <QPolygonF>\\n#include <QPainterPath>\\n\\n#define private public\\n#define protected public\\n#include \\\"diagramitem.h\\\"\\n#include \\\"arrow.h\\\"\\n#include \\\"diagramtextitem.h\\\"\\n#include \\\"diagrampath.h\\\"\\n#undef private\\n#undef protected\\n\\nclass TestDiagramItem : public QObject\\n{\\n    Q_OBJECT\\n\\nprivate slots:\\n    void initTestCase();\\n    void cleanupTestCase();\\n    void init();\\n    void cleanup();\\n    \\n    void testConstructor();\\n    void testConstructorWithDifferentTypes();\\n    void testBoundingRect();\\n    void testBoundingRectWithRotation();\\n    void testBoundingRectAfterSizeChange();\\n    void testSetBrush();\\n    void testSetFixedSize();\\n    void testSetFixedSizeWithMinimum();\\n    void testSetRotationAngle();\\n    void testRotationAngle();\\n    void testMousePressE",
      "file": null,
      "line": null,
      "rule_id": null,
      "evidence": {}
    },
    {
      "category": "testgen",
      "severity": "error",
      "title": "批次 1/1 批量生成失败",
      "details": "Failed to obtain valid JSON after 3 attempts: JSON appears truncated (no closing bracket found). depth=1, partial content length=33821\nLast response preview: [\n  {\n    \"path\": \"tests/generated/test_diagramitem.cpp\",\n    \"content\": \"#define private public\\n#define protected public\\n#include \\\"diagramitem.h\\\"\\n#undef protected\\n#undef private\\n\\n#include <QtTest>\\n#include <QGraphicsScene>\\n#include <QGraphicsView>\\n#include <QGraphicsSceneMouseEvent>\\n#include <QGraphicsSceneHoverEvent>\\n#include <QGraphicsSceneContextMenuEvent>\\n#include <QMenu>\\n#include <QPainter>\\n#include <QStyleOptionGraphicsItem>\\n#include <QImage>\\n\\nclass TestDiagramItem : public QObject\\n{\\n    Q_OBJECT\\n\\nprivate slots:\\n    void initTestCase();\\n    void cleanupTestCase();\\n    void init();\\n    void cleanup();\\n    \\n    void testConstructor();\\n    void testBoundingRect();\\n    void testSetBrush();\\n    void testSetFixedSize();\\n    void testPaint();\\n    void testDiagramType();\\n    void testMousePressEvent();\\n    void testMouseReleaseEvent();\\n    void testMouseMoveEvent();\\n    void testHoverEnterEvent();\\n    void testHoverLeaveEvent();\\n    void testContextMenuEvent();\\n    void testItemChange();\\n    void testTextItemIntegration();\\n    void testRotationAngle();\\n    void testBorder();\\n    void testGrapSize();\\n    void testMinSize();\\n    void testFlags();\\n    void testAcceptHoverEvents();\\n    void testPaintStartEnd();\\n    void testPaintConditional();\\n    void testPaintStep();\\n    void testPaintIo();\\n    void testPaintPath();\\n    void testPaintDefault();\\n    void testEventHandling();\\n    void testGeometryChanges();\\n    void testColor();\\n    void testContextMenu();\\n    void testParentChildRelationship();\\n    void testSceneIntegration();\\n    void testFocus();\\n    void testSelection();\\n    void testMovable();\\n    void testSendsGeometryChanges();\\n    void testPrepareGeometryChange();\\n    void testUpdate();\\n    void testTransform();\\n    void testPainterState();\\n    void testRenderHints();\\n    void testOffscreenRendering();\\n    void testAllDiagramTypes();\\n    void testEdgeCases();\\n    void testPerformance();\\n   ",
      "file": null,
      "line": null,
      "rule_id": null,
      "evidence": {}
    },
    {
      "category": "testgen",
      "severity": "info",
      "title": "已生成 QtTest：1 个文件，共约 0 个用例",
      "details": "生成文件明细：\ntests/generated/tests.pro (0 cases)",
      "file": null,
      "line": null,
      "rule_id": null,
      "evidence": {}
    },
    {
      "category": "tests",
      "severity": "error",
      "title": "测试命令执行失败",
      "details": "g++ -c -fno-keep-inline-dllexport --coverage -g -Wall -Wextra -Wextra -fexceptions -mthreads -DUNICODE -D_UNICODE -DWIN32 -DMINGW_HAS_SECURE_API=1 -DQT_WIDGETS_LIB -DQT_SVG_LIB -DQT_GUI_LIB -DQT_TESTLIB_LIB -DQT_CORE_LIB -DQT_NEEDS_QMAIN -DQT_TESTCASE_BUILDDIR=\"\\\"C:/Users/lenovo/Desktop/Diagramscene_ultima-syz/tests/generated\\\"\" -I. -I../.. -ID:/Qt/6.10.1/mingw_64/include -ID:/Qt/6.10.1/mingw_64/include/QtWidgets -ID:/Qt/6.10.1/mingw_64/include/QtSvg -ID:/Qt/6.10.1/mingw_64/include/QtGui -ID:/Qt/6.10.1/mingw_64/include/QtTest -ID:/Qt/6.10.1/mingw_64/include/QtCore -Idebug -I/include -ID:/Qt/6.10.1/mingw_64/mkspecs/win32-g++  -o debug\\test_diagramitem.o test_diagramitem.cpp\n\ntest_diagramitem.cpp: In member function 'void TestDiagramItem::testFlags()':\ntest_diagramitem.cpp:492:74: error: conversion from 'QFlags<QGraphicsItem::GraphicsItemFlag>' to non-scalar type 'QFlags<Qt::ItemFlag>' requested\n  490 |     Qt::ItemFlags expectedFlags = QGraphicsItem::ItemIsFocusable |\n      |                                   ~~~~~~~~~~~~~~~~~~~~~~~~~~~~~~~~        \n  491 |                                  QGraphicsItem::ItemIsSelectable |\n      |                                  ~~~~~~~~~~~~~~~~~~~~~~~~~~~~~~~~~        \n  492 |                                  QGraphicsItem::ItemSendsGeometryChanges |\n      |                                  ~~~~~~~~~~~~~~~~~~~~~~~~~~~~~~~~~~~~~~~~^\n  493 |                                  QGraphicsItem::ItemIsMovable;\n      |                                  ~~~~~~~~~~~~~~~~~~~~~~~~~~~~             \nmingw32-make: *** [Makefile.Debug:1990: debug/test_diagramitem.o] Error 1\n",
      "file": null,
      "line": null,
      "rule_id": null,
      "evidence": {}
    },
    {
      "category": "testgen",
      "severity": "warning",
      "title": "生成文件失败: tests/generated/test_diagramitem.cpp",
      "details": "Failed to obtain valid JSON after 3 attempts: JSON appears truncated (no closing bracket found). depth=2, partial content length=27986\nLast response preview: ```json\n{\n    \"schema\": \"qt_test\",\n    \"files\": [\n        {\n            \"name\": \"tests/generated/test_diagramitem.cpp\",\n            \"content\": \"#include <QtTest>\\n#include <QGraphicsScene>\\n#include <QGraphicsView>\\n#include <QPainter>\\n#include <QImage>\\n#include <QStyleOptionGraphicsItem>\\n#include <QGraphicsSceneMouseEvent>\\n#include <QGraphicsSceneHoverEvent>\\n#include <QGraphicsSceneContextMenuEvent>\\n#include <QMenu>\\n#include <QSignalSpy>\\n#include <QGraphicsItem>\\n#include <QGraphicsTextItem>\\n#include <QTransform>\\n#include <QDebug>\\n#include <QGraphicsItemGroup>\\n#include <QGraphicsSceneMouseEvent>\\n#include <QGraphicsSceneHoverEvent>\\n#include <QGraphicsSceneContextMenuEvent>\\n\\n#define private public\\n#define protected public\\n#include \\\"diagramitem.h\\\"\\n#include \\\"arrow.h\\\"\\n#include \\\"diagramtextitem.h\\\"\\n#include \\\"diagrampath.h\\\"\\n#include \\\"diagramscene.h\\\"\\n#undef private\\n#undef protected\\n\\nclass TestDiagramItem : public QObject\\n{\\n    Q_OBJECT\\n\\nprivate slots:\\n    void initTestCase();\\n    void cleanupTestCase();\\n    void init();\\n    void cleanup();\\n    \\n    void testConstructor();\\n    void testConstructorWithDifferentTypes();\\n    void testBoundingRect();\\n    void testBoundingRectWithRotation();\\n    void testBoundingRectAfterSizeChange();\\n    void testSetBrush();\\n    void testSetFixedSize();\\n    void testSetFixedSizeWithMinimum();\\n    void testSetRotationAngle();\\n    void testRotationAngle();\\n    void testRotationAngleBoundary();\\n    void testMousePressEvent();\\n    void testMouseReleaseEvent();\\n    void testMouseMoveEvent();\\n    void testHoverEnterEvent();\\n    void testHoverLeaveEvent();\\n    void testHoverMoveEvent();\\n    void testContextMenuEvent();\\n    void testPaintStartEnd();\\n    void testPaintConditional();\\n    void testPaintStep();\\n    void testPaintCircular();\\n    void testPaintDocument();\\n    void testPaintPredefinedProcess();\\n    void testPaintStoredData();\\n    void testPaintWithDifferentColors();\\n    vo",
      "file": null,
      "line": null,
      "rule_id": null,
      "evidence": {}
    },
    {
      "category": "testgen",
      "severity": "info",
      "title": "已生成 QtTest：2 个文件，共约 27 个用例",
      "details": "生成文件明细：\ntests/generated/test_diagramitem.cpp (27 cases)\ntests/generated/tests.pro (0 cases)",
      "file": null,
      "line": null,
      "rule_id": null,
      "evidence": {}
    },
    {
      "category": "tests",
      "severity": "error",
      "title": "测试命令执行失败",
      "details": "D:\\Qt\\6.10.1\\mingw_64\\bin\\moc.exe -DUNICODE -D_UNICODE -DWIN32 -DMINGW_HAS_SECURE_API=1 -DQT_WIDGETS_LIB -DQT_SVG_LIB -DQT_GUI_LIB -DQT_TESTLIB_LIB -DQT_CORE_LIB -DQT_NEEDS_QMAIN -DQT_TESTCASE_BUILDDIR=\"\\\"C:/Users/lenovo/Desktop/Diagramscene_ultima-syz/tests/generated\\\"\" --include C:/Users/lenovo/Desktop/Diagramscene_ultima-syz/tests/generated/debug/moc_predefs.h -ID:/Qt/6.10.1/mingw_64/mkspecs/win32-g++ -IC:/Users/lenovo/Desktop/Diagramscene_ultima-syz/tests/generated -IC:/Users/lenovo/Desktop/Diagramscene_ultima-syz -ID:/Qt/6.10.1/mingw_64/include -ID:/Qt/6.10.1/mingw_64/include/QtWidgets -ID:/Qt/6.10.1/mingw_64/include/QtSvg -ID:/Qt/6.10.1/mingw_64/include/QtGui -ID:/Qt/6.10.1/mingw_64/include/QtTest -ID:/Qt/6.10.1/mingw_64/include/QtCore -ID:/Qt/Tools/mingw1310_64/lib/gcc/x86_64-w64-mingw32/13.1.0/include/c++ -ID:/Qt/Tools/mingw1310_64/lib/gcc/x86_64-w64-mingw32/13.1.0/include/c++/x86_64-w64-mingw32 -ID:/Qt/Tools/mingw1310_64/lib/gcc/x86_64-w64-mingw32/13.1.0/include/c++/backward -ID:/Qt/Tools/mingw1310_64/lib/gcc/x86_64-w64-mingw32/13.1.0/include -ID:/Qt/Tools/mingw1310_64/lib/gcc/x86_64-w64-mingw32/13.1.0/include-fixed -ID:/Qt/Tools/mingw1310_64/x86_64-w64-mingw32/include test_diagramitem.cpp -o debug\\test_diagramitem.moc\ng++ -c -fno-keep-inline-dllexport --coverage -g -Wall -Wextra -Wextra -fexceptions -mthreads -DUNICODE -D_UNICODE -DWIN32 -DMINGW_HAS_SECURE_API=1 -DQT_WIDGETS_LIB -DQT_SVG_LIB -DQT_GUI_LIB -DQT_TESTLIB_LIB -DQT_CORE_LIB -DQT_NEEDS_QMAIN -DQT_TESTCASE_BUILDDIR=\"\\\"C:/Users/lenovo/Desktop/Diagramscene_ultima-syz/tests/generated\\\"\" -I. -I../.. -ID:/Qt/6.10.1/mingw_64/include -ID:/Qt/6.10.1/mingw_64/include/QtWidgets -ID:/Qt/6.10.1/mingw_64/include/QtSvg -ID:/Qt/6.10.1/mingw_64/include/QtGui -ID:/Qt/6.10.1/mingw_64/include/QtTest -ID:/Qt/6.10.1/mingw_64/include/QtCore -Idebug -I/include -ID:/Qt/6.10.1/mingw_64/mkspecs/win32-g++  -o debug\\test_diagramitem.o test_diagramitem.cpp\ng++ --coverage -Wl,-subsystem,console -mthreads -o debug\\tests.exe @debug\\object_script.tests.Debug D:\\Qt\\6.10.1\\mingw_64\\lib\\libQt6Widgets.a D:\\Qt\\6.10.1\\mingw_64\\lib\\libQt6Svg.a D:\\Qt\\6.10.1\\mingw_64\\lib\\libQt6Gui.a D:\\Qt\\6.10.1\\mingw_64\\lib\\libQt6Test.a D:\\Qt\\6.10.1\\mingw_64\\lib\\libQt6Core.a -lmingw32 D:\\Qt\\6.10.1\\mingw_64\\lib\\libQt6EntryPoint.a -lshell32  \n********* Start testing of TestDiagramItem *********\nConfig: Using QtTest library 6.10.1, Qt 6.10.1 (x86_64-little_endian-llp64 shared (dynamic) release build; by GCC 13.1.0), windows 11\nPASS   : TestDiagramItem::initTestCase()\nPASS   : TestDiagramItem::testConstructor()\nPASS   : TestDiagramItem::testConstructorWithDifferentTypes()\nPASS   : TestDiagramItem::testBoundingRect()\nPASS   : TestDiagramItem::testBoundingRectWithRotation()\nPASS   : TestDiagramItem::testBoundingRectAfterSizeChange()\nPASS   : TestDiagramItem::testSetBrush()\nPASS   : TestDiagramItem::testSetFixedSize()\nFAIL!  : TestDiagramItem::testSetFixedSizeWithMinimum() 'item->m_grapSize.width() >= item->m_minSize.width()' returned FALSE. ()\ntest_diagramitem.cpp(190) : failure location\nPASS   : TestDiagramItem::testRotationAngle()\nFAIL!  : TestDiagramItem::testPaintStartEnd() 'hasContent' returned FALSE. ()\ntest_diagramitem.cpp(231) : failure location\nFAIL!  : TestDiagramItem::testPaintConditional() 'hasContent' returned FALSE. ()\ntest_diagramitem.cpp(265) : failure location\nFAIL!  : TestDiagramItem::testPaintWithDifferentColors() 'hasContent' returned FALSE. ()\ntest_diagramitem.cpp(294) : failure location\nFAIL!  : TestDiagramItem::testPaintWithDifferentSizes() 'hasContent' returned FALSE. ()\ntest_diagramitem.cpp(323) : failure location\nPASS   : TestDiagramItem::testMousePressEvent()\nPASS   : TestDiagramItem::testMouseReleaseEvent()\nFAIL!  : TestDiagramItem::testMouseMoveEvent() 'event.isAccepted()' returned FALSE. ()\ntest_diagramitem.cpp(362) : failure location\nPASS   : TestDiagramItem::testHoverEnterEvent()\nPASS   : TestDiagramItem::testHoverLeaveEvent()\nPASS   : TestDiagramItem::testHoverMoveEvent()\nPASS   : TestDiagramItem::testContextMenuEvent()\nPASS   : TestDiagramItem::testTextItemInitialization()\nPASS   : TestDiagramItem::testTextItemPosition()\nPASS   : TestDiagramItem::testFlags()\nPASS   : TestDiagramItem::testAcceptHoverEvents()\nFAIL!  : TestDiagramItem::testSceneInteraction() 'item->hasFocus()' returned FALSE. ()\ntest_diagramitem.cpp(459) : failure location\nPASS   : TestDiagramItem::testProtectedMembers()\nPASS   : TestDiagramItem::testPrivateMembers()\nPASS   : TestDiagramItem::cleanupTestCase()\nTotals: 22 passed, 7 failed, 0 skipped, 0 blacklisted, 22ms\n********* Finished testing of TestDiagramItem *********\n\ntest_diagramitem.cpp: In member function 'void TestDiagramItem::testMousePressEvent()':\ntest_diagramitem.cpp:334:10: warning: unused variable 'wasSelected' [-Wunused-variable]\n  334 |     bool wasSelected = item->isSelected();\n      |          ^~~~~~~~~~~\ntest_diagramitem.cpp:335:10: warning: unused variable 'hadFocus' [-Wunused-variable]\n  335 |     bool hadFocus = item->hasFocus();\n      |          ^~~~~~~~\n",
      "file": null,
      "line": null,
      "rule_id": null,
      "evidence": {}
    },
    {
      "category": "tests",
      "severity": "info",
      "title": "测试命令执行完成",
      "details": "D:\\Qt\\6.10.1\\mingw_64\\bin\\moc.exe -DUNICODE -D_UNICODE -DWIN32 -DMINGW_HAS_SECURE_API=1 -DQT_WIDGETS_LIB -DQT_SVG_LIB -DQT_GUI_LIB -DQT_TESTLIB_LIB -DQT_CORE_LIB -DQT_NEEDS_QMAIN -DQT_TESTCASE_BUILDDIR=\"\\\"C:/Users/lenovo/Desktop/Diagramscene_ultima-syz/tests/generated\\\"\" --include C:/Users/lenovo/Desktop/Diagramscene_ultima-syz/tests/generated/debug/moc_predefs.h -ID:/Qt/6.10.1/mingw_64/mkspecs/win32-g++ -IC:/Users/lenovo/Desktop/Diagramscene_ultima-syz/tests/generated -IC:/Users/lenovo/Desktop/Diagramscene_ultima-syz -ID:/Qt/6.10.1/mingw_64/include -ID:/Qt/6.10.1/mingw_64/include/QtWidgets -ID:/Qt/6.10.1/mingw_64/include/QtSvg -ID:/Qt/6.10.1/mingw_64/include/QtGui -ID:/Qt/6.10.1/mingw_64/include/QtTest -ID:/Qt/6.10.1/mingw_64/include/QtCore -ID:/Qt/Tools/mingw1310_64/lib/gcc/x86_64-w64-mingw32/13.1.0/include/c++ -ID:/Qt/Tools/mingw1310_64/lib/gcc/x86_64-w64-mingw32/13.1.0/include/c++/x86_64-w64-mingw32 -ID:/Qt/Tools/mingw1310_64/lib/gcc/x86_64-w64-mingw32/13.1.0/include/c++/backward -ID:/Qt/Tools/mingw1310_64/lib/gcc/x86_64-w64-mingw32/13.1.0/include -ID:/Qt/Tools/mingw1310_64/lib/gcc/x86_64-w64-mingw32/13.1.0/include-fixed -ID:/Qt/Tools/mingw1310_64/x86_64-w64-mingw32/include test_diagramitem.cpp -o debug\\test_diagramitem.moc\ng++ -c -fno-keep-inline-dllexport --coverage -g -Wall -Wextra -Wextra -fexceptions -mthreads -DUNICODE -D_UNICODE -DWIN32 -DMINGW_HAS_SECURE_API=1 -DQT_WIDGETS_LIB -DQT_SVG_LIB -DQT_GUI_LIB -DQT_TESTLIB_LIB -DQT_CORE_LIB -DQT_NEEDS_QMAIN -DQT_TESTCASE_BUILDDIR=\"\\\"C:/Users/lenovo/Desktop/Diagramscene_ultima-syz/tests/generated\\\"\" -I. -I../.. -ID:/Qt/6.10.1/mingw_64/include -ID:/Qt/6.10.1/mingw_64/include/QtWidgets -ID:/Qt/6.10.1/mingw_64/include/QtSvg -ID:/Qt/6.10.1/mingw_64/include/QtGui -ID:/Qt/6.10.1/mingw_64/include/QtTest -ID:/Qt/6.10.1/mingw_64/include/QtCore -Idebug -I/include -ID:/Qt/6.10.1/mingw_64/mkspecs/win32-g++  -o debug\\test_diagramitem.o test_diagramitem.cpp\ng++ --coverage -Wl,-subsystem,console -mthreads -o debug\\tests.exe @debug\\object_script.tests.Debug D:\\Qt\\6.10.1\\mingw_64\\lib\\libQt6Widgets.a D:\\Qt\\6.10.1\\mingw_64\\lib\\libQt6Svg.a D:\\Qt\\6.10.1\\mingw_64\\lib\\libQt6Gui.a D:\\Qt\\6.10.1\\mingw_64\\lib\\libQt6Test.a D:\\Qt\\6.10.1\\mingw_64\\lib\\libQt6Core.a -lmingw32 D:\\Qt\\6.10.1\\mingw_64\\lib\\libQt6EntryPoint.a -lshell32  \n********* Start testing of TestDiagramItem *********\nConfig: Using QtTest library 6.10.1, Qt 6.10.1 (x86_64-little_endian-llp64 shared (dynamic) release build; by GCC 13.1.0), windows 11\nPASS   : TestDiagramItem::initTestCase()\nPASS   : TestDiagramItem::testConstructor()\nPASS   : TestDiagramItem::testConstructorWithDifferentTypes()\nPASS   : TestDiagramItem::testBoundingRect()\nPASS   : TestDiagramItem::testBoundingRectWithRotation()\nPASS   : TestDiagramItem::testBoundingRectAfterSizeChange()\nPASS   : TestDiagramItem::testSetBrush()\nPASS   : TestDiagramItem::testSetFixedSize()\nPASS   : TestDiagramItem::testRotationAngle()\nPASS   : TestDiagramItem::testMousePressEvent()\nPASS   : TestDiagramItem::testMouseReleaseEvent()\nPASS   : TestDiagramItem::testHoverEnterEvent()\nPASS   : TestDiagramItem::testHoverLeaveEvent()\nPASS   : TestDiagramItem::testHoverMoveEvent()\nPASS   : TestDiagramItem::testContextMenuEvent()\nPASS   : TestDiagramItem::testTextItemInitialization()\nPASS   : TestDiagramItem::testTextItemPosition()\nPASS   : TestDiagramItem::testFlags()\nPASS   : TestDiagramItem::testAcceptHoverEvents()\nPASS   : TestDiagramItem::testProtectedMembers()\nPASS   : TestDiagramItem::testPrivateMembers()\nPASS   : TestDiagramItem::cleanupTestCase()\nTotals: 22 passed, 0 failed, 0 skipped, 0 blacklisted, 24ms\n********* Finished testing of TestDiagramItem *********\nC:\\Users\\lenovo\\Desktop\\Diagramscene_ultima-syz\\tests\\generated\\debug\\arrow.gcda\nC:\\Users\\lenovo\\Desktop\\Diagramscene_ultima-syz\\tests\\generated\\debug\\deletecommand.gcda\nC:\\Users\\lenovo\\Desktop\\Diagramscene_ultima-syz\\tests\\generated\\debug\\diagramitem.gcda\nC:\\Users\\lenovo\\Desktop\\Diagramscene_ultima-syz\\tests\\generated\\debug\\diagramitemgroup.gcda\nC:\\Users\\lenovo\\Desktop\\Diagramscene_ultima-syz\\tests\\generated\\debug\\diagrampath.gcda\nC:\\Users\\lenovo\\Desktop\\Diagramscene_ultima-syz\\tests\\generated\\debug\\diagramscene.gcda\nC:\\Users\\lenovo\\Desktop\\Diagramscene_ultima-syz\\tests\\generated\\debug\\diagramtextitem.gcda\nC:\\Users\\lenovo\\Desktop\\Diagramscene_ultima-syz\\tests\\generated\\debug\\findreplacedialog.gcda\nC:\\Users\\lenovo\\Desktop\\Diagramscene_ultima-syz\\tests\\generated\\debug\\mainwindow.gcda\nC:\\Users\\lenovo\\Desktop\\Diagramscene_ultima-syz\\tests\\generated\\debug\\moc_diagramscene.gcda\nC:\\Users\\lenovo\\Desktop\\Diagramscene_ultima-syz\\tests\\generated\\debug\\moc_diagramtextitem.gcda\nC:\\Users\\lenovo\\Desktop\\Diagramscene_ultima-syz\\tests\\generated\\debug\\moc_findreplacedialog.gcda\nC:\\Users\\lenovo\\Desktop\\Diagramscene_ultima-syz\\tests\\generated\\debug\\moc_mainwindow.gcda\nC:\\Users\\lenovo\\Desktop\\Diagramscene_ultima-syz\\tests\\generated\\debug\\snapshotcommand.gcda\nC:\\Users\\lenovo\\Desktop\\Diagramscene_ultima-syz\\tests\\generated\\debug\\test_diagramitem.gcda\nC:\\Users\\lenovo\\Desktop\\Diagramscene_ultima-syz\\tests\\generated\\debug\\test_diagramitem.gcno\n移动了        16 个文件。\n\ntest_diagramitem.cpp: In member function 'void TestDiagramItem::testMousePressEvent()':\ntest_diagramitem.cpp:222:10: warning: unused variable 'wasSelected' [-Wunused-variable]\n  222 |     bool wasSelected = item->isSelected();\n      |          ^~~~~~~~~~~\ntest_diagramitem.cpp:223:10: warning: unused variable 'hadFocus' [-Wunused-variable]\n  223 |     bool hadFocus = item->hasFocus();\n      |          ^~~~~~~~\n",
      "file": null,
      "line": null,
      "rule_id": null,
      "evidence": {}
    },
    {
      "category": "coverage",
      "severity": "info",
      "title": "覆盖率收集完成",
      "details": "Target File (diagramitem.cpp) Coverage: 100.0%\n\nlines: 0.0% (0 out of 2551)\nfunctions: 0.0% (0 out of 146)\nbranches: 0.0% (0 out of 5554)\n\n(INFO) Reading coverage data...\n(INFO) Writing coverage report...\n",
      "file": null,
      "line": null,
      "rule_id": null,
      "evidence": {}
    }
  ]
}