{
  "stage": "tests",
  "project_root": "C:\\Users\\lenovo\\Desktop\\Diagramscene_ultima-syz",
  "created_at": "20251226_072307",
  "meta": {
    "cmd": "cmd /c \"set PATH=D:\\Qt\\6.10.1\\mingw_64\\bin;D:\\Qt\\Tools\\mingw1310_64\\bin;%PATH% && cd /d C:\\Users\\lenovo\\Desktop\\Diagramscene_ultima-syz && cd tests\\generated && qmake tests.pro && mingw32-make clean && mingw32-make -f Makefile.Debug && debug\\tests.exe && move debug\\*.gc* .\"",
    "cwd": "C:\\Users\\lenovo\\Desktop\\Diagramscene_ultima-syz",
    "timeout_s": 600.0,
    "returncode": 2,
    "stdout": "mingw32-make -f Makefile.Release clean\nmingw32-make[1]: Entering directory 'C:/Users/lenovo/Desktop/Diagramscene_ultima-syz/tests/generated'\ndel moc\\moc_predefs.h\ndel moc\\moc_diagramscene.cpp moc\\moc_diagramtextitem.cpp moc\\moc_findreplacedialog.cpp moc\\moc_mainwindow.cpp\ndel moc\\test_arrow.moc moc\\test_bounding_box.moc moc\\test_collision_detection.moc moc\\test_coordinate_systems.moc moc\\test_deletecommand.moc moc\\test_diagramscene.moc moc\\test_edge_cases.moc moc\\test_event_handling.moc moc\\test_findreplacedialog.moc moc\\test_geometry_utils.moc moc\\test_group_operations.moc moc\\test_integration.moc moc\\test_item_factory.moc moc\\test_item_properties.moc moc\\test_mainwindow.moc moc\\test_path_operations.moc moc\\test_performance.moc moc\\test_rendering.moc moc\\test_scene_commands.moc moc\\test_scene_management.moc moc\\test_selection_behavior.moc moc\\test_serialization.moc moc\\test_text_operations.moc moc\\test_undo_redo.moc moc\\test_z_order.moc\ndel obj\\test_arrow.o obj\\test_bounding_box.o obj\\test_collision_detection.o obj\\test_coordinate_systems.o obj\\test_deletecommand.o obj\\test_diagramscene.o obj\\test_edge_cases.o obj\\test_event_handling.o obj\\test_findreplacedialog.o obj\\test_geometry_utils.o obj\\test_group_operations.o obj\\test_integration.o obj\\test_item_factory.o obj\\test_item_properties.o obj\\test_mainwindow.o obj\\test_path_operations.o obj\\test_performance.o obj\\test_rendering.o obj\\test_scene_commands.o obj\\test_scene_management.o obj\\test_selection_behavior.o obj\\test_serialization.o obj\\test_text_operations.o obj\\test_undo_redo.o obj\\test_z_order.o obj\\arrow.o obj\\diagramitem.o obj\\diagramitemgroup.o obj\\diagrampath.o obj\\diagramscene.o obj\\diagramtextitem.o obj\\findreplacedialog.o obj\\mainwindow.o obj\\moc_diagramscene.o obj\\moc_diagramtextitem.o obj\\moc_findreplacedialog.o obj\\moc_mainwindow.o\nmingw32-make[1]: Leaving directory 'C:/Users/lenovo/Desktop/Diagramscene_ultima-syz/tests/generated'\nmingw32-make -f Makefile.Debug clean\nmingw32-make[1]: Entering directory 'C:/Users/lenovo/Desktop/Diagramscene_ultima-syz/tests/generated'\ndel moc\\moc_predefs.h\ndel moc\\moc_diagramscene.cpp moc\\moc_diagramtextitem.cpp moc\\moc_findreplacedialog.cpp moc\\moc_mainwindow.cpp\ndel moc\\test_arrow.moc moc\\test_bounding_box.moc moc\\test_collision_detection.moc moc\\test_coordinate_systems.moc moc\\test_deletecommand.moc moc\\test_diagramscene.moc moc\\test_edge_cases.moc moc\\test_event_handling.moc moc\\test_findreplacedialog.moc moc\\test_geometry_utils.moc moc\\test_group_operations.moc moc\\test_integration.moc moc\\test_item_factory.moc moc\\test_item_properties.moc moc\\test_mainwindow.moc moc\\test_path_operations.moc moc\\test_performance.moc moc\\test_rendering.moc moc\\test_scene_commands.moc moc\\test_scene_management.moc moc\\test_selection_behavior.moc moc\\test_serialization.moc moc\\test_text_operations.moc moc\\test_undo_redo.moc moc\\test_z_order.moc\ndel obj\\test_arrow.o obj\\test_bounding_box.o obj\\test_collision_detection.o obj\\test_coordinate_systems.o obj\\test_deletecommand.o obj\\test_diagramscene.o obj\\test_edge_cases.o obj\\test_event_handling.o obj\\test_findreplacedialog.o obj\\test_geometry_utils.o obj\\test_group_operations.o obj\\test_integration.o obj\\test_item_factory.o obj\\test_item_properties.o obj\\test_mainwindow.o obj\\test_path_operations.o obj\\test_performance.o obj\\test_rendering.o obj\\test_scene_commands.o obj\\test_scene_management.o obj\\test_selection_behavior.o obj\\test_serialization.o obj\\test_text_operations.o obj\\test_undo_redo.o obj\\test_z_order.o obj\\arrow.o obj\\diagramitem.o obj\\diagramitemgroup.o obj\\diagrampath.o obj\\diagramscene.o obj\\diagramtextitem.o obj\\findreplacedialog.o obj\\mainwindow.o obj\\moc_diagramscene.o obj\\moc_diagramtextitem.o obj\\moc_findreplacedialog.o obj\\moc_mainwindow.o\nmingw32-make[1]: Leaving directory 'C:/Users/lenovo/Desktop/Diagramscene_ultima-syz/tests/generated'\ng++ -fno-keep-inline-dllexport --coverage -g -Wall -Wextra -Wextra -dM -E -o moc\\moc_predefs.h D:\\Qt\\6.10.1\\mingw_64\\mkspecs\\features\\data\\dummy.cpp\nD:\\Qt\\6.10.1\\mingw_64\\bin\\moc.exe -DUNICODE -D_UNICODE -DWIN32 -DMINGW_HAS_SECURE_API=1 -DQT_WIDGETS_LIB -DQT_SVG_LIB -DQT_GUI_LIB -DQT_TESTLIB_LIB -DQT_CORE_LIB -DQT_TESTCASE_BUILDDIR=\"\\\"C:/Users/lenovo/Desktop/Diagramscene_ultima-syz/tests/generated\\\"\" --include C:/Users/lenovo/Desktop/Diagramscene_ultima-syz/tests/generated/moc/moc_predefs.h -ID:/Qt/6.10.1/mingw_64/mkspecs/win32-g++ -IC:/Users/lenovo/Desktop/Diagramscene_ultima-syz/tests/generated -IC:/Users/lenovo/Desktop/Diagramscene_ultima-syz -ID:/Qt/6.10.1/mingw_64/include -ID:/Qt/6.10.1/mingw_64/include/QtWidgets -ID:/Qt/6.10.1/mingw_64/include/QtSvg -ID:/Qt/6.10.1/mingw_64/include/QtGui -ID:/Qt/6.10.1/mingw_64/include/QtTest -ID:/Qt/6.10.1/mingw_64/include/QtCore -ID:/Qt/Tools/mingw1310_64/lib/gcc/x86_64-w64-mingw32/13.1.0/include/c++ -ID:/Qt/Tools/mingw1310_64/lib/gcc/x86_64-w64-mingw32/13.1.0/include/c++/x86_64-w64-mingw32 -ID:/Qt/Tools/mingw1310_64/lib/gcc/x86_64-w64-mingw32/13.1.0/include/c++/backward -ID:/Qt/Tools/mingw1310_64/lib/gcc/x86_64-w64-mingw32/13.1.0/include -ID:/Qt/Tools/mingw1310_64/lib/gcc/x86_64-w64-mingw32/13.1.0/include-fixed -ID:/Qt/Tools/mingw1310_64/x86_64-w64-mingw32/include test_arrow.cpp -o moc\\test_arrow.moc\ng++ -c -fno-keep-inline-dllexport --coverage -g -Wall -Wextra -Wextra -fexceptions -mthreads -DUNICODE -D_UNICODE -DWIN32 -DMINGW_HAS_SECURE_API=1 -DQT_WIDGETS_LIB -DQT_SVG_LIB -DQT_GUI_LIB -DQT_TESTLIB_LIB -DQT_CORE_LIB -DQT_TESTCASE_BUILDDIR=\"\\\"C:/Users/lenovo/Desktop/Diagramscene_ultima-syz/tests/generated\\\"\" -I. -I../../../Diagramscene_ultima-syz -ID:/Qt/6.10.1/mingw_64/include -ID:/Qt/6.10.1/mingw_64/include/QtWidgets -ID:/Qt/6.10.1/mingw_64/include/QtSvg -ID:/Qt/6.10.1/mingw_64/include/QtGui -ID:/Qt/6.10.1/mingw_64/include/QtTest -ID:/Qt/6.10.1/mingw_64/include/QtCore -Imoc -I/include -ID:/Qt/6.10.1/mingw_64/mkspecs/win32-g++  -o obj\\test_arrow.o test_arrow.cpp\n",
    "stderr": "找不到 C:\\Users\\lenovo\\Desktop\\Diagramscene_ultima-syz\\tests\\generated\\moc\\moc_diagramscene.cpp\n找不到 C:\\Users\\lenovo\\Desktop\\Diagramscene_ultima-syz\\tests\\generated\\moc\\moc_predefs.h\n找不到 C:\\Users\\lenovo\\Desktop\\Diagramscene_ultima-syz\\tests\\generated\\moc\\moc_diagramscene.cpp\n找不到 C:\\Users\\lenovo\\Desktop\\Diagramscene_ultima-syz\\tests\\generated\\moc\\test_arrow.moc\n找不到 C:\\Users\\lenovo\\Desktop\\Diagramscene_ultima-syz\\tests\\generated\\obj\\test_arrow.o\nIn file included from D:/Qt/6.10.1/mingw_64/include/QtTest/qtesteventloop.h:8,\n                 from D:/Qt/6.10.1/mingw_64/include/QtTest/qsignalspy.h:10,\n                 from D:/Qt/6.10.1/mingw_64/include/QtTest/QtTest:10,\n                 from test_arrow.cpp:1:\ntest_arrow.cpp: In member function 'void TestArrow::testConstructor()':\ntest_arrow.cpp:27:23: error: invalid use of incomplete type 'class QPen'\n   27 |     QCOMPARE(arrow.pen().color(), arrowQt::black);\n      |              ~~~~~~~~~^~\nD:/Qt/6.10.1/mingw_64/include/QtTest/qtestcase.h:90:26: note: in definition of macro 'QCOMPARE'\n   90 |     if (!QTest::qCompare(actual, expected, #actual, #expected, __FILE__, __LINE__))\\\n      |                          ^~~~~~\nIn file included from D:/Qt/6.10.1/mingw_64/include/QtCore/qobject.h:18,\n                 from D:/Qt/6.10.1/mingw_64/include/QtCore/qabstractanimation.h:8,\n                 from D:/Qt/6.10.1/mingw_64/include/QtCore/QtCore:19,\n                 from D:/Qt/6.10.1/mingw_64/include/QtTest/QtTestDepends:3,\n                 from D:/Qt/6.10.1/mingw_64/include/QtTest/QtTest:3:\nD:/Qt/6.10.1/mingw_64/include/QtCore/qmetatype.h:176:21: note: forward declaration of 'class QPen'\n  176 |     F(QPen, 0x100c, QPen) \\\n      |                     ^~~~\nD:/Qt/6.10.1/mingw_64/include/QtCore/qmetatype.h:1547:11: note: in definition of macro 'QT_FORWARD_DECLARE_STATIC_TYPES_ITER'\n 1547 |     class Name;\n      |           ^~~~\nD:/Qt/6.10.1/mingw_64/include/QtCore/qmetatype.h:1550:1: note: in expansion of macro 'QT_FOR_EACH_STATIC_GUI_CLASS'\n 1550 | QT_FOR_EACH_STATIC_GUI_CLASS(QT_FORWARD_DECLARE_STATIC_TYPES_ITER)\n      | ^~~~~~~~~~~~~~~~~~~~~~~~~~~~\ntest_arrow.cpp:27:35: error: 'arrowQt' has not been declared\n   27 |     QCOMPARE(arrow.pen().color(), arrowQt::black);\n      |                                   ^~~~~~~\nD:/Qt/6.10.1/mingw_64/include/QtTest/qtestcase.h:90:34: note: in definition of macro 'QCOMPARE'\n   90 |     if (!QTest::qCompare(actual, expected, #actual, #expected, __FILE__, __LINE__))\\\n      |                                  ^~~~~~~~\ntest_arrow.cpp:28:23: error: invalid use of incomplete type 'class QPen'\n   28 |     QCOMPARE(arrow.pen().width(), 2);\n      |              ~~~~~~~~~^~\nD:/Qt/6.10.1/mingw_64/include/QtTest/qtestcase.h:90:26: note: in definition of macro 'QCOMPARE'\n   90 |     if (!QTest::qCompare(actual, expected, #actual, #expected, __FILE__, __LINE__))\\\n      |                          ^~~~~~\nD:/Qt/6.10.1/mingw_64/include/QtCore/qmetatype.h:176:21: note: forward declaration of 'class QPen'\n  176 |     F(QPen, 0x100c, QPen) \\\n      |                     ^~~~\nD:/Qt/6.10.1/mingw_64/include/QtCore/qmetatype.h:1547:11: note: in definition of macro 'QT_FORWARD_DECLARE_STATIC_TYPES_ITER'\n 1547 |     class Name;\n      |           ^~~~\nD:/Qt/6.10.1/mingw_64/include/QtCore/qmetatype.h:1550:1: note: in expansion of macro 'QT_FOR_EACH_STATIC_GUI_CLASS'\n 1550 | QT_FOR_EACH_STATIC_GUI_CLASS(QT_FORWARD_DECLARE_STATIC_TYPES_ITER)\n      | ^~~~~~~~~~~~~~~~~~~~~~~~~~~~\ntest_arrow.cpp: In member function 'void TestArrow::testBoundingRect()':\ntest_arrow.cpp:43:29: error: invalid use of incomplete type 'class QPen'\n   43 |     qreal extra = (arrow.pen().width() + 20) / 2.0;\n      |                    ~~~~~~~~~^~\nD:/Qt/6.10.1/mingw_64/include/QtCore/qmetatype.h:176:21: note: forward declaration of 'class QPen'\n  176 |     F(QPen, 0x100c, QPen) \\\n      |                     ^~~~\nD:/Qt/6.10.1/mingw_64/include/QtCore/qmetatype.h:1547:11: note: in definition of macro 'QT_FORWARD_DECLARE_STATIC_TYPES_ITER'\n 1547 |     class Name;\n      |           ^~~~\nD:/Qt/6.10.1/mingw_64/include/QtCore/qmetatype.h:1550:1: note: in expansion of macro 'QT_FOR_EACH_STATIC_GUI_CLASS'\n 1550 | QT_FOR_EACH_STATIC_GUI_CLASS(QT_FORWARD_DECLARE_STATIC_TYPES_ITER)\n      | ^~~~~~~~~~~~~~~~~~~~~~~~~~~~\nmingw32-make: *** [Makefile.Debug:12171: obj/test_arrow.o] Error 1\n",
    "timed_out": false
  },
  "findings": [
    {
      "category": "tests",
      "severity": "error",
      "title": "测试命令执行失败",
      "details": "mingw32-make -f Makefile.Release clean\nmingw32-make[1]: Entering directory 'C:/Users/lenovo/Desktop/Diagramscene_ultima-syz/tests/generated'\ndel moc\\moc_predefs.h\ndel moc\\moc_diagramscene.cpp moc\\moc_diagramtextitem.cpp moc\\moc_findreplacedialog.cpp moc\\moc_mainwindow.cpp\ndel moc\\test_arrow.moc moc\\test_bounding_box.moc moc\\test_collision_detection.moc moc\\test_coordinate_systems.moc moc\\test_deletecommand.moc moc\\test_diagramscene.moc moc\\test_edge_cases.moc moc\\test_event_handling.moc moc\\test_findreplacedialog.moc moc\\test_geometry_utils.moc moc\\test_group_operations.moc moc\\test_integration.moc moc\\test_item_factory.moc moc\\test_item_properties.moc moc\\test_mainwindow.moc moc\\test_path_operations.moc moc\\test_performance.moc moc\\test_rendering.moc moc\\test_scene_commands.moc moc\\test_scene_management.moc moc\\test_selection_behavior.moc moc\\test_serialization.moc moc\\test_text_operations.moc moc\\test_undo_redo.moc moc\\test_z_order.moc\ndel obj\\test_arrow.o obj\\test_bounding_box.o obj\\test_collision_detection.o obj\\test_coordinate_systems.o obj\\test_deletecommand.o obj\\test_diagramscene.o obj\\test_edge_cases.o obj\\test_event_handling.o obj\\test_findreplacedialog.o obj\\test_geometry_utils.o obj\\test_group_operations.o obj\\test_integration.o obj\\test_item_factory.o obj\\test_item_properties.o obj\\test_mainwindow.o obj\\test_path_operations.o obj\\test_performance.o obj\\test_rendering.o obj\\test_scene_commands.o obj\\test_scene_management.o obj\\test_selection_behavior.o obj\\test_serialization.o obj\\test_text_operations.o obj\\test_undo_redo.o obj\\test_z_order.o obj\\arrow.o obj\\diagramitem.o obj\\diagramitemgroup.o obj\\diagrampath.o obj\\diagramscene.o obj\\diagramtextitem.o obj\\findreplacedialog.o obj\\mainwindow.o obj\\moc_diagramscene.o obj\\moc_diagramtextitem.o obj\\moc_findreplacedialog.o obj\\moc_mainwindow.o\nmingw32-make[1]: Leaving directory 'C:/Users/lenovo/Desktop/Diagramscene_ultima-syz/tests/generated'\nmingw32-make -f Makefile.Debug clean\nmingw32-make[1]: Entering directory 'C:/Users/lenovo/Desktop/Diagramscene_ultima-syz/tests/generated'\ndel moc\\moc_predefs.h\ndel moc\\moc_diagramscene.cpp moc\\moc_diagramtextitem.cpp moc\\moc_findreplacedialog.cpp moc\\moc_mainwindow.cpp\ndel moc\\test_arrow.moc moc\\test_bounding_box.moc moc\\test_collision_detection.moc moc\\test_coordinate_systems.moc moc\\test_deletecommand.moc moc\\test_diagramscene.moc moc\\test_edge_cases.moc moc\\test_event_handling.moc moc\\test_findreplacedialog.moc moc\\test_geometry_utils.moc moc\\test_group_operations.moc moc\\test_integration.moc moc\\test_item_factory.moc moc\\test_item_properties.moc moc\\test_mainwindow.moc moc\\test_path_operations.moc moc\\test_performance.moc moc\\test_rendering.moc moc\\test_scene_commands.moc moc\\test_scene_management.moc moc\\test_selection_behavior.moc moc\\test_serialization.moc moc\\test_text_operations.moc moc\\test_undo_redo.moc moc\\test_z_order.moc\ndel obj\\test_arrow.o obj\\test_bounding_box.o obj\\test_collision_detection.o obj\\test_coordinate_systems.o obj\\test_deletecommand.o obj\\test_diagramscene.o obj\\test_edge_cases.o obj\\test_event_handling.o obj\\test_findreplacedialog.o obj\\test_geometry_utils.o obj\\test_group_operations.o obj\\test_integration.o obj\\test_item_factory.o obj\\test_item_properties.o obj\\test_mainwindow.o obj\\test_path_operations.o obj\\test_performance.o obj\\test_rendering.o obj\\test_scene_commands.o obj\\test_scene_management.o obj\\test_selection_behavior.o obj\\test_serialization.o obj\\test_text_operations.o obj\\test_undo_redo.o obj\\test_z_order.o obj\\arrow.o obj\\diagramitem.o obj\\diagramitemgroup.o obj\\diagrampath.o obj\\diagramscene.o obj\\diagramtextitem.o obj\\findreplacedialog.o obj\\mainwindow.o obj\\moc_diagramscene.o obj\\moc_diagramtextitem.o obj\\moc_findreplacedialog.o obj\\moc_mainwindow.o\nmingw32-make[1]: Leaving directory 'C:/Users/lenovo/Desktop/Diagramscene_ultima-syz/tests/generated'\ng++ -fno-keep-inline-dllexport --coverage -g -Wall -Wextra -Wextra -dM -E -o moc\\moc_predefs.h D:\\Qt\\6.10.1\\mingw_64\\mkspecs\\features\\data\\dummy.cpp\nD:\\Qt\\6.10.1\\mingw_64\\bin\\moc.exe -DUNICODE -D_UNICODE -DWIN32 -DMINGW_HAS_SECURE_API=1 -DQT_WIDGETS_LIB -DQT_SVG_LIB -DQT_GUI_LIB -DQT_TESTLIB_LIB -DQT_CORE_LIB -DQT_TESTCASE_BUILDDIR=\"\\\"C:/Users/lenovo/Desktop/Diagramscene_ultima-syz/tests/generated\\\"\" --include C:/Users/lenovo/Desktop/Diagramscene_ultima-syz/tests/generated/moc/moc_predefs.h -ID:/Qt/6.10.1/mingw_64/mkspecs/win32-g++ -IC:/Users/lenovo/Desktop/Diagramscene_ultima-syz/tests/generated -IC:/Users/lenovo/Desktop/Diagramscene_ultima-syz -ID:/Qt/6.10.1/mingw_64/include -ID:/Qt/6.10.1/mingw_64/include/QtWidgets -ID:/Qt/6.10.1/mingw_64/include/QtSvg -ID:/Qt/6.10.1/mingw_64/include/QtGui -ID:/Qt/6.10.1/mingw_64/include/QtTest -ID:/Qt/6.10.1/mingw_64/include/QtCore -ID:/Qt/Tools/mingw1310_64/lib/gcc/x86_64-w64-mingw32/13.1.0/include/c++ -ID:/Qt/Tools/mingw1310_64/lib/gcc/x86_64-w64-mingw32/13.1.0/include/c++/x86_64-w64-mingw32 -ID:/Qt/Tools/mingw1310_64/lib/gcc/x86_64-w64-mingw32/13.1.0/include/c++/backward -ID:/Qt/Tools/mingw1310_64/lib/gcc/x86_64-w64-mingw32/13.1.0/include -ID:/Qt/Tools/mingw1310_64/lib/gcc/x86_64-w64-mingw32/13.1.0/include-fixed -ID:/Qt/Tools/mingw1310_64/x86_64-w64-mingw32/include test_arrow.cpp -o moc\\test_arrow.moc\ng++ -c -fno-keep-inline-dllexport --coverage -g -Wall -Wextra -Wextra -fexceptions -mthreads -DUNICODE -D_UNICODE -DWIN32 -DMINGW_HAS_SECURE_API=1 -DQT_WIDGETS_LIB -DQT_SVG_LIB -DQT_GUI_LIB -DQT_TESTLIB_LIB -DQT_CORE_LIB -DQT_TESTCASE_BUILDDIR=\"\\\"C:/Users/lenovo/Desktop/Diagramscene_ultima-syz/tests/generated\\\"\" -I. -I../../../Diagramscene_ultima-syz -ID:/Qt/6.10.1/mingw_64/include -ID:/Qt/6.10.1/mingw_64/include/QtWidgets -ID:/Qt/6.10.1/mingw_64/include/QtSvg -ID:/Qt/6.10.1/mingw_64/include/QtGui -ID:/Qt/6.10.1/mingw_64/include/QtTest -ID:/Qt/6.10.1/mingw_64/include/QtCore -Imoc -I/include -ID:/Qt/6.10.1/mingw_64/mkspecs/win32-g++  -o obj\\test_arrow.o test_arrow.cpp\n\n找不到 C:\\Users\\lenovo\\Desktop\\Diagramscene_ultima-syz\\tests\\generated\\moc\\moc_diagramscene.cpp\n找不到 C:\\Users\\lenovo\\Desktop\\Diagramscene_ultima-syz\\tests\\generated\\moc\\moc_predefs.h\n找不到 C:\\Users\\lenovo\\Desktop\\Diagramscene_ultima-syz\\tests\\generated\\moc\\moc_diagramscene.cpp\n找不到 C:\\Users\\lenovo\\Desktop\\Diagramscene_ultima-syz\\tests\\generated\\moc\\test_arrow.moc\n找不到 C:\\Users\\lenovo\\Desktop\\Diagramscene_ultima-syz\\tests\\generated\\obj\\test_arrow.o\nIn file included from D:/Qt/6.10.1/mingw_64/include/QtTest/qtesteventloop.h:8,\n                 from D:/Qt/6.10.1/mingw_64/include/QtTest/qsignalspy.h:10,\n                 from D:/Qt/6.10.1/mingw_64/include/QtTest/QtTest:10,\n                 from test_arrow.cpp:1:\ntest_arrow.cpp: In member function 'void TestArrow::testConstructor()':\ntest_arrow.cpp:27:23: error: invalid use of incomplete type 'class QPen'\n   27 |     QCOMPARE(arrow.pen().color(), arrowQt::black);\n      |              ~~~~~~~~~^~\nD:/Qt/6.10.1/mingw_64/include/QtTest/qtestcase.h:90:26: note: in definition of macro 'QCOMPARE'\n   90 |     if (!QTest::qCompare(actual, expected, #actual, #expected, __FILE__, __LINE__))\\\n      |                          ^~~~~~\nIn file included from D:/Qt/6.10.1/mingw_64/include/QtCore/qobject.h:18,\n                 from D:/Qt/6.10.1/mingw_64/include/QtCore/qabstractanimation.h:8,\n                 from D:/Qt/6.10.1/mingw_64/include/QtCore/QtCore:19,\n                 from D:/Qt/6.10.1/mingw_64/include/QtTest/QtTestDepends:3,\n                 from D:/Qt/6.10.1/mingw_64/include/QtTest/QtTest:3:\nD:/Qt/6.10.1/mingw_64/include/QtCore/qmetatype.h:176:21: note: forward declaration of 'class QPen'\n  176 |     F(QPen, 0x100c, QPen) \\\n      |                     ^~~~\nD:/Qt/6.10.1/mingw_64/include/QtCore/qmetatype.h:1547:11: note: in definition of macro 'QT_FORWARD_DECLARE_STATIC_TYPES_ITER'\n 1547 |     class Name;\n      |           ^~~~\nD:/Qt/6.10.1/mingw_64/include/QtCore/qmetatype.h:1550:1: note: in expansion of macro 'QT_FOR_EACH_STATIC_GUI_CLASS'\n 1550 | QT_FOR_EACH_STATIC_GUI_CLASS(QT_FORWARD_DECLARE_STATIC_TYPES_ITER)\n      | ^~~~~~~~~~~~~~~~~~~~~~~~~~~~\ntest_arrow.cpp:27:35: error: 'arrowQt' has not been declared\n   27 |     QCOMPARE(arrow.pen().color(), arrowQt::black);\n      |                                   ^~~~~~~\nD:/Qt/6.10.1/mingw_64/include/QtTest/qtestcase.h:90:34: note: in definition of macro 'QCOMPARE'\n   90 |     if (!QTest::qCompare(actual, expected, #actual, #expected, __FILE__, __LINE__))\\\n      |                                  ^~~~~~~~\ntest_arrow.cpp:28:23: error: invalid use of incomplete type 'class QPen'\n   28 |     QCOMPARE(arrow.pen().width(), 2);\n      |              ~~~~~~~~~^~\nD:/Qt/6.10.1/mingw_64/include/QtTest/qtestcase.h:90:26: note: in definition of macro 'QCOMPARE'\n   90 |     if (!QTest::qCompare(actual, expected, #actual, #expected, __FILE__, __LINE__))\\\n      |                          ^~~~~~\nD:/Qt/6.10.1/mingw_64/include/QtCore/qmetatype.h:176:21: note: forward declaration of 'class QPen'\n  176 |     F(QPen, 0x100c, QPen) \\\n      |                     ^~~~\nD:\n...(truncated)...\n",
      "file": null,
      "line": null,
      "rule_id": null,
      "evidence": {}
    }
  ]
}