{
  "stage": "single_file_loop",
  "project_root": "C:\\Users\\lenovo\\Desktop\\Diagramscene_ultima-syz",
  "created_at": "20251226_175934",
  "meta": {
    "mode": "single_file_loop",
    "retries": 3
  },
  "findings": [
    {
      "category": "testgen",
      "severity": "info",
      "title": "已生成 QtTest：2 个文件，共约 8 个用例",
      "details": "生成文件明细：\ntests/generated/test_diagramscene.cpp (8 cases)\ntests/generated/tests.pro (0 cases)",
      "file": null,
      "line": null,
      "rule_id": null,
      "evidence": {}
    },
    {
      "category": "tests",
      "severity": "error",
      "title": "测试命令执行失败",
      "details": "mingw32-make -f Makefile.Release clean\nmingw32-make[1]: Entering directory 'C:/Users/lenovo/Desktop/Diagramscene_ultima-syz/tests/generated'\ndel moc\\moc_predefs.h\ndel moc\\moc_diagramscene.cpp moc\\moc_diagramtextitem.cpp moc\\moc_findreplacedialog.cpp moc\\moc_mainwindow.cpp\ndel moc\\test_arrow.moc moc\\test_diagramitem.moc moc\\test_diagrampath.moc moc\\test_diagramscene.moc\ndel obj\\test_arrow.o obj\\test_diagramitem.o obj\\test_diagrampath.o obj\\test_diagramscene.o obj\\test_runner_main.o obj\\arrow.o obj\\diagramitem.o obj\\diagramitemgroup.o obj\\diagrampath.o obj\\diagramscene.o obj\\diagramtextitem.o obj\\findreplacedialog.o obj\\mainwindow.o obj\\moc_diagramscene.o obj\\moc_diagramtextitem.o obj\\moc_findreplacedialog.o obj\\moc_mainwindow.o\nmingw32-make[1]: Leaving directory 'C:/Users/lenovo/Desktop/Diagramscene_ultima-syz/tests/generated'\nmingw32-make -f Makefile.Debug clean\nmingw32-make[1]: Entering directory 'C:/Users/lenovo/Desktop/Diagramscene_ultima-syz/tests/generated'\ndel moc\\moc_predefs.h\ndel moc\\moc_diagramscene.cpp moc\\moc_diagramtextitem.cpp moc\\moc_findreplacedialog.cpp moc\\moc_mainwindow.cpp\ndel moc\\test_arrow.moc moc\\test_diagramitem.moc moc\\test_diagrampath.moc moc\\test_diagramscene.moc\ndel obj\\test_arrow.o obj\\test_diagramitem.o obj\\test_diagrampath.o obj\\test_diagramscene.o obj\\test_runner_main.o obj\\arrow.o obj\\diagramitem.o obj\\diagramitemgroup.o obj\\diagrampath.o obj\\diagramscene.o obj\\diagramtextitem.o obj\\findreplacedialog.o obj\\mainwindow.o obj\\moc_diagramscene.o obj\\moc_diagramtextitem.o obj\\moc_findreplacedialog.o obj\\moc_mainwindow.o\nmingw32-make[1]: Leaving directory 'C:/Users/lenovo/Desktop/Diagramscene_ultima-syz/tests/generated'\ng++ -fno-keep-inline-dllexport --coverage -g -Wall -Wextra -Wextra -dM -E -o moc\\moc_predefs.h D:\\Qt\\6.10.1\\mingw_64\\mkspecs\\features\\data\\dummy.cpp\nD:\\Qt\\6.10.1\\mingw_64\\bin\\moc.exe -DUNICODE -D_UNICODE -DWIN32 -DMINGW_HAS_SECURE_API=1 -DQT_WIDGETS_LIB -DQT_SVG_LIB -DQT_GUI_LIB -DQT_TESTLIB_LIB -DQT_CORE_LIB -DQT_TESTCASE_BUILDDIR=\"\\\"C:/Users/lenovo/Desktop/Diagramscene_ultima-syz/tests/generated\\\"\" --include C:/Users/lenovo/Desktop/Diagramscene_ultima-syz/tests/generated/moc/moc_predefs.h -ID:/Qt/6.10.1/mingw_64/mkspecs/win32-g++ -IC:/Users/lenovo/Desktop/Diagramscene_ultima-syz/tests/generated -IC:/Users/lenovo/Desktop/Diagramscene_ultima-syz -ID:/Qt/6.10.1/mingw_64/include -ID:/Qt/6.10.1/mingw_64/include/QtWidgets -ID:/Qt/6.10.1/mingw_64/include/QtSvg -ID:/Qt/6.10.1/mingw_64/include/QtGui -ID:/Qt/6.10.1/mingw_64/include/QtTest -ID:/Qt/6.10.1/mingw_64/include/QtCore -ID:/Qt/Tools/mingw1310_64/lib/gcc/x86_64-w64-mingw32/13.1.0/include/c++ -ID:/Qt/Tools/mingw1310_64/lib/gcc/x86_64-w64-mingw32/13.1.0/include/c++/x86_64-w64-mingw32 -ID:/Qt/Tools/mingw1310_64/lib/gcc/x86_64-w64-mingw32/13.1.0/include/c++/backward -ID:/Qt/Tools/mingw1310_64/lib/gcc/x86_64-w64-mingw32/13.1.0/include -ID:/Qt/Tools/mingw1310_64/lib/gcc/x86_64-w64-mingw32/13.1.0/include-fixed -ID:/Qt/Tools/mingw1310_64/x86_64-w64-mingw32/include test_arrow.cpp -o moc\\test_arrow.moc\ng++ -c -fno-keep-inline-dllexport --coverage -g -Wall -Wextra -Wextra -fexceptions -mthreads -DUNICODE -D_UNICODE -DWIN32 -DMINGW_HAS_SECURE_API=1 -DQT_WIDGETS_LIB -DQT_SVG_LIB -DQT_GUI_LIB -DQT_TESTLIB_LIB -DQT_CORE_LIB -DQT_TESTCASE_BUILDDIR=\"\\\"C:/Users/lenovo/Desktop/Diagramscene_ultima-syz/tests/generated\\\"\" -I. -I../../../Diagramscene_ultima-syz -ID:/Qt/6.10.1/mingw_64/include -ID:/Qt/6.10.1/mingw_64/include/QtWidgets -ID:/Qt/6.10.1/mingw_64/include/QtSvg -ID:/Qt/6.10.1/mingw_64/include/QtGui -ID:/Qt/6.10.1/mingw_64/include/QtTest -ID:/Qt/6.10.1/mingw_64/include/QtCore -Imoc -I/include -ID:/Qt/6.10.1/mingw_64/mkspecs/win32-g++  -o obj\\test_arrow.o test_arrow.cpp\n\n找不到 C:\\Users\\lenovo\\Desktop\\Diagramscene_ultima-syz\\tests\\generated\\moc\\moc_diagramscene.cpp\n找不到 C:\\Users\\lenovo\\Desktop\\Diagramscene_ultima-syz\\tests\\generated\\obj\\test_arrow.o\n找不到 C:\\Users\\lenovo\\Desktop\\Diagramscene_ultima-syz\\tests\\generated\\moc\\moc_predefs.h\n找不到 C:\\Users\\lenovo\\Desktop\\Diagramscene_ultima-syz\\tests\\generated\\moc\\moc_diagramscene.cpp\n找不到 C:\\Users\\lenovo\\Desktop\\Diagramscene_ultima-syz\\tests\\generated\\moc\\test_arrow.moc\n找不到 C:\\Users\\lenovo\\Desktop\\Diagramscene_ultima-syz\\tests\\generated\\obj\\test_arrow.o\ntest_arrow.cpp: In member function 'void TestArrow::initTestCase()':\ntest_arrow.cpp:32:46: error: 'Box' is not a member of 'DiagramItem'\n   32 |     startItem = new DiagramItem(DiagramItem::Box, nullptr);\n      |                                              ^~~\ntest_arrow.cpp:33:44: error: 'Box' is not a member of 'DiagramItem'\n   33 |     endItem = new DiagramItem(DiagramItem::Box, nullptr);\n      |                                            ^~~\nmingw32-make: *** [Makefile.Debug:3199: obj/test_arrow.o] Error 1\n",
      "file": null,
      "line": null,
      "rule_id": null,
      "evidence": {}
    },
    {
      "category": "testgen",
      "severity": "info",
      "title": "已生成 QtTest：2 个文件，共约 7 个用例",
      "details": "生成文件明细：\ntests/generated/test_diagramscene.cpp (7 cases)\ntests/generated/tests.pro (0 cases)",
      "file": null,
      "line": null,
      "rule_id": null,
      "evidence": {}
    },
    {
      "category": "tests",
      "severity": "error",
      "title": "测试命令执行失败",
      "details": "mingw32-make -f Makefile.Release clean\nmingw32-make[1]: Entering directory 'C:/Users/lenovo/Desktop/Diagramscene_ultima-syz/tests/generated'\ndel moc\\moc_predefs.h\ndel moc\\moc_diagramscene.cpp moc\\moc_diagramtextitem.cpp moc\\moc_findreplacedialog.cpp moc\\moc_mainwindow.cpp\ndel moc\\test_arrow.moc moc\\test_diagramitem.moc moc\\test_diagrampath.moc moc\\test_diagramscene.moc\ndel obj\\test_arrow.o obj\\test_diagramitem.o obj\\test_diagrampath.o obj\\test_diagramscene.o obj\\test_runner_main.o obj\\arrow.o obj\\diagramitem.o obj\\diagramitemgroup.o obj\\diagrampath.o obj\\diagramscene.o obj\\diagramtextitem.o obj\\findreplacedialog.o obj\\mainwindow.o obj\\moc_diagramscene.o obj\\moc_diagramtextitem.o obj\\moc_findreplacedialog.o obj\\moc_mainwindow.o\nmingw32-make[1]: Leaving directory 'C:/Users/lenovo/Desktop/Diagramscene_ultima-syz/tests/generated'\nmingw32-make -f Makefile.Debug clean\nmingw32-make[1]: Entering directory 'C:/Users/lenovo/Desktop/Diagramscene_ultima-syz/tests/generated'\ndel moc\\moc_predefs.h\ndel moc\\moc_diagramscene.cpp moc\\moc_diagramtextitem.cpp moc\\moc_findreplacedialog.cpp moc\\moc_mainwindow.cpp\ndel moc\\test_arrow.moc moc\\test_diagramitem.moc moc\\test_diagrampath.moc moc\\test_diagramscene.moc\ndel obj\\test_arrow.o obj\\test_diagramitem.o obj\\test_diagrampath.o obj\\test_diagramscene.o obj\\test_runner_main.o obj\\arrow.o obj\\diagramitem.o obj\\diagramitemgroup.o obj\\diagrampath.o obj\\diagramscene.o obj\\diagramtextitem.o obj\\findreplacedialog.o obj\\mainwindow.o obj\\moc_diagramscene.o obj\\moc_diagramtextitem.o obj\\moc_findreplacedialog.o obj\\moc_mainwindow.o\nmingw32-make[1]: Leaving directory 'C:/Users/lenovo/Desktop/Diagramscene_ultima-syz/tests/generated'\ng++ -fno-keep-inline-dllexport --coverage -g -Wall -Wextra -Wextra -dM -E -o moc\\moc_predefs.h D:\\Qt\\6.10.1\\mingw_64\\mkspecs\\features\\data\\dummy.cpp\nD:\\Qt\\6.10.1\\mingw_64\\bin\\moc.exe -DUNICODE -D_UNICODE -DWIN32 -DMINGW_HAS_SECURE_API=1 -DQT_WIDGETS_LIB -DQT_SVG_LIB -DQT_GUI_LIB -DQT_TESTLIB_LIB -DQT_CORE_LIB -DQT_TESTCASE_BUILDDIR=\"\\\"C:/Users/lenovo/Desktop/Diagramscene_ultima-syz/tests/generated\\\"\" --include C:/Users/lenovo/Desktop/Diagramscene_ultima-syz/tests/generated/moc/moc_predefs.h -ID:/Qt/6.10.1/mingw_64/mkspecs/win32-g++ -IC:/Users/lenovo/Desktop/Diagramscene_ultima-syz/tests/generated -IC:/Users/lenovo/Desktop/Diagramscene_ultima-syz -ID:/Qt/6.10.1/mingw_64/include -ID:/Qt/6.10.1/mingw_64/include/QtWidgets -ID:/Qt/6.10.1/mingw_64/include/QtSvg -ID:/Qt/6.10.1/mingw_64/include/QtGui -ID:/Qt/6.10.1/mingw_64/include/QtTest -ID:/Qt/6.10.1/mingw_64/include/QtCore -ID:/Qt/Tools/mingw1310_64/lib/gcc/x86_64-w64-mingw32/13.1.0/include/c++ -ID:/Qt/Tools/mingw1310_64/lib/gcc/x86_64-w64-mingw32/13.1.0/include/c++/x86_64-w64-mingw32 -ID:/Qt/Tools/mingw1310_64/lib/gcc/x86_64-w64-mingw32/13.1.0/include/c++/backward -ID:/Qt/Tools/mingw1310_64/lib/gcc/x86_64-w64-mingw32/13.1.0/include -ID:/Qt/Tools/mingw1310_64/lib/gcc/x86_64-w64-mingw32/13.1.0/include-fixed -ID:/Qt/Tools/mingw1310_64/x86_64-w64-mingw32/include test_arrow.cpp -o moc\\test_arrow.moc\ng++ -c -fno-keep-inline-dllexport --coverage -g -Wall -Wextra -Wextra -fexceptions -mthreads -DUNICODE -D_UNICODE -DWIN32 -DMINGW_HAS_SECURE_API=1 -DQT_WIDGETS_LIB -DQT_SVG_LIB -DQT_GUI_LIB -DQT_TESTLIB_LIB -DQT_CORE_LIB -DQT_TESTCASE_BUILDDIR=\"\\\"C:/Users/lenovo/Desktop/Diagramscene_ultima-syz/tests/generated\\\"\" -I. -I../../../Diagramscene_ultima-syz -ID:/Qt/6.10.1/mingw_64/include -ID:/Qt/6.10.1/mingw_64/include/QtWidgets -ID:/Qt/6.10.1/mingw_64/include/QtSvg -ID:/Qt/6.10.1/mingw_64/include/QtGui -ID:/Qt/6.10.1/mingw_64/include/QtTest -ID:/Qt/6.10.1/mingw_64/include/QtCore -Imoc -I/include -ID:/Qt/6.10.1/mingw_64/mkspecs/win32-g++  -o obj\\test_arrow.o test_arrow.cpp\n\n找不到 C:\\Users\\lenovo\\Desktop\\Diagramscene_ultima-syz\\tests\\generated\\moc\\moc_diagramscene.cpp\n找不到 C:\\Users\\lenovo\\Desktop\\Diagramscene_ultima-syz\\tests\\generated\\obj\\test_arrow.o\n找不到 C:\\Users\\lenovo\\Desktop\\Diagramscene_ultima-syz\\tests\\generated\\moc\\moc_predefs.h\n找不到 C:\\Users\\lenovo\\Desktop\\Diagramscene_ultima-syz\\tests\\generated\\moc\\moc_diagramscene.cpp\n找不到 C:\\Users\\lenovo\\Desktop\\Diagramscene_ultima-syz\\tests\\generated\\moc\\test_arrow.moc\n找不到 C:\\Users\\lenovo\\Desktop\\Diagramscene_ultima-syz\\tests\\generated\\obj\\test_arrow.o\ntest_arrow.cpp: In member function 'void TestArrow::initTestCase()':\ntest_arrow.cpp:32:46: error: 'Box' is not a member of 'DiagramItem'\n   32 |     startItem = new DiagramItem(DiagramItem::Box, nullptr);\n      |                                              ^~~\ntest_arrow.cpp:33:44: error: 'Box' is not a member of 'DiagramItem'\n   33 |     endItem = new DiagramItem(DiagramItem::Box, nullptr);\n      |                                            ^~~\nmingw32-make: *** [Makefile.Debug:3211: obj/test_arrow.o] Error 1\n",
      "file": null,
      "line": null,
      "rule_id": null,
      "evidence": {}
    },
    {
      "category": "testgen",
      "severity": "info",
      "title": "已生成 QtTest：2 个文件，共约 9 个用例",
      "details": "生成文件明细：\ntests/generated/test_diagramscene.cpp (9 cases)\ntests/generated/tests.pro (0 cases)",
      "file": null,
      "line": null,
      "rule_id": null,
      "evidence": {}
    },
    {
      "category": "tests",
      "severity": "error",
      "title": "测试命令执行失败",
      "details": "mingw32-make -f Makefile.Release clean\nmingw32-make[1]: Entering directory 'C:/Users/lenovo/Desktop/Diagramscene_ultima-syz/tests/generated'\ndel moc\\moc_predefs.h\ndel moc\\moc_diagramscene.cpp moc\\moc_diagramtextitem.cpp moc\\moc_findreplacedialog.cpp moc\\moc_mainwindow.cpp\ndel moc\\test_arrow.moc moc\\test_diagramitem.moc moc\\test_diagrampath.moc moc\\test_diagramscene.moc\ndel obj\\test_arrow.o obj\\test_diagramitem.o obj\\test_diagrampath.o obj\\test_diagramscene.o obj\\test_runner_main.o obj\\arrow.o obj\\diagramitem.o obj\\diagramitemgroup.o obj\\diagrampath.o obj\\diagramscene.o obj\\diagramtextitem.o obj\\findreplacedialog.o obj\\mainwindow.o obj\\moc_diagramscene.o obj\\moc_diagramtextitem.o obj\\moc_findreplacedialog.o obj\\moc_mainwindow.o\nmingw32-make[1]: Leaving directory 'C:/Users/lenovo/Desktop/Diagramscene_ultima-syz/tests/generated'\nmingw32-make -f Makefile.Debug clean\nmingw32-make[1]: Entering directory 'C:/Users/lenovo/Desktop/Diagramscene_ultima-syz/tests/generated'\ndel moc\\moc_predefs.h\ndel moc\\moc_diagramscene.cpp moc\\moc_diagramtextitem.cpp moc\\moc_findreplacedialog.cpp moc\\moc_mainwindow.cpp\ndel moc\\test_arrow.moc moc\\test_diagramitem.moc moc\\test_diagrampath.moc moc\\test_diagramscene.moc\ndel obj\\test_arrow.o obj\\test_diagramitem.o obj\\test_diagrampath.o obj\\test_diagramscene.o obj\\test_runner_main.o obj\\arrow.o obj\\diagramitem.o obj\\diagramitemgroup.o obj\\diagrampath.o obj\\diagramscene.o obj\\diagramtextitem.o obj\\findreplacedialog.o obj\\mainwindow.o obj\\moc_diagramscene.o obj\\moc_diagramtextitem.o obj\\moc_findreplacedialog.o obj\\moc_mainwindow.o\nmingw32-make[1]: Leaving directory 'C:/Users/lenovo/Desktop/Diagramscene_ultima-syz/tests/generated'\ng++ -fno-keep-inline-dllexport --coverage -g -Wall -Wextra -Wextra -dM -E -o moc\\moc_predefs.h D:\\Qt\\6.10.1\\mingw_64\\mkspecs\\features\\data\\dummy.cpp\nD:\\Qt\\6.10.1\\mingw_64\\bin\\moc.exe -DUNICODE -D_UNICODE -DWIN32 -DMINGW_HAS_SECURE_API=1 -DQT_WIDGETS_LIB -DQT_SVG_LIB -DQT_GUI_LIB -DQT_TESTLIB_LIB -DQT_CORE_LIB -DQT_TESTCASE_BUILDDIR=\"\\\"C:/Users/lenovo/Desktop/Diagramscene_ultima-syz/tests/generated\\\"\" --include C:/Users/lenovo/Desktop/Diagramscene_ultima-syz/tests/generated/moc/moc_predefs.h -ID:/Qt/6.10.1/mingw_64/mkspecs/win32-g++ -IC:/Users/lenovo/Desktop/Diagramscene_ultima-syz/tests/generated -IC:/Users/lenovo/Desktop/Diagramscene_ultima-syz -ID:/Qt/6.10.1/mingw_64/include -ID:/Qt/6.10.1/mingw_64/include/QtWidgets -ID:/Qt/6.10.1/mingw_64/include/QtSvg -ID:/Qt/6.10.1/mingw_64/include/QtGui -ID:/Qt/6.10.1/mingw_64/include/QtTest -ID:/Qt/6.10.1/mingw_64/include/QtCore -ID:/Qt/Tools/mingw1310_64/lib/gcc/x86_64-w64-mingw32/13.1.0/include/c++ -ID:/Qt/Tools/mingw1310_64/lib/gcc/x86_64-w64-mingw32/13.1.0/include/c++/x86_64-w64-mingw32 -ID:/Qt/Tools/mingw1310_64/lib/gcc/x86_64-w64-mingw32/13.1.0/include/c++/backward -ID:/Qt/Tools/mingw1310_64/lib/gcc/x86_64-w64-mingw32/13.1.0/include -ID:/Qt/Tools/mingw1310_64/lib/gcc/x86_64-w64-mingw32/13.1.0/include-fixed -ID:/Qt/Tools/mingw1310_64/x86_64-w64-mingw32/include test_arrow.cpp -o moc\\test_arrow.moc\ng++ -c -fno-keep-inline-dllexport --coverage -g -Wall -Wextra -Wextra -fexceptions -mthreads -DUNICODE -D_UNICODE -DWIN32 -DMINGW_HAS_SECURE_API=1 -DQT_WIDGETS_LIB -DQT_SVG_LIB -DQT_GUI_LIB -DQT_TESTLIB_LIB -DQT_CORE_LIB -DQT_TESTCASE_BUILDDIR=\"\\\"C:/Users/lenovo/Desktop/Diagramscene_ultima-syz/tests/generated\\\"\" -I. -I../../../Diagramscene_ultima-syz -ID:/Qt/6.10.1/mingw_64/include -ID:/Qt/6.10.1/mingw_64/include/QtWidgets -ID:/Qt/6.10.1/mingw_64/include/QtSvg -ID:/Qt/6.10.1/mingw_64/include/QtGui -ID:/Qt/6.10.1/mingw_64/include/QtTest -ID:/Qt/6.10.1/mingw_64/include/QtCore -Imoc -I/include -ID:/Qt/6.10.1/mingw_64/mkspecs/win32-g++  -o obj\\test_arrow.o test_arrow.cpp\n\n找不到 C:\\Users\\lenovo\\Desktop\\Diagramscene_ultima-syz\\tests\\generated\\moc\\moc_diagramscene.cpp\n找不到 C:\\Users\\lenovo\\Desktop\\Diagramscene_ultima-syz\\tests\\generated\\obj\\test_arrow.o\n找不到 C:\\Users\\lenovo\\Desktop\\Diagramscene_ultima-syz\\tests\\generated\\moc\\moc_predefs.h\n找不到 C:\\Users\\lenovo\\Desktop\\Diagramscene_ultima-syz\\tests\\generated\\moc\\moc_diagramscene.cpp\n找不到 C:\\Users\\lenovo\\Desktop\\Diagramscene_ultima-syz\\tests\\generated\\moc\\test_arrow.moc\n找不到 C:\\Users\\lenovo\\Desktop\\Diagramscene_ultima-syz\\tests\\generated\\obj\\test_arrow.o\ntest_arrow.cpp: In member function 'void TestArrow::initTestCase()':\ntest_arrow.cpp:32:46: error: 'Box' is not a member of 'DiagramItem'\n   32 |     startItem = new DiagramItem(DiagramItem::Box, nullptr);\n      |                                              ^~~\ntest_arrow.cpp:33:44: error: 'Box' is not a member of 'DiagramItem'\n   33 |     endItem = new DiagramItem(DiagramItem::Box, nullptr);\n      |                                            ^~~\nmingw32-make: *** [Makefile.Debug:3197: obj/test_arrow.o] Error 1\n",
      "file": null,
      "line": null,
      "rule_id": null,
      "evidence": {}
    },
    {
      "category": "testgen",
      "severity": "info",
      "title": "已生成 QtTest：2 个文件，共约 9 个用例",
      "details": "生成文件明细：\ntests/generated/test_diagramscene.cpp (9 cases)\ntests/generated/tests.pro (0 cases)",
      "file": null,
      "line": null,
      "rule_id": null,
      "evidence": {}
    },
    {
      "category": "tests",
      "severity": "error",
      "title": "测试命令执行失败",
      "details": "mingw32-make -f Makefile.Release clean\nmingw32-make[1]: Entering directory 'C:/Users/lenovo/Desktop/Diagramscene_ultima-syz/tests/generated'\ndel moc\\moc_predefs.h\ndel moc\\moc_diagramscene.cpp moc\\moc_diagramtextitem.cpp moc\\moc_findreplacedialog.cpp moc\\moc_mainwindow.cpp\ndel moc\\test_arrow.moc moc\\test_diagramitem.moc moc\\test_diagrampath.moc moc\\test_diagramscene.moc\ndel obj\\test_arrow.o obj\\test_diagramitem.o obj\\test_diagrampath.o obj\\test_diagramscene.o obj\\test_runner_main.o obj\\arrow.o obj\\diagramitem.o obj\\diagramitemgroup.o obj\\diagrampath.o obj\\diagramscene.o obj\\diagramtextitem.o obj\\findreplacedialog.o obj\\mainwindow.o obj\\moc_diagramscene.o obj\\moc_diagramtextitem.o obj\\moc_findreplacedialog.o obj\\moc_mainwindow.o\nmingw32-make[1]: Leaving directory 'C:/Users/lenovo/Desktop/Diagramscene_ultima-syz/tests/generated'\nmingw32-make -f Makefile.Debug clean\nmingw32-make[1]: Entering directory 'C:/Users/lenovo/Desktop/Diagramscene_ultima-syz/tests/generated'\ndel moc\\moc_predefs.h\ndel moc\\moc_diagramscene.cpp moc\\moc_diagramtextitem.cpp moc\\moc_findreplacedialog.cpp moc\\moc_mainwindow.cpp\ndel moc\\test_arrow.moc moc\\test_diagramitem.moc moc\\test_diagrampath.moc moc\\test_diagramscene.moc\ndel obj\\test_arrow.o obj\\test_diagramitem.o obj\\test_diagrampath.o obj\\test_diagramscene.o obj\\test_runner_main.o obj\\arrow.o obj\\diagramitem.o obj\\diagramitemgroup.o obj\\diagrampath.o obj\\diagramscene.o obj\\diagramtextitem.o obj\\findreplacedialog.o obj\\mainwindow.o obj\\moc_diagramscene.o obj\\moc_diagramtextitem.o obj\\moc_findreplacedialog.o obj\\moc_mainwindow.o\nmingw32-make[1]: Leaving directory 'C:/Users/lenovo/Desktop/Diagramscene_ultima-syz/tests/generated'\ng++ -fno-keep-inline-dllexport --coverage -g -Wall -Wextra -Wextra -dM -E -o moc\\moc_predefs.h D:\\Qt\\6.10.1\\mingw_64\\mkspecs\\features\\data\\dummy.cpp\nD:\\Qt\\6.10.1\\mingw_64\\bin\\moc.exe -DUNICODE -D_UNICODE -DWIN32 -DMINGW_HAS_SECURE_API=1 -DQT_WIDGETS_LIB -DQT_SVG_LIB -DQT_GUI_LIB -DQT_TESTLIB_LIB -DQT_CORE_LIB -DQT_TESTCASE_BUILDDIR=\"\\\"C:/Users/lenovo/Desktop/Diagramscene_ultima-syz/tests/generated\\\"\" --include C:/Users/lenovo/Desktop/Diagramscene_ultima-syz/tests/generated/moc/moc_predefs.h -ID:/Qt/6.10.1/mingw_64/mkspecs/win32-g++ -IC:/Users/lenovo/Desktop/Diagramscene_ultima-syz/tests/generated -IC:/Users/lenovo/Desktop/Diagramscene_ultima-syz -ID:/Qt/6.10.1/mingw_64/include -ID:/Qt/6.10.1/mingw_64/include/QtWidgets -ID:/Qt/6.10.1/mingw_64/include/QtSvg -ID:/Qt/6.10.1/mingw_64/include/QtGui -ID:/Qt/6.10.1/mingw_64/include/QtTest -ID:/Qt/6.10.1/mingw_64/include/QtCore -ID:/Qt/Tools/mingw1310_64/lib/gcc/x86_64-w64-mingw32/13.1.0/include/c++ -ID:/Qt/Tools/mingw1310_64/lib/gcc/x86_64-w64-mingw32/13.1.0/include/c++/x86_64-w64-mingw32 -ID:/Qt/Tools/mingw1310_64/lib/gcc/x86_64-w64-mingw32/13.1.0/include/c++/backward -ID:/Qt/Tools/mingw1310_64/lib/gcc/x86_64-w64-mingw32/13.1.0/include -ID:/Qt/Tools/mingw1310_64/lib/gcc/x86_64-w64-mingw32/13.1.0/include-fixed -ID:/Qt/Tools/mingw1310_64/x86_64-w64-mingw32/include test_arrow.cpp -o moc\\test_arrow.moc\ng++ -c -fno-keep-inline-dllexport --coverage -g -Wall -Wextra -Wextra -fexceptions -mthreads -DUNICODE -D_UNICODE -DWIN32 -DMINGW_HAS_SECURE_API=1 -DQT_WIDGETS_LIB -DQT_SVG_LIB -DQT_GUI_LIB -DQT_TESTLIB_LIB -DQT_CORE_LIB -DQT_TESTCASE_BUILDDIR=\"\\\"C:/Users/lenovo/Desktop/Diagramscene_ultima-syz/tests/generated\\\"\" -I. -I../../../Diagramscene_ultima-syz -ID:/Qt/6.10.1/mingw_64/include -ID:/Qt/6.10.1/mingw_64/include/QtWidgets -ID:/Qt/6.10.1/mingw_64/include/QtSvg -ID:/Qt/6.10.1/mingw_64/include/QtGui -ID:/Qt/6.10.1/mingw_64/include/QtTest -ID:/Qt/6.10.1/mingw_64/include/QtCore -Imoc -I/include -ID:/Qt/6.10.1/mingw_64/mkspecs/win32-g++  -o obj\\test_arrow.o test_arrow.cpp\n\n找不到 C:\\Users\\lenovo\\Desktop\\Diagramscene_ultima-syz\\tests\\generated\\moc\\moc_diagramscene.cpp\n找不到 C:\\Users\\lenovo\\Desktop\\Diagramscene_ultima-syz\\tests\\generated\\obj\\test_arrow.o\n找不到 C:\\Users\\lenovo\\Desktop\\Diagramscene_ultima-syz\\tests\\generated\\moc\\moc_predefs.h\n找不到 C:\\Users\\lenovo\\Desktop\\Diagramscene_ultima-syz\\tests\\generated\\moc\\moc_diagramscene.cpp\n找不到 C:\\Users\\lenovo\\Desktop\\Diagramscene_ultima-syz\\tests\\generated\\moc\\test_arrow.moc\n找不到 C:\\Users\\lenovo\\Desktop\\Diagramscene_ultima-syz\\tests\\generated\\obj\\test_arrow.o\ntest_arrow.cpp: In member function 'void TestArrow::initTestCase()':\ntest_arrow.cpp:32:46: error: 'Box' is not a member of 'DiagramItem'\n   32 |     startItem = new DiagramItem(DiagramItem::Box, nullptr);\n      |                                              ^~~\ntest_arrow.cpp:33:44: error: 'Box' is not a member of 'DiagramItem'\n   33 |     endItem = new DiagramItem(DiagramItem::Box, nullptr);\n      |                                            ^~~\nmingw32-make: *** [Makefile.Debug:3197: obj/test_arrow.o] Error 1\n",
      "file": null,
      "line": null,
      "rule_id": null,
      "evidence": {}
    }
  ]
}