{
  "stage": "single_file_loop",
  "project_root": "C:\\Users\\lenovo\\Desktop\\Diagramscene_ultima-syz",
  "created_at": "20251229_152648",
  "meta": {
    "mode": "single_file_loop",
    "retries": 4
  },
  "findings": [
    {
      "category": "testgen",
      "severity": "warning",
      "title": "生成文件失败: tests/generated/test_diagramitem.cpp",
      "details": "Failed to obtain valid JSON after 3 attempts: JSON appears truncated (no closing bracket found). depth=2, partial content length=29818\nLast response preview: ```json\n{\n    \"schema\": \"qt_test_cpp\",\n    \"files\": [\n        {\n            \"name\": \"tests/generated/test_diagramitem.cpp\",\n            \"content\": \"#include <QtTest>\\n#include <QApplication>\\n#include <QMenu>\\n#include <QGraphicsScene>\\n#include <QGraphicsSceneMouseEvent>\\n#include <QGraphicsSceneHoverEvent>\\n#include <QGraphicsSceneContextMenuEvent>\\n#include <QPainter>\\n#include <QImage>\\n#include <QStyleOptionGraphicsItem>\\n#include <QTransform>\\n#include <QPolygonF>\\n#include <QColor>\\n#include <QSizeF>\\n#include <QPointF>\\n#include <QRectF>\\n#include <QList>\\n#include <QMap>\\n#include <QBrush>\\n#include <QJsonObject>\\n#include <QPixmap>\\n#include <QGraphicsPixmapItem>\\n#include <QGraphicsTextItem>\\n#include <QTextDocument>\\n#include <QFocusEvent>\\n#include <QGraphicsLineItem>\\n#include <QPainterPath>\\n#include <QGraphicsPathItem>\\n#define private public\\n#define protected public\\n#include \\\"../diagramitem.h\\\"\\n#include \\\"../arrow.h\\\"\\n#include \\\"../diagramtextitem.h\\\"\\n#include \\\"../diagrampath.h\\\"\\n#undef private\\n#undef protected\\n\\nclass TestableDiagramItem : public DiagramItem {\\npublic:\\n    using DiagramItem::myPolygon;\\n    using DiagramItem::myContextMenu;\\n    using DiagramItem::arrows;\\n    using DiagramItem::m_border;\\n    using DiagramItem::m_grapSize;\\n    using DiagramItem::m_minSize;\\n    using DiagramItem::isHover;\\n    using DiagramItem::isChange;\\n    using DiagramItem::m_tfState;\\n    using DiagramItem::DiagramItem;\\n    using DiagramItem::contextMenuEvent;\\n    using DiagramItem::itemChange;\\n    using DiagramItem::hoverMoveEvent;\\n    using DiagramItem::mouseMoveEvent;\\n    using DiagramItem::paint;\\n};\\n\\nclass TestDiagramItem : public QObject {\\n    Q_OBJECT\\n\\nprivate slots:\\n    void initTestCase();\\n    void cleanupTestCase();\\n    void testConstructor();\\n    void testBoundingRect();\\n    void testSetBrush();\\n    void testSetFixedSize();\\n    void testPaint();\\n    void testRemoveArrow();\\n    void testRemoveArrows();\\n    void testA",
      "file": null,
      "line": null,
      "rule_id": null,
      "evidence": {}
    },
    {
      "category": "testgen",
      "severity": "error",
      "title": "批次 1/1 批量生成失败",
      "details": "Failed to obtain valid JSON after 3 attempts: JSON appears truncated (no closing bracket found). depth=1, partial content length=24866\nLast response preview: [\n  {\n    \"path\": \"tests/generated/test_diagramitem.cpp\",\n    \"content\": \"#include <QtTest>\\n#include <QGraphicsScene>\\n#include <QPainter>\\n#include <QImage>\\n#include <QStyleOptionGraphicsItem>\\n#include <QGraphicsSceneMouseEvent>\\n#include <QGraphicsSceneHoverEvent>\\n#include <QGraphicsSceneContextMenuEvent>\\n#include <QMenu>\\n\\n#define private public\\n#define protected public\\n#include \\\"diagramitem.h\\\"\\n#undef private\\n#undef protected\\n\\nclass TestDiagramItem : public QObject\\n{\\n    Q_OBJECT\\n\\nprivate slots:\\n    void initTestCase();\\n    void cleanupTestCase();\\n    void init();\\n    void cleanup();\\n    \\n    void testConstructor();\\n    void testBoundingRect();\\n    void testSetBrush();\\n    void testSetFixedSize();\\n    void testPaint();\\n    void testMousePressEvent();\\n    void testMouseReleaseEvent();\\n    void testMouseMoveEvent();\\n    void testHoverEnterEvent();\\n    void testHoverLeaveEvent();\\n    void testHoverMoveEvent();\\n    void testContextMenuEvent();\\n    void testItemChange();\\n    void testRotationAngle();\\n    void testTextItem();\\n    void testDiagramType();\\n    void testBorder();\\n    void testGrapSize();\\n    void testMinSize();\\n    void testColor();\\n    void testFlags();\\n    void testAcceptHoverEvents();\\n    void testPaintStartEnd();\\n    void testPaintConditional();\\n    void testPaintStep();\\n    void testPaintIo();\\n    void testPaintPath();\\n    void testPaintDefault();\\n    void testPaintWithRotation();\\n    void testBoundingRectWithRotation();\\n    void testSetFixedSizeUpdates();\\n    void testSetBrushUpdates();\\n    void testEventHandling();\\n    void testScenePositions();\\n    void testZValue();\\n    void testOpacity();\\n    void testTransform();\\n    void testCollidesWithPath();\\n    void testShape();\\n    void testContains();\\n    void testIsObscured();\\n    void testUpdate();\\n    void testPrepareGeometryChange();\\n    void testAdvance();\\n    void testCacheMode();\\n    void testInputMethod();\\n    void testFocus();\\",
      "file": null,
      "line": null,
      "rule_id": null,
      "evidence": {}
    },
    {
      "category": "testgen",
      "severity": "info",
      "title": "已生成 QtTest：1 个文件，共约 0 个用例",
      "details": "生成文件明细：\ntests/generated/tests.pro (0 cases)",
      "file": null,
      "line": null,
      "rule_id": null,
      "evidence": {}
    },
    {
      "category": "tests",
      "severity": "info",
      "title": "测试命令执行完成",
      "details": "mingw32-make: Nothing to be done for 'first'.\n********* Start testing of TestDiagramItem *********\nConfig: Using QtTest library 6.10.1, Qt 6.10.1 (x86_64-little_endian-llp64 shared (dynamic) release build; by GCC 13.1.0), windows 11\nPASS   : TestDiagramItem::initTestCase()\nPASS   : TestDiagramItem::testConstructor()\nPASS   : TestDiagramItem::testConstructorWithDifferentTypes()\nPASS   : TestDiagramItem::testBoundingRect()\nPASS   : TestDiagramItem::testBoundingRectAfterRotation()\nPASS   : TestDiagramItem::testBoundingRectAfterSizeChange()\nPASS   : TestDiagramItem::testSetBrush()\nPASS   : TestDiagramItem::testSetFixedSize()\nPASS   : TestDiagramItem::testRotationAngle()\nPASS   : TestDiagramItem::testRotationAngleBoundary()\nPASS   : TestDiagramItem::testMousePressEvent()\nPASS   : TestDiagramItem::testMouseReleaseEvent()\nPASS   : TestDiagramItem::testHoverEnterEvent()\nPASS   : TestDiagramItem::testHoverLeaveEvent()\nPASS   : TestDiagramItem::testHoverMoveEvent()\nPASS   : TestDiagramItem::testContextMenuEvent()\nPASS   : TestDiagramItem::testTextItemInitialization()\nPASS   : TestDiagramItem::testTextItemPosition()\nPASS   : TestDiagramItem::testItemFlags()\nPASS   : TestDiagramItem::testAcceptHoverEvents()\nPASS   : TestDiagramItem::testItemInScene()\nPASS   : TestDiagramItem::testItemSelection()\nPASS   : TestDiagramItem::testMinimumSize()\nPASS   : TestDiagramItem::testBorderValue()\nPASS   : TestDiagramItem::testItemTransformations()\nPASS   : TestDiagramItem::testArrowConnections()\nPASS   : TestDiagramItem::testPaintPerformance()\nRESULT : TestDiagramItem::testPaintPerformance():\n     0.010 msecs per iteration (total: 86, iterations: 8192)\nPASS   : TestDiagramItem::testBoundingRectPerformance()\nRESULT : TestDiagramItem::testBoundingRectPerformance():\n     0.000050 msecs per iteration (total: 53, iterations: 1048576)\nPASS   : TestDiagramItem::cleanupTestCase()\nTotals: 29 passed, 0 failed, 0 skipped, 0 blacklisted, 531ms\n********* Finished testing of TestDiagramItem *********\nC:\\Users\\lenovo\\Desktop\\Diagramscene_ultima-syz\\tests\\generated\\debug\\arrow.gcda\nC:\\Users\\lenovo\\Desktop\\Diagramscene_ultima-syz\\tests\\generated\\debug\\deletecommand.gcda\nC:\\Users\\lenovo\\Desktop\\Diagramscene_ultima-syz\\tests\\generated\\debug\\diagramitem.gcda\nC:\\Users\\lenovo\\Desktop\\Diagramscene_ultima-syz\\tests\\generated\\debug\\diagramitemgroup.gcda\nC:\\Users\\lenovo\\Desktop\\Diagramscene_ultima-syz\\tests\\generated\\debug\\diagrampath.gcda\nC:\\Users\\lenovo\\Desktop\\Diagramscene_ultima-syz\\tests\\generated\\debug\\diagramscene.gcda\nC:\\Users\\lenovo\\Desktop\\Diagramscene_ultima-syz\\tests\\generated\\debug\\diagramtextitem.gcda\nC:\\Users\\lenovo\\Desktop\\Diagramscene_ultima-syz\\tests\\generated\\debug\\findreplacedialog.gcda\nC:\\Users\\lenovo\\Desktop\\Diagramscene_ultima-syz\\tests\\generated\\debug\\mainwindow.gcda\nC:\\Users\\lenovo\\Desktop\\Diagramscene_ultima-syz\\tests\\generated\\debug\\moc_diagramscene.gcda\nC:\\Users\\lenovo\\Desktop\\Diagramscene_ultima-syz\\tests\\generated\\debug\\moc_diagramtextitem.gcda\nC:\\Users\\lenovo\\Desktop\\Diagramscene_ultima-syz\\tests\\generated\\debug\\moc_findreplacedialog.gcda\nC:\\Users\\lenovo\\Desktop\\Diagramscene_ultima-syz\\tests\\generated\\debug\\moc_mainwindow.gcda\nC:\\Users\\lenovo\\Desktop\\Diagramscene_ultima-syz\\tests\\generated\\debug\\snapshotcommand.gcda\nC:\\Users\\lenovo\\Desktop\\Diagramscene_ultima-syz\\tests\\generated\\debug\\test_diagramitem.gcda\n移动了        15 个文件。\n\n",
      "file": null,
      "line": null,
      "rule_id": null,
      "evidence": {}
    },
    {
      "category": "coverage",
      "severity": "error",
      "title": "覆盖率收集失败",
      "details": "\n(INFO) Reading coverage data...\n(ERROR) GCOV produced the following errors processing C:\\Users\\lenovo\\Desktop\\Diagramscene_ultima-syz\\tests\\generated\\moc_diagramtextitem.gcda:\n\tIn directory C:/Users/lenovo/Desktop/Diagramscene_ultima-syz/tests/generated\\debug:\nCannot open source file debug/moc_diagramtextitem.cpp\nCannot open source file ../../diagramtextitem.h\n\n\tIn directory C:\\Users\\lenovo\\Desktop\\Diagramscene_ultima-syz\\debug:\nCannot open source file debug/moc_diagramtextitem.cpp\nCannot open source file ../../diagramtextitem.h\n\n\tIn directory C:\\Users\\lenovo\\Desktop\\Diagramscene_ultima-syz:\nCannot open source file ../../diagramtextitem.h\n\n\t(GCOVR could not infer a working directory that resolved it.)\nTo ignore this error use option --gcov-ignore-errors=no_working_dir_found.\n(ERROR) Traceback (most recent call last):\n  File \"D:\\Anaconda\\envs\\py312_env\\Lib\\site-packages\\gcovr\\formats\\gcov\\workers.py\", line 96, in worker\n    work(*args, **kwargs)\n  File \"D:\\Anaconda\\envs\\py312_env\\Lib\\site-packages\\gcovr\\formats\\gcov\\read.py\", line 505, in process_datafile\n    raise RuntimeError(errors_output)\nRuntimeError: GCOV produced the following errors processing C:\\Users\\lenovo\\Desktop\\Diagramscene_ultima-syz\\tests\\generated\\moc_diagramtextitem.gcda:\n\tIn directory C:/Users/lenovo/Desktop/Diagramscene_ultima-syz/tests/generated\\debug:\nCannot open source file debug/moc_diagramtextitem.cpp\nCannot open source file ../../diagramtextitem.h\n\n\tIn directory C:\\Users\\lenovo\\Desktop\\Diagramscene_ultima-syz\\debug:\nCannot open source file debug/moc_diagramtextitem.cpp\nCannot open source file ../../diagramtextitem.h\n\n\tIn directory C:\\Users\\lenovo\\Desktop\\Diagramscene_ultima-syz:\nCannot open source file ../../diagramtextitem.h\n\n\t(GCOVR could not infer a working directory that resolved it.)\nTo ignore this error use option --gcov-ignore-errors=no_working_dir_found.\n\n(ERROR) Error occurred while reading reports:\nTraceback (most recent call last):\n  File \"D:\\Anaconda\\envs\\py312_env\\Lib\\site-packages\\gcovr\\__main__.py\", line 398, in main\n    covdata = gcovr_formats.read_reports(options)\n              ^^^^^^^^^^^^^^^^^^^^^^^^^^^^^^^^^^^\n  File \"D:\\Anaconda\\envs\\py312_env\\Lib\\site-packages\\gcovr\\formats\\__init__.py\", line 98, in read_reports\n    covdata = GcovHandler(options).read_report()\n              ^^^^^^^^^^^^^^^^^^^^^^^^^^^^^^^^^^\n  File \"D:\\Anaconda\\envs\\py312_env\\Lib\\site-packages\\gcovr\\formats\\gcov\\__init__.py\", line 238, in read_report\n    return read_report(self.options)\n           ^^^^^^^^^^^^^^^^^^^^^^^^^\n  File \"D:\\Anaconda\\envs\\py312_env\\Lib\\site-packages\\gcovr\\formats\\gcov\\read.py\", line 93, in read_report\n    contexts = pool.wait()\n               ^^^^^^^^^^^\n  File \"D:\\Anaconda\\envs\\py312_env\\Lib\\site-packages\\gcovr\\formats\\gcov\\workers.py\", line 208, in wait\n    raise RuntimeError(\nRuntimeError: Worker thread raised exception, workers canceled.\n\n",
      "file": null,
      "line": null,
      "rule_id": null,
      "evidence": {}
    },
    {
      "category": "testgen",
      "severity": "warning",
      "title": "生成文件失败: tests/generated/test_diagramitem.cpp",
      "details": "Failed to obtain valid JSON after 3 attempts: JSON appears truncated (no closing bracket found). depth=2, partial content length=31449\nLast response preview: ```json\n{\n    \"schema\": \"qt_test_cpp\",\n    \"files\": [\n        {\n            \"name\": \"tests/generated/test_diagramitem.cpp\",\n            \"content\": \"#include <QtTest>\\n#include <QApplication>\\n#include <QMenu>\\n#include <QGraphicsScene>\\n#include <QGraphicsSceneMouseEvent>\\n#include <QGraphicsSceneHoverEvent>\\n#include <QGraphicsSceneContextMenuEvent>\\n#include <QPainter>\\n#include <QImage>\\n#include <QStyleOptionGraphicsItem>\\n#include <QTransform>\\n#include <QPolygonF>\\n#include <QPainterPath>\\n#include <QColor>\\n#include <QBrush>\\n#include <QPen>\\n#include <QList>\\n#include <QMap>\\n#include <QRectF>\\n#include <QSizeF>\\n#include <QPointF>\\n#include <QGraphicsTextItem>\\n#include <QGraphicsLineItem>\\n#include <QGraphicsPathItem>\\n#include <QJsonObject>\\n#include <QPixmap>\\n#include <QGraphicsPixmapItem>\\n#include <QGraphicsItem>\\n#include <QGraphicsView>\\n#include <QGraphicsScene>\\n#include <QGraphicsItemGroup>\\n#include <QGraphicsEffect>\\n#include <QGraphicsDropShadowEffect>\\n#include <QGraphicsBlurEffect>\\n#include <QGraphicsColorizeEffect>\\n#include <QGraphicsOpacityEffect>\\n#include <QGraphicsSceneWheelEvent>\\n#include <QGraphicsSceneDragDropEvent>\\n#include <QGraphicsSceneHelpEvent>\\n#include <QGraphicsSceneResizeEvent>\\n#include <QGraphicsSceneMoveEvent>\\n#include <QGraphicsSceneContextMenuEvent>\\n#include <QGraphicsSceneHoverEvent>\\n#include <QGraphicsSceneMouseEvent>\\n#include <QGraphicsSceneWheelEvent>\\n#include <QGraphicsSceneDragDropEvent>\\n#include <QGraphicsSceneHelpEvent>\\n#include <QGraphicsSceneResizeEvent>\\n#include <QGraphicsSceneMoveEvent>\\n#include <QGraphicsSceneContextMenuEvent>\\n#include <QGraphicsSceneHoverEvent>\\n#include <QGraphicsSceneMouseEvent>\\n#include <QGraphicsSceneWheelEvent>\\n#include <QGraphicsSceneDragDropEvent>\\n#include <QGraphicsSceneHelpEvent>\\n#include <QGraphicsSceneResizeEvent>\\n#include <QGraphicsSceneMoveEvent>\\n#include <QGraphicsSceneContextMenuEvent>\\n#include <QGraphicsSceneHoverEvent>\\n#include <QGraphicsSceneMouseEv",
      "file": null,
      "line": null,
      "rule_id": null,
      "evidence": {}
    },
    {
      "category": "testgen",
      "severity": "info",
      "title": "已生成 QtTest：2 个文件，共约 33 个用例",
      "details": "生成文件明细：\ntests/generated/test_diagramitem.cpp (33 cases)\ntests/generated/tests.pro (0 cases)",
      "file": null,
      "line": null,
      "rule_id": null,
      "evidence": {}
    },
    {
      "category": "tests",
      "severity": "error",
      "title": "测试命令执行失败",
      "details": "D:\\Qt\\6.10.1\\mingw_64\\bin\\moc.exe -DUNICODE -D_UNICODE -DWIN32 -DMINGW_HAS_SECURE_API=1 -DQT_WIDGETS_LIB -DQT_SVG_LIB -DQT_GUI_LIB -DQT_TESTLIB_LIB -DQT_CORE_LIB -DQT_NEEDS_QMAIN -DQT_TESTCASE_BUILDDIR=\"\\\"C:/Users/lenovo/Desktop/Diagramscene_ultima-syz/tests/generated\\\"\" --include C:/Users/lenovo/Desktop/Diagramscene_ultima-syz/tests/generated/debug/moc_predefs.h -ID:/Qt/6.10.1/mingw_64/mkspecs/win32-g++ -IC:/Users/lenovo/Desktop/Diagramscene_ultima-syz/tests/generated -IC:/Users/lenovo/Desktop/Diagramscene_ultima-syz -ID:/Qt/6.10.1/mingw_64/include -ID:/Qt/6.10.1/mingw_64/include/QtWidgets -ID:/Qt/6.10.1/mingw_64/include/QtSvg -ID:/Qt/6.10.1/mingw_64/include/QtGui -ID:/Qt/6.10.1/mingw_64/include/QtTest -ID:/Qt/6.10.1/mingw_64/include/QtCore -ID:/Qt/Tools/mingw1310_64/lib/gcc/x86_64-w64-mingw32/13.1.0/include/c++ -ID:/Qt/Tools/mingw1310_64/lib/gcc/x86_64-w64-mingw32/13.1.0/include/c++/x86_64-w64-mingw32 -ID:/Qt/Tools/mingw1310_64/lib/gcc/x86_64-w64-mingw32/13.1.0/include/c++/backward -ID:/Qt/Tools/mingw1310_64/lib/gcc/x86_64-w64-mingw32/13.1.0/include -ID:/Qt/Tools/mingw1310_64/lib/gcc/x86_64-w64-mingw32/13.1.0/include-fixed -ID:/Qt/Tools/mingw1310_64/x86_64-w64-mingw32/include test_diagramitem.cpp -o debug\\test_diagramitem.moc\ng++ -c -fno-keep-inline-dllexport --coverage -g -Wall -Wextra -Wextra -fexceptions -mthreads -DUNICODE -D_UNICODE -DWIN32 -DMINGW_HAS_SECURE_API=1 -DQT_WIDGETS_LIB -DQT_SVG_LIB -DQT_GUI_LIB -DQT_TESTLIB_LIB -DQT_CORE_LIB -DQT_NEEDS_QMAIN -DQT_TESTCASE_BUILDDIR=\"\\\"C:/Users/lenovo/Desktop/Diagramscene_ultima-syz/tests/generated\\\"\" -I. -I../.. -ID:/Qt/6.10.1/mingw_64/include -ID:/Qt/6.10.1/mingw_64/include/QtWidgets -ID:/Qt/6.10.1/mingw_64/include/QtSvg -ID:/Qt/6.10.1/mingw_64/include/QtGui -ID:/Qt/6.10.1/mingw_64/include/QtTest -ID:/Qt/6.10.1/mingw_64/include/QtCore -Idebug -I/include -ID:/Qt/6.10.1/mingw_64/mkspecs/win32-g++  -o debug\\test_diagramitem.o test_diagramitem.cpp\ng++ --coverage -Wl,-subsystem,console -mthreads -o debug\\tests.exe @debug\\object_script.tests.Debug D:\\Qt\\6.10.1\\mingw_64\\lib\\libQt6Widgets.a D:\\Qt\\6.10.1\\mingw_64\\lib\\libQt6Svg.a D:\\Qt\\6.10.1\\mingw_64\\lib\\libQt6Gui.a D:\\Qt\\6.10.1\\mingw_64\\lib\\libQt6Test.a D:\\Qt\\6.10.1\\mingw_64\\lib\\libQt6Core.a -lmingw32 D:\\Qt\\6.10.1\\mingw_64\\lib\\libQt6EntryPoint.a -lshell32  \n********* Start testing of TestDiagramItem *********\nConfig: Using QtTest library 6.10.1, Qt 6.10.1 (x86_64-little_endian-llp64 shared (dynamic) release build; by GCC 13.1.0), windows 11\nPASS   : TestDiagramItem::initTestCase()\nPASS   : TestDiagramItem::testConstructor()\nPASS   : TestDiagramItem::testConstructorWithDifferentTypes()\nPASS   : TestDiagramItem::testBoundingRect()\nPASS   : TestDiagramItem::testBoundingRectWithRotation()\nPASS   : TestDiagramItem::testBoundingRectAfterSizeChange()\nPASS   : TestDiagramItem::testSetBrush()\nPASS   : TestDiagramItem::testSetFixedSize()\nFAIL!  : TestDiagramItem::testSetFixedSizeWithMinimum() 'item->m_grapSize.width() >= item->m_minSize.width()' returned FALSE. ()\ntest_diagramitem.cpp(210) : failure location\nPASS   : TestDiagramItem::testMousePressEvent()\nPASS   : TestDiagramItem::testMouseReleaseEvent()\nPASS   : TestDiagramItem::testMouseMoveEvent()\nPASS   : TestDiagramItem::testHoverEnterEvent()\nPASS   : TestDiagramItem::testHoverLeaveEvent()\nPASS   : TestDiagramItem::testHoverMoveEvent()\nPASS   : TestDiagramItem::testContextMenuEvent()\nFAIL!  : TestDiagramItem::testPaintStartEnd() 'hasContent' returned FALSE. ()\ntest_diagramitem.cpp(308) : failure location\nFAIL!  : TestDiagramItem::testPaintConditional() 'hasContent' returned FALSE. ()\ntest_diagramitem.cpp(333) : failure location\nFAIL!  : TestDiagramItem::testPaintWithDifferentColors() 'image1 != image2' returned FALSE. ()\ntest_diagramitem.cpp(359) : failure location\nFAIL!  : TestDiagramItem::testPaintWithRotation() 'image1 != image2' returned FALSE. ()\ntest_diagramitem.cpp(383) : failure location\nPASS   : TestDiagramItem::testTextItemInitialization()\nPASS   : TestDiagramItem::testTextItemPosition()\nPASS   : TestDiagramItem::testRotationAngle()\nPASS   : TestDiagramItem::testItemFlags()\nPASS   : TestDiagramItem::testItemInScene()\nPASS   : TestDiagramItem::testItemSelection()\nFAIL!  : TestDiagramItem::testItemFocus() 'item->hasFocus()' returned FALSE. ()\ntest_diagramitem.cpp(445) : failure location\nPASS   : TestDiagramItem::testArrowAttachment()\nFAIL!  : TestDiagramItem::testMinimumSizeEnforcement() 'item->m_grapSize.width() >= item->m_minSize.width()' returned FALSE. ()\ntest_diagramitem.cpp(470) : failure location\nPASS   : TestDiagramItem::testBorderProperty()\nPASS   : TestDiagramItem::testDiagramType()\nPASS   : TestDiagramItem::testContextMenuProperty()\nPASS   : TestDiagramItem::testPrepareGeometryChange()\nPASS   : TestDiagramItem::testUpdateCall()\nPASS   : TestDiagramItem::cleanupTestCase()\nTotals: 28 passed, 7 failed, 0 skipped, 0 blacklisted, 56ms\n********* Finished testing of TestDiagramItem *********\n\n",
      "file": null,
      "line": null,
      "rule_id": null,
      "evidence": {}
    },
    {
      "category": "testgen",
      "severity": "warning",
      "title": "生成文件失败: tests/generated/test_diagramitem.cpp",
      "details": "Failed to obtain valid JSON after 3 attempts: JSON appears truncated (no closing bracket found). depth=2, partial content length=32312\nLast response preview: ```json\n{\n    \"schema\": \"qt_test_cpp\",\n    \"files\": [\n        {\n            \"name\": \"test_diagramitem.cpp\",\n            \"content\": \"#include <QtTest>\\n#include <QGraphicsScene>\\n#include <QGraphicsView>\\n#include <QPainter>\\n#include <QImage>\\n#include <QStyleOptionGraphicsItem>\\n#include <QGraphicsSceneMouseEvent>\\n#include <QGraphicsSceneHoverEvent>\\n#include <QGraphicsSceneContextMenuEvent>\\n#include <QMenu>\\n#include <QSignalSpy>\\n#include <QBrush>\\n#include <QPolygonF>\\n#include <QTransform>\\n#include <QGraphicsTextItem>\\n#include <QGraphicsLineItem>\\n#include <QGraphicsPathItem>\\n#include <QPainterPath>\\n#include <QJsonObject>\\n#include <QList>\\n#include <QMap>\\n#include <vector>\\n#include <string>\\n#include <sstream>\\n\\n#define private public\\n#define protected public\\n#include \\\"diagramitem.h\\\"\\n#include \\\"arrow.h\\\"\\n#include \\\"diagramtextitem.h\\\"\\n#include \\\"diagrampath.h\\\"\\n#include \\\"diagramscene.h\\\"\\n#undef protected\\n#undef private\\n\\nclass TestDiagramItem : public QObject\\n{\\n    Q_OBJECT\\n\\nprivate slots:\\n    void initTestCase();\\n    void cleanupTestCase();\\n    void init();\\n    void cleanup();\\n    \\n    void testConstructor();\\n    void testConstructorWithDifferentTypes();\\n    void testBoundingRect();\\n    void testBoundingRectWithRotation();\\n    void testBoundingRectAfterSizeChange();\\n    void testSetBrush();\\n    void testSetFixedSize();\\n    void testSetFixedSizeWithMinimum();\\n    void testMousePressEvent();\\n    void testMouseReleaseEvent();\\n    void testMouseMoveEvent();\\n    void testHoverEnterEvent();\\n    void testHoverLeaveEvent();\\n    void testHoverMoveEvent();\\n    void testContextMenuEvent();\\n    void testPaintStartEnd();\\n    void testPaintConditional();\\n    void testPaintWithDifferentColors();\\n    void testPaintWithRotation();\\n    void testTextItemInitialization();\\n    void testTextItemPosition();\\n    void testRotationAngle();\\n    void testItemFlags();\\n    void testItemInScene();\\n    void testItemSelection();\\n    voi",
      "file": null,
      "line": null,
      "rule_id": null,
      "evidence": {}
    },
    {
      "category": "testgen",
      "severity": "info",
      "title": "已生成 QtTest：2 个文件，共约 29 个用例",
      "details": "生成文件明细：\ntests/generated/test_diagramitem.cpp (29 cases)\ntests/generated/tests.pro (0 cases)",
      "file": null,
      "line": null,
      "rule_id": null,
      "evidence": {}
    },
    {
      "category": "tests",
      "severity": "error",
      "title": "测试命令执行失败",
      "details": "D:\\Qt\\6.10.1\\mingw_64\\bin\\moc.exe -DUNICODE -D_UNICODE -DWIN32 -DMINGW_HAS_SECURE_API=1 -DQT_WIDGETS_LIB -DQT_SVG_LIB -DQT_GUI_LIB -DQT_TESTLIB_LIB -DQT_CORE_LIB -DQT_NEEDS_QMAIN -DQT_TESTCASE_BUILDDIR=\"\\\"C:/Users/lenovo/Desktop/Diagramscene_ultima-syz/tests/generated\\\"\" --include C:/Users/lenovo/Desktop/Diagramscene_ultima-syz/tests/generated/debug/moc_predefs.h -ID:/Qt/6.10.1/mingw_64/mkspecs/win32-g++ -IC:/Users/lenovo/Desktop/Diagramscene_ultima-syz/tests/generated -IC:/Users/lenovo/Desktop/Diagramscene_ultima-syz -ID:/Qt/6.10.1/mingw_64/include -ID:/Qt/6.10.1/mingw_64/include/QtWidgets -ID:/Qt/6.10.1/mingw_64/include/QtSvg -ID:/Qt/6.10.1/mingw_64/include/QtGui -ID:/Qt/6.10.1/mingw_64/include/QtTest -ID:/Qt/6.10.1/mingw_64/include/QtCore -ID:/Qt/Tools/mingw1310_64/lib/gcc/x86_64-w64-mingw32/13.1.0/include/c++ -ID:/Qt/Tools/mingw1310_64/lib/gcc/x86_64-w64-mingw32/13.1.0/include/c++/x86_64-w64-mingw32 -ID:/Qt/Tools/mingw1310_64/lib/gcc/x86_64-w64-mingw32/13.1.0/include/c++/backward -ID:/Qt/Tools/mingw1310_64/lib/gcc/x86_64-w64-mingw32/13.1.0/include -ID:/Qt/Tools/mingw1310_64/lib/gcc/x86_64-w64-mingw32/13.1.0/include-fixed -ID:/Qt/Tools/mingw1310_64/x86_64-w64-mingw32/include test_diagramitem.cpp -o debug\\test_diagramitem.moc\ng++ -c -fno-keep-inline-dllexport --coverage -g -Wall -Wextra -Wextra -fexceptions -mthreads -DUNICODE -D_UNICODE -DWIN32 -DMINGW_HAS_SECURE_API=1 -DQT_WIDGETS_LIB -DQT_SVG_LIB -DQT_GUI_LIB -DQT_TESTLIB_LIB -DQT_CORE_LIB -DQT_NEEDS_QMAIN -DQT_TESTCASE_BUILDDIR=\"\\\"C:/Users/lenovo/Desktop/Diagramscene_ultima-syz/tests/generated\\\"\" -I. -I../.. -ID:/Qt/6.10.1/mingw_64/include -ID:/Qt/6.10.1/mingw_64/include/QtWidgets -ID:/Qt/6.10.1/mingw_64/include/QtSvg -ID:/Qt/6.10.1/mingw_64/include/QtGui -ID:/Qt/6.10.1/mingw_64/include/QtTest -ID:/Qt/6.10.1/mingw_64/include/QtCore -Idebug -I/include -ID:/Qt/6.10.1/mingw_64/mkspecs/win32-g++  -o debug\\test_diagramitem.o test_diagramitem.cpp\ng++ --coverage -Wl,-subsystem,console -mthreads -o debug\\tests.exe @debug\\object_script.tests.Debug D:\\Qt\\6.10.1\\mingw_64\\lib\\libQt6Widgets.a D:\\Qt\\6.10.1\\mingw_64\\lib\\libQt6Svg.a D:\\Qt\\6.10.1\\mingw_64\\lib\\libQt6Gui.a D:\\Qt\\6.10.1\\mingw_64\\lib\\libQt6Test.a D:\\Qt\\6.10.1\\mingw_64\\lib\\libQt6Core.a -lmingw32 D:\\Qt\\6.10.1\\mingw_64\\lib\\libQt6EntryPoint.a -lshell32  \n********* Start testing of TestDiagramItem *********\nConfig: Using QtTest library 6.10.1, Qt 6.10.1 (x86_64-little_endian-llp64 shared (dynamic) release build; by GCC 13.1.0), windows 11\nPASS   : TestDiagramItem::initTestCase()\nPASS   : TestDiagramItem::testConstructor()\nPASS   : TestDiagramItem::testConstructorWithDifferentTypes()\nPASS   : TestDiagramItem::testBoundingRect()\nPASS   : TestDiagramItem::testBoundingRectAfterRotation()\nPASS   : TestDiagramItem::testBoundingRectAfterSizeChange()\nPASS   : TestDiagramItem::testSetBrush()\nPASS   : TestDiagramItem::testSetFixedSize()\nPASS   : TestDiagramItem::testSetFixedSizeTriggersUpdate()\nPASS   : TestDiagramItem::testRotationAngle()\nPASS   : TestDiagramItem::testRotationAffectsBoundingRect()\nPASS   : TestDiagramItem::testMousePressEvent()\nPASS   : TestDiagramItem::testMouseReleaseEvent()\nFAIL!  : TestDiagramItem::testMouseMoveEvent() 'event.isAccepted()' returned FALSE. ()\ntest_diagramitem.cpp(241) : failure location\nPASS   : TestDiagramItem::testHoverEnterEvent()\nPASS   : TestDiagramItem::testHoverLeaveEvent()\nPASS   : TestDiagramItem::testHoverMoveEvent()\nPASS   : TestDiagramItem::testContextMenuEvent()\nFAIL!  : TestDiagramItem::testPaintStartEndType() 'hasContent' returned FALSE. ()\ntest_diagramitem.cpp(313) : failure location\nFAIL!  : TestDiagramItem::testPaintConditionalType() 'hasContent' returned FALSE. ()\ntest_diagramitem.cpp(345) : failure location\nFAIL!  : TestDiagramItem::testPaintWithDifferentColors() 'image1 != image2' returned FALSE. ()\ntest_diagramitem.cpp(368) : failure location\nFAIL!  : TestDiagramItem::testPaintAfterRotation() 'image1 != image2' returned FALSE. ()\ntest_diagramitem.cpp(391) : failure location\nPASS   : TestDiagramItem::testTextItemInitialization()\nPASS   : TestDiagramItem::testTextItemPosition()\nPASS   : TestDiagramItem::testItemFlags()\nPASS   : TestDiagramItem::testItemInScene()\nPASS   : TestDiagramItem::testItemSelection()\nFAIL!  : TestDiagramItem::testItemFocus() 'item->hasFocus()' returned FALSE. ()\ntest_diagramitem.cpp(448) : failure location\nPASS   : TestDiagramItem::testMinimumSize()\nPASS   : TestDiagramItem::testLargeSize()\nPASS   : TestDiagramItem::cleanupTestCase()\nTotals: 25 passed, 6 failed, 0 skipped, 0 blacklisted, 85ms\n********* Finished testing of TestDiagramItem *********\n\ntest_diagramitem.cpp: In member function 'void TestDiagramItem::testSetFixedSizeTriggersUpdate()':\ntest_diagramitem.cpp:187:12: warning: variable 'originalSize' set but not used [-Wunused-but-set-variable]\n  187 |     QSizeF originalSize = item->m_grapSize;\n      |            ^~~~~~~~~~~~\n",
      "file": null,
      "line": null,
      "rule_id": null,
      "evidence": {}
    },
    {
      "category": "testgen",
      "severity": "warning",
      "title": "生成文件失败: tests/generated/test_diagramitem.cpp",
      "details": "Failed to obtain valid JSON after 3 attempts: JSON appears truncated (no closing bracket found). depth=2, partial content length=26055\nLast response preview: ```json\n{\n    \"schema\": \"qt_test_cpp\",\n    \"files\": [\n        {\n            \"name\": \"test_diagramitem.cpp\",\n            \"content\": \"#include <QtTest>\\n#include <QGraphicsScene>\\n#include <QGraphicsView>\\n#include <QPainter>\\n#include <QImage>\\n#include <QStyleOptionGraphicsItem>\\n#include <QGraphicsSceneMouseEvent>\\n#include <QGraphicsSceneHoverEvent>\\n#include <QGraphicsSceneContextMenuEvent>\\n#include <QMenu>\\n#include <QSignalSpy>\\n#include <QGraphicsScene>\\n#include <QGraphicsView>\\n#include <QGraphicsItem>\\n#include <QGraphicsTextItem>\\n#include <QGraphicsSceneMouseEvent>\\n#include <QGraphicsSceneHoverEvent>\\n#include <QGraphicsSceneContextMenuEvent>\\n#include <QPainterPath>\\n#include <QPolygonF>\\n#include <QTransform>\\n#include <QBrush>\\n#include <QColor>\\n#include <QSizeF>\\n#include <QRectF>\\n#include <QPointF>\\n#include <QList>\\n#include <QMap>\\n\\n#define private public\\n#define protected public\\n#include \\\"diagramitem.h\\\"\\n#undef private\\n#undef protected\\n\\nclass TestDiagramItem : public QObject\\n{\\n    Q_OBJECT\\n\\nprivate slots:\\n    void initTestCase();\\n    void cleanupTestCase();\\n    void init();\\n    void cleanup();\\n    \\n    void testConstructor();\\n    void testConstructorWithDifferentTypes();\\n    void testBoundingRect();\\n    void testBoundingRectAfterRotation();\\n    void testBoundingRectAfterSizeChange();\\n    void testSetBrush();\\n    void testSetFixedSize();\\n    void testSetFixedSizeTriggersUpdate();\\n    void testRotationAngle();\\n    void testRotationAffectsBoundingRect();\\n    void testMousePressEvent();\\n    void testMouseReleaseEvent();\\n    void testMouseMoveEvent();\\n    void testHoverEnterEvent();\\n    void testHoverLeaveEvent();\\n    void testHoverMoveEvent();\\n    void testContextMenuEvent();\\n    void testPaintStartEndType();\\n    void testPaintConditionalType();\\n    void testPaintWithDifferentColors();\\n    void testPaintAfterRotation();\\n    void testTextItemInitialization();\\n    void testTextItemPosition();\\n    void testIte",
      "file": null,
      "line": null,
      "rule_id": null,
      "evidence": {}
    },
    {
      "category": "testgen",
      "severity": "warning",
      "title": "生成文件失败: tests/generated/tests.pro",
      "details": "Failed to obtain valid JSON after 3 attempts: JSON appears truncated (no closing bracket found). depth=2, partial content length=27458\nLast response preview: ```json\n{\n    \"schema\": \"qt_test\",\n    \"files\": [\n        {\n            \"name\": \"tests.pro\",\n            \"content\": \"QT += testlib widgets svg\\nTEMPLATE = app\\nTARGET = tests\\nCONFIG += console testcase\\nINCLUDEPATH += ..\\nSOURCES += \\\\\\n    test_diagramitem.cpp \\\\\\n    ../diagramitem.cpp \\\\\\n    ../diagramtextitem.cpp \\\\\\n    ../arrow.cpp \\\\\\n    ../diagrampath.cpp\\nHEADERS += \\\\\\n    test_diagramitem.h\\nLIBS += -lgcov --coverage\\nQMAKE_CXXFLAGS += -fprofile-arcs -ftest-coverage\\nQMAKE_LFLAGS += --coverage\"\n        },\n        {\n            \"name\": \"test_diagramitem.cpp\",\n            \"content\": \"#include <QtTest>\\n#include <QGraphicsScene>\\n#include <QGraphicsView>\\n#include <QPainter>\\n#include <QImage>\\n#include <QStyleOptionGraphicsItem>\\n#include <QGraphicsSceneMouseEvent>\\n#include <QGraphicsSceneHoverEvent>\\n#include <QGraphicsSceneContextMenuEvent>\\n#include <QMenu>\\n#include <QSignalSpy>\\n#include <QGraphicsTextItem>\\n#include <QBrush>\\n#include <QPolygonF>\\n#include <QTransform>\\n#include <QDebug>\\n#include <QApplication>\\n#include <QGraphicsScene>\\n#include <QGraphicsView>\\n\\n#define private public\\n#define protected public\\n#include \\\"diagramitem.h\\\"\\n#undef private\\n#undef protected\\n\\nclass TestDiagramItem : public QObject\\n{\\n    Q_OBJECT\\n\\nprivate slots:\\n    void initTestCase();\\n    void cleanupTestCase();\\n    void init();\\n    void cleanup();\\n    \\n    void testConstructor();\\n    void testConstructorWithDifferentTypes();\\n    void testBoundingRect();\\n    void testBoundingRectAfterRotation();\\n    void testBoundingRectAfterSizeChange();\\n    void testSetBrush();\\n    void testSetFixedSize();\\n    void testSetFixedSizeTriggersUpdate();\\n    void testRotationAngle();\\n    void testRotationAffectsBoundingRect();\\n    void testMousePressEvent();\\n    void testMouseReleaseEvent();\\n    void testMouseMoveEvent();\\n    void testHoverEnterEvent();\\n    void testHoverLeaveEvent();\\n    void testHoverMoveEvent();\\n    void testContextMenuEvent();\\n    vo",
      "file": null,
      "line": null,
      "rule_id": null,
      "evidence": {}
    },
    {
      "category": "testgen",
      "severity": "info",
      "title": "已生成 QtTest：2 个文件，共约 36 个用例",
      "details": "生成文件明细：\ntests/generated/test_diagramitem.cpp (36 cases)\ntests/generated/tests.pro (0 cases)",
      "file": null,
      "line": null,
      "rule_id": null,
      "evidence": {}
    },
    {
      "category": "tests",
      "severity": "error",
      "title": "测试命令执行失败",
      "details": "D:\\Qt\\6.10.1\\mingw_64\\bin\\moc.exe -DUNICODE -D_UNICODE -DWIN32 -DMINGW_HAS_SECURE_API=1 -DQT_WIDGETS_LIB -DQT_SVG_LIB -DQT_GUI_LIB -DQT_TESTLIB_LIB -DQT_CORE_LIB -DQT_NEEDS_QMAIN -DQT_TESTCASE_BUILDDIR=\"\\\"C:/Users/lenovo/Desktop/Diagramscene_ultima-syz/tests/generated\\\"\" --include C:/Users/lenovo/Desktop/Diagramscene_ultima-syz/tests/generated/debug/moc_predefs.h -ID:/Qt/6.10.1/mingw_64/mkspecs/win32-g++ -IC:/Users/lenovo/Desktop/Diagramscene_ultima-syz/tests/generated -IC:/Users/lenovo/Desktop/Diagramscene_ultima-syz -ID:/Qt/6.10.1/mingw_64/include -ID:/Qt/6.10.1/mingw_64/include/QtWidgets -ID:/Qt/6.10.1/mingw_64/include/QtSvg -ID:/Qt/6.10.1/mingw_64/include/QtGui -ID:/Qt/6.10.1/mingw_64/include/QtTest -ID:/Qt/6.10.1/mingw_64/include/QtCore -ID:/Qt/Tools/mingw1310_64/lib/gcc/x86_64-w64-mingw32/13.1.0/include/c++ -ID:/Qt/Tools/mingw1310_64/lib/gcc/x86_64-w64-mingw32/13.1.0/include/c++/x86_64-w64-mingw32 -ID:/Qt/Tools/mingw1310_64/lib/gcc/x86_64-w64-mingw32/13.1.0/include/c++/backward -ID:/Qt/Tools/mingw1310_64/lib/gcc/x86_64-w64-mingw32/13.1.0/include -ID:/Qt/Tools/mingw1310_64/lib/gcc/x86_64-w64-mingw32/13.1.0/include-fixed -ID:/Qt/Tools/mingw1310_64/x86_64-w64-mingw32/include test_diagramitem.cpp -o debug\\test_diagramitem.moc\ng++ -c -fno-keep-inline-dllexport --coverage -g -Wall -Wextra -Wextra -fexceptions -mthreads -DUNICODE -D_UNICODE -DWIN32 -DMINGW_HAS_SECURE_API=1 -DQT_WIDGETS_LIB -DQT_SVG_LIB -DQT_GUI_LIB -DQT_TESTLIB_LIB -DQT_CORE_LIB -DQT_NEEDS_QMAIN -DQT_TESTCASE_BUILDDIR=\"\\\"C:/Users/lenovo/Desktop/Diagramscene_ultima-syz/tests/generated\\\"\" -I. -I../.. -ID:/Qt/6.10.1/mingw_64/include -ID:/Qt/6.10.1/mingw_64/include/QtWidgets -ID:/Qt/6.10.1/mingw_64/include/QtSvg -ID:/Qt/6.10.1/mingw_64/include/QtGui -ID:/Qt/6.10.1/mingw_64/include/QtTest -ID:/Qt/6.10.1/mingw_64/include/QtCore -Idebug -I/include -ID:/Qt/6.10.1/mingw_64/mkspecs/win32-g++  -o debug\\test_diagramitem.o test_diagramitem.cpp\ng++ --coverage -Wl,-subsystem,console -mthreads -o debug\\tests.exe @debug\\object_script.tests.Debug D:\\Qt\\6.10.1\\mingw_64\\lib\\libQt6Widgets.a D:\\Qt\\6.10.1\\mingw_64\\lib\\libQt6Svg.a D:\\Qt\\6.10.1\\mingw_64\\lib\\libQt6Gui.a D:\\Qt\\6.10.1\\mingw_64\\lib\\libQt6Test.a D:\\Qt\\6.10.1\\mingw_64\\lib\\libQt6Core.a -lmingw32 D:\\Qt\\6.10.1\\mingw_64\\lib\\libQt6EntryPoint.a -lshell32  \n********* Start testing of TestDiagramItem *********\nConfig: Using QtTest library 6.10.1, Qt 6.10.1 (x86_64-little_endian-llp64 shared (dynamic) release build; by GCC 13.1.0), windows 11\nPASS   : TestDiagramItem::initTestCase()\nPASS   : TestDiagramItem::testConstructor()\nPASS   : TestDiagramItem::testConstructorWithDifferentTypes()\nPASS   : TestDiagramItem::testBoundingRect()\nPASS   : TestDiagramItem::testBoundingRectWithRotation()\nPASS   : TestDiagramItem::testBoundingRectAfterSizeChange()\nPASS   : TestDiagramItem::testSetBrush()\nPASS   : TestDiagramItem::testSetFixedSize()\nFAIL!  : TestDiagramItem::testSetFixedSizeWithMinimum() Compared values are not the same\n   Actual   (item->m_grapSize): QSizeF(30x30)\n   Expected (item->m_minSize) : QSizeF(40x40)\ntest_diagramitem.cpp(211) : failure location\nPASS   : TestDiagramItem::testRotationAngle()\nPASS   : TestDiagramItem::testRotationAngleLimits()\nFAIL!  : TestDiagramItem::testPaintStartEnd() 'hasContent' returned FALSE. ()\ntest_diagramitem.cpp(258) : failure location\nFAIL!  : TestDiagramItem::testPaintConditional() 'hasContent' returned FALSE. ()\ntest_diagramitem.cpp(286) : failure location\nFAIL!  : TestDiagramItem::testPaintStep() 'hasContent' returned FALSE. ()\ntest_diagramitem.cpp(312) : failure location\nFAIL!  : TestDiagramItem::testPaintIo() 'hasContent' returned FALSE. ()\ntest_diagramitem.cpp(338) : failure location\nFAIL!  : TestDiagramItem::testPaintWithDifferentColors() 'hasContent' returned FALSE. ()\ntest_diagramitem.cpp(370) : failure location\nPASS   : TestDiagramItem::testMousePressEvent()\nPASS   : TestDiagramItem::testMouseReleaseEvent()\nFAIL!  : TestDiagramItem::testMouseMoveEvent() 'event.isAccepted()' returned FALSE. ()\ntest_diagramitem.cpp(413) : failure location\nPASS   : TestDiagramItem::testMouseDoubleClickEvent()\nPASS   : TestDiagramItem::testHoverEnterEvent()\nPASS   : TestDiagramItem::testHoverLeaveEvent()\nPASS   : TestDiagramItem::testHoverMoveEvent()\nPASS   : TestDiagramItem::testContextMenuEvent()\nFAIL!  : TestDiagramItem::testWheelEvent() 'event.isAccepted()' returned FALSE. ()\ntest_diagramitem.cpp(482) : failure location\nFAIL!  : TestDiagramItem::testKeyPressEvent() 'event.isAccepted()' returned FALSE. ()\ntest_diagramitem.cpp(491) : failure location\nFAIL!  : TestDiagramItem::testKeyReleaseEvent() 'event.isAccepted()' returned FALSE. ()\ntest_diagramitem.cpp(500) : failure location\nPASS   : TestDiagramItem::testTextItemInitialization()\nPASS   : TestDiagramItem::testTextItemPosition()\nPASS   : TestDiagramItem::testTextItemInteraction()\nPASS   : TestDiagramItem::testFlags()\nPASS   : TestDiagramItem::testAcceptHoverEvents()\nPASS   : TestDiagramItem::testItemChange()\nPASS   : TestDiagramItem::testSceneIntegration()\nPASS   : TestDiagramItem::testArrowConnections()\nPASS   : TestDiagramItem::testPaintPerformance()\nRESULT : TestDiagramItem::testPaintPerformance():\n     0.0053 msecs per iteration (total: 88, iterations: 16384)\nPASS   : TestDiagramItem::testBoundingRectPerformance()\nRESULT : TestDiagramItem::testBoundingRectPerformance():\n     0.0256 msecs per iteration (total: 105, iterations: 4096)\nPASS   : TestDiagramItem::cleanupTestCase()\nTotals: 28 passed, 10 failed, 0 skipped, 0 blacklisted, 893ms\n********* Finished testing of TestDiagramItem *********\n\ntest_diagramitem.cpp: In member function 'void TestDiagramItem::testMousePressEvent()':\ntest_diagramitem.cpp:383:10: warning: unused variable 'wasSelected' [-Wunused-variable]\n  383 |     bool wasSelected = item->isSelected();\n      |          ^~~~~~~~~~~\ntest_diagramitem.cpp:384:10: warning: unused variable 'hadFocus' [-Wunused-variable]\n  384 |     bool hadFocus = item->hasFocus();\n      |          ^~~~~~~~\n",
      "file": null,
      "line": null,
      "rule_id": null,
      "evidence": {}
    },
    {
      "category": "tests",
      "severity": "info",
      "title": "测试命令执行完成",
      "details": "D:\\Qt\\6.10.1\\mingw_64\\bin\\moc.exe -DUNICODE -D_UNICODE -DWIN32 -DMINGW_HAS_SECURE_API=1 -DQT_WIDGETS_LIB -DQT_SVG_LIB -DQT_GUI_LIB -DQT_TESTLIB_LIB -DQT_CORE_LIB -DQT_NEEDS_QMAIN -DQT_TESTCASE_BUILDDIR=\"\\\"C:/Users/lenovo/Desktop/Diagramscene_ultima-syz/tests/generated\\\"\" --include C:/Users/lenovo/Desktop/Diagramscene_ultima-syz/tests/generated/debug/moc_predefs.h -ID:/Qt/6.10.1/mingw_64/mkspecs/win32-g++ -IC:/Users/lenovo/Desktop/Diagramscene_ultima-syz/tests/generated -IC:/Users/lenovo/Desktop/Diagramscene_ultima-syz -ID:/Qt/6.10.1/mingw_64/include -ID:/Qt/6.10.1/mingw_64/include/QtWidgets -ID:/Qt/6.10.1/mingw_64/include/QtSvg -ID:/Qt/6.10.1/mingw_64/include/QtGui -ID:/Qt/6.10.1/mingw_64/include/QtTest -ID:/Qt/6.10.1/mingw_64/include/QtCore -ID:/Qt/Tools/mingw1310_64/lib/gcc/x86_64-w64-mingw32/13.1.0/include/c++ -ID:/Qt/Tools/mingw1310_64/lib/gcc/x86_64-w64-mingw32/13.1.0/include/c++/x86_64-w64-mingw32 -ID:/Qt/Tools/mingw1310_64/lib/gcc/x86_64-w64-mingw32/13.1.0/include/c++/backward -ID:/Qt/Tools/mingw1310_64/lib/gcc/x86_64-w64-mingw32/13.1.0/include -ID:/Qt/Tools/mingw1310_64/lib/gcc/x86_64-w64-mingw32/13.1.0/include-fixed -ID:/Qt/Tools/mingw1310_64/x86_64-w64-mingw32/include test_diagramitem.cpp -o debug\\test_diagramitem.moc\ng++ -c -fno-keep-inline-dllexport --coverage -g -Wall -Wextra -Wextra -fexceptions -mthreads -DUNICODE -D_UNICODE -DWIN32 -DMINGW_HAS_SECURE_API=1 -DQT_WIDGETS_LIB -DQT_SVG_LIB -DQT_GUI_LIB -DQT_TESTLIB_LIB -DQT_CORE_LIB -DQT_NEEDS_QMAIN -DQT_TESTCASE_BUILDDIR=\"\\\"C:/Users/lenovo/Desktop/Diagramscene_ultima-syz/tests/generated\\\"\" -I. -I../.. -ID:/Qt/6.10.1/mingw_64/include -ID:/Qt/6.10.1/mingw_64/include/QtWidgets -ID:/Qt/6.10.1/mingw_64/include/QtSvg -ID:/Qt/6.10.1/mingw_64/include/QtGui -ID:/Qt/6.10.1/mingw_64/include/QtTest -ID:/Qt/6.10.1/mingw_64/include/QtCore -Idebug -I/include -ID:/Qt/6.10.1/mingw_64/mkspecs/win32-g++  -o debug\\test_diagramitem.o test_diagramitem.cpp\ng++ --coverage -Wl,-subsystem,console -mthreads -o debug\\tests.exe @debug\\object_script.tests.Debug D:\\Qt\\6.10.1\\mingw_64\\lib\\libQt6Widgets.a D:\\Qt\\6.10.1\\mingw_64\\lib\\libQt6Svg.a D:\\Qt\\6.10.1\\mingw_64\\lib\\libQt6Gui.a D:\\Qt\\6.10.1\\mingw_64\\lib\\libQt6Test.a D:\\Qt\\6.10.1\\mingw_64\\lib\\libQt6Core.a -lmingw32 D:\\Qt\\6.10.1\\mingw_64\\lib\\libQt6EntryPoint.a -lshell32  \n********* Start testing of TestDiagramItem *********\nConfig: Using QtTest library 6.10.1, Qt 6.10.1 (x86_64-little_endian-llp64 shared (dynamic) release build; by GCC 13.1.0), windows 11\nPASS   : TestDiagramItem::initTestCase()\nPASS   : TestDiagramItem::testConstructor()\nPASS   : TestDiagramItem::testConstructorWithDifferentTypes()\nPASS   : TestDiagramItem::testBoundingRect()\nPASS   : TestDiagramItem::testBoundingRectWithRotation()\nPASS   : TestDiagramItem::testBoundingRectAfterSizeChange()\nPASS   : TestDiagramItem::testSetBrush()\nPASS   : TestDiagramItem::testSetFixedSize()\nPASS   : TestDiagramItem::testRotationAngle()\nPASS   : TestDiagramItem::testRotationAngleLimits()\nPASS   : TestDiagramItem::testMousePressEvent()\nPASS   : TestDiagramItem::testMouseReleaseEvent()\nPASS   : TestDiagramItem::testMouseDoubleClickEvent()\nPASS   : TestDiagramItem::testHoverEnterEvent()\nPASS   : TestDiagramItem::testHoverLeaveEvent()\nPASS   : TestDiagramItem::testHoverMoveEvent()\nPASS   : TestDiagramItem::testContextMenuEvent()\nPASS   : TestDiagramItem::testTextItemInitialization()\nPASS   : TestDiagramItem::testTextItemPosition()\nPASS   : TestDiagramItem::testTextItemInteraction()\nPASS   : TestDiagramItem::testFlags()\nPASS   : TestDiagramItem::testAcceptHoverEvents()\nPASS   : TestDiagramItem::testItemChange()\nPASS   : TestDiagramItem::testSceneIntegration()\nPASS   : TestDiagramItem::testArrowConnections()\nPASS   : TestDiagramItem::testPaintPerformance()\nRESULT : TestDiagramItem::testPaintPerformance():\n     0.0053 msecs per iteration (total: 87, iterations: 16384)\nPASS   : TestDiagramItem::testBoundingRectPerformance()\nRESULT : TestDiagramItem::testBoundingRectPerformance():\n     0.0251 msecs per iteration (total: 103, iterations: 4096)\nPASS   : TestDiagramItem::cleanupTestCase()\nTotals: 28 passed, 0 failed, 0 skipped, 0 blacklisted, 821ms\n********* Finished testing of TestDiagramItem *********\nC:\\Users\\lenovo\\Desktop\\Diagramscene_ultima-syz\\tests\\generated\\debug\\arrow.gcda\nC:\\Users\\lenovo\\Desktop\\Diagramscene_ultima-syz\\tests\\generated\\debug\\deletecommand.gcda\nC:\\Users\\lenovo\\Desktop\\Diagramscene_ultima-syz\\tests\\generated\\debug\\diagramitem.gcda\nC:\\Users\\lenovo\\Desktop\\Diagramscene_ultima-syz\\tests\\generated\\debug\\diagramitemgroup.gcda\nC:\\Users\\lenovo\\Desktop\\Diagramscene_ultima-syz\\tests\\generated\\debug\\diagrampath.gcda\nC:\\Users\\lenovo\\Desktop\\Diagramscene_ultima-syz\\tests\\generated\\debug\\diagramscene.gcda\nC:\\Users\\lenovo\\Desktop\\Diagramscene_ultima-syz\\tests\\generated\\debug\\diagramtextitem.gcda\nC:\\Users\\lenovo\\Desktop\\Diagramscene_ultima-syz\\tests\\generated\\debug\\findreplacedialog.gcda\nC:\\Users\\lenovo\\Desktop\\Diagramscene_ultima-syz\\tests\\generated\\debug\\mainwindow.gcda\nC:\\Users\\lenovo\\Desktop\\Diagramscene_ultima-syz\\tests\\generated\\debug\\moc_diagramscene.gcda\nC:\\Users\\lenovo\\Desktop\\Diagramscene_ultima-syz\\tests\\generated\\debug\\moc_diagramtextitem.gcda\nC:\\Users\\lenovo\\Desktop\\Diagramscene_ultima-syz\\tests\\generated\\debug\\moc_findreplacedialog.gcda\nC:\\Users\\lenovo\\Desktop\\Diagramscene_ultima-syz\\tests\\generated\\debug\\moc_mainwindow.gcda\nC:\\Users\\lenovo\\Desktop\\Diagramscene_ultima-syz\\tests\\generated\\debug\\snapshotcommand.gcda\nC:\\Users\\lenovo\\Desktop\\Diagramscene_ultima-syz\\tests\\generated\\debug\\test_diagramitem.gcda\nC:\\Users\\lenovo\\Desktop\\Diagramscene_ultima-syz\\tests\\generated\\debug\\test_diagramitem.gcno\n移动了        16 个文件。\n\ntest_diagramitem.cpp: In member function 'void TestDiagramItem::testMousePressEvent()':\ntest_diagramitem.cpp:256:10: warning: unused variable 'wasSelected' [-Wunused-variable]\n  256 |     bool wasSelected = item->isSelected();\n      |          ^~~~~~~~~~~\ntest_diagramitem.cpp:257:10: warning: unused variable 'hadFocus' [-Wunused-variable]\n  257 |     bool hadFocus = item->hasFocus();\n      |          ^~~~~~~~\n",
      "file": null,
      "line": null,
      "rule_id": null,
      "evidence": {}
    },
    {
      "category": "coverage",
      "severity": "error",
      "title": "覆盖率收集失败",
      "details": "\n(INFO) Reading coverage data...\n(ERROR) GCOV produced the following errors processing C:\\Users\\lenovo\\Desktop\\Diagramscene_ultima-syz\\tests\\generated\\moc_diagramtextitem.gcda:\n\tIn directory C:/Users/lenovo/Desktop/Diagramscene_ultima-syz/tests/generated\\debug:\nCannot open source file debug/moc_diagramtextitem.cpp\nCannot open source file ../../diagramtextitem.h\n\n\tIn directory C:\\Users\\lenovo\\Desktop\\Diagramscene_ultima-syz\\debug:\nCannot open source file debug/moc_diagramtextitem.cpp\nCannot open source file ../../diagramtextitem.h\n\n\tIn directory C:\\Users\\lenovo\\Desktop\\Diagramscene_ultima-syz:\nCannot open source file ../../diagramtextitem.h\n\n\t(GCOVR could not infer a working directory that resolved it.)\nTo ignore this error use option --gcov-ignore-errors=no_working_dir_found.\n(ERROR) Traceback (most recent call last):\n  File \"D:\\Anaconda\\envs\\py312_env\\Lib\\site-packages\\gcovr\\formats\\gcov\\workers.py\", line 96, in worker\n    work(*args, **kwargs)\n  File \"D:\\Anaconda\\envs\\py312_env\\Lib\\site-packages\\gcovr\\formats\\gcov\\read.py\", line 505, in process_datafile\n    raise RuntimeError(errors_output)\nRuntimeError: GCOV produced the following errors processing C:\\Users\\lenovo\\Desktop\\Diagramscene_ultima-syz\\tests\\generated\\moc_diagramtextitem.gcda:\n\tIn directory C:/Users/lenovo/Desktop/Diagramscene_ultima-syz/tests/generated\\debug:\nCannot open source file debug/moc_diagramtextitem.cpp\nCannot open source file ../../diagramtextitem.h\n\n\tIn directory C:\\Users\\lenovo\\Desktop\\Diagramscene_ultima-syz\\debug:\nCannot open source file debug/moc_diagramtextitem.cpp\nCannot open source file ../../diagramtextitem.h\n\n\tIn directory C:\\Users\\lenovo\\Desktop\\Diagramscene_ultima-syz:\nCannot open source file ../../diagramtextitem.h\n\n\t(GCOVR could not infer a working directory that resolved it.)\nTo ignore this error use option --gcov-ignore-errors=no_working_dir_found.\n\n(ERROR) Error occurred while reading reports:\nTraceback (most recent call last):\n  File \"D:\\Anaconda\\envs\\py312_env\\Lib\\site-packages\\gcovr\\__main__.py\", line 398, in main\n    covdata = gcovr_formats.read_reports(options)\n              ^^^^^^^^^^^^^^^^^^^^^^^^^^^^^^^^^^^\n  File \"D:\\Anaconda\\envs\\py312_env\\Lib\\site-packages\\gcovr\\formats\\__init__.py\", line 98, in read_reports\n    covdata = GcovHandler(options).read_report()\n              ^^^^^^^^^^^^^^^^^^^^^^^^^^^^^^^^^^\n  File \"D:\\Anaconda\\envs\\py312_env\\Lib\\site-packages\\gcovr\\formats\\gcov\\__init__.py\", line 238, in read_report\n    return read_report(self.options)\n           ^^^^^^^^^^^^^^^^^^^^^^^^^\n  File \"D:\\Anaconda\\envs\\py312_env\\Lib\\site-packages\\gcovr\\formats\\gcov\\read.py\", line 93, in read_report\n    contexts = pool.wait()\n               ^^^^^^^^^^^\n  File \"D:\\Anaconda\\envs\\py312_env\\Lib\\site-packages\\gcovr\\formats\\gcov\\workers.py\", line 208, in wait\n    raise RuntimeError(\nRuntimeError: Worker thread raised exception, workers canceled.\n\n",
      "file": null,
      "line": null,
      "rule_id": null,
      "evidence": {}
    }
  ]
}